<?xml version="1.0" ?>
<testsuites disabled="0" errors="0" failures="53" tests="53" time="29.477667892031604">
	<testsuite disabled="0" errors="0" failures="53" name="API Fuzzer" skipped="0" tests="53" time="29.477667892031604" timestamp="1727454120.1345713">
		<testcase name="350" time="0.589477" timestamp="1727453243.0916944" status="failed">
			<failure type="failure" message="{&quot;status&quot;: &quot;failed&quot;, &quot;name&quot;: {}, &quot;sub_reports&quot;: [], &quot;test_number&quot;: 350, &quot;state&quot;: &quot;COMPLETED&quot;, &quot;request_url&quot;: &quot;https://virtserver.swaggerhub.com/AAYUSHGARGBU/api_petstore/1.0.0/pet/findByStatus?status=%s%s%s%s%s%s%s%s%s%s%s%s%s%s%s%s%s%s%s%s%s%s%s%s%s%s%s%s%s%s%s%s%s%s%s%s%s%s%s%s%s%s%s%s%s%s%s%s%s%s%s%s%s%s%s%s%s%s%s%s%s%s%s%s%s%s%s%s%s%s%s%s%s%s%s%s%s%s%s%s%s%s%s%s%s%s%s%s%s%s%s%s%s%s%s%s%s%s%s%s%s%s%s%s%s%s%s%s%s%s%s%s%s%s%s%s%s%s%s%s%s%s%s%s%s%s%s%s%s%s%s%s%s%s%s%s%s%s%s%s%s%s%s%s%s%s%s%s%s%s%s%s%s%s%s%s%s%s%s%s%s%s%s%s%s%s%s%s%s%s%s%s%s%s%s%s%s%s%s%s%s%s%s%s%s%s%s%s%s%s%s%s%s%s%s%s%s%s%s%s%s%s%s%s%s%s%s%s%s%s%s%s%s%s%s%s%s%s%s%s%s%s%s%s%s%s%s%s%s%s%s%s%s%s%s%s%s%s%s%s%s%s%s%s%s%s%s%s%s%s%s%s%s%s%s%s%s%s%s%s%s%s%s%s%s%s%s%s%s%s%s%s%s%s%s%s%s%s%s%s%s%s%s%s%s%s%s%s%s%s%s%s%s%s%s%s%s%s%s%s%s%s%s%s%s%s%s%s%s%s%s%s%s%s%s%s%s%s%s%s%s%s%s%s%s%s%s%s%s%s%s%s%s%s%s%s%s%s%s%s%s%s%s%s%s%s%s%s%s%s%s%s%s%s%s%s%s%s%s%s%s%s%s%s%s%s%s%s%s%s%s%s%s%s%s%s%s%s%s%s%s%s%s%s%s%s%s%s%s%s%s%s%s%s%s%s%s%s%s%s%s%s%s%s%s%s%s%s%s%s%s%s%s%s%s%s%s%s%s%s%s%s%s%s%s%s%s%s%s%s%s%s%s%s%s%s%s%s%s%s%s%s%s%s%s%s%s%s%s%s%s%s%s%s%s%s%s%s%s%s%s%s%s%s%s%s%s%s%s%s%s%s%s%s%s%s%s%s%s%s%s%s%s%s%s%s%s%s%s%s%s%s%s%s%s%s%s%s%s%s%s%s%s%s%s%s%s%s%s%s%s%s%s%s%s%s%s%s%s%s%s%s%s%s%s%s%s%s%s%s%s%s%s%s%s%s%s%s%s%s%s%s%s%s%s%s%s%s%s%s%s%s%s%s%s%s%s%s%s%s%s%s%s%s%s%s%s%s%s%s%s%s%s%s%s%s%s%s%s%s%s%s%s%s%s%s%s%s%s%s%s%s%s%s%s%s%s%s%s%s%s%s%s%s%s%s%s%s%s%s%s%s%s%s%s%s%s%s%s%s%s%s%s%s%s%s%s%s%s%s%s%s%s%s%s%s%s%s%s%s%s%s%s%s%s%s%s%s%s%s%s%s%s%s%s%s%s%s%s%s%s%s%s%s%s%s%s%s%s%s%s%s%s%s%s%s%s%s%s%s%s%s%s%s%s%s%s%s%s%s%s%s%s%s%s%s%s%s%s%s%s%s%s%s%s%s%s%s%s%s%s%s%s%s%s%s%s%s%s%s%s%s%s%s%s%s%s%s%s%s%s%s%s%s%s%s%s%s%s%s%s%s%s%s%s%s%s%s%s%s%s%s%s%s%s%s%s%s%s%s%s%s%s%s%s%s%s%s%s%s%s%s%s%s%s%s%s%s%s%s%s%s%s%s%s%s%s%s%s%s%s%s%s%s%s%s%s%s%s%s%s%s%s%s%s%s%s%s%s%s%s%s%s%s%s%s%s%s%s%s%s%s%s%s%s%s%s%s%s%s%s%s%s%s%s%s%s%s%s%s%s%s%s%s%s%s%s%s%s%s%s%s%s%s%s%s%s%s%s%s%s%s%s%s%s%s%s%s%s%s%s%s%s%s%s%s%s%s%s%s%s%s%s%s%s%s%s%s%s%s%s%s%s%s%s%s%s%s%s%s%s%s%s%s%s%s%s%s%s%s%s%s%s%s%s%s%s%s%s%s%s%s%s%s%s%s%s%s%s%s%s%s%s%s%s%s%s%s%s%s%s%s%s%s%s%s%s%s%s%s%s%s%s%s%s%s%s%s%s%s%s%s%s%s%s%s%s%s%s%s%s%s%s%s%s%s%s%s%s%s%s%s%s%s%s%s%s%s%s%s%s%s%s%s%s%s%s%s%s%s%s%s%s%s%s%s%s%s%s%s%s%s%s%s%s%s%s%s%s%s%s%s%s%s&quot;, &quot;request_method&quot;: &quot;GET&quot;, &quot;request_headers&quot;: &quot;{\&quot;User-Agent\&quot;: \&quot;APIFuzzer 0.9.13\&quot;, \&quot;Accept-Encoding\&quot;: \&quot;gzip, deflate\&quot;, \&quot;Accept\&quot;: \&quot;*/*\&quot;, \&quot;Connection\&quot;: \&quot;keep-alive\&quot;, \&quot;Content-Type\&quot;: \&quot;application/json\&quot;}&quot;, &quot;request_body&quot;: {}, &quot;response&quot;: &quot;&quot;, &quot;parsed_status_code&quot;: 500, &quot;reason&quot;: &quot;failed&quot;}"/>
		</testcase>
		<testcase name="351" time="0.551232" timestamp="1727453243.6598897" status="failed">
			<failure type="failure" message="{&quot;status&quot;: &quot;failed&quot;, &quot;name&quot;: {}, &quot;sub_reports&quot;: [], &quot;test_number&quot;: 351, &quot;state&quot;: &quot;COMPLETED&quot;, &quot;request_url&quot;: &quot;https://virtserver.swaggerhub.com/AAYUSHGARGBU/api_petstore/1.0.0/pet/findByStatus?status=%s%s%s%s%s%s%s%s%s%s%s%s%s%s%s%s%s%s%s%s%s%s%s%s%s%s%s%s%s%s%s%s%s%s%s%s%s%s%s%s%s%s%s%s%s%s%s%s%s%s%s%s%s%s%s%s%s%s%s%s%s%s%s%s%s%s%s%s%s%s%s%s%s%s%s%s%s%s%s%s%s%s%s%s%s%s%s%s%s%s%s%s%s%s%s%s%s%s%s%s%s%s%s%s%s%s%s%s%s%s%s%s%s%s%s%s%s%s%s%s%s%s%s%s%s%s%s%s&quot;, &quot;request_method&quot;: &quot;GET&quot;, &quot;request_headers&quot;: &quot;{\&quot;User-Agent\&quot;: \&quot;APIFuzzer 0.9.13\&quot;, \&quot;Accept-Encoding\&quot;: \&quot;gzip, deflate\&quot;, \&quot;Accept\&quot;: \&quot;*/*\&quot;, \&quot;Connection\&quot;: \&quot;keep-alive\&quot;, \&quot;Content-Type\&quot;: \&quot;application/json\&quot;}&quot;, &quot;request_body&quot;: {}, &quot;response&quot;: &quot;&quot;, &quot;parsed_status_code&quot;: 500, &quot;reason&quot;: &quot;failed&quot;}"/>
		</testcase>
		<testcase name="352" time="0.584675" timestamp="1727453244.2600195" status="failed">
			<failure type="failure" message="{&quot;status&quot;: &quot;failed&quot;, &quot;name&quot;: {}, &quot;sub_reports&quot;: [], &quot;test_number&quot;: 352, &quot;state&quot;: &quot;COMPLETED&quot;, &quot;request_url&quot;: &quot;https://virtserver.swaggerhub.com/AAYUSHGARGBU/api_petstore/1.0.0/pet/findByStatus?status=%s%s%s%s%s%s%s%s%s%s%s%s%s%s%s%s&quot;, &quot;request_method&quot;: &quot;GET&quot;, &quot;request_headers&quot;: &quot;{\&quot;User-Agent\&quot;: \&quot;APIFuzzer 0.9.13\&quot;, \&quot;Accept-Encoding\&quot;: \&quot;gzip, deflate\&quot;, \&quot;Accept\&quot;: \&quot;*/*\&quot;, \&quot;Connection\&quot;: \&quot;keep-alive\&quot;, \&quot;Content-Type\&quot;: \&quot;application/json\&quot;}&quot;, &quot;request_body&quot;: {}, &quot;response&quot;: &quot;&quot;, &quot;parsed_status_code&quot;: 500, &quot;reason&quot;: &quot;failed&quot;}"/>
		</testcase>
		<testcase name="353" time="0.546116" timestamp="1727453244.822124" status="failed">
			<failure type="failure" message="{&quot;status&quot;: &quot;failed&quot;, &quot;name&quot;: {}, &quot;sub_reports&quot;: [], &quot;test_number&quot;: 353, &quot;state&quot;: &quot;COMPLETED&quot;, &quot;request_url&quot;: &quot;https://virtserver.swaggerhub.com/AAYUSHGARGBU/api_petstore/1.0.0/pet/findByStatus?status=%s%s&quot;, &quot;request_method&quot;: &quot;GET&quot;, &quot;request_headers&quot;: &quot;{\&quot;User-Agent\&quot;: \&quot;APIFuzzer 0.9.13\&quot;, \&quot;Accept-Encoding\&quot;: \&quot;gzip, deflate\&quot;, \&quot;Accept\&quot;: \&quot;*/*\&quot;, \&quot;Connection\&quot;: \&quot;keep-alive\&quot;, \&quot;Content-Type\&quot;: \&quot;application/json\&quot;}&quot;, &quot;request_body&quot;: {}, &quot;response&quot;: &quot;&quot;, &quot;parsed_status_code&quot;: 500, &quot;reason&quot;: &quot;failed&quot;}"/>
		</testcase>
		<testcase name="354" time="0.558206" timestamp="1727453245.3954668" status="failed">
			<failure type="failure" message="{&quot;status&quot;: &quot;failed&quot;, &quot;name&quot;: {}, &quot;sub_reports&quot;: [], &quot;test_number&quot;: 354, &quot;state&quot;: &quot;COMPLETED&quot;, &quot;request_url&quot;: &quot;https://virtserver.swaggerhub.com/AAYUSHGARGBU/api_petstore/1.0.0/pet/findByStatus?status=%%s%%s%%s%%s%%s%%s%%s%%s%%s%%s%%s%%s%%s%%s%%s%%s%%s%%s%%s%%s%%s%%s%%s%%s%%s%%s%%s%%s%%s%%s%%s%%s%%s%%s%%s%%s%%s%%s%%s%%s%%s%%s%%s%%s%%s%%s%%s%%s%%s%%s%%s%%s%%s%%s%%s%%s%%s%%s%%s%%s%%s%%s%%s%%s%%s%%s%%s%%s%%s%%s%%s%%s%%s%%s%%s%%s%%s%%s%%s%%s%%s%%s%%s%%s%%s%%s%%s%%s%%s%%s%%s%%s%%s%%s%%s%%s%%s%%s%%s%%s%%s%%s%%s%%s%%s%%s%%s%%s%%s%%s%%s%%s%%s%%s%%s%%s%%s%%s%%s%%s%%s%%s%%s%%s%%s%%s%%s%%s%%s%%s%%s%%s%%s%%s%%s%%s%%s%%s%%s%%s%%s%%s%%s%%s%%s%%s%%s%%s%%s%%s%%s%%s%%s%%s%%s%%s%%s%%s%%s%%s%%s%%s%%s%%s%%s%%s%%s%%s%%s%%s%%s%%s%%s%%s%%s%%s%%s%%s%%s%%s%%s%%s%%s%%s%%s%%s%%s%%s%%s%%s%%s%%s%%s%%s%%s%%s%%s%%s%%s%%s%%s%%s%%s%%s%%s%%s%%s%%s%%s%%s%%s%%s%%s%%s%%s%%s%%s%%s%%s%%s%%s%%s%%s%%s%%s%%s%%s%%s%%s%%s%%s%%s%%s%%s%%s%%s%%s%%s%%s%%s%%s%%s%%s%%s%%s%%s%%s%%s%%s%%s%%s%%s%%s%%s%%s%%s%%s%%s%%s%%s%%s%%s%%s%%s%%s%%s%%s%%s%%s%%s%%s%%s%%s%%s%%s%%s%%s%%s%%s%%s%%s%%s%%s%%s%%s%%s%%s%%s%%s%%s%%s%%s%%s%%s%%s%%s%%s%%s%%s%%s%%s%%s%%s%%s%%s%%s%%s%%s%%s%%s%%s%%s%%s%%s%%s%%s%%s%%s%%s%%s%%s%%s%%s%%s%%s%%s%%s%%s%%s%%s%%s%%s%%s%%s%%s%%s%%s%%s%%s%%s%%s%%s%%s%%s%%s%%s%%s%%s%%s%%s%%s%%s%%s%%s%%s%%s%%s%%s%%s%%s%%s%%s%%s%%s%%s%%s%%s%%s%%s%%s%%s%%s%%s%%s%%s%%s%%s%%s%%s%%s%%s%%s%%s%%s%%s%%s%%s%%s%%s%%s%%s%%s%%s%%s%%s%%s%%s%%s%%s%%s%%s%%s%%s%%s%%s%%s%%s%%s%%s%%s%%s%%s%%s%%s%%s%%s%%s%%s%%s%%s%%s%%s%%s%%s%%s%%s%%s%%s%%s%%s%%s%%s%%s%%s%%s%%s%%s%%s%%s%%s%%s%%s%%s%%s%%s%%s%%s%%s%%s%%s%%s%%s%%s%%s%%s%%s%%s%%s%%s%%s%%s%%s%%s%%s%%s%%s%%s%%s%%s%%s%%s%%s%%s%%s%%s%%s%%s%%s%%s%%s%%s%%s%%s%%s%%s%%s%%s%%s%%s%%s%%s%%s%%s%%s%%s%%s%%s%%s%%s%%s%%s%%s%%s%%s%%s%%s%%s%%s%%s%%s%%s%%s%%s%%s%%s%%s%%s%%s%%s%%s%%s%%s%%s%%s%%s%%s%%s%%s%%s%%s%%s%%s%%s%%s%%s%%s%%s%%s%%s%%s%%s%%s%%s%%s%%s%%s%%s%%s%%s%%s%%s%%s%%s%%s%%s%%s%%s%%s%%s%%s%%s%%s%%s%%s%%s%%s%%s%%s%%s%%s%%s%%s%%s%%s%%s%%s%%s%%s%%s%%s%%s%%s%%s%%s%%s%%s%%s%%s%%s%%s%%s%%s%%s%%s%%s%%s%%s%%s%%s%%s%%s%%s%%s%%s%%s%%s%%s%%s%%s%%s%%s%%s%%s%%s%%s%%s%%s%%s%%s%%s%%s%%s%%s%%s%%s%%s%%s%%s%%s%%s%%s%%s%%s%%s%%s%%s%%s%%s%%s%%s%%s%%s%%s%%s%%s%%s%%s%%s%%s%%s%%s%%s%%s%%s%%s%%s%%s%%s%%s%%s%%s%%s%%s%%s%%s%%s%%s%%s%%s%%s%%s%%s%%s%%s%%s%%s%%s%%s%%s%%s%%s%%s%%s%%s%%s%%s%%s%%s%%s%%s%%s%%s%%s%%s%%s%%s%%s%%s%%s%%s%%s%%s%%s%%s%%s%%s%%s%%s%%s%%s%%s%%s%%s%%s%%s%%s%%s%%s%%s%%s%%s%%s%%s%%s%%s%%s%%s%%s%%s%%s%%s%%s%%s%%s%%s%%s%%s%%s%%s%%s%%s%%s%%s%%s%%s%%s%%s%%s%%s%%s%%s%%s%%s%%s%%s%%s%%s%%s%%s%%s%%s%%s%%s%%s%%s%%s%%s%%s%%s%%s%%s%%s%%s%%s%%s%%s%%s%%s%%s%%s%%s%%s%%s%%s%%s%%s%%s%%s%%s%%s%%s%%s%%s%%s%%s%%s%%s%%s%%s%%s%%s%%s%%s%%s%%s%%s%%s%%s%%s%%s%%s%%s%%s%%s%%s%%s%%s%%s%%s%%s%%s%%s%%s%%s%%s%%s%%s%%s%%s%%s%%s%%s%%s%%s%%s%%s%%s%%s%%s%%s%%s%%s%%s%%s%%s%%s%%s%%s%%s%%s%%s%%s%%s%%s%%s%%s%%s%%s%%s%%s%%s%%s%%s%%s%%s%%s%%s%%s%%s%%s%%s%%s%%s%%s%%s%%s%%s%%s%%s%%s%%s%%s%%s%%s%%s%%s%%s%%s%%s%%s%%s%%s%%s%%s%%s%%s%%s%%s%%s%%s%%s%%s%%s%%s%%s%%s%%s%%s%%s%%s%%s%%s%%s%%s%%s%%s%%s%%s%%s%%s%%s%%s%%s%%s%%s%%s%%s%%s%%s%%s%%s%%s%%s%%s%%s%%s%%s%%s%%s%%s%%s%%s%%s%%s%%s%%s%%s%%s%%s%%s%%s%%s%%s%%s%%s%%s%%s%%s%%s%%s%%s%%s%%s%%s%%s%%s%%s%%s%%s%%s%%s%%s%%s%%s%%s%%s%%s%%s%%s%%s%%s%%s%%s%%s%%s%%s%%s%%s%%s%%s%%s%%s%%s%%s%%s%%s%%s%%s%%s%%s%%s%%s%%s%%s%%s%%s%%s%%s%%s%%s%%s%%s%%s%%s%%s%%s%%s%%s%%s%%s%%s%%s%%s%%s&quot;, &quot;request_method&quot;: &quot;GET&quot;, &quot;request_headers&quot;: &quot;{\&quot;User-Agent\&quot;: \&quot;APIFuzzer 0.9.13\&quot;, \&quot;Accept-Encoding\&quot;: \&quot;gzip, deflate\&quot;, \&quot;Accept\&quot;: \&quot;*/*\&quot;, \&quot;Connection\&quot;: \&quot;keep-alive\&quot;, \&quot;Content-Type\&quot;: \&quot;application/json\&quot;}&quot;, &quot;request_body&quot;: {}, &quot;response&quot;: &quot;&quot;, &quot;parsed_status_code&quot;: 500, &quot;reason&quot;: &quot;failed&quot;}"/>
		</testcase>
		<testcase name="355" time="0.548754" timestamp="1727453245.9605808" status="failed">
			<failure type="failure" message="{&quot;status&quot;: &quot;failed&quot;, &quot;name&quot;: {}, &quot;sub_reports&quot;: [], &quot;test_number&quot;: 355, &quot;state&quot;: &quot;COMPLETED&quot;, &quot;request_url&quot;: &quot;https://virtserver.swaggerhub.com/AAYUSHGARGBU/api_petstore/1.0.0/pet/findByStatus?status=%%s%%s%%s%%s%%s%%s%%s%%s%%s%%s%%s%%s%%s%%s%%s%%s%%s%%s%%s%%s%%s%%s%%s%%s%%s%%s%%s%%s%%s%%s%%s%%s%%s%%s%%s%%s%%s%%s%%s%%s%%s%%s%%s%%s%%s%%s%%s%%s%%s%%s%%s%%s%%s%%s%%s%%s%%s%%s%%s%%s%%s%%s%%s%%s%%s%%s%%s%%s%%s%%s%%s%%s%%s%%s%%s%%s%%s%%s%%s%%s%%s%%s%%s%%s%%s%%s%%s%%s%%s%%s%%s%%s%%s%%s%%s%%s%%s%%s%%s%%s%%s%%s%%s%%s%%s%%s%%s%%s%%s%%s%%s%%s%%s%%s%%s%%s%%s%%s%%s%%s%%s%%s%%s%%s%%s%%s%%s%%s&quot;, &quot;request_method&quot;: &quot;GET&quot;, &quot;request_headers&quot;: &quot;{\&quot;User-Agent\&quot;: \&quot;APIFuzzer 0.9.13\&quot;, \&quot;Accept-Encoding\&quot;: \&quot;gzip, deflate\&quot;, \&quot;Accept\&quot;: \&quot;*/*\&quot;, \&quot;Connection\&quot;: \&quot;keep-alive\&quot;, \&quot;Content-Type\&quot;: \&quot;application/json\&quot;}&quot;, &quot;request_body&quot;: {}, &quot;response&quot;: &quot;&quot;, &quot;parsed_status_code&quot;: 500, &quot;reason&quot;: &quot;failed&quot;}"/>
		</testcase>
		<testcase name="356" time="0.563003" timestamp="1727453246.5388844" status="failed">
			<failure type="failure" message="{&quot;status&quot;: &quot;failed&quot;, &quot;name&quot;: {}, &quot;sub_reports&quot;: [], &quot;test_number&quot;: 356, &quot;state&quot;: &quot;COMPLETED&quot;, &quot;request_url&quot;: &quot;https://virtserver.swaggerhub.com/AAYUSHGARGBU/api_petstore/1.0.0/pet/findByStatus?status=%%s%%s%%s%%s%%s%%s%%s%%s%%s%%s%%s%%s%%s%%s%%s%%s&quot;, &quot;request_method&quot;: &quot;GET&quot;, &quot;request_headers&quot;: &quot;{\&quot;User-Agent\&quot;: \&quot;APIFuzzer 0.9.13\&quot;, \&quot;Accept-Encoding\&quot;: \&quot;gzip, deflate\&quot;, \&quot;Accept\&quot;: \&quot;*/*\&quot;, \&quot;Connection\&quot;: \&quot;keep-alive\&quot;, \&quot;Content-Type\&quot;: \&quot;application/json\&quot;}&quot;, &quot;request_body&quot;: {}, &quot;response&quot;: &quot;&quot;, &quot;parsed_status_code&quot;: 500, &quot;reason&quot;: &quot;failed&quot;}"/>
		</testcase>
		<testcase name="357" time="0.545992" timestamp="1727453247.1013699" status="failed">
			<failure type="failure" message="{&quot;status&quot;: &quot;failed&quot;, &quot;name&quot;: {}, &quot;sub_reports&quot;: [], &quot;test_number&quot;: 357, &quot;state&quot;: &quot;COMPLETED&quot;, &quot;request_url&quot;: &quot;https://virtserver.swaggerhub.com/AAYUSHGARGBU/api_petstore/1.0.0/pet/findByStatus?status=%%s%%s&quot;, &quot;request_method&quot;: &quot;GET&quot;, &quot;request_headers&quot;: &quot;{\&quot;User-Agent\&quot;: \&quot;APIFuzzer 0.9.13\&quot;, \&quot;Accept-Encoding\&quot;: \&quot;gzip, deflate\&quot;, \&quot;Accept\&quot;: \&quot;*/*\&quot;, \&quot;Connection\&quot;: \&quot;keep-alive\&quot;, \&quot;Content-Type\&quot;: \&quot;application/json\&quot;}&quot;, &quot;request_body&quot;: {}, &quot;response&quot;: &quot;&quot;, &quot;parsed_status_code&quot;: 500, &quot;reason&quot;: &quot;failed&quot;}"/>
		</testcase>
		<testcase name="358" time="0.562728" timestamp="1727453247.679244" status="failed">
			<failure type="failure" message="{&quot;status&quot;: &quot;failed&quot;, &quot;name&quot;: {}, &quot;sub_reports&quot;: [], &quot;test_number&quot;: 358, &quot;state&quot;: &quot;COMPLETED&quot;, &quot;request_url&quot;: &quot;https://virtserver.swaggerhub.com/AAYUSHGARGBU/api_petstore/1.0.0/pet/findByStatus?status=\&quot;%s\&quot;\&quot;%s\&quot;\&quot;%s\&quot;\&quot;%s\&quot;\&quot;%s\&quot;\&quot;%s\&quot;\&quot;%s\&quot;\&quot;%s\&quot;\&quot;%s\&quot;\&quot;%s\&quot;\&quot;%s\&quot;\&quot;%s\&quot;\&quot;%s\&quot;\&quot;%s\&quot;\&quot;%s\&quot;\&quot;%s\&quot;\&quot;%s\&quot;\&quot;%s\&quot;\&quot;%s\&quot;\&quot;%s\&quot;\&quot;%s\&quot;\&quot;%s\&quot;\&quot;%s\&quot;\&quot;%s\&quot;\&quot;%s\&quot;\&quot;%s\&quot;\&quot;%s\&quot;\&quot;%s\&quot;\&quot;%s\&quot;\&quot;%s\&quot;\&quot;%s\&quot;\&quot;%s\&quot;\&quot;%s\&quot;\&quot;%s\&quot;\&quot;%s\&quot;\&quot;%s\&quot;\&quot;%s\&quot;\&quot;%s\&quot;\&quot;%s\&quot;\&quot;%s\&quot;\&quot;%s\&quot;\&quot;%s\&quot;\&quot;%s\&quot;\&quot;%s\&quot;\&quot;%s\&quot;\&quot;%s\&quot;\&quot;%s\&quot;\&quot;%s\&quot;\&quot;%s\&quot;\&quot;%s\&quot;\&quot;%s\&quot;\&quot;%s\&quot;\&quot;%s\&quot;\&quot;%s\&quot;\&quot;%s\&quot;\&quot;%s\&quot;\&quot;%s\&quot;\&quot;%s\&quot;\&quot;%s\&quot;\&quot;%s\&quot;\&quot;%s\&quot;\&quot;%s\&quot;\&quot;%s\&quot;\&quot;%s\&quot;\&quot;%s\&quot;\&quot;%s\&quot;\&quot;%s\&quot;\&quot;%s\&quot;\&quot;%s\&quot;\&quot;%s\&quot;\&quot;%s\&quot;\&quot;%s\&quot;\&quot;%s\&quot;\&quot;%s\&quot;\&quot;%s\&quot;\&quot;%s\&quot;\&quot;%s\&quot;\&quot;%s\&quot;\&quot;%s\&quot;\&quot;%s\&quot;\&quot;%s\&quot;\&quot;%s\&quot;\&quot;%s\&quot;\&quot;%s\&quot;\&quot;%s\&quot;\&quot;%s\&quot;\&quot;%s\&quot;\&quot;%s\&quot;\&quot;%s\&quot;\&quot;%s\&quot;\&quot;%s\&quot;\&quot;%s\&quot;\&quot;%s\&quot;\&quot;%s\&quot;\&quot;%s\&quot;\&quot;%s\&quot;\&quot;%s\&quot;\&quot;%s\&quot;\&quot;%s\&quot;\&quot;%s\&quot;\&quot;%s\&quot;\&quot;%s\&quot;\&quot;%s\&quot;\&quot;%s\&quot;\&quot;%s\&quot;\&quot;%s\&quot;\&quot;%s\&quot;\&quot;%s\&quot;\&quot;%s\&quot;\&quot;%s\&quot;\&quot;%s\&quot;\&quot;%s\&quot;\&quot;%s\&quot;\&quot;%s\&quot;\&quot;%s\&quot;\&quot;%s\&quot;\&quot;%s\&quot;\&quot;%s\&quot;\&quot;%s\&quot;\&quot;%s\&quot;\&quot;%s\&quot;\&quot;%s\&quot;\&quot;%s\&quot;\&quot;%s\&quot;\&quot;%s\&quot;\&quot;%s\&quot;\&quot;%s\&quot;\&quot;%s\&quot;\&quot;%s\&quot;\&quot;%s\&quot;\&quot;%s\&quot;\&quot;%s\&quot;\&quot;%s\&quot;\&quot;%s\&quot;\&quot;%s\&quot;\&quot;%s\&quot;\&quot;%s\&quot;\&quot;%s\&quot;\&quot;%s\&quot;\&quot;%s\&quot;\&quot;%s\&quot;\&quot;%s\&quot;\&quot;%s\&quot;\&quot;%s\&quot;\&quot;%s\&quot;\&quot;%s\&quot;\&quot;%s\&quot;\&quot;%s\&quot;\&quot;%s\&quot;\&quot;%s\&quot;\&quot;%s\&quot;\&quot;%s\&quot;\&quot;%s\&quot;\&quot;%s\&quot;\&quot;%s\&quot;\&quot;%s\&quot;\&quot;%s\&quot;\&quot;%s\&quot;\&quot;%s\&quot;\&quot;%s\&quot;\&quot;%s\&quot;\&quot;%s\&quot;\&quot;%s\&quot;\&quot;%s\&quot;\&quot;%s\&quot;\&quot;%s\&quot;\&quot;%s\&quot;\&quot;%s\&quot;\&quot;%s\&quot;\&quot;%s\&quot;\&quot;%s\&quot;\&quot;%s\&quot;\&quot;%s\&quot;\&quot;%s\&quot;\&quot;%s\&quot;\&quot;%s\&quot;\&quot;%s\&quot;\&quot;%s\&quot;\&quot;%s\&quot;\&quot;%s\&quot;\&quot;%s\&quot;\&quot;%s\&quot;\&quot;%s\&quot;\&quot;%s\&quot;\&quot;%s\&quot;\&quot;%s\&quot;\&quot;%s\&quot;\&quot;%s\&quot;\&quot;%s\&quot;\&quot;%s\&quot;\&quot;%s\&quot;\&quot;%s\&quot;\&quot;%s\&quot;\&quot;%s\&quot;\&quot;%s\&quot;\&quot;%s\&quot;\&quot;%s\&quot;\&quot;%s\&quot;\&quot;%s\&quot;\&quot;%s\&quot;\&quot;%s\&quot;\&quot;%s\&quot;\&quot;%s\&quot;\&quot;%s\&quot;\&quot;%s\&quot;\&quot;%s\&quot;\&quot;%s\&quot;\&quot;%s\&quot;\&quot;%s\&quot;\&quot;%s\&quot;\&quot;%s\&quot;\&quot;%s\&quot;\&quot;%s\&quot;\&quot;%s\&quot;\&quot;%s\&quot;\&quot;%s\&quot;\&quot;%s\&quot;\&quot;%s\&quot;\&quot;%s\&quot;\&quot;%s\&quot;\&quot;%s\&quot;\&quot;%s\&quot;\&quot;%s\&quot;\&quot;%s\&quot;\&quot;%s\&quot;\&quot;%s\&quot;\&quot;%s\&quot;\&quot;%s\&quot;\&quot;%s\&quot;\&quot;%s\&quot;\&quot;%s\&quot;\&quot;%s\&quot;\&quot;%s\&quot;\&quot;%s\&quot;\&quot;%s\&quot;\&quot;%s\&quot;\&quot;%s\&quot;\&quot;%s\&quot;\&quot;%s\&quot;\&quot;%s\&quot;\&quot;%s\&quot;\&quot;%s\&quot;\&quot;%s\&quot;\&quot;%s\&quot;\&quot;%s\&quot;\&quot;%s\&quot;\&quot;%s\&quot;\&quot;%s\&quot;\&quot;%s\&quot;\&quot;%s\&quot;\&quot;%s\&quot;\&quot;%s\&quot;\&quot;%s\&quot;\&quot;%s\&quot;\&quot;%s\&quot;\&quot;%s\&quot;\&quot;%s\&quot;\&quot;%s\&quot;\&quot;%s\&quot;\&quot;%s\&quot;\&quot;%s\&quot;\&quot;%s\&quot;\&quot;%s\&quot;\&quot;%s\&quot;\&quot;%s\&quot;\&quot;%s\&quot;\&quot;%s\&quot;\&quot;%s\&quot;\&quot;%s\&quot;\&quot;%s\&quot;\&quot;%s\&quot;\&quot;%s\&quot;\&quot;%s\&quot;\&quot;%s\&quot;\&quot;%s\&quot;\&quot;%s\&quot;\&quot;%s\&quot;\&quot;%s\&quot;\&quot;%s\&quot;\&quot;%s\&quot;\&quot;%s\&quot;\&quot;%s\&quot;\&quot;%s\&quot;\&quot;%s\&quot;\&quot;%s\&quot;\&quot;%s\&quot;\&quot;%s\&quot;\&quot;%s\&quot;\&quot;%s\&quot;\&quot;%s\&quot;\&quot;%s\&quot;\&quot;%s\&quot;\&quot;%s\&quot;\&quot;%s\&quot;\&quot;%s\&quot;\&quot;%s\&quot;\&quot;%s\&quot;\&quot;%s\&quot;\&quot;%s\&quot;\&quot;%s\&quot;\&quot;%s\&quot;\&quot;%s\&quot;\&quot;%s\&quot;\&quot;%s\&quot;\&quot;%s\&quot;\&quot;%s\&quot;\&quot;%s\&quot;\&quot;%s\&quot;\&quot;%s\&quot;\&quot;%s\&quot;\&quot;%s\&quot;\&quot;%s\&quot;\&quot;%s\&quot;\&quot;%s\&quot;\&quot;%s\&quot;\&quot;%s\&quot;\&quot;%s\&quot;\&quot;%s\&quot;\&quot;%s\&quot;\&quot;%s\&quot;\&quot;%s\&quot;\&quot;%s\&quot;\&quot;%s\&quot;\&quot;%s\&quot;\&quot;%s\&quot;\&quot;%s\&quot;\&quot;%s\&quot;\&quot;%s\&quot;\&quot;%s\&quot;\&quot;%s\&quot;\&quot;%s\&quot;\&quot;%s\&quot;\&quot;%s\&quot;\&quot;%s\&quot;\&quot;%s\&quot;\&quot;%s\&quot;\&quot;%s\&quot;\&quot;%s\&quot;\&quot;%s\&quot;\&quot;%s\&quot;\&quot;%s\&quot;\&quot;%s\&quot;\&quot;%s\&quot;\&quot;%s\&quot;\&quot;%s\&quot;\&quot;%s\&quot;\&quot;%s\&quot;\&quot;%s\&quot;\&quot;%s\&quot;\&quot;%s\&quot;\&quot;%s\&quot;\&quot;%s\&quot;\&quot;%s\&quot;\&quot;%s\&quot;\&quot;%s\&quot;\&quot;%s\&quot;\&quot;%s\&quot;\&quot;%s\&quot;\&quot;%s\&quot;\&quot;%s\&quot;\&quot;%s\&quot;\&quot;%s\&quot;\&quot;%s\&quot;\&quot;%s\&quot;\&quot;%s\&quot;\&quot;%s\&quot;\&quot;%s\&quot;\&quot;%s\&quot;\&quot;%s\&quot;\&quot;%s\&quot;\&quot;%s\&quot;\&quot;%s\&quot;\&quot;%s\&quot;\&quot;%s\&quot;\&quot;%s\&quot;\&quot;%s\&quot;\&quot;%s\&quot;\&quot;%s\&quot;\&quot;%s\&quot;\&quot;%s\&quot;\&quot;%s\&quot;\&quot;%s\&quot;\&quot;%s\&quot;\&quot;%s\&quot;\&quot;%s\&quot;\&quot;%s\&quot;\&quot;%s\&quot;\&quot;%s\&quot;\&quot;%s\&quot;\&quot;%s\&quot;\&quot;%s\&quot;\&quot;%s\&quot;\&quot;%s\&quot;\&quot;%s\&quot;\&quot;%s\&quot;\&quot;%s\&quot;\&quot;%s\&quot;\&quot;%s\&quot;\&quot;%s\&quot;\&quot;%s\&quot;\&quot;%s\&quot;\&quot;%s\&quot;\&quot;%s\&quot;\&quot;%s\&quot;\&quot;%s\&quot;\&quot;%s\&quot;\&quot;%s\&quot;\&quot;%s\&quot;\&quot;%s\&quot;\&quot;%s\&quot;\&quot;%s\&quot;\&quot;%s\&quot;\&quot;%s\&quot;\&quot;%s\&quot;\&quot;%s\&quot;\&quot;%s\&quot;\&quot;%s\&quot;\&quot;%s\&quot;\&quot;%s\&quot;\&quot;%s\&quot;\&quot;%s\&quot;\&quot;%s\&quot;\&quot;%s\&quot;\&quot;%s\&quot;\&quot;%s\&quot;\&quot;%s\&quot;\&quot;%s\&quot;\&quot;%s\&quot;\&quot;%s\&quot;\&quot;%s\&quot;\&quot;%s\&quot;\&quot;%s\&quot;\&quot;%s\&quot;\&quot;%s\&quot;\&quot;%s\&quot;\&quot;%s\&quot;\&quot;%s\&quot;\&quot;%s\&quot;\&quot;%s\&quot;\&quot;%s\&quot;\&quot;%s\&quot;\&quot;%s\&quot;\&quot;%s\&quot;\&quot;%s\&quot;\&quot;%s\&quot;\&quot;%s\&quot;\&quot;%s\&quot;\&quot;%s\&quot;\&quot;%s\&quot;\&quot;%s\&quot;\&quot;%s\&quot;\&quot;%s\&quot;\&quot;%s\&quot;\&quot;%s\&quot;\&quot;%s\&quot;\&quot;%s\&quot;\&quot;%s\&quot;\&quot;%s\&quot;\&quot;%s\&quot;\&quot;%s\&quot;\&quot;%s\&quot;\&quot;%s\&quot;\&quot;%s\&quot;\&quot;%s\&quot;\&quot;%s\&quot;\&quot;%s\&quot;\&quot;%s\&quot;\&quot;%s\&quot;\&quot;%s\&quot;\&quot;%s\&quot;\&quot;%s\&quot;\&quot;%s\&quot;\&quot;%s\&quot;\&quot;%s\&quot;\&quot;%s\&quot;\&quot;%s\&quot;\&quot;%s\&quot;\&quot;%s\&quot;\&quot;%s\&quot;\&quot;%s\&quot;\&quot;%s\&quot;\&quot;%s\&quot;\&quot;%s\&quot;\&quot;%s\&quot;\&quot;%s\&quot;\&quot;%s\&quot;\&quot;%s\&quot;\&quot;%s\&quot;\&quot;%s\&quot;\&quot;%s\&quot;\&quot;%s\&quot;\&quot;%s\&quot;\&quot;%s\&quot;\&quot;%s\&quot;\&quot;%s\&quot;\&quot;%s\&quot;\&quot;%s\&quot;\&quot;%s\&quot;\&quot;%s\&quot;\&quot;%s\&quot;\&quot;%s\&quot;\&quot;%s\&quot;\&quot;%s\&quot;\&quot;%s\&quot;\&quot;%s\&quot;\&quot;%s\&quot;\&quot;%s\&quot;\&quot;%s\&quot;\&quot;%s\&quot;\&quot;%s\&quot;\&quot;%s\&quot;\&quot;%s\&quot;\&quot;%s\&quot;\&quot;%s\&quot;\&quot;%s\&quot;\&quot;%s\&quot;\&quot;%s\&quot;\&quot;%s\&quot;\&quot;%s\&quot;\&quot;%s\&quot;\&quot;%s\&quot;\&quot;%s\&quot;\&quot;%s\&quot;\&quot;%s\&quot;\&quot;%s\&quot;\&quot;%s\&quot;\&quot;%s\&quot;\&quot;%s\&quot;\&quot;%s\&quot;\&quot;%s\&quot;\&quot;%s\&quot;\&quot;%s\&quot;\&quot;%s\&quot;\&quot;%s\&quot;\&quot;%s\&quot;\&quot;%s\&quot;\&quot;%s\&quot;\&quot;%s\&quot;\&quot;%s\&quot;\&quot;%s\&quot;\&quot;%s\&quot;\&quot;%s\&quot;\&quot;%s\&quot;\&quot;%s\&quot;\&quot;%s\&quot;\&quot;%s\&quot;\&quot;%s\&quot;\&quot;%s\&quot;\&quot;%s\&quot;\&quot;%s\&quot;\&quot;%s\&quot;\&quot;%s\&quot;\&quot;%s\&quot;\&quot;%s\&quot;\&quot;%s\&quot;\&quot;%s\&quot;\&quot;%s\&quot;\&quot;%s\&quot;\&quot;%s\&quot;\&quot;%s\&quot;\&quot;%s\&quot;\&quot;%s\&quot;\&quot;%s\&quot;\&quot;%s\&quot;\&quot;%s\&quot;\&quot;%s\&quot;\&quot;%s\&quot;\&quot;%s\&quot;\&quot;%s\&quot;\&quot;%s\&quot;\&quot;%s\&quot;\&quot;%s\&quot;\&quot;%s\&quot;\&quot;%s\&quot;\&quot;%s\&quot;\&quot;%s\&quot;\&quot;%s\&quot;\&quot;%s\&quot;\&quot;%s\&quot;\&quot;%s\&quot;\&quot;%s\&quot;\&quot;%s\&quot;\&quot;%s\&quot;\&quot;%s\&quot;\&quot;%s\&quot;\&quot;%s\&quot;\&quot;%s\&quot;\&quot;%s\&quot;\&quot;%s\&quot;\&quot;%s\&quot;\&quot;%s\&quot;\&quot;%s\&quot;\&quot;%s\&quot;\&quot;%s\&quot;\&quot;%s\&quot;\&quot;%s\&quot;\&quot;%s\&quot;\&quot;%s\&quot;\&quot;%s\&quot;\&quot;%s\&quot;\&quot;%s\&quot;\&quot;%s\&quot;\&quot;%s\&quot;\&quot;%s\&quot;\&quot;%s\&quot;\&quot;%s\&quot;\&quot;%s\&quot;\&quot;%s\&quot;\&quot;%s\&quot;\&quot;%s\&quot;\&quot;%s\&quot;\&quot;%s\&quot;\&quot;%s\&quot;\&quot;%s\&quot;\&quot;%s\&quot;\&quot;%s\&quot;\&quot;%s\&quot;\&quot;%s\&quot;\&quot;%s\&quot;\&quot;%s\&quot;\&quot;%s\&quot;\&quot;%s\&quot;\&quot;%s\&quot;\&quot;%s\&quot;\&quot;%s\&quot;\&quot;%s\&quot;\&quot;%s\&quot;\&quot;%s\&quot;\&quot;%s\&quot;\&quot;%s\&quot;\&quot;%s\&quot;\&quot;%s\&quot;\&quot;%s\&quot;\&quot;%s\&quot;\&quot;%s\&quot;\&quot;%s\&quot;\&quot;%s\&quot;\&quot;%s\&quot;\&quot;%s\&quot;\&quot;%s\&quot;\&quot;%s\&quot;\&quot;%s\&quot;\&quot;%s\&quot;\&quot;%s\&quot;\&quot;%s\&quot;\&quot;%s\&quot;\&quot;%s\&quot;\&quot;%s\&quot;\&quot;%s\&quot;\&quot;%s\&quot;\&quot;%s\&quot;\&quot;%s\&quot;\&quot;%s\&quot;\&quot;%s\&quot;\&quot;%s\&quot;\&quot;%s\&quot;\&quot;%s\&quot;\&quot;%s\&quot;\&quot;%s\&quot;\&quot;%s\&quot;\&quot;%s\&quot;\&quot;%s\&quot;\&quot;%s\&quot;\&quot;%s\&quot;\&quot;%s\&quot;\&quot;%s\&quot;\&quot;%s\&quot;\&quot;%s\&quot;\&quot;%s\&quot;\&quot;%s\&quot;\&quot;%s\&quot;\&quot;%s\&quot;\&quot;%s\&quot;\&quot;%s\&quot;\&quot;%s\&quot;\&quot;%s\&quot;\&quot;%s\&quot;\&quot;%s\&quot;\&quot;%s\&quot;\&quot;%s\&quot;\&quot;%s\&quot;\&quot;%s\&quot;\&quot;%s\&quot;\&quot;%s\&quot;\&quot;%s\&quot;\&quot;%s\&quot;\&quot;%s\&quot;\&quot;%s\&quot;\&quot;%s\&quot;\&quot;%s\&quot;\&quot;%s\&quot;\&quot;%s\&quot;\&quot;%s\&quot;\&quot;%s\&quot;\&quot;%s\&quot;\&quot;%s\&quot;\&quot;%s\&quot;\&quot;%s\&quot;\&quot;%s\&quot;\&quot;%s\&quot;\&quot;%s\&quot;\&quot;%s\&quot;\&quot;%s\&quot;\&quot;%s\&quot;\&quot;%s\&quot;\&quot;%s\&quot;\&quot;%s\&quot;\&quot;%s\&quot;\&quot;%s\&quot;\&quot;%s\&quot;\&quot;%s\&quot;\&quot;%s\&quot;\&quot;%s\&quot;\&quot;%s\&quot;\&quot;%s\&quot;\&quot;%s\&quot;\&quot;%s\&quot;\&quot;%s\&quot;\&quot;%s\&quot;\&quot;%s\&quot;\&quot;%s\&quot;\&quot;%s\&quot;\&quot;%s\&quot;\&quot;%s\&quot;\&quot;%s\&quot;\&quot;%s\&quot;\&quot;%s\&quot;\&quot;%s\&quot;\&quot;%s\&quot;\&quot;%s\&quot;\&quot;%s\&quot;\&quot;%s\&quot;\&quot;%s\&quot;\&quot;%s\&quot;\&quot;%s\&quot;\&quot;%s\&quot;\&quot;%s\&quot;\&quot;%s\&quot;\&quot;%s\&quot;\&quot;%s\&quot;\&quot;%s\&quot;\&quot;%s\&quot;\&quot;%s\&quot;\&quot;%s\&quot;\&quot;%s\&quot;\&quot;%s\&quot;\&quot;%s\&quot;\&quot;%s\&quot;\&quot;%s\&quot;\&quot;%s\&quot;\&quot;%s\&quot;\&quot;%s\&quot;\&quot;%s\&quot;\&quot;%s\&quot;\&quot;%s\&quot;\&quot;%s\&quot;\&quot;%s\&quot;\&quot;%s\&quot;\&quot;%s\&quot;\&quot;%s\&quot;\&quot;%s\&quot;\&quot;%s\&quot;\&quot;%s\&quot;\&quot;%s\&quot;\&quot;%s\&quot;\&quot;%s\&quot;\&quot;%s\&quot;\&quot;%s\&quot;\&quot;%s\&quot;\&quot;%s\&quot;\&quot;%s\&quot;\&quot;%s\&quot;\&quot;%s\&quot;\&quot;%s\&quot;\&quot;%s\&quot;\&quot;%s\&quot;\&quot;%s\&quot;\&quot;%s\&quot;\&quot;%s\&quot;\&quot;%s\&quot;\&quot;%s\&quot;\&quot;%s\&quot;\&quot;%s\&quot;\&quot;%s\&quot;\&quot;%s\&quot;\&quot;%s\&quot;\&quot;%s\&quot;\&quot;%s\&quot;\&quot;%s\&quot;\&quot;%s\&quot;\&quot;%s\&quot;\&quot;%s\&quot;\&quot;%s\&quot;\&quot;%s\&quot;\&quot;%s\&quot;\&quot;%s\&quot;\&quot;%s\&quot;\&quot;%s\&quot;\&quot;%s\&quot;\&quot;%s\&quot;\&quot;%s\&quot;\&quot;%s\&quot;\&quot;%s\&quot;\&quot;%s\&quot;\&quot;%s\&quot;\&quot;%s\&quot;\&quot;%s\&quot;\&quot;%s\&quot;\&quot;%s\&quot;\&quot;%s\&quot;\&quot;%s\&quot;\&quot;%s\&quot;\&quot;%s\&quot;\&quot;%s\&quot;\&quot;%s\&quot;\&quot;%s\&quot;\&quot;%s\&quot;\&quot;%s\&quot;\&quot;%s\&quot;\&quot;%s\&quot;\&quot;%s\&quot;\&quot;%s\&quot;\&quot;%s\&quot;\&quot;%s\&quot;\&quot;%s\&quot;\&quot;%s\&quot;\&quot;%s\&quot;\&quot;%s\&quot;\&quot;%s\&quot;\&quot;%s\&quot;\&quot;%s\&quot;\&quot;%s\&quot;\&quot;%s\&quot;\&quot;%s\&quot;\&quot;%s\&quot;\&quot;%s\&quot;\&quot;%s\&quot;\&quot;%s\&quot;\&quot;%s\&quot;\&quot;%s\&quot;\&quot;%s\&quot;\&quot;%s\&quot;\&quot;%s\&quot;\&quot;%s\&quot;\&quot;%s\&quot;\&quot;%s\&quot;\&quot;%s\&quot;\&quot;%s\&quot;\&quot;%s\&quot;\&quot;%s\&quot;\&quot;%s\&quot;\&quot;%s\&quot;\&quot;%s\&quot;\&quot;%s\&quot;\&quot;%s\&quot;\&quot;%s\&quot;\&quot;%s\&quot;\&quot;%s\&quot;\&quot;%s\&quot;\&quot;%s\&quot;\&quot;%s\&quot;\&quot;%s\&quot;\&quot;%s\&quot;\&quot;%s\&quot;\&quot;%s\&quot;\&quot;%s\&quot;\&quot;%s\&quot;\&quot;%s\&quot;\&quot;%s\&quot;\&quot;%s\&quot;\&quot;%s\&quot;\&quot;%s\&quot;\&quot;%s\&quot;\&quot;%s\&quot;\&quot;%s\&quot;\&quot;%s\&quot;\&quot;%s\&quot;\&quot;%s\&quot;\&quot;%s\&quot;\&quot;%s\&quot;\&quot;%s\&quot;\&quot;%s\&quot;\&quot;%s\&quot;\&quot;%s\&quot;\&quot;%s\&quot;\&quot;%s\&quot;\&quot;%s\&quot;\&quot;%s\&quot;\&quot;%s\&quot;\&quot;%s\&quot;\&quot;%s\&quot;\&quot;%s\&quot;\&quot;%s\&quot;\&quot;%s\&quot;\&quot;%s\&quot;\&quot;%s\&quot;\&quot;%s\&quot;\&quot;%s\&quot;\&quot;%s\&quot;\&quot;%s\&quot;\&quot;%s\&quot;\&quot;%s\&quot;\&quot;%s\&quot;\&quot;%s\&quot;\&quot;%s\&quot;\&quot;%s\&quot;\&quot;%s\&quot;\&quot;%s\&quot;\&quot;%s\&quot;\&quot;%s\&quot;\&quot;%s\&quot;\&quot;%s\&quot;\&quot;%s\&quot;\&quot;%s\&quot;\&quot;%s\&quot;\&quot;%s\&quot;\&quot;%s\&quot;\&quot;%s\&quot;\&quot;%s\&quot;\&quot;%s\&quot;\&quot;%s\&quot;\&quot;%s\&quot;\&quot;%s\&quot;\&quot;%s\&quot;\&quot;%s\&quot;\&quot;%s\&quot;\&quot;%s\&quot;\&quot;%s\&quot;\&quot;%s\&quot;\&quot;%s\&quot;\&quot;%s\&quot;\&quot;%s\&quot;\&quot;%s\&quot;\&quot;%s\&quot;\&quot;%s\&quot;\&quot;%s\&quot;\&quot;%s\&quot;\&quot;%s\&quot;\&quot;%s\&quot;\&quot;%s\&quot;\&quot;%s\&quot;\&quot;%s\&quot;\&quot;%s\&quot;\&quot;%s\&quot;\&quot;%s\&quot;\&quot;%s\&quot;\&quot;%s\&quot;\&quot;%s\&quot;\&quot;%s\&quot;\&quot;%s\&quot;\&quot;%s\&quot;\&quot;%s\&quot;\&quot;%s\&quot;\&quot;%s\&quot;\&quot;%s\&quot;\&quot;%s\&quot;\&quot;%s\&quot;\&quot;%s\&quot;\&quot;%s\&quot;\&quot;%s\&quot;\&quot;%s\&quot;\&quot;%s\&quot;\&quot;%s\&quot;\&quot;%s\&quot;\&quot;%s\&quot;\&quot;%s\&quot;\&quot;%s\&quot;\&quot;%s\&quot;\&quot;%s\&quot;\&quot;%s\&quot;\&quot;%s\&quot;\&quot;%s\&quot;\&quot;%s\&quot;\&quot;%s\&quot;\&quot;%s\&quot;\&quot;%s\&quot;\&quot;%s\&quot;\&quot;%s\&quot;\&quot;%s\&quot;\&quot;%s\&quot;\&quot;%s\&quot;\&quot;%s\&quot;\&quot;%s\&quot;\&quot;%s\&quot;\&quot;%s\&quot;\&quot;%s\&quot;\&quot;%s\&quot;\&quot;%s\&quot;\&quot;%s\&quot;\&quot;%s\&quot;\&quot;%s\&quot;\&quot;%s\&quot;\&quot;%s\&quot;\&quot;%s\&quot;\&quot;%s\&quot;\&quot;%s\&quot;\&quot;%s\&quot;\&quot;%s\&quot;\&quot;%s\&quot;\&quot;%s\&quot;\&quot;%s\&quot;\&quot;%s\&quot;\&quot;%s\&quot;\&quot;%s\&quot;\&quot;%s\&quot;\&quot;%s\&quot;\&quot;%s\&quot;\&quot;%s\&quot;\&quot;%s\&quot;\&quot;%s\&quot;\&quot;%s\&quot;\&quot;%s\&quot;\&quot;%s\&quot;\&quot;%s\&quot;\&quot;%s\&quot;\&quot;%s\&quot;\&quot;%s\&quot;\&quot;%s\&quot;\&quot;%s\&quot;\&quot;%s\&quot;\&quot;%s\&quot;\&quot;%s\&quot;\&quot;%s\&quot;\&quot;%s\&quot;&quot;, &quot;request_method&quot;: &quot;GET&quot;, &quot;request_headers&quot;: &quot;{\&quot;User-Agent\&quot;: \&quot;APIFuzzer 0.9.13\&quot;, \&quot;Accept-Encoding\&quot;: \&quot;gzip, deflate\&quot;, \&quot;Accept\&quot;: \&quot;*/*\&quot;, \&quot;Connection\&quot;: \&quot;keep-alive\&quot;, \&quot;Content-Type\&quot;: \&quot;application/json\&quot;}&quot;, &quot;request_body&quot;: {}, &quot;response&quot;: &quot;&quot;, &quot;parsed_status_code&quot;: 500, &quot;reason&quot;: &quot;failed&quot;}"/>
		</testcase>
		<testcase name="359" time="0.550275" timestamp="1727453248.245483" status="failed">
			<failure type="failure" message="{&quot;status&quot;: &quot;failed&quot;, &quot;name&quot;: {}, &quot;sub_reports&quot;: [], &quot;test_number&quot;: 359, &quot;state&quot;: &quot;COMPLETED&quot;, &quot;request_url&quot;: &quot;https://virtserver.swaggerhub.com/AAYUSHGARGBU/api_petstore/1.0.0/pet/findByStatus?status=\&quot;%s\&quot;\&quot;%s\&quot;\&quot;%s\&quot;\&quot;%s\&quot;\&quot;%s\&quot;\&quot;%s\&quot;\&quot;%s\&quot;\&quot;%s\&quot;\&quot;%s\&quot;\&quot;%s\&quot;\&quot;%s\&quot;\&quot;%s\&quot;\&quot;%s\&quot;\&quot;%s\&quot;\&quot;%s\&quot;\&quot;%s\&quot;\&quot;%s\&quot;\&quot;%s\&quot;\&quot;%s\&quot;\&quot;%s\&quot;\&quot;%s\&quot;\&quot;%s\&quot;\&quot;%s\&quot;\&quot;%s\&quot;\&quot;%s\&quot;\&quot;%s\&quot;\&quot;%s\&quot;\&quot;%s\&quot;\&quot;%s\&quot;\&quot;%s\&quot;\&quot;%s\&quot;\&quot;%s\&quot;\&quot;%s\&quot;\&quot;%s\&quot;\&quot;%s\&quot;\&quot;%s\&quot;\&quot;%s\&quot;\&quot;%s\&quot;\&quot;%s\&quot;\&quot;%s\&quot;\&quot;%s\&quot;\&quot;%s\&quot;\&quot;%s\&quot;\&quot;%s\&quot;\&quot;%s\&quot;\&quot;%s\&quot;\&quot;%s\&quot;\&quot;%s\&quot;\&quot;%s\&quot;\&quot;%s\&quot;\&quot;%s\&quot;\&quot;%s\&quot;\&quot;%s\&quot;\&quot;%s\&quot;\&quot;%s\&quot;\&quot;%s\&quot;\&quot;%s\&quot;\&quot;%s\&quot;\&quot;%s\&quot;\&quot;%s\&quot;\&quot;%s\&quot;\&quot;%s\&quot;\&quot;%s\&quot;\&quot;%s\&quot;\&quot;%s\&quot;\&quot;%s\&quot;\&quot;%s\&quot;\&quot;%s\&quot;\&quot;%s\&quot;\&quot;%s\&quot;\&quot;%s\&quot;\&quot;%s\&quot;\&quot;%s\&quot;\&quot;%s\&quot;\&quot;%s\&quot;\&quot;%s\&quot;\&quot;%s\&quot;\&quot;%s\&quot;\&quot;%s\&quot;\&quot;%s\&quot;\&quot;%s\&quot;\&quot;%s\&quot;\&quot;%s\&quot;\&quot;%s\&quot;\&quot;%s\&quot;\&quot;%s\&quot;\&quot;%s\&quot;\&quot;%s\&quot;\&quot;%s\&quot;\&quot;%s\&quot;\&quot;%s\&quot;\&quot;%s\&quot;\&quot;%s\&quot;\&quot;%s\&quot;\&quot;%s\&quot;\&quot;%s\&quot;\&quot;%s\&quot;\&quot;%s\&quot;\&quot;%s\&quot;\&quot;%s\&quot;\&quot;%s\&quot;\&quot;%s\&quot;\&quot;%s\&quot;\&quot;%s\&quot;\&quot;%s\&quot;\&quot;%s\&quot;\&quot;%s\&quot;\&quot;%s\&quot;\&quot;%s\&quot;\&quot;%s\&quot;\&quot;%s\&quot;\&quot;%s\&quot;\&quot;%s\&quot;\&quot;%s\&quot;\&quot;%s\&quot;\&quot;%s\&quot;\&quot;%s\&quot;\&quot;%s\&quot;\&quot;%s\&quot;\&quot;%s\&quot;\&quot;%s\&quot;\&quot;%s\&quot;\&quot;%s\&quot;\&quot;%s\&quot;\&quot;%s\&quot;\&quot;%s\&quot;\&quot;%s\&quot;\&quot;%s\&quot;&quot;, &quot;request_method&quot;: &quot;GET&quot;, &quot;request_headers&quot;: &quot;{\&quot;User-Agent\&quot;: \&quot;APIFuzzer 0.9.13\&quot;, \&quot;Accept-Encoding\&quot;: \&quot;gzip, deflate\&quot;, \&quot;Accept\&quot;: \&quot;*/*\&quot;, \&quot;Connection\&quot;: \&quot;keep-alive\&quot;, \&quot;Content-Type\&quot;: \&quot;application/json\&quot;}&quot;, &quot;request_body&quot;: {}, &quot;response&quot;: &quot;&quot;, &quot;parsed_status_code&quot;: 500, &quot;reason&quot;: &quot;failed&quot;}"/>
		</testcase>
		<testcase name="360" time="0.551357" timestamp="1727453248.8125615" status="failed">
			<failure type="failure" message="{&quot;status&quot;: &quot;failed&quot;, &quot;name&quot;: {}, &quot;sub_reports&quot;: [], &quot;test_number&quot;: 360, &quot;state&quot;: &quot;COMPLETED&quot;, &quot;request_url&quot;: &quot;https://virtserver.swaggerhub.com/AAYUSHGARGBU/api_petstore/1.0.0/pet/findByStatus?status=\&quot;%s\&quot;\&quot;%s\&quot;\&quot;%s\&quot;\&quot;%s\&quot;\&quot;%s\&quot;\&quot;%s\&quot;\&quot;%s\&quot;\&quot;%s\&quot;\&quot;%s\&quot;\&quot;%s\&quot;\&quot;%s\&quot;\&quot;%s\&quot;\&quot;%s\&quot;\&quot;%s\&quot;\&quot;%s\&quot;\&quot;%s\&quot;&quot;, &quot;request_method&quot;: &quot;GET&quot;, &quot;request_headers&quot;: &quot;{\&quot;User-Agent\&quot;: \&quot;APIFuzzer 0.9.13\&quot;, \&quot;Accept-Encoding\&quot;: \&quot;gzip, deflate\&quot;, \&quot;Accept\&quot;: \&quot;*/*\&quot;, \&quot;Connection\&quot;: \&quot;keep-alive\&quot;, \&quot;Content-Type\&quot;: \&quot;application/json\&quot;}&quot;, &quot;request_body&quot;: {}, &quot;response&quot;: &quot;&quot;, &quot;parsed_status_code&quot;: 500, &quot;reason&quot;: &quot;failed&quot;}"/>
		</testcase>
		<testcase name="361" time="0.552000" timestamp="1727453249.3799021" status="failed">
			<failure type="failure" message="{&quot;status&quot;: &quot;failed&quot;, &quot;name&quot;: {}, &quot;sub_reports&quot;: [], &quot;test_number&quot;: 361, &quot;state&quot;: &quot;COMPLETED&quot;, &quot;request_url&quot;: &quot;https://virtserver.swaggerhub.com/AAYUSHGARGBU/api_petstore/1.0.0/pet/findByStatus?status=\&quot;%s\&quot;\&quot;%s\&quot;&quot;, &quot;request_method&quot;: &quot;GET&quot;, &quot;request_headers&quot;: &quot;{\&quot;User-Agent\&quot;: \&quot;APIFuzzer 0.9.13\&quot;, \&quot;Accept-Encoding\&quot;: \&quot;gzip, deflate\&quot;, \&quot;Accept\&quot;: \&quot;*/*\&quot;, \&quot;Connection\&quot;: \&quot;keep-alive\&quot;, \&quot;Content-Type\&quot;: \&quot;application/json\&quot;}&quot;, &quot;request_body&quot;: {}, &quot;response&quot;: &quot;&quot;, &quot;parsed_status_code&quot;: 500, &quot;reason&quot;: &quot;failed&quot;}"/>
		</testcase>
		<testcase name="362" time="0.555586" timestamp="1727453249.9507184" status="failed">
			<failure type="failure" message="{&quot;status&quot;: &quot;failed&quot;, &quot;name&quot;: {}, &quot;sub_reports&quot;: [], &quot;test_number&quot;: 362, &quot;state&quot;: &quot;COMPLETED&quot;, &quot;request_url&quot;: &quot;https://virtserver.swaggerhub.com/AAYUSHGARGBU/api_petstore/1.0.0/pet/findByStatus?status=%n%n%n%n%n%n%n%n%n%n%n%n%n%n%n%n%n%n%n%n%n%n%n%n%n%n%n%n%n%n%n%n%n%n%n%n%n%n%n%n%n%n%n%n%n%n%n%n%n%n%n%n%n%n%n%n%n%n%n%n%n%n%n%n%n%n%n%n%n%n%n%n%n%n%n%n%n%n%n%n%n%n%n%n%n%n%n%n%n%n%n%n%n%n%n%n%n%n%n%n%n%n%n%n%n%n%n%n%n%n%n%n%n%n%n%n%n%n%n%n%n%n%n%n%n%n%n%n%n%n%n%n%n%n%n%n%n%n%n%n%n%n%n%n%n%n%n%n%n%n%n%n%n%n%n%n%n%n%n%n%n%n%n%n%n%n%n%n%n%n%n%n%n%n%n%n%n%n%n%n%n%n%n%n%n%n%n%n%n%n%n%n%n%n%n%n%n%n%n%n%n%n%n%n%n%n%n%n%n%n%n%n%n%n%n%n%n%n%n%n%n%n%n%n%n%n%n%n%n%n%n%n%n%n%n%n%n%n%n%n%n%n%n%n%n%n%n%n%n%n%n%n%n%n%n%n%n%n%n%n%n%n%n%n%n%n%n%n%n%n%n%n%n%n%n%n%n%n%n%n%n%n%n%n%n%n%n%n%n%n%n%n%n%n%n%n%n%n%n%n%n%n%n%n%n%n%n%n%n%n%n%n%n%n%n%n%n%n%n%n%n%n%n%n%n%n%n%n%n%n%n%n%n%n%n%n%n%n%n%n%n%n%n%n%n%n%n%n%n%n%n%n%n%n%n%n%n%n%n%n%n%n%n%n%n%n%n%n%n%n%n%n%n%n%n%n%n%n%n%n%n%n%n%n%n%n%n%n%n%n%n%n%n%n%n%n%n%n%n%n%n%n%n%n%n%n%n%n%n%n%n%n%n%n%n%n%n%n%n%n%n%n%n%n%n%n%n%n%n%n%n%n%n%n%n%n%n%n%n%n%n%n%n%n%n%n%n%n%n%n%n%n%n%n%n%n%n%n%n%n%n%n%n%n%n%n%n%n%n%n%n%n%n%n%n%n%n%n%n%n%n%n%n%n%n%n%n%n%n%n%n%n%n%n%n%n%n%n%n%n%n%n%n%n%n%n%n%n%n%n%n%n%n%n%n%n%n%n%n%n%n%n%n%n%n%n%n%n%n%n%n%n%n%n%n%n%n%n%n%n%n%n%n%n%n%n%n%n%n%n%n%n%n%n%n%n%n%n%n%n%n%n%n%n%n%n%n%n%n%n%n%n%n%n%n%n%n%n%n%n%n%n%n%n%n%n%n%n%n%n%n%n%n%n%n%n%n%n%n%n%n%n%n%n%n%n%n%n%n%n%n%n%n%n%n%n%n%n%n%n%n%n%n%n%n%n%n%n%n%n%n%n%n%n%n%n%n%n%n%n%n%n%n%n%n%n%n%n%n%n%n%n%n%n%n%n%n%n%n%n%n%n%n%n%n%n%n%n%n%n%n%n%n%n%n%n%n%n%n%n%n%n%n%n%n%n%n%n%n%n%n%n%n%n%n%n%n%n%n%n%n%n%n%n%n%n%n%n%n%n%n%n%n%n%n%n%n%n%n%n%n%n%n%n%n%n%n%n%n%n%n%n%n%n%n%n%n%n%n%n%n%n%n%n%n%n%n%n%n%n%n%n%n%n%n%n%n%n%n%n%n%n%n%n%n%n%n%n%n%n%n%n%n%n%n%n%n%n%n%n%n%n%n%n%n%n%n%n%n%n%n%n%n%n%n%n%n%n%n%n%n%n%n%n%n%n%n%n%n%n%n%n%n%n%n%n%n%n%n%n%n%n%n%n%n%n%n%n%n%n%n%n%n%n%n%n%n%n%n%n%n%n%n%n%n%n%n%n%n%n%n%n%n%n%n%n%n%n%n%n%n%n%n%n%n%n%n%n%n%n%n%n%n%n%n%n%n%n%n%n%n%n%n%n%n%n%n%n%n%n%n%n%n%n%n%n%n%n%n%n%n%n%n%n%n%n%n%n%n%n%n%n%n%n%n%n%n%n%n%n%n%n%n%n%n%n%n%n%n%n%n%n%n%n%n%n%n%n%n%n%n%n%n%n%n%n%n%n%n%n%n%n%n%n%n%n%n%n%n%n%n%n%n%n%n%n%n%n%n%n%n%n%n%n%n%n%n%n%n%n%n%n%n%n%n%n%n%n%n%n%n%n%n%n%n%n%n%n%n%n%n%n%n%n%n%n%n%n%n%n%n%n%n%n%n%n%n%n%n%n%n%n%n%n&quot;, &quot;request_method&quot;: &quot;GET&quot;, &quot;request_headers&quot;: &quot;{\&quot;User-Agent\&quot;: \&quot;APIFuzzer 0.9.13\&quot;, \&quot;Accept-Encoding\&quot;: \&quot;gzip, deflate\&quot;, \&quot;Accept\&quot;: \&quot;*/*\&quot;, \&quot;Connection\&quot;: \&quot;keep-alive\&quot;, \&quot;Content-Type\&quot;: \&quot;application/json\&quot;}&quot;, &quot;request_body&quot;: {}, &quot;response&quot;: &quot;&quot;, &quot;parsed_status_code&quot;: 500, &quot;reason&quot;: &quot;failed&quot;}"/>
		</testcase>
		<testcase name="363" time="0.556079" timestamp="1727453250.5216477" status="failed">
			<failure type="failure" message="{&quot;status&quot;: &quot;failed&quot;, &quot;name&quot;: {}, &quot;sub_reports&quot;: [], &quot;test_number&quot;: 363, &quot;state&quot;: &quot;COMPLETED&quot;, &quot;request_url&quot;: &quot;https://virtserver.swaggerhub.com/AAYUSHGARGBU/api_petstore/1.0.0/pet/findByStatus?status=%n%n%n%n%n%n%n%n%n%n%n%n%n%n%n%n%n%n%n%n%n%n%n%n%n%n%n%n%n%n%n%n%n%n%n%n%n%n%n%n%n%n%n%n%n%n%n%n%n%n%n%n%n%n%n%n%n%n%n%n%n%n%n%n%n%n%n%n%n%n%n%n%n%n%n%n%n%n%n%n%n%n%n%n%n%n%n%n%n%n%n%n%n%n%n%n%n%n%n%n%n%n%n%n%n%n%n%n%n%n%n%n%n%n%n%n%n%n%n%n%n%n%n%n%n%n%n%n&quot;, &quot;request_method&quot;: &quot;GET&quot;, &quot;request_headers&quot;: &quot;{\&quot;User-Agent\&quot;: \&quot;APIFuzzer 0.9.13\&quot;, \&quot;Accept-Encoding\&quot;: \&quot;gzip, deflate\&quot;, \&quot;Accept\&quot;: \&quot;*/*\&quot;, \&quot;Connection\&quot;: \&quot;keep-alive\&quot;, \&quot;Content-Type\&quot;: \&quot;application/json\&quot;}&quot;, &quot;request_body&quot;: {}, &quot;response&quot;: &quot;&quot;, &quot;parsed_status_code&quot;: 500, &quot;reason&quot;: &quot;failed&quot;}"/>
		</testcase>
		<testcase name="364" time="0.637436" timestamp="1727453251.174471" status="failed">
			<failure type="failure" message="{&quot;status&quot;: &quot;failed&quot;, &quot;name&quot;: {}, &quot;sub_reports&quot;: [], &quot;test_number&quot;: 364, &quot;state&quot;: &quot;COMPLETED&quot;, &quot;request_url&quot;: &quot;https://virtserver.swaggerhub.com/AAYUSHGARGBU/api_petstore/1.0.0/pet/findByStatus?status=%n%n%n%n%n%n%n%n%n%n%n%n%n%n%n%n&quot;, &quot;request_method&quot;: &quot;GET&quot;, &quot;request_headers&quot;: &quot;{\&quot;User-Agent\&quot;: \&quot;APIFuzzer 0.9.13\&quot;, \&quot;Accept-Encoding\&quot;: \&quot;gzip, deflate\&quot;, \&quot;Accept\&quot;: \&quot;*/*\&quot;, \&quot;Connection\&quot;: \&quot;keep-alive\&quot;, \&quot;Content-Type\&quot;: \&quot;application/json\&quot;}&quot;, &quot;request_body&quot;: {}, &quot;response&quot;: &quot;&quot;, &quot;parsed_status_code&quot;: 500, &quot;reason&quot;: &quot;failed&quot;}"/>
		</testcase>
		<testcase name="365" time="0.554674" timestamp="1727453251.7439938" status="failed">
			<failure type="failure" message="{&quot;status&quot;: &quot;failed&quot;, &quot;name&quot;: {}, &quot;sub_reports&quot;: [], &quot;test_number&quot;: 365, &quot;state&quot;: &quot;COMPLETED&quot;, &quot;request_url&quot;: &quot;https://virtserver.swaggerhub.com/AAYUSHGARGBU/api_petstore/1.0.0/pet/findByStatus?status=%n%n&quot;, &quot;request_method&quot;: &quot;GET&quot;, &quot;request_headers&quot;: &quot;{\&quot;User-Agent\&quot;: \&quot;APIFuzzer 0.9.13\&quot;, \&quot;Accept-Encoding\&quot;: \&quot;gzip, deflate\&quot;, \&quot;Accept\&quot;: \&quot;*/*\&quot;, \&quot;Connection\&quot;: \&quot;keep-alive\&quot;, \&quot;Content-Type\&quot;: \&quot;application/json\&quot;}&quot;, &quot;request_body&quot;: {}, &quot;response&quot;: &quot;&quot;, &quot;parsed_status_code&quot;: 500, &quot;reason&quot;: &quot;failed&quot;}"/>
		</testcase>
		<testcase name="366" time="0.561951" timestamp="1727453252.3210983" status="failed">
			<failure type="failure" message="{&quot;status&quot;: &quot;failed&quot;, &quot;name&quot;: {}, &quot;sub_reports&quot;: [], &quot;test_number&quot;: 366, &quot;state&quot;: &quot;COMPLETED&quot;, &quot;request_url&quot;: &quot;https://virtserver.swaggerhub.com/AAYUSHGARGBU/api_petstore/1.0.0/pet/findByStatus?status=%%n%%n%%n%%n%%n%%n%%n%%n%%n%%n%%n%%n%%n%%n%%n%%n%%n%%n%%n%%n%%n%%n%%n%%n%%n%%n%%n%%n%%n%%n%%n%%n%%n%%n%%n%%n%%n%%n%%n%%n%%n%%n%%n%%n%%n%%n%%n%%n%%n%%n%%n%%n%%n%%n%%n%%n%%n%%n%%n%%n%%n%%n%%n%%n%%n%%n%%n%%n%%n%%n%%n%%n%%n%%n%%n%%n%%n%%n%%n%%n%%n%%n%%n%%n%%n%%n%%n%%n%%n%%n%%n%%n%%n%%n%%n%%n%%n%%n%%n%%n%%n%%n%%n%%n%%n%%n%%n%%n%%n%%n%%n%%n%%n%%n%%n%%n%%n%%n%%n%%n%%n%%n%%n%%n%%n%%n%%n%%n%%n%%n%%n%%n%%n%%n%%n%%n%%n%%n%%n%%n%%n%%n%%n%%n%%n%%n%%n%%n%%n%%n%%n%%n%%n%%n%%n%%n%%n%%n%%n%%n%%n%%n%%n%%n%%n%%n%%n%%n%%n%%n%%n%%n%%n%%n%%n%%n%%n%%n%%n%%n%%n%%n%%n%%n%%n%%n%%n%%n%%n%%n%%n%%n%%n%%n%%n%%n%%n%%n%%n%%n%%n%%n%%n%%n%%n%%n%%n%%n%%n%%n%%n%%n%%n%%n%%n%%n%%n%%n%%n%%n%%n%%n%%n%%n%%n%%n%%n%%n%%n%%n%%n%%n%%n%%n%%n%%n%%n%%n%%n%%n%%n%%n%%n%%n%%n%%n%%n%%n%%n%%n%%n%%n%%n%%n%%n%%n%%n%%n%%n%%n%%n%%n%%n%%n%%n%%n%%n%%n%%n%%n%%n%%n%%n%%n%%n%%n%%n%%n%%n%%n%%n%%n%%n%%n%%n%%n%%n%%n%%n%%n%%n%%n%%n%%n%%n%%n%%n%%n%%n%%n%%n%%n%%n%%n%%n%%n%%n%%n%%n%%n%%n%%n%%n%%n%%n%%n%%n%%n%%n%%n%%n%%n%%n%%n%%n%%n%%n%%n%%n%%n%%n%%n%%n%%n%%n%%n%%n%%n%%n%%n%%n%%n%%n%%n%%n%%n%%n%%n%%n%%n%%n%%n%%n%%n%%n%%n%%n%%n%%n%%n%%n%%n%%n%%n%%n%%n%%n%%n%%n%%n%%n%%n%%n%%n%%n%%n%%n%%n%%n%%n%%n%%n%%n%%n%%n%%n%%n%%n%%n%%n%%n%%n%%n%%n%%n%%n%%n%%n%%n%%n%%n%%n%%n%%n%%n%%n%%n%%n%%n%%n%%n%%n%%n%%n%%n%%n%%n%%n%%n%%n%%n%%n%%n%%n%%n%%n%%n%%n%%n%%n%%n%%n%%n%%n%%n%%n%%n%%n%%n%%n%%n%%n%%n%%n%%n%%n%%n%%n%%n%%n%%n%%n%%n%%n%%n%%n%%n%%n%%n%%n%%n%%n%%n%%n%%n%%n%%n%%n%%n%%n%%n%%n%%n%%n%%n%%n%%n%%n%%n%%n%%n%%n%%n%%n%%n%%n%%n%%n%%n%%n%%n%%n%%n%%n%%n%%n%%n%%n%%n%%n%%n%%n%%n%%n%%n%%n%%n%%n%%n%%n%%n%%n%%n%%n%%n%%n%%n%%n%%n%%n%%n%%n%%n%%n%%n%%n%%n%%n%%n%%n%%n%%n%%n%%n%%n%%n%%n%%n%%n%%n%%n%%n%%n%%n%%n%%n%%n%%n%%n%%n%%n%%n%%n%%n%%n%%n%%n%%n%%n%%n%%n%%n%%n%%n%%n%%n%%n%%n%%n%%n%%n%%n%%n%%n%%n%%n%%n%%n%%n%%n%%n%%n%%n%%n%%n%%n%%n%%n%%n%%n%%n%%n%%n%%n%%n%%n%%n%%n%%n%%n%%n%%n%%n%%n%%n%%n%%n%%n%%n%%n%%n%%n%%n%%n%%n%%n%%n%%n%%n%%n%%n%%n%%n%%n%%n%%n%%n%%n%%n%%n%%n%%n%%n%%n%%n%%n%%n%%n%%n%%n%%n%%n%%n%%n%%n%%n%%n%%n%%n%%n%%n%%n%%n%%n%%n%%n%%n%%n%%n%%n%%n%%n%%n%%n%%n%%n%%n%%n%%n%%n%%n%%n%%n%%n%%n%%n%%n%%n%%n%%n%%n%%n%%n%%n%%n%%n%%n%%n%%n%%n%%n%%n%%n%%n%%n%%n%%n%%n%%n%%n%%n%%n%%n%%n%%n%%n%%n%%n%%n%%n%%n%%n%%n%%n%%n%%n%%n%%n%%n%%n%%n%%n%%n%%n%%n%%n%%n%%n%%n%%n%%n%%n%%n%%n%%n%%n%%n%%n%%n%%n%%n%%n%%n%%n%%n%%n%%n%%n%%n%%n%%n%%n%%n%%n%%n%%n%%n%%n%%n%%n%%n%%n%%n%%n%%n%%n%%n%%n%%n%%n%%n%%n%%n%%n%%n%%n%%n%%n%%n%%n%%n%%n%%n%%n%%n%%n%%n%%n%%n%%n%%n%%n%%n%%n%%n%%n%%n%%n%%n%%n%%n%%n%%n%%n%%n%%n%%n%%n%%n%%n%%n%%n%%n%%n%%n%%n%%n%%n%%n%%n%%n%%n%%n%%n%%n%%n%%n%%n%%n%%n%%n%%n%%n%%n%%n%%n%%n%%n%%n%%n%%n%%n%%n%%n%%n%%n%%n%%n%%n%%n%%n%%n%%n%%n%%n%%n%%n%%n%%n%%n%%n%%n%%n%%n%%n%%n%%n%%n%%n%%n%%n%%n%%n%%n%%n%%n%%n%%n%%n%%n%%n%%n%%n%%n%%n%%n%%n%%n%%n%%n%%n%%n%%n%%n%%n%%n%%n%%n%%n%%n%%n%%n%%n%%n%%n%%n%%n%%n%%n%%n%%n%%n%%n%%n%%n%%n%%n%%n%%n%%n%%n%%n%%n%%n%%n%%n%%n%%n%%n%%n%%n%%n%%n%%n%%n%%n%%n%%n%%n%%n%%n%%n%%n%%n%%n%%n%%n%%n%%n%%n%%n%%n%%n%%n%%n%%n%%n%%n%%n%%n%%n%%n%%n%%n%%n%%n%%n%%n%%n%%n%%n%%n%%n%%n%%n%%n%%n%%n%%n%%n%%n%%n%%n%%n%%n%%n%%n%%n%%n%%n%%n%%n%%n%%n%%n%%n%%n%%n%%n%%n%%n%%n%%n%%n%%n%%n%%n%%n%%n%%n%%n%%n%%n%%n%%n%%n%%n%%n%%n%%n%%n%%n%%n%%n&quot;, &quot;request_method&quot;: &quot;GET&quot;, &quot;request_headers&quot;: &quot;{\&quot;User-Agent\&quot;: \&quot;APIFuzzer 0.9.13\&quot;, \&quot;Accept-Encoding\&quot;: \&quot;gzip, deflate\&quot;, \&quot;Accept\&quot;: \&quot;*/*\&quot;, \&quot;Connection\&quot;: \&quot;keep-alive\&quot;, \&quot;Content-Type\&quot;: \&quot;application/json\&quot;}&quot;, &quot;request_body&quot;: {}, &quot;response&quot;: &quot;&quot;, &quot;parsed_status_code&quot;: 500, &quot;reason&quot;: &quot;failed&quot;}"/>
		</testcase>
		<testcase name="367" time="0.562974" timestamp="1727453252.9000173" status="failed">
			<failure type="failure" message="{&quot;status&quot;: &quot;failed&quot;, &quot;name&quot;: {}, &quot;sub_reports&quot;: [], &quot;test_number&quot;: 367, &quot;state&quot;: &quot;COMPLETED&quot;, &quot;request_url&quot;: &quot;https://virtserver.swaggerhub.com/AAYUSHGARGBU/api_petstore/1.0.0/pet/findByStatus?status=%%n%%n%%n%%n%%n%%n%%n%%n%%n%%n%%n%%n%%n%%n%%n%%n%%n%%n%%n%%n%%n%%n%%n%%n%%n%%n%%n%%n%%n%%n%%n%%n%%n%%n%%n%%n%%n%%n%%n%%n%%n%%n%%n%%n%%n%%n%%n%%n%%n%%n%%n%%n%%n%%n%%n%%n%%n%%n%%n%%n%%n%%n%%n%%n%%n%%n%%n%%n%%n%%n%%n%%n%%n%%n%%n%%n%%n%%n%%n%%n%%n%%n%%n%%n%%n%%n%%n%%n%%n%%n%%n%%n%%n%%n%%n%%n%%n%%n%%n%%n%%n%%n%%n%%n%%n%%n%%n%%n%%n%%n%%n%%n%%n%%n%%n%%n%%n%%n%%n%%n%%n%%n%%n%%n%%n%%n%%n%%n&quot;, &quot;request_method&quot;: &quot;GET&quot;, &quot;request_headers&quot;: &quot;{\&quot;User-Agent\&quot;: \&quot;APIFuzzer 0.9.13\&quot;, \&quot;Accept-Encoding\&quot;: \&quot;gzip, deflate\&quot;, \&quot;Accept\&quot;: \&quot;*/*\&quot;, \&quot;Connection\&quot;: \&quot;keep-alive\&quot;, \&quot;Content-Type\&quot;: \&quot;application/json\&quot;}&quot;, &quot;request_body&quot;: {}, &quot;response&quot;: &quot;&quot;, &quot;parsed_status_code&quot;: 500, &quot;reason&quot;: &quot;failed&quot;}"/>
		</testcase>
		<testcase name="368" time="0.549944" timestamp="1727453253.4655318" status="failed">
			<failure type="failure" message="{&quot;status&quot;: &quot;failed&quot;, &quot;name&quot;: {}, &quot;sub_reports&quot;: [], &quot;test_number&quot;: 368, &quot;state&quot;: &quot;COMPLETED&quot;, &quot;request_url&quot;: &quot;https://virtserver.swaggerhub.com/AAYUSHGARGBU/api_petstore/1.0.0/pet/findByStatus?status=%%n%%n%%n%%n%%n%%n%%n%%n%%n%%n%%n%%n%%n%%n%%n%%n&quot;, &quot;request_method&quot;: &quot;GET&quot;, &quot;request_headers&quot;: &quot;{\&quot;User-Agent\&quot;: \&quot;APIFuzzer 0.9.13\&quot;, \&quot;Accept-Encoding\&quot;: \&quot;gzip, deflate\&quot;, \&quot;Accept\&quot;: \&quot;*/*\&quot;, \&quot;Connection\&quot;: \&quot;keep-alive\&quot;, \&quot;Content-Type\&quot;: \&quot;application/json\&quot;}&quot;, &quot;request_body&quot;: {}, &quot;response&quot;: &quot;&quot;, &quot;parsed_status_code&quot;: 500, &quot;reason&quot;: &quot;failed&quot;}"/>
		</testcase>
		<testcase name="369" time="0.550710" timestamp="1727453254.0311527" status="failed">
			<failure type="failure" message="{&quot;status&quot;: &quot;failed&quot;, &quot;name&quot;: {}, &quot;sub_reports&quot;: [], &quot;test_number&quot;: 369, &quot;state&quot;: &quot;COMPLETED&quot;, &quot;request_url&quot;: &quot;https://virtserver.swaggerhub.com/AAYUSHGARGBU/api_petstore/1.0.0/pet/findByStatus?status=%%n%%n&quot;, &quot;request_method&quot;: &quot;GET&quot;, &quot;request_headers&quot;: &quot;{\&quot;User-Agent\&quot;: \&quot;APIFuzzer 0.9.13\&quot;, \&quot;Accept-Encoding\&quot;: \&quot;gzip, deflate\&quot;, \&quot;Accept\&quot;: \&quot;*/*\&quot;, \&quot;Connection\&quot;: \&quot;keep-alive\&quot;, \&quot;Content-Type\&quot;: \&quot;application/json\&quot;}&quot;, &quot;request_body&quot;: {}, &quot;response&quot;: &quot;&quot;, &quot;parsed_status_code&quot;: 500, &quot;reason&quot;: &quot;failed&quot;}"/>
		</testcase>
		<testcase name="370" time="0.552661" timestamp="1727453254.5923657" status="failed">
			<failure type="failure" message="{&quot;status&quot;: &quot;failed&quot;, &quot;name&quot;: {}, &quot;sub_reports&quot;: [], &quot;test_number&quot;: 370, &quot;state&quot;: &quot;COMPLETED&quot;, &quot;request_url&quot;: &quot;https://virtserver.swaggerhub.com/AAYUSHGARGBU/api_petstore/1.0.0/pet/findByStatus?status=\&quot;%n\&quot;\&quot;%n\&quot;\&quot;%n\&quot;\&quot;%n\&quot;\&quot;%n\&quot;\&quot;%n\&quot;\&quot;%n\&quot;\&quot;%n\&quot;\&quot;%n\&quot;\&quot;%n\&quot;\&quot;%n\&quot;\&quot;%n\&quot;\&quot;%n\&quot;\&quot;%n\&quot;\&quot;%n\&quot;\&quot;%n\&quot;\&quot;%n\&quot;\&quot;%n\&quot;\&quot;%n\&quot;\&quot;%n\&quot;\&quot;%n\&quot;\&quot;%n\&quot;\&quot;%n\&quot;\&quot;%n\&quot;\&quot;%n\&quot;\&quot;%n\&quot;\&quot;%n\&quot;\&quot;%n\&quot;\&quot;%n\&quot;\&quot;%n\&quot;\&quot;%n\&quot;\&quot;%n\&quot;\&quot;%n\&quot;\&quot;%n\&quot;\&quot;%n\&quot;\&quot;%n\&quot;\&quot;%n\&quot;\&quot;%n\&quot;\&quot;%n\&quot;\&quot;%n\&quot;\&quot;%n\&quot;\&quot;%n\&quot;\&quot;%n\&quot;\&quot;%n\&quot;\&quot;%n\&quot;\&quot;%n\&quot;\&quot;%n\&quot;\&quot;%n\&quot;\&quot;%n\&quot;\&quot;%n\&quot;\&quot;%n\&quot;\&quot;%n\&quot;\&quot;%n\&quot;\&quot;%n\&quot;\&quot;%n\&quot;\&quot;%n\&quot;\&quot;%n\&quot;\&quot;%n\&quot;\&quot;%n\&quot;\&quot;%n\&quot;\&quot;%n\&quot;\&quot;%n\&quot;\&quot;%n\&quot;\&quot;%n\&quot;\&quot;%n\&quot;\&quot;%n\&quot;\&quot;%n\&quot;\&quot;%n\&quot;\&quot;%n\&quot;\&quot;%n\&quot;\&quot;%n\&quot;\&quot;%n\&quot;\&quot;%n\&quot;\&quot;%n\&quot;\&quot;%n\&quot;\&quot;%n\&quot;\&quot;%n\&quot;\&quot;%n\&quot;\&quot;%n\&quot;\&quot;%n\&quot;\&quot;%n\&quot;\&quot;%n\&quot;\&quot;%n\&quot;\&quot;%n\&quot;\&quot;%n\&quot;\&quot;%n\&quot;\&quot;%n\&quot;\&quot;%n\&quot;\&quot;%n\&quot;\&quot;%n\&quot;\&quot;%n\&quot;\&quot;%n\&quot;\&quot;%n\&quot;\&quot;%n\&quot;\&quot;%n\&quot;\&quot;%n\&quot;\&quot;%n\&quot;\&quot;%n\&quot;\&quot;%n\&quot;\&quot;%n\&quot;\&quot;%n\&quot;\&quot;%n\&quot;\&quot;%n\&quot;\&quot;%n\&quot;\&quot;%n\&quot;\&quot;%n\&quot;\&quot;%n\&quot;\&quot;%n\&quot;\&quot;%n\&quot;\&quot;%n\&quot;\&quot;%n\&quot;\&quot;%n\&quot;\&quot;%n\&quot;\&quot;%n\&quot;\&quot;%n\&quot;\&quot;%n\&quot;\&quot;%n\&quot;\&quot;%n\&quot;\&quot;%n\&quot;\&quot;%n\&quot;\&quot;%n\&quot;\&quot;%n\&quot;\&quot;%n\&quot;\&quot;%n\&quot;\&quot;%n\&quot;\&quot;%n\&quot;\&quot;%n\&quot;\&quot;%n\&quot;\&quot;%n\&quot;\&quot;%n\&quot;\&quot;%n\&quot;\&quot;%n\&quot;\&quot;%n\&quot;\&quot;%n\&quot;\&quot;%n\&quot;\&quot;%n\&quot;\&quot;%n\&quot;\&quot;%n\&quot;\&quot;%n\&quot;\&quot;%n\&quot;\&quot;%n\&quot;\&quot;%n\&quot;\&quot;%n\&quot;\&quot;%n\&quot;\&quot;%n\&quot;\&quot;%n\&quot;\&quot;%n\&quot;\&quot;%n\&quot;\&quot;%n\&quot;\&quot;%n\&quot;\&quot;%n\&quot;\&quot;%n\&quot;\&quot;%n\&quot;\&quot;%n\&quot;\&quot;%n\&quot;\&quot;%n\&quot;\&quot;%n\&quot;\&quot;%n\&quot;\&quot;%n\&quot;\&quot;%n\&quot;\&quot;%n\&quot;\&quot;%n\&quot;\&quot;%n\&quot;\&quot;%n\&quot;\&quot;%n\&quot;\&quot;%n\&quot;\&quot;%n\&quot;\&quot;%n\&quot;\&quot;%n\&quot;\&quot;%n\&quot;\&quot;%n\&quot;\&quot;%n\&quot;\&quot;%n\&quot;\&quot;%n\&quot;\&quot;%n\&quot;\&quot;%n\&quot;\&quot;%n\&quot;\&quot;%n\&quot;\&quot;%n\&quot;\&quot;%n\&quot;\&quot;%n\&quot;\&quot;%n\&quot;\&quot;%n\&quot;\&quot;%n\&quot;\&quot;%n\&quot;\&quot;%n\&quot;\&quot;%n\&quot;\&quot;%n\&quot;\&quot;%n\&quot;\&quot;%n\&quot;\&quot;%n\&quot;\&quot;%n\&quot;\&quot;%n\&quot;\&quot;%n\&quot;\&quot;%n\&quot;\&quot;%n\&quot;\&quot;%n\&quot;\&quot;%n\&quot;\&quot;%n\&quot;\&quot;%n\&quot;\&quot;%n\&quot;\&quot;%n\&quot;\&quot;%n\&quot;\&quot;%n\&quot;\&quot;%n\&quot;\&quot;%n\&quot;\&quot;%n\&quot;\&quot;%n\&quot;\&quot;%n\&quot;\&quot;%n\&quot;\&quot;%n\&quot;\&quot;%n\&quot;\&quot;%n\&quot;\&quot;%n\&quot;\&quot;%n\&quot;\&quot;%n\&quot;\&quot;%n\&quot;\&quot;%n\&quot;\&quot;%n\&quot;\&quot;%n\&quot;\&quot;%n\&quot;\&quot;%n\&quot;\&quot;%n\&quot;\&quot;%n\&quot;\&quot;%n\&quot;\&quot;%n\&quot;\&quot;%n\&quot;\&quot;%n\&quot;\&quot;%n\&quot;\&quot;%n\&quot;\&quot;%n\&quot;\&quot;%n\&quot;\&quot;%n\&quot;\&quot;%n\&quot;\&quot;%n\&quot;\&quot;%n\&quot;\&quot;%n\&quot;\&quot;%n\&quot;\&quot;%n\&quot;\&quot;%n\&quot;\&quot;%n\&quot;\&quot;%n\&quot;\&quot;%n\&quot;\&quot;%n\&quot;\&quot;%n\&quot;\&quot;%n\&quot;\&quot;%n\&quot;\&quot;%n\&quot;\&quot;%n\&quot;\&quot;%n\&quot;\&quot;%n\&quot;\&quot;%n\&quot;\&quot;%n\&quot;\&quot;%n\&quot;\&quot;%n\&quot;\&quot;%n\&quot;\&quot;%n\&quot;\&quot;%n\&quot;\&quot;%n\&quot;\&quot;%n\&quot;\&quot;%n\&quot;\&quot;%n\&quot;\&quot;%n\&quot;\&quot;%n\&quot;\&quot;%n\&quot;\&quot;%n\&quot;\&quot;%n\&quot;\&quot;%n\&quot;\&quot;%n\&quot;\&quot;%n\&quot;\&quot;%n\&quot;\&quot;%n\&quot;\&quot;%n\&quot;\&quot;%n\&quot;\&quot;%n\&quot;\&quot;%n\&quot;\&quot;%n\&quot;\&quot;%n\&quot;\&quot;%n\&quot;\&quot;%n\&quot;\&quot;%n\&quot;\&quot;%n\&quot;\&quot;%n\&quot;\&quot;%n\&quot;\&quot;%n\&quot;\&quot;%n\&quot;\&quot;%n\&quot;\&quot;%n\&quot;\&quot;%n\&quot;\&quot;%n\&quot;\&quot;%n\&quot;\&quot;%n\&quot;\&quot;%n\&quot;\&quot;%n\&quot;\&quot;%n\&quot;\&quot;%n\&quot;\&quot;%n\&quot;\&quot;%n\&quot;\&quot;%n\&quot;\&quot;%n\&quot;\&quot;%n\&quot;\&quot;%n\&quot;\&quot;%n\&quot;\&quot;%n\&quot;\&quot;%n\&quot;\&quot;%n\&quot;\&quot;%n\&quot;\&quot;%n\&quot;\&quot;%n\&quot;\&quot;%n\&quot;\&quot;%n\&quot;\&quot;%n\&quot;\&quot;%n\&quot;\&quot;%n\&quot;\&quot;%n\&quot;\&quot;%n\&quot;\&quot;%n\&quot;\&quot;%n\&quot;\&quot;%n\&quot;\&quot;%n\&quot;\&quot;%n\&quot;\&quot;%n\&quot;\&quot;%n\&quot;\&quot;%n\&quot;\&quot;%n\&quot;\&quot;%n\&quot;\&quot;%n\&quot;\&quot;%n\&quot;\&quot;%n\&quot;\&quot;%n\&quot;\&quot;%n\&quot;\&quot;%n\&quot;\&quot;%n\&quot;\&quot;%n\&quot;\&quot;%n\&quot;\&quot;%n\&quot;\&quot;%n\&quot;\&quot;%n\&quot;\&quot;%n\&quot;\&quot;%n\&quot;\&quot;%n\&quot;\&quot;%n\&quot;\&quot;%n\&quot;\&quot;%n\&quot;\&quot;%n\&quot;\&quot;%n\&quot;\&quot;%n\&quot;\&quot;%n\&quot;\&quot;%n\&quot;\&quot;%n\&quot;\&quot;%n\&quot;\&quot;%n\&quot;\&quot;%n\&quot;\&quot;%n\&quot;\&quot;%n\&quot;\&quot;%n\&quot;\&quot;%n\&quot;\&quot;%n\&quot;\&quot;%n\&quot;\&quot;%n\&quot;\&quot;%n\&quot;\&quot;%n\&quot;\&quot;%n\&quot;\&quot;%n\&quot;\&quot;%n\&quot;\&quot;%n\&quot;\&quot;%n\&quot;\&quot;%n\&quot;\&quot;%n\&quot;\&quot;%n\&quot;\&quot;%n\&quot;\&quot;%n\&quot;\&quot;%n\&quot;\&quot;%n\&quot;\&quot;%n\&quot;\&quot;%n\&quot;\&quot;%n\&quot;\&quot;%n\&quot;\&quot;%n\&quot;\&quot;%n\&quot;\&quot;%n\&quot;\&quot;%n\&quot;\&quot;%n\&quot;\&quot;%n\&quot;\&quot;%n\&quot;\&quot;%n\&quot;\&quot;%n\&quot;\&quot;%n\&quot;\&quot;%n\&quot;\&quot;%n\&quot;\&quot;%n\&quot;\&quot;%n\&quot;\&quot;%n\&quot;\&quot;%n\&quot;\&quot;%n\&quot;\&quot;%n\&quot;\&quot;%n\&quot;\&quot;%n\&quot;\&quot;%n\&quot;\&quot;%n\&quot;\&quot;%n\&quot;\&quot;%n\&quot;\&quot;%n\&quot;\&quot;%n\&quot;\&quot;%n\&quot;\&quot;%n\&quot;\&quot;%n\&quot;\&quot;%n\&quot;\&quot;%n\&quot;\&quot;%n\&quot;\&quot;%n\&quot;\&quot;%n\&quot;\&quot;%n\&quot;\&quot;%n\&quot;\&quot;%n\&quot;\&quot;%n\&quot;\&quot;%n\&quot;\&quot;%n\&quot;\&quot;%n\&quot;\&quot;%n\&quot;\&quot;%n\&quot;\&quot;%n\&quot;\&quot;%n\&quot;\&quot;%n\&quot;\&quot;%n\&quot;\&quot;%n\&quot;\&quot;%n\&quot;\&quot;%n\&quot;\&quot;%n\&quot;\&quot;%n\&quot;\&quot;%n\&quot;\&quot;%n\&quot;\&quot;%n\&quot;\&quot;%n\&quot;\&quot;%n\&quot;\&quot;%n\&quot;\&quot;%n\&quot;\&quot;%n\&quot;\&quot;%n\&quot;\&quot;%n\&quot;\&quot;%n\&quot;\&quot;%n\&quot;\&quot;%n\&quot;\&quot;%n\&quot;\&quot;%n\&quot;\&quot;%n\&quot;\&quot;%n\&quot;\&quot;%n\&quot;\&quot;%n\&quot;\&quot;%n\&quot;\&quot;%n\&quot;\&quot;%n\&quot;\&quot;%n\&quot;\&quot;%n\&quot;\&quot;%n\&quot;\&quot;%n\&quot;\&quot;%n\&quot;\&quot;%n\&quot;\&quot;%n\&quot;\&quot;%n\&quot;\&quot;%n\&quot;\&quot;%n\&quot;\&quot;%n\&quot;\&quot;%n\&quot;\&quot;%n\&quot;\&quot;%n\&quot;\&quot;%n\&quot;\&quot;%n\&quot;\&quot;%n\&quot;\&quot;%n\&quot;\&quot;%n\&quot;\&quot;%n\&quot;\&quot;%n\&quot;\&quot;%n\&quot;\&quot;%n\&quot;\&quot;%n\&quot;\&quot;%n\&quot;\&quot;%n\&quot;\&quot;%n\&quot;\&quot;%n\&quot;\&quot;%n\&quot;\&quot;%n\&quot;\&quot;%n\&quot;\&quot;%n\&quot;\&quot;%n\&quot;\&quot;%n\&quot;\&quot;%n\&quot;\&quot;%n\&quot;\&quot;%n\&quot;\&quot;%n\&quot;\&quot;%n\&quot;\&quot;%n\&quot;\&quot;%n\&quot;\&quot;%n\&quot;\&quot;%n\&quot;\&quot;%n\&quot;\&quot;%n\&quot;\&quot;%n\&quot;\&quot;%n\&quot;\&quot;%n\&quot;\&quot;%n\&quot;\&quot;%n\&quot;\&quot;%n\&quot;\&quot;%n\&quot;\&quot;%n\&quot;\&quot;%n\&quot;\&quot;%n\&quot;\&quot;%n\&quot;\&quot;%n\&quot;\&quot;%n\&quot;\&quot;%n\&quot;\&quot;%n\&quot;\&quot;%n\&quot;\&quot;%n\&quot;\&quot;%n\&quot;\&quot;%n\&quot;\&quot;%n\&quot;\&quot;%n\&quot;\&quot;%n\&quot;\&quot;%n\&quot;\&quot;%n\&quot;\&quot;%n\&quot;\&quot;%n\&quot;\&quot;%n\&quot;\&quot;%n\&quot;\&quot;%n\&quot;\&quot;%n\&quot;\&quot;%n\&quot;\&quot;%n\&quot;\&quot;%n\&quot;\&quot;%n\&quot;\&quot;%n\&quot;\&quot;%n\&quot;\&quot;%n\&quot;\&quot;%n\&quot;\&quot;%n\&quot;\&quot;%n\&quot;\&quot;%n\&quot;\&quot;%n\&quot;\&quot;%n\&quot;\&quot;%n\&quot;\&quot;%n\&quot;\&quot;%n\&quot;\&quot;%n\&quot;\&quot;%n\&quot;\&quot;%n\&quot;\&quot;%n\&quot;\&quot;%n\&quot;\&quot;%n\&quot;\&quot;%n\&quot;\&quot;%n\&quot;\&quot;%n\&quot;\&quot;%n\&quot;\&quot;%n\&quot;\&quot;%n\&quot;\&quot;%n\&quot;\&quot;%n\&quot;\&quot;%n\&quot;\&quot;%n\&quot;\&quot;%n\&quot;\&quot;%n\&quot;\&quot;%n\&quot;\&quot;%n\&quot;\&quot;%n\&quot;\&quot;%n\&quot;\&quot;%n\&quot;\&quot;%n\&quot;\&quot;%n\&quot;\&quot;%n\&quot;\&quot;%n\&quot;\&quot;%n\&quot;\&quot;%n\&quot;\&quot;%n\&quot;\&quot;%n\&quot;\&quot;%n\&quot;\&quot;%n\&quot;\&quot;%n\&quot;\&quot;%n\&quot;\&quot;%n\&quot;\&quot;%n\&quot;\&quot;%n\&quot;\&quot;%n\&quot;\&quot;%n\&quot;\&quot;%n\&quot;\&quot;%n\&quot;\&quot;%n\&quot;\&quot;%n\&quot;\&quot;%n\&quot;\&quot;%n\&quot;\&quot;%n\&quot;\&quot;%n\&quot;\&quot;%n\&quot;\&quot;%n\&quot;\&quot;%n\&quot;\&quot;%n\&quot;\&quot;%n\&quot;\&quot;%n\&quot;\&quot;%n\&quot;\&quot;%n\&quot;\&quot;%n\&quot;\&quot;%n\&quot;\&quot;%n\&quot;\&quot;%n\&quot;\&quot;%n\&quot;\&quot;%n\&quot;\&quot;%n\&quot;\&quot;%n\&quot;\&quot;%n\&quot;\&quot;%n\&quot;\&quot;%n\&quot;\&quot;%n\&quot;\&quot;%n\&quot;\&quot;%n\&quot;\&quot;%n\&quot;\&quot;%n\&quot;\&quot;%n\&quot;\&quot;%n\&quot;\&quot;%n\&quot;\&quot;%n\&quot;\&quot;%n\&quot;\&quot;%n\&quot;\&quot;%n\&quot;\&quot;%n\&quot;\&quot;%n\&quot;\&quot;%n\&quot;\&quot;%n\&quot;\&quot;%n\&quot;\&quot;%n\&quot;\&quot;%n\&quot;\&quot;%n\&quot;\&quot;%n\&quot;\&quot;%n\&quot;\&quot;%n\&quot;\&quot;%n\&quot;\&quot;%n\&quot;\&quot;%n\&quot;\&quot;%n\&quot;\&quot;%n\&quot;\&quot;%n\&quot;\&quot;%n\&quot;\&quot;%n\&quot;\&quot;%n\&quot;\&quot;%n\&quot;\&quot;%n\&quot;\&quot;%n\&quot;\&quot;%n\&quot;\&quot;%n\&quot;\&quot;%n\&quot;\&quot;%n\&quot;\&quot;%n\&quot;\&quot;%n\&quot;\&quot;%n\&quot;\&quot;%n\&quot;\&quot;%n\&quot;\&quot;%n\&quot;\&quot;%n\&quot;\&quot;%n\&quot;\&quot;%n\&quot;\&quot;%n\&quot;\&quot;%n\&quot;\&quot;%n\&quot;\&quot;%n\&quot;\&quot;%n\&quot;\&quot;%n\&quot;\&quot;%n\&quot;\&quot;%n\&quot;\&quot;%n\&quot;\&quot;%n\&quot;\&quot;%n\&quot;\&quot;%n\&quot;\&quot;%n\&quot;\&quot;%n\&quot;\&quot;%n\&quot;\&quot;%n\&quot;\&quot;%n\&quot;\&quot;%n\&quot;\&quot;%n\&quot;\&quot;%n\&quot;\&quot;%n\&quot;\&quot;%n\&quot;\&quot;%n\&quot;\&quot;%n\&quot;\&quot;%n\&quot;\&quot;%n\&quot;\&quot;%n\&quot;\&quot;%n\&quot;\&quot;%n\&quot;\&quot;%n\&quot;\&quot;%n\&quot;\&quot;%n\&quot;\&quot;%n\&quot;\&quot;%n\&quot;\&quot;%n\&quot;\&quot;%n\&quot;\&quot;%n\&quot;\&quot;%n\&quot;\&quot;%n\&quot;\&quot;%n\&quot;\&quot;%n\&quot;\&quot;%n\&quot;\&quot;%n\&quot;\&quot;%n\&quot;\&quot;%n\&quot;\&quot;%n\&quot;\&quot;%n\&quot;\&quot;%n\&quot;\&quot;%n\&quot;\&quot;%n\&quot;\&quot;%n\&quot;\&quot;%n\&quot;\&quot;%n\&quot;\&quot;%n\&quot;\&quot;%n\&quot;\&quot;%n\&quot;\&quot;%n\&quot;\&quot;%n\&quot;\&quot;%n\&quot;\&quot;%n\&quot;\&quot;%n\&quot;\&quot;%n\&quot;\&quot;%n\&quot;\&quot;%n\&quot;\&quot;%n\&quot;\&quot;%n\&quot;\&quot;%n\&quot;\&quot;%n\&quot;\&quot;%n\&quot;\&quot;%n\&quot;\&quot;%n\&quot;\&quot;%n\&quot;\&quot;%n\&quot;\&quot;%n\&quot;\&quot;%n\&quot;\&quot;%n\&quot;\&quot;%n\&quot;\&quot;%n\&quot;\&quot;%n\&quot;\&quot;%n\&quot;\&quot;%n\&quot;\&quot;%n\&quot;\&quot;%n\&quot;\&quot;%n\&quot;\&quot;%n\&quot;\&quot;%n\&quot;\&quot;%n\&quot;\&quot;%n\&quot;\&quot;%n\&quot;\&quot;%n\&quot;\&quot;%n\&quot;\&quot;%n\&quot;\&quot;%n\&quot;\&quot;%n\&quot;\&quot;%n\&quot;\&quot;%n\&quot;\&quot;%n\&quot;\&quot;%n\&quot;\&quot;%n\&quot;\&quot;%n\&quot;\&quot;%n\&quot;\&quot;%n\&quot;\&quot;%n\&quot;\&quot;%n\&quot;\&quot;%n\&quot;\&quot;%n\&quot;\&quot;%n\&quot;\&quot;%n\&quot;\&quot;%n\&quot;\&quot;%n\&quot;\&quot;%n\&quot;\&quot;%n\&quot;\&quot;%n\&quot;\&quot;%n\&quot;\&quot;%n\&quot;\&quot;%n\&quot;\&quot;%n\&quot;\&quot;%n\&quot;\&quot;%n\&quot;\&quot;%n\&quot;\&quot;%n\&quot;\&quot;%n\&quot;\&quot;%n\&quot;\&quot;%n\&quot;\&quot;%n\&quot;\&quot;%n\&quot;\&quot;%n\&quot;\&quot;%n\&quot;\&quot;%n\&quot;\&quot;%n\&quot;\&quot;%n\&quot;\&quot;%n\&quot;\&quot;%n\&quot;\&quot;%n\&quot;\&quot;%n\&quot;\&quot;%n\&quot;\&quot;%n\&quot;\&quot;%n\&quot;\&quot;%n\&quot;\&quot;%n\&quot;\&quot;%n\&quot;\&quot;%n\&quot;\&quot;%n\&quot;\&quot;%n\&quot;\&quot;%n\&quot;\&quot;%n\&quot;\&quot;%n\&quot;\&quot;%n\&quot;\&quot;%n\&quot;\&quot;%n\&quot;\&quot;%n\&quot;\&quot;%n\&quot;\&quot;%n\&quot;\&quot;%n\&quot;\&quot;%n\&quot;\&quot;%n\&quot;\&quot;%n\&quot;\&quot;%n\&quot;\&quot;%n\&quot;\&quot;%n\&quot;\&quot;%n\&quot;\&quot;%n\&quot;\&quot;%n\&quot;\&quot;%n\&quot;\&quot;%n\&quot;\&quot;%n\&quot;\&quot;%n\&quot;\&quot;%n\&quot;\&quot;%n\&quot;\&quot;%n\&quot;\&quot;%n\&quot;\&quot;%n\&quot;\&quot;%n\&quot;\&quot;%n\&quot;\&quot;%n\&quot;\&quot;%n\&quot;\&quot;%n\&quot;\&quot;%n\&quot;\&quot;%n\&quot;\&quot;%n\&quot;\&quot;%n\&quot;\&quot;%n\&quot;\&quot;%n\&quot;\&quot;%n\&quot;\&quot;%n\&quot;\&quot;%n\&quot;\&quot;%n\&quot;\&quot;%n\&quot;\&quot;%n\&quot;\&quot;%n\&quot;\&quot;%n\&quot;\&quot;%n\&quot;\&quot;%n\&quot;\&quot;%n\&quot;\&quot;%n\&quot;\&quot;%n\&quot;\&quot;%n\&quot;\&quot;%n\&quot;\&quot;%n\&quot;\&quot;%n\&quot;\&quot;%n\&quot;\&quot;%n\&quot;\&quot;%n\&quot;\&quot;%n\&quot;\&quot;%n\&quot;\&quot;%n\&quot;\&quot;%n\&quot;\&quot;%n\&quot;\&quot;%n\&quot;\&quot;%n\&quot;\&quot;%n\&quot;\&quot;%n\&quot;\&quot;%n\&quot;\&quot;%n\&quot;\&quot;%n\&quot;\&quot;%n\&quot;\&quot;%n\&quot;\&quot;%n\&quot;\&quot;%n\&quot;\&quot;%n\&quot;\&quot;%n\&quot;\&quot;%n\&quot;\&quot;%n\&quot;\&quot;%n\&quot;\&quot;%n\&quot;\&quot;%n\&quot;\&quot;%n\&quot;\&quot;%n\&quot;\&quot;%n\&quot;\&quot;%n\&quot;\&quot;%n\&quot;\&quot;%n\&quot;\&quot;%n\&quot;\&quot;%n\&quot;\&quot;%n\&quot;\&quot;%n\&quot;\&quot;%n\&quot;\&quot;%n\&quot;\&quot;%n\&quot;\&quot;%n\&quot;\&quot;%n\&quot;\&quot;%n\&quot;\&quot;%n\&quot;\&quot;%n\&quot;\&quot;%n\&quot;\&quot;%n\&quot;\&quot;%n\&quot;\&quot;%n\&quot;\&quot;%n\&quot;\&quot;%n\&quot;\&quot;%n\&quot;\&quot;%n\&quot;\&quot;%n\&quot;\&quot;%n\&quot;\&quot;%n\&quot;\&quot;%n\&quot;\&quot;%n\&quot;\&quot;%n\&quot;\&quot;%n\&quot;\&quot;%n\&quot;\&quot;%n\&quot;\&quot;%n\&quot;\&quot;%n\&quot;\&quot;%n\&quot;\&quot;%n\&quot;\&quot;%n\&quot;\&quot;%n\&quot;\&quot;%n\&quot;\&quot;%n\&quot;\&quot;%n\&quot;\&quot;%n\&quot;\&quot;%n\&quot;\&quot;%n\&quot;\&quot;%n\&quot;\&quot;%n\&quot;\&quot;%n\&quot;\&quot;%n\&quot;\&quot;%n\&quot;\&quot;%n\&quot;\&quot;%n\&quot;\&quot;%n\&quot;\&quot;%n\&quot;\&quot;%n\&quot;\&quot;%n\&quot;\&quot;%n\&quot;\&quot;%n\&quot;\&quot;%n\&quot;\&quot;%n\&quot;\&quot;%n\&quot;\&quot;%n\&quot;\&quot;%n\&quot;\&quot;%n\&quot;\&quot;%n\&quot;\&quot;%n\&quot;\&quot;%n\&quot;\&quot;%n\&quot;\&quot;%n\&quot;\&quot;%n\&quot;\&quot;%n\&quot;\&quot;%n\&quot;\&quot;%n\&quot;\&quot;%n\&quot;\&quot;%n\&quot;\&quot;%n\&quot;\&quot;%n\&quot;\&quot;%n\&quot;\&quot;%n\&quot;\&quot;%n\&quot;\&quot;%n\&quot;\&quot;%n\&quot;\&quot;%n\&quot;\&quot;%n\&quot;\&quot;%n\&quot;\&quot;%n\&quot;\&quot;%n\&quot;\&quot;%n\&quot;\&quot;%n\&quot;\&quot;%n\&quot;\&quot;%n\&quot;\&quot;%n\&quot;\&quot;%n\&quot;\&quot;%n\&quot;\&quot;%n\&quot;\&quot;%n\&quot;\&quot;%n\&quot;\&quot;%n\&quot;\&quot;%n\&quot;\&quot;%n\&quot;\&quot;%n\&quot;\&quot;%n\&quot;\&quot;%n\&quot;\&quot;%n\&quot;\&quot;%n\&quot;\&quot;%n\&quot;\&quot;%n\&quot;\&quot;%n\&quot;\&quot;%n\&quot;\&quot;%n\&quot;\&quot;%n\&quot;\&quot;%n\&quot;\&quot;%n\&quot;\&quot;%n\&quot;\&quot;%n\&quot;\&quot;%n\&quot;\&quot;%n\&quot;\&quot;%n\&quot;\&quot;%n\&quot;\&quot;%n\&quot;\&quot;%n\&quot;\&quot;%n\&quot;\&quot;%n\&quot;\&quot;%n\&quot;\&quot;%n\&quot;\&quot;%n\&quot;\&quot;%n\&quot;\&quot;%n\&quot;\&quot;%n\&quot;\&quot;%n\&quot;\&quot;%n\&quot;\&quot;%n\&quot;\&quot;%n\&quot;\&quot;%n\&quot;\&quot;%n\&quot;\&quot;%n\&quot;\&quot;%n\&quot;\&quot;%n\&quot;&quot;, &quot;request_method&quot;: &quot;GET&quot;, &quot;request_headers&quot;: &quot;{\&quot;User-Agent\&quot;: \&quot;APIFuzzer 0.9.13\&quot;, \&quot;Accept-Encoding\&quot;: \&quot;gzip, deflate\&quot;, \&quot;Accept\&quot;: \&quot;*/*\&quot;, \&quot;Connection\&quot;: \&quot;keep-alive\&quot;, \&quot;Content-Type\&quot;: \&quot;application/json\&quot;}&quot;, &quot;request_body&quot;: {}, &quot;response&quot;: &quot;&quot;, &quot;parsed_status_code&quot;: 500, &quot;reason&quot;: &quot;failed&quot;}"/>
		</testcase>
		<testcase name="371" time="0.551440" timestamp="1727453255.147158" status="failed">
			<failure type="failure" message="{&quot;status&quot;: &quot;failed&quot;, &quot;name&quot;: {}, &quot;sub_reports&quot;: [], &quot;test_number&quot;: 371, &quot;state&quot;: &quot;COMPLETED&quot;, &quot;request_url&quot;: &quot;https://virtserver.swaggerhub.com/AAYUSHGARGBU/api_petstore/1.0.0/pet/findByStatus?status=\&quot;%n\&quot;\&quot;%n\&quot;\&quot;%n\&quot;\&quot;%n\&quot;\&quot;%n\&quot;\&quot;%n\&quot;\&quot;%n\&quot;\&quot;%n\&quot;\&quot;%n\&quot;\&quot;%n\&quot;\&quot;%n\&quot;\&quot;%n\&quot;\&quot;%n\&quot;\&quot;%n\&quot;\&quot;%n\&quot;\&quot;%n\&quot;\&quot;%n\&quot;\&quot;%n\&quot;\&quot;%n\&quot;\&quot;%n\&quot;\&quot;%n\&quot;\&quot;%n\&quot;\&quot;%n\&quot;\&quot;%n\&quot;\&quot;%n\&quot;\&quot;%n\&quot;\&quot;%n\&quot;\&quot;%n\&quot;\&quot;%n\&quot;\&quot;%n\&quot;\&quot;%n\&quot;\&quot;%n\&quot;\&quot;%n\&quot;\&quot;%n\&quot;\&quot;%n\&quot;\&quot;%n\&quot;\&quot;%n\&quot;\&quot;%n\&quot;\&quot;%n\&quot;\&quot;%n\&quot;\&quot;%n\&quot;\&quot;%n\&quot;\&quot;%n\&quot;\&quot;%n\&quot;\&quot;%n\&quot;\&quot;%n\&quot;\&quot;%n\&quot;\&quot;%n\&quot;\&quot;%n\&quot;\&quot;%n\&quot;\&quot;%n\&quot;\&quot;%n\&quot;\&quot;%n\&quot;\&quot;%n\&quot;\&quot;%n\&quot;\&quot;%n\&quot;\&quot;%n\&quot;\&quot;%n\&quot;\&quot;%n\&quot;\&quot;%n\&quot;\&quot;%n\&quot;\&quot;%n\&quot;\&quot;%n\&quot;\&quot;%n\&quot;\&quot;%n\&quot;\&quot;%n\&quot;\&quot;%n\&quot;\&quot;%n\&quot;\&quot;%n\&quot;\&quot;%n\&quot;\&quot;%n\&quot;\&quot;%n\&quot;\&quot;%n\&quot;\&quot;%n\&quot;\&quot;%n\&quot;\&quot;%n\&quot;\&quot;%n\&quot;\&quot;%n\&quot;\&quot;%n\&quot;\&quot;%n\&quot;\&quot;%n\&quot;\&quot;%n\&quot;\&quot;%n\&quot;\&quot;%n\&quot;\&quot;%n\&quot;\&quot;%n\&quot;\&quot;%n\&quot;\&quot;%n\&quot;\&quot;%n\&quot;\&quot;%n\&quot;\&quot;%n\&quot;\&quot;%n\&quot;\&quot;%n\&quot;\&quot;%n\&quot;\&quot;%n\&quot;\&quot;%n\&quot;\&quot;%n\&quot;\&quot;%n\&quot;\&quot;%n\&quot;\&quot;%n\&quot;\&quot;%n\&quot;\&quot;%n\&quot;\&quot;%n\&quot;\&quot;%n\&quot;\&quot;%n\&quot;\&quot;%n\&quot;\&quot;%n\&quot;\&quot;%n\&quot;\&quot;%n\&quot;\&quot;%n\&quot;\&quot;%n\&quot;\&quot;%n\&quot;\&quot;%n\&quot;\&quot;%n\&quot;\&quot;%n\&quot;\&quot;%n\&quot;\&quot;%n\&quot;\&quot;%n\&quot;\&quot;%n\&quot;\&quot;%n\&quot;\&quot;%n\&quot;\&quot;%n\&quot;\&quot;%n\&quot;\&quot;%n\&quot;\&quot;%n\&quot;\&quot;%n\&quot;\&quot;%n\&quot;\&quot;%n\&quot;&quot;, &quot;request_method&quot;: &quot;GET&quot;, &quot;request_headers&quot;: &quot;{\&quot;User-Agent\&quot;: \&quot;APIFuzzer 0.9.13\&quot;, \&quot;Accept-Encoding\&quot;: \&quot;gzip, deflate\&quot;, \&quot;Accept\&quot;: \&quot;*/*\&quot;, \&quot;Connection\&quot;: \&quot;keep-alive\&quot;, \&quot;Content-Type\&quot;: \&quot;application/json\&quot;}&quot;, &quot;request_body&quot;: {}, &quot;response&quot;: &quot;&quot;, &quot;parsed_status_code&quot;: 500, &quot;reason&quot;: &quot;failed&quot;}"/>
		</testcase>
		<testcase name="372" time="0.552861" timestamp="1727453255.7154515" status="failed">
			<failure type="failure" message="{&quot;status&quot;: &quot;failed&quot;, &quot;name&quot;: {}, &quot;sub_reports&quot;: [], &quot;test_number&quot;: 372, &quot;state&quot;: &quot;COMPLETED&quot;, &quot;request_url&quot;: &quot;https://virtserver.swaggerhub.com/AAYUSHGARGBU/api_petstore/1.0.0/pet/findByStatus?status=\&quot;%n\&quot;\&quot;%n\&quot;\&quot;%n\&quot;\&quot;%n\&quot;\&quot;%n\&quot;\&quot;%n\&quot;\&quot;%n\&quot;\&quot;%n\&quot;\&quot;%n\&quot;\&quot;%n\&quot;\&quot;%n\&quot;\&quot;%n\&quot;\&quot;%n\&quot;\&quot;%n\&quot;\&quot;%n\&quot;\&quot;%n\&quot;&quot;, &quot;request_method&quot;: &quot;GET&quot;, &quot;request_headers&quot;: &quot;{\&quot;User-Agent\&quot;: \&quot;APIFuzzer 0.9.13\&quot;, \&quot;Accept-Encoding\&quot;: \&quot;gzip, deflate\&quot;, \&quot;Accept\&quot;: \&quot;*/*\&quot;, \&quot;Connection\&quot;: \&quot;keep-alive\&quot;, \&quot;Content-Type\&quot;: \&quot;application/json\&quot;}&quot;, &quot;request_body&quot;: {}, &quot;response&quot;: &quot;&quot;, &quot;parsed_status_code&quot;: 500, &quot;reason&quot;: &quot;failed&quot;}"/>
		</testcase>
		<testcase name="373" time="0.552550" timestamp="1727453256.2836268" status="failed">
			<failure type="failure" message="{&quot;status&quot;: &quot;failed&quot;, &quot;name&quot;: {}, &quot;sub_reports&quot;: [], &quot;test_number&quot;: 373, &quot;state&quot;: &quot;COMPLETED&quot;, &quot;request_url&quot;: &quot;https://virtserver.swaggerhub.com/AAYUSHGARGBU/api_petstore/1.0.0/pet/findByStatus?status=\&quot;%n\&quot;\&quot;%n\&quot;&quot;, &quot;request_method&quot;: &quot;GET&quot;, &quot;request_headers&quot;: &quot;{\&quot;User-Agent\&quot;: \&quot;APIFuzzer 0.9.13\&quot;, \&quot;Accept-Encoding\&quot;: \&quot;gzip, deflate\&quot;, \&quot;Accept\&quot;: \&quot;*/*\&quot;, \&quot;Connection\&quot;: \&quot;keep-alive\&quot;, \&quot;Content-Type\&quot;: \&quot;application/json\&quot;}&quot;, &quot;request_body&quot;: {}, &quot;response&quot;: &quot;&quot;, &quot;parsed_status_code&quot;: 500, &quot;reason&quot;: &quot;failed&quot;}"/>
		</testcase>
		<testcase name="374" time="0.545423" timestamp="1727453256.8445196" status="failed">
			<failure type="failure" message="{&quot;status&quot;: &quot;failed&quot;, &quot;name&quot;: {}, &quot;sub_reports&quot;: [], &quot;test_number&quot;: 374, &quot;state&quot;: &quot;COMPLETED&quot;, &quot;request_url&quot;: &quot;https://virtserver.swaggerhub.com/AAYUSHGARGBU/api_petstore/1.0.0/pet/findByStatus?status=%.16705u%2\\$hn&quot;, &quot;request_method&quot;: &quot;GET&quot;, &quot;request_headers&quot;: &quot;{\&quot;User-Agent\&quot;: \&quot;APIFuzzer 0.9.13\&quot;, \&quot;Accept-Encoding\&quot;: \&quot;gzip, deflate\&quot;, \&quot;Accept\&quot;: \&quot;*/*\&quot;, \&quot;Connection\&quot;: \&quot;keep-alive\&quot;, \&quot;Content-Type\&quot;: \&quot;application/json\&quot;}&quot;, &quot;request_body&quot;: {}, &quot;response&quot;: &quot;&quot;, &quot;parsed_status_code&quot;: 500, &quot;reason&quot;: &quot;failed&quot;}"/>
		</testcase>
		<testcase name="430" time="0.556699" timestamp="1727453285.2887597" status="failed">
			<failure type="failure" message="{&quot;status&quot;: &quot;failed&quot;, &quot;name&quot;: {}, &quot;sub_reports&quot;: [], &quot;test_number&quot;: 430, &quot;state&quot;: &quot;COMPLETED&quot;, &quot;request_url&quot;: &quot;https://virtserver.swaggerhub.com/AAYUSHGARGBU/api_petstore/1.0.0/pet/findByStatus?status=%u0000&quot;, &quot;request_method&quot;: &quot;GET&quot;, &quot;request_headers&quot;: &quot;{\&quot;User-Agent\&quot;: \&quot;APIFuzzer 0.9.13\&quot;, \&quot;Accept-Encoding\&quot;: \&quot;gzip, deflate\&quot;, \&quot;Accept\&quot;: \&quot;*/*\&quot;, \&quot;Connection\&quot;: \&quot;keep-alive\&quot;, \&quot;Content-Type\&quot;: \&quot;application/json\&quot;}&quot;, &quot;request_body&quot;: {}, &quot;response&quot;: &quot;&quot;, &quot;parsed_status_code&quot;: 500, &quot;reason&quot;: &quot;failed&quot;}"/>
		</testcase>
		<testcase name="521" time="0.558309" timestamp="1727453337.7891161" status="failed">
			<failure type="failure" message="{&quot;status&quot;: &quot;failed&quot;, &quot;name&quot;: {}, &quot;sub_reports&quot;: [], &quot;test_number&quot;: 521, &quot;state&quot;: &quot;COMPLETED&quot;, &quot;request_url&quot;: &quot;https://virtserver.swaggerhub.com/AAYUSHGARGBU/api_petstore/1.0.0/user/login?username=asd&amp;password=%s%s%s%s%s%s%s%s%s%s%s%s%s%s%s%s%s%s%s%s%s%s%s%s%s%s%s%s%s%s%s%s%s%s%s%s%s%s%s%s%s%s%s%s%s%s%s%s%s%s%s%s%s%s%s%s%s%s%s%s%s%s%s%s%s%s%s%s%s%s%s%s%s%s%s%s%s%s%s%s%s%s%s%s%s%s%s%s%s%s%s%s%s%s%s%s%s%s%s%s%s%s%s%s%s%s%s%s%s%s%s%s%s%s%s%s%s%s%s%s%s%s%s%s%s%s%s%s%s%s%s%s%s%s%s%s%s%s%s%s%s%s%s%s%s%s%s%s%s%s%s%s%s%s%s%s%s%s%s%s%s%s%s%s%s%s%s%s%s%s%s%s%s%s%s%s%s%s%s%s%s%s%s%s%s%s%s%s%s%s%s%s%s%s%s%s%s%s%s%s%s%s%s%s%s%s%s%s%s%s%s%s%s%s%s%s%s%s%s%s%s%s%s%s%s%s%s%s%s%s%s%s%s%s%s%s%s%s%s%s%s%s%s%s%s%s%s%s%s%s%s%s%s%s%s%s%s%s%s%s%s%s%s%s%s%s%s%s%s%s%s%s%s%s%s%s%s%s%s%s%s%s%s%s%s%s%s%s%s%s%s%s%s%s%s%s%s%s%s%s%s%s%s%s%s%s%s%s%s%s%s%s%s%s%s%s%s%s%s%s%s%s%s%s%s%s%s%s%s%s%s%s%s%s%s%s%s%s%s%s%s%s%s%s%s%s%s%s%s%s%s%s%s%s%s%s%s%s%s%s%s%s%s%s%s%s%s%s%s%s%s%s%s%s%s%s%s%s%s%s%s%s%s%s%s%s%s%s%s%s%s%s%s%s%s%s%s%s%s%s%s%s%s%s%s%s%s%s%s%s%s%s%s%s%s%s%s%s%s%s%s%s%s%s%s%s%s%s%s%s%s%s%s%s%s%s%s%s%s%s%s%s%s%s%s%s%s%s%s%s%s%s%s%s%s%s%s%s%s%s%s%s%s%s%s%s%s%s%s%s%s%s%s%s%s%s%s%s%s%s%s%s%s%s%s%s%s%s%s%s%s%s%s%s%s%s%s%s%s%s%s%s%s%s%s%s%s%s%s%s%s%s%s%s%s%s%s%s%s%s%s%s%s%s%s%s%s%s%s%s%s%s%s%s%s%s%s%s%s%s%s%s%s%s%s%s%s%s%s%s%s%s%s%s%s%s%s%s%s%s%s%s%s%s%s%s%s%s%s%s%s%s%s%s%s%s%s%s%s%s%s%s%s%s%s%s%s%s%s%s%s%s%s%s%s%s%s%s%s%s%s%s%s%s%s%s%s%s%s%s%s%s%s%s%s%s%s%s%s%s%s%s%s%s%s%s%s%s%s%s%s%s%s%s%s%s%s%s%s%s%s%s%s%s%s%s%s%s%s%s%s%s%s%s%s%s%s%s%s%s%s%s%s%s%s%s%s%s%s%s%s%s%s%s%s%s%s%s%s%s%s%s%s%s%s%s%s%s%s%s%s%s%s%s%s%s%s%s%s%s%s%s%s%s%s%s%s%s%s%s%s%s%s%s%s%s%s%s%s%s%s%s%s%s%s%s%s%s%s%s%s%s%s%s%s%s%s%s%s%s%s%s%s%s%s%s%s%s%s%s%s%s%s%s%s%s%s%s%s%s%s%s%s%s%s%s%s%s%s%s%s%s%s%s%s%s%s%s%s%s%s%s%s%s%s%s%s%s%s%s%s%s%s%s%s%s%s%s%s%s%s%s%s%s%s%s%s%s%s%s%s%s%s%s%s%s%s%s%s%s%s%s%s%s%s%s%s%s%s%s%s%s%s%s%s%s%s%s%s%s%s%s%s%s%s%s%s%s%s%s%s%s%s%s%s%s%s%s%s%s%s%s%s%s%s%s%s%s%s%s%s%s%s%s%s%s%s%s%s%s%s%s%s%s%s%s%s%s%s%s%s%s%s%s%s%s%s%s%s%s%s%s%s%s%s%s%s%s%s%s%s%s%s%s%s%s%s%s%s%s%s%s%s%s%s%s%s%s%s%s%s%s%s%s%s%s%s%s%s%s%s%s%s%s%s%s%s%s%s%s%s%s%s%s%s%s%s%s%s%s%s%s%s%s%s%s%s%s%s%s%s%s%s%s%s%s%s%s%s%s%s%s%s%s%s%s%s%s%s%s%s%s%s%s%s%s%s%s%s%s%s%s%s%s%s%s%s%s%s%s%s%s%s%s%s%s%s%s%s%s%s%s%s%s&quot;, &quot;request_method&quot;: &quot;GET&quot;, &quot;request_headers&quot;: &quot;{\&quot;User-Agent\&quot;: \&quot;APIFuzzer 0.9.13\&quot;, \&quot;Accept-Encoding\&quot;: \&quot;gzip, deflate\&quot;, \&quot;Accept\&quot;: \&quot;*/*\&quot;, \&quot;Connection\&quot;: \&quot;keep-alive\&quot;, \&quot;Content-Type\&quot;: \&quot;application/json\&quot;}&quot;, &quot;request_body&quot;: {}, &quot;response&quot;: &quot;&quot;, &quot;parsed_status_code&quot;: 500, &quot;reason&quot;: &quot;failed&quot;}"/>
		</testcase>
		<testcase name="522" time="0.555049" timestamp="1727453338.3597848" status="failed">
			<failure type="failure" message="{&quot;status&quot;: &quot;failed&quot;, &quot;name&quot;: {}, &quot;sub_reports&quot;: [], &quot;test_number&quot;: 522, &quot;state&quot;: &quot;COMPLETED&quot;, &quot;request_url&quot;: &quot;https://virtserver.swaggerhub.com/AAYUSHGARGBU/api_petstore/1.0.0/user/login?username=asd&amp;password=%s%s%s%s%s%s%s%s%s%s%s%s%s%s%s%s%s%s%s%s%s%s%s%s%s%s%s%s%s%s%s%s%s%s%s%s%s%s%s%s%s%s%s%s%s%s%s%s%s%s%s%s%s%s%s%s%s%s%s%s%s%s%s%s%s%s%s%s%s%s%s%s%s%s%s%s%s%s%s%s%s%s%s%s%s%s%s%s%s%s%s%s%s%s%s%s%s%s%s%s%s%s%s%s%s%s%s%s%s%s%s%s%s%s%s%s%s%s%s%s%s%s%s%s%s%s%s%s&quot;, &quot;request_method&quot;: &quot;GET&quot;, &quot;request_headers&quot;: &quot;{\&quot;User-Agent\&quot;: \&quot;APIFuzzer 0.9.13\&quot;, \&quot;Accept-Encoding\&quot;: \&quot;gzip, deflate\&quot;, \&quot;Accept\&quot;: \&quot;*/*\&quot;, \&quot;Connection\&quot;: \&quot;keep-alive\&quot;, \&quot;Content-Type\&quot;: \&quot;application/json\&quot;}&quot;, &quot;request_body&quot;: {}, &quot;response&quot;: &quot;&quot;, &quot;parsed_status_code&quot;: 500, &quot;reason&quot;: &quot;failed&quot;}"/>
		</testcase>
		<testcase name="523" time="0.557171" timestamp="1727453338.9321299" status="failed">
			<failure type="failure" message="{&quot;status&quot;: &quot;failed&quot;, &quot;name&quot;: {}, &quot;sub_reports&quot;: [], &quot;test_number&quot;: 523, &quot;state&quot;: &quot;COMPLETED&quot;, &quot;request_url&quot;: &quot;https://virtserver.swaggerhub.com/AAYUSHGARGBU/api_petstore/1.0.0/user/login?username=asd&amp;password=%s%s%s%s%s%s%s%s%s%s%s%s%s%s%s%s&quot;, &quot;request_method&quot;: &quot;GET&quot;, &quot;request_headers&quot;: &quot;{\&quot;User-Agent\&quot;: \&quot;APIFuzzer 0.9.13\&quot;, \&quot;Accept-Encoding\&quot;: \&quot;gzip, deflate\&quot;, \&quot;Accept\&quot;: \&quot;*/*\&quot;, \&quot;Connection\&quot;: \&quot;keep-alive\&quot;, \&quot;Content-Type\&quot;: \&quot;application/json\&quot;}&quot;, &quot;request_body&quot;: {}, &quot;response&quot;: &quot;&quot;, &quot;parsed_status_code&quot;: 500, &quot;reason&quot;: &quot;failed&quot;}"/>
		</testcase>
		<testcase name="524" time="0.545723" timestamp="1727453339.4932098" status="failed">
			<failure type="failure" message="{&quot;status&quot;: &quot;failed&quot;, &quot;name&quot;: {}, &quot;sub_reports&quot;: [], &quot;test_number&quot;: 524, &quot;state&quot;: &quot;COMPLETED&quot;, &quot;request_url&quot;: &quot;https://virtserver.swaggerhub.com/AAYUSHGARGBU/api_petstore/1.0.0/user/login?username=asd&amp;password=%s%s&quot;, &quot;request_method&quot;: &quot;GET&quot;, &quot;request_headers&quot;: &quot;{\&quot;User-Agent\&quot;: \&quot;APIFuzzer 0.9.13\&quot;, \&quot;Accept-Encoding\&quot;: \&quot;gzip, deflate\&quot;, \&quot;Accept\&quot;: \&quot;*/*\&quot;, \&quot;Connection\&quot;: \&quot;keep-alive\&quot;, \&quot;Content-Type\&quot;: \&quot;application/json\&quot;}&quot;, &quot;request_body&quot;: {}, &quot;response&quot;: &quot;&quot;, &quot;parsed_status_code&quot;: 500, &quot;reason&quot;: &quot;failed&quot;}"/>
		</testcase>
		<testcase name="525" time="0.568710" timestamp="1727453340.0771317" status="failed">
[...]
;%n\&quot;\&quot;%n\&quot;\&quot;%n\&quot;\&quot;%n\&quot;\&quot;%n\&quot;\&quot;%n\&quot;\&quot;%n\&quot;\&quot;%n\&quot;\&quot;%n\&quot;\&quot;%n\&quot;\&quot;%n\&quot;\&quot;%n\&quot;\&quot;%n\&quot;\&quot;%n\&quot;\&quot;%n\&quot;\&quot;%n\&quot;\&quot;%n\&quot;\&quot;%n\&quot;\&quot;%n\&quot;\&quot;%n\&quot;\&quot;%n\&quot;\&quot;%n\&quot;\&quot;%n\&quot;\&quot;%n\&quot;\&quot;%n\&quot;\&quot;%n\&quot;\&quot;%n\&quot;\&quot;%n\&quot;\&quot;%n\&quot;\&quot;%n\&quot;\&quot;%n\&quot;\&quot;%n\&quot;\&quot;%n\&quot;\&quot;%n\&quot;\&quot;%n\&quot;\&quot;%n\&quot;\&quot;%n\&quot;\&quot;%n\&quot;\&quot;%n\&quot;\&quot;%n\&quot;\&quot;%n\&quot;\&quot;%n\&quot;\&quot;%n\&quot;\&quot;%n\&quot;\&quot;%n\&quot;\&quot;%n\&quot;\&quot;%n\&quot;\&quot;%n\&quot;\&quot;%n\&quot;\&quot;%n\&quot;\&quot;%n\&quot;\&quot;%n\&quot;\&quot;%n\&quot;\&quot;%n\&quot;\&quot;%n\&quot;\&quot;%n\&quot;\&quot;%n\&quot;\&quot;%n\&quot;\&quot;%n\&quot;\&quot;%n\&quot;\&quot;%n\&quot;\&quot;%n\&quot;\&quot;%n\&quot;\&quot;%n\&quot;\&quot;%n\&quot;\&quot;%n\&quot;\&quot;%n\&quot;\&quot;%n\&quot;\&quot;%n\&quot;\&quot;%n\&quot;\&quot;%n\&quot;\&quot;%n\&quot;\&quot;%n\&quot;\&quot;%n\&quot;\&quot;%n\&quot;\&quot;%n\&quot;\&quot;%n\&quot;\&quot;%n\&quot;\&quot;%n\&quot;\&quot;%n\&quot;\&quot;%n\&quot;\&quot;%n\&quot;\&quot;%n\&quot;\&quot;%n\&quot;\&quot;%n\&quot;\&quot;%n\&quot;\&quot;%n\&quot;\&quot;%n\&quot;\&quot;%n\&quot;\&quot;%n\&quot;\&quot;%n\&quot;\&quot;%n\&quot;\&quot;%n\&quot;\&quot;%n\&quot;\&quot;%n\&quot;\&quot;%n\&quot;\&quot;%n\&quot;\&quot;%n\&quot;\&quot;%n\&quot;\&quot;%n\&quot;\&quot;%n\&quot;\&quot;%n\&quot;\&quot;%n\&quot;\&quot;%n\&quot;\&quot;%n\&quot;\&quot;%n\&quot;\&quot;%n\&quot;\&quot;%n\&quot;\&quot;%n\&quot;\&quot;%n\&quot;\&quot;%n\&quot;\&quot;%n\&quot;\&quot;%n\&quot;\&quot;%n\&quot;\&quot;%n\&quot;\&quot;%n\&quot;\&quot;%n\&quot;\&quot;%n\&quot;\&quot;%n\&quot;\&quot;%n\&quot;\&quot;%n\&quot;\&quot;%n\&quot;\&quot;%n\&quot;\&quot;%n\&quot;\&quot;%n\&quot;\&quot;%n\&quot;\&quot;%n\&quot;\&quot;%n\&quot;\&quot;%n\&quot;\&quot;%n\&quot;\&quot;%n\&quot;\&quot;%n\&quot;\&quot;%n\&quot;\&quot;%n\&quot;\&quot;%n\&quot;\&quot;%n\&quot;\&quot;%n\&quot;\&quot;%n\&quot;\&quot;%n\&quot;\&quot;%n\&quot;\&quot;%n\&quot;\&quot;%n\&quot;\&quot;%n\&quot;\&quot;%n\&quot;\&quot;%n\&quot;\&quot;%n\&quot;\&quot;%n\&quot;\&quot;%n\&quot;\&quot;%n\&quot;\&quot;%n\&quot;\&quot;%n\&quot;\&quot;%n\&quot;\&quot;%n\&quot;\&quot;%n\&quot;\&quot;%n\&quot;\&quot;%n\&quot;\&quot;%n\&quot;\&quot;%n\&quot;\&quot;%n\&quot;\&quot;%n\&quot;\&quot;%n\&quot;\&quot;%n\&quot;\&quot;%n\&quot;\&quot;%n\&quot;\&quot;%n\&quot;\&quot;%n\&quot;\&quot;%n\&quot;\&quot;%n\&quot;\&quot;%n\&quot;\&quot;%n\&quot;\&quot;%n\&quot;\&quot;%n\&quot;\&quot;%n\&quot;\&quot;%n\&quot;\&quot;%n\&quot;\&quot;%n\&quot;\&quot;%n\&quot;\&quot;%n\&quot;\&quot;%n\&quot;\&quot;%n\&quot;\&quot;%n\&quot;\&quot;%n\&quot;\&quot;%n\&quot;\&quot;%n\&quot;\&quot;%n\&quot;\&quot;%n\&quot;\&quot;%n\&quot;\&quot;%n\&quot;\&quot;%n\&quot;\&quot;%n\&quot;\&quot;%n\&quot;\&quot;%n\&quot;\&quot;%n\&quot;\&quot;%n\&quot;\&quot;%n\&quot;\&quot;%n\&quot;\&quot;%n\&quot;\&quot;%n\&quot;\&quot;%n\&quot;\&quot;%n\&quot;\&quot;%n\&quot;\&quot;%n\&quot;\&quot;%n\&quot;\&quot;%n\&quot;\&quot;%n\&quot;\&quot;%n\&quot;\&quot;%n\&quot;\&quot;%n\&quot;\&quot;%n\&quot;\&quot;%n\&quot;\&quot;%n\&quot;\&quot;%n\&quot;\&quot;%n\&quot;\&quot;%n\&quot;\&quot;%n\&quot;\&quot;%n\&quot;\&quot;%n\&quot;\&quot;%n\&quot;\&quot;%n\&quot;\&quot;%n\&quot;\&quot;%n\&quot;\&quot;%n\&quot;\&quot;%n\&quot;\&quot;%n\&quot;\&quot;%n\&quot;\&quot;%n\&quot;\&quot;%n\&quot;\&quot;%n\&quot;\&quot;%n\&quot;\&quot;%n\&quot;\&quot;%n\&quot;\&quot;%n\&quot;\&quot;%n\&quot;\&quot;%n\&quot;\&quot;%n\&quot;\&quot;%n\&quot;\&quot;%n\&quot;\&quot;%n\&quot;\&quot;%n\&quot;\&quot;%n\&quot;\&quot;%n\&quot;\&quot;%n\&quot;\&quot;%n\&quot;\&quot;%n\&quot;\&quot;%n\&quot;\&quot;%n\&quot;\&quot;%n\&quot;\&quot;%n\&quot;\&quot;%n\&quot;\&quot;%n\&quot;\&quot;%n\&quot;\&quot;%n\&quot;\&quot;%n\&quot;\&quot;%n\&quot;\&quot;%n\&quot;\&quot;%n\&quot;\&quot;%n\&quot;\&quot;%n\&quot;\&quot;%n\&quot;\&quot;%n\&quot;\&quot;%n\&quot;\&quot;%n\&quot;\&quot;%n\&quot;\&quot;%n\&quot;\&quot;%n\&quot;\&quot;%n\&quot;\&quot;%n\&quot;\&quot;%n\&quot;\&quot;%n\&quot;\&quot;%n\&quot;\&quot;%n\&quot;\&quot;%n\&quot;\&quot;%n\&quot;\&quot;%n\&quot;\&quot;%n\&quot;\&quot;%n\&quot;\&quot;%n\&quot;\&quot;%n\&quot;\&quot;%n\&quot;\&quot;%n\&quot;\&quot;%n\&quot;\&quot;%n\&quot;\&quot;%n\&quot;\&quot;%n\&quot;\&quot;%n\&quot;\&quot;%n\&quot;\&quot;%n\&quot;\&quot;%n\&quot;\&quot;%n\&quot;\&quot;%n\&quot;\&quot;%n\&quot;\&quot;%n\&quot;\&quot;%n\&quot;\&quot;%n\&quot;\&quot;%n\&quot;\&quot;%n\&quot;\&quot;%n\&quot;\&quot;%n\&quot;\&quot;%n\&quot;\&quot;%n\&quot;\&quot;%n\&quot;\&quot;%n\&quot;\&quot;%n\&quot;\&quot;%n\&quot;\&quot;%n\&quot;\&quot;%n\&quot;\&quot;%n\&quot;\&quot;%n\&quot;\&quot;%n\&quot;\&quot;%n\&quot;\&quot;%n\&quot;\&quot;%n\&quot;\&quot;%n\&quot;\&quot;%n\&quot;\&quot;%n\&quot;\&quot;%n\&quot;\&quot;%n\&quot;\&quot;%n\&quot;\&quot;%n\&quot;\&quot;%n\&quot;\&quot;%n\&quot;\&quot;%n\&quot;\&quot;%n\&quot;\&quot;%n\&quot;\&quot;%n\&quot;\&quot;%n\&quot;\&quot;%n\&quot;\&quot;%n\&quot;\&quot;%n\&quot;\&quot;%n\&quot;\&quot;%n\&quot;\&quot;%n\&quot;\&quot;%n\&quot;\&quot;%n\&quot;\&quot;%n\&quot;\&quot;%n\&quot;\&quot;%n\&quot;\&quot;%n\&quot;\&quot;%n\&quot;\&quot;%n\&quot;\&quot;%n\&quot;\&quot;%n\&quot;\&quot;%n\&quot;\&quot;%n\&quot;\&quot;%n\&quot;\&quot;%n\&quot;\&quot;%n\&quot;\&quot;%n\&quot;\&quot;%n\&quot;\&quot;%n\&quot;\&quot;%n\&quot;\&quot;%n\&quot;\&quot;%n\&quot;\&quot;%n\&quot;\&quot;%n\&quot;\&quot;%n\&quot;\&quot;%n\&quot;\&quot;%n\&quot;\&quot;%n\&quot;\&quot;%n\&quot;\&quot;%n\&quot;\&quot;%n\&quot;\&quot;%n\&quot;\&quot;%n\&quot;\&quot;%n\&quot;\&quot;%n\&quot;\&quot;%n\&quot;\&quot;%n\&quot;\&quot;%n\&quot;\&quot;%n\&quot;\&quot;%n\&quot;\&quot;%n\&quot;\&quot;%n\&quot;\&quot;%n\&quot;\&quot;%n\&quot;\&quot;%n\&quot;\&quot;%n\&quot;\&quot;%n\&quot;\&quot;%n\&quot;\&quot;%n\&quot;\&quot;%n\&quot;\&quot;%n\&quot;\&quot;%n\&quot;\&quot;%n\&quot;\&quot;%n\&quot;\&quot;%n\&quot;\&quot;%n\&quot;\&quot;%n\&quot;\&quot;%n\&quot;\&quot;%n\&quot;\&quot;%n\&quot;\&quot;%n\&quot;\&quot;%n\&quot;\&quot;%n\&quot;\&quot;%n\&quot;\&quot;%n\&quot;\&quot;%n\&quot;\&quot;%n\&quot;\&quot;%n\&quot;\&quot;%n\&quot;\&quot;%n\&quot;\&quot;%n\&quot;\&quot;%n\&quot;\&quot;%n\&quot;\&quot;%n\&quot;\&quot;%n\&quot;\&quot;%n\&quot;\&quot;%n\&quot;\&quot;%n\&quot;\&quot;%n\&quot;\&quot;%n\&quot;\&quot;%n\&quot;\&quot;%n\&quot;\&quot;%n\&quot;\&quot;%n\&quot;\&quot;%n\&quot;\&quot;%n\&quot;\&quot;%n\&quot;\&quot;%n\&quot;\&quot;%n\&quot;\&quot;%n\&quot;\&quot;%n\&quot;\&quot;%n\&quot;\&quot;%n\&quot;\&quot;%n\&quot;\&quot;%n\&quot;\&quot;%n\&quot;\&quot;%n\&quot;\&quot;%n\&quot;\&quot;%n\&quot;\&quot;%n\&quot;\&quot;%n\&quot;\&quot;%n\&quot;\&quot;%n\&quot;\&quot;%n\&quot;\&quot;%n\&quot;\&quot;%n\&quot;\&quot;%n\&quot;\&quot;%n\&quot;\&quot;%n\&quot;\&quot;%n\&quot;\&quot;%n\&quot;\&quot;%n\&quot;\&quot;%n\&quot;\&quot;%n\&quot;\&quot;%n\&quot;\&quot;%n\&quot;\&quot;%n\&quot;\&quot;%n\&quot;\&quot;%n\&quot;\&quot;%n\&quot;\&quot;%n\&quot;\&quot;%n\&quot;\&quot;%n\&quot;\&quot;%n\&quot;\&quot;%n\&quot;\&quot;%n\&quot;\&quot;%n\&quot;\&quot;%n\&quot;\&quot;%n\&quot;\&quot;%n\&quot;\&quot;%n\&quot;\&quot;%n\&quot;\&quot;%n\&quot;\&quot;%n\&quot;\&quot;%n\&quot;\&quot;%n\&quot;\&quot;%n\&quot;\&quot;%n\&quot;\&quot;%n\&quot;\&quot;%n\&quot;\&quot;%n\&quot;\&quot;%n\&quot;\&quot;%n\&quot;\&quot;%n\&quot;\&quot;%n\&quot;\&quot;%n\&quot;\&quot;%n\&quot;\&quot;%n\&quot;\&quot;%n\&quot;\&quot;%n\&quot;\&quot;%n\&quot;\&quot;%n\&quot;\&quot;%n\&quot;\&quot;%n\&quot;\&quot;%n\&quot;\&quot;%n\&quot;\&quot;%n\&quot;\&quot;%n\&quot;\&quot;%n\&quot;\&quot;%n\&quot;\&quot;%n\&quot;\&quot;%n\&quot;\&quot;%n\&quot;\&quot;%n\&quot;\&quot;%n\&quot;\&quot;%n\&quot;\&quot;%n\&quot;\&quot;%n\&quot;\&quot;%n\&quot;\&quot;%n\&quot;\&quot;%n\&quot;\&quot;%n\&quot;\&quot;%n\&quot;\&quot;%n\&quot;\&quot;%n\&quot;\&quot;%n\&quot;\&quot;%n\&quot;\&quot;%n\&quot;\&quot;%n\&quot;\&quot;%n\&quot;\&quot;%n\&quot;\&quot;%n\&quot;\&quot;%n\&quot;\&quot;%n\&quot;\&quot;%n\&quot;\&quot;%n\&quot;\&quot;%n\&quot;\&quot;%n\&quot;\&quot;%n\&quot;\&quot;%n\&quot;\&quot;%n\&quot;\&quot;%n\&quot;\&quot;%n\&quot;\&quot;%n\&quot;\&quot;%n\&quot;\&quot;%n\&quot;\&quot;%n\&quot;\&quot;%n\&quot;\&quot;%n\&quot;\&quot;%n\&quot;\&quot;%n\&quot;\&quot;%n\&quot;\&quot;%n\&quot;\&quot;%n\&quot;\&quot;%n\&quot;\&quot;%n\&quot;\&quot;%n\&quot;\&quot;%n\&quot;\&quot;%n\&quot;\&quot;%n\&quot;\&quot;%n\&quot;\&quot;%n\&quot;\&quot;%n\&quot;\&quot;%n\&quot;\&quot;%n\&quot;\&quot;%n\&quot;\&quot;%n\&quot;\&quot;%n\&quot;\&quot;%n\&quot;\&quot;%n\&quot;\&quot;%n\&quot;\&quot;%n\&quot;\&quot;%n\&quot;\&quot;%n\&quot;\&quot;%n\&quot;\&quot;%n\&quot;\&quot;%n\&quot;\&quot;%n\&quot;\&quot;%n\&quot;\&quot;%n\&quot;\&quot;%n\&quot;\&quot;%n\&quot;\&quot;%n\&quot;\&quot;%n\&quot;\&quot;%n\&quot;\&quot;%n\&quot;\&quot;%n\&quot;\&quot;%n\&quot;\&quot;%n\&quot;\&quot;%n\&quot;\&quot;%n\&quot;\&quot;%n\&quot;\&quot;%n\&quot;\&quot;%n\&quot;\&quot;%n\&quot;\&quot;%n\&quot;\&quot;%n\&quot;\&quot;%n\&quot;\&quot;%n\&quot;\&quot;%n\&quot;\&quot;%n\&quot;\&quot;%n\&quot;\&quot;%n\&quot;\&quot;%n\&quot;\&quot;%n\&quot;\&quot;%n\&quot;\&quot;%n\&quot;\&quot;%n\&quot;\&quot;%n\&quot;\&quot;%n\&quot;\&quot;%n\&quot;\&quot;%n\&quot;\&quot;%n\&quot;\&quot;%n\&quot;\&quot;%n\&quot;\&quot;%n\&quot;\&quot;%n\&quot;\&quot;%n\&quot;\&quot;%n\&quot;\&quot;%n\&quot;\&quot;%n\&quot;\&quot;%n\&quot;\&quot;%n\&quot;\&quot;%n\&quot;\&quot;%n\&quot;\&quot;%n\&quot;\&quot;%n\&quot;\&quot;%n\&quot;\&quot;%n\&quot;\&quot;%n\&quot;\&quot;%n\&quot;\&quot;%n\&quot;\&quot;%n\&quot;\&quot;%n\&quot;\&quot;%n\&quot;\&quot;%n\&quot;\&quot;%n\&quot;\&quot;%n\&quot;\&quot;%n\&quot;\&quot;%n\&quot;\&quot;%n\&quot;\&quot;%n\&quot;\&quot;%n\&quot;\&quot;%n\&quot;\&quot;%n\&quot;\&quot;%n\&quot;\&quot;%n\&quot;\&quot;%n\&quot;\&quot;%n\&quot;\&quot;%n\&quot;\&quot;%n\&quot;\&quot;%n\&quot;\&quot;%n\&quot;\&quot;%n\&quot;\&quot;%n\&quot;\&quot;%n\&quot;\&quot;%n\&quot;\&quot;%n\&quot;\&quot;%n\&quot;\&quot;%n\&quot;\&quot;%n\&quot;\&quot;%n\&quot;\&quot;%n\&quot;\&quot;%n\&quot;\&quot;%n\&quot;\&quot;%n\&quot;\&quot;%n\&quot;\&quot;%n\&quot;\&quot;%n\&quot;\&quot;%n\&quot;\&quot;%n\&quot;\&quot;%n\&quot;\&quot;%n\&quot;\&quot;%n\&quot;\&quot;%n\&quot;\&quot;%n\&quot;\&quot;%n\&quot;\&quot;%n\&quot;\&quot;%n\&quot;\&quot;%n\&quot;\&quot;%n\&quot;\&quot;%n\&quot;\&quot;%n\&quot;\&quot;%n\&quot;\&quot;%n\&quot;\&quot;%n\&quot;\&quot;%n\&quot;\&quot;%n\&quot;\&quot;%n\&quot;\&quot;%n\&quot;\&quot;%n\&quot;\&quot;%n\&quot;\&quot;%n\&quot;\&quot;%n\&quot;\&quot;%n\&quot;\&quot;%n\&quot;\&quot;%n\&quot;\&quot;%n\&quot;\&quot;%n\&quot;\&quot;%n\&quot;\&quot;%n\&quot;\&quot;%n\&quot;\&quot;%n\&quot;\&quot;%n\&quot;\&quot;%n\&quot;\&quot;%n\&quot;\&quot;%n\&quot;\&quot;%n\&quot;\&quot;%n\&quot;\&quot;%n\&quot;\&quot;%n\&quot;\&quot;%n\&quot;\&quot;%n\&quot;\&quot;%n\&quot;\&quot;%n\&quot;\&quot;%n\&quot;\&quot;%n\&quot;\&quot;%n\&quot;\&quot;%n\&quot;\&quot;%n\&quot;\&quot;%n\&quot;\&quot;%n\&quot;\&quot;%n\&quot;\&quot;%n\&quot;\&quot;%n\&quot;\&quot;%n\&quot;\&quot;%n\&quot;\&quot;%n\&quot;\&quot;%n\&quot;\&quot;%n\&quot;\&quot;%n\&quot;\&quot;%n\&quot;\&quot;%n\&quot;&quot;, &quot;request_method&quot;: &quot;GET&quot;, &quot;request_headers&quot;: &quot;{\&quot;User-Agent\&quot;: \&quot;APIFuzzer 0.9.13\&quot;, \&quot;Accept-Encoding\&quot;: \&quot;gzip, deflate\&quot;, \&quot;Accept\&quot;: \&quot;*/*\&quot;, \&quot;Connection\&quot;: \&quot;keep-alive\&quot;, \&quot;Content-Type\&quot;: \&quot;application/json\&quot;}&quot;, &quot;request_body&quot;: {}, &quot;response&quot;: &quot;&quot;, &quot;parsed_status_code&quot;: 500, &quot;reason&quot;: &quot;failed&quot;}"/>
		</testcase>
		<testcase name="542" time="0.552835" timestamp="1727453349.713875" status="failed">
			<failure type="failure" message="{&quot;status&quot;: &quot;failed&quot;, &quot;name&quot;: {}, &quot;sub_reports&quot;: [], &quot;test_number&quot;: 542, &quot;state&quot;: &quot;COMPLETED&quot;, &quot;request_url&quot;: &quot;https://virtserver.swaggerhub.com/AAYUSHGARGBU/api_petstore/1.0.0/user/login?username=asd&amp;password=\&quot;%n\&quot;\&quot;%n\&quot;\&quot;%n\&quot;\&quot;%n\&quot;\&quot;%n\&quot;\&quot;%n\&quot;\&quot;%n\&quot;\&quot;%n\&quot;\&quot;%n\&quot;\&quot;%n\&quot;\&quot;%n\&quot;\&quot;%n\&quot;\&quot;%n\&quot;\&quot;%n\&quot;\&quot;%n\&quot;\&quot;%n\&quot;\&quot;%n\&quot;\&quot;%n\&quot;\&quot;%n\&quot;\&quot;%n\&quot;\&quot;%n\&quot;\&quot;%n\&quot;\&quot;%n\&quot;\&quot;%n\&quot;\&quot;%n\&quot;\&quot;%n\&quot;\&quot;%n\&quot;\&quot;%n\&quot;\&quot;%n\&quot;\&quot;%n\&quot;\&quot;%n\&quot;\&quot;%n\&quot;\&quot;%n\&quot;\&quot;%n\&quot;\&quot;%n\&quot;\&quot;%n\&quot;\&quot;%n\&quot;\&quot;%n\&quot;\&quot;%n\&quot;\&quot;%n\&quot;\&quot;%n\&quot;\&quot;%n\&quot;\&quot;%n\&quot;\&quot;%n\&quot;\&quot;%n\&quot;\&quot;%n\&quot;\&quot;%n\&quot;\&quot;%n\&quot;\&quot;%n\&quot;\&quot;%n\&quot;\&quot;%n\&quot;\&quot;%n\&quot;\&quot;%n\&quot;\&quot;%n\&quot;\&quot;%n\&quot;\&quot;%n\&quot;\&quot;%n\&quot;\&quot;%n\&quot;\&quot;%n\&quot;\&quot;%n\&quot;\&quot;%n\&quot;\&quot;%n\&quot;\&quot;%n\&quot;\&quot;%n\&quot;\&quot;%n\&quot;\&quot;%n\&quot;\&quot;%n\&quot;\&quot;%n\&quot;\&quot;%n\&quot;\&quot;%n\&quot;\&quot;%n\&quot;\&quot;%n\&quot;\&quot;%n\&quot;\&quot;%n\&quot;\&quot;%n\&quot;\&quot;%n\&quot;\&quot;%n\&quot;\&quot;%n\&quot;\&quot;%n\&quot;\&quot;%n\&quot;\&quot;%n\&quot;\&quot;%n\&quot;\&quot;%n\&quot;\&quot;%n\&quot;\&quot;%n\&quot;\&quot;%n\&quot;\&quot;%n\&quot;\&quot;%n\&quot;\&quot;%n\&quot;\&quot;%n\&quot;\&quot;%n\&quot;\&quot;%n\&quot;\&quot;%n\&quot;\&quot;%n\&quot;\&quot;%n\&quot;\&quot;%n\&quot;\&quot;%n\&quot;\&quot;%n\&quot;\&quot;%n\&quot;\&quot;%n\&quot;\&quot;%n\&quot;\&quot;%n\&quot;\&quot;%n\&quot;\&quot;%n\&quot;\&quot;%n\&quot;\&quot;%n\&quot;\&quot;%n\&quot;\&quot;%n\&quot;\&quot;%n\&quot;\&quot;%n\&quot;\&quot;%n\&quot;\&quot;%n\&quot;\&quot;%n\&quot;\&quot;%n\&quot;\&quot;%n\&quot;\&quot;%n\&quot;\&quot;%n\&quot;\&quot;%n\&quot;\&quot;%n\&quot;\&quot;%n\&quot;\&quot;%n\&quot;\&quot;%n\&quot;\&quot;%n\&quot;\&quot;%n\&quot;\&quot;%n\&quot;\&quot;%n\&quot;\&quot;%n\&quot;\&quot;%n\&quot;&quot;, &quot;request_method&quot;: &quot;GET&quot;, &quot;request_headers&quot;: &quot;{\&quot;User-Agent\&quot;: \&quot;APIFuzzer 0.9.13\&quot;, \&quot;Accept-Encoding\&quot;: \&quot;gzip, deflate\&quot;, \&quot;Accept\&quot;: \&quot;*/*\&quot;, \&quot;Connection\&quot;: \&quot;keep-alive\&quot;, \&quot;Content-Type\&quot;: \&quot;application/json\&quot;}&quot;, &quot;request_body&quot;: {}, &quot;response&quot;: &quot;&quot;, &quot;parsed_status_code&quot;: 500, &quot;reason&quot;: &quot;failed&quot;}"/>
		</testcase>
		<testcase name="543" time="0.560689" timestamp="1727453350.2895951" status="failed">
			<failure type="failure" message="{&quot;status&quot;: &quot;failed&quot;, &quot;name&quot;: {}, &quot;sub_reports&quot;: [], &quot;test_number&quot;: 543, &quot;state&quot;: &quot;COMPLETED&quot;, &quot;request_url&quot;: &quot;https://virtserver.swaggerhub.com/AAYUSHGARGBU/api_petstore/1.0.0/user/login?username=asd&amp;password=\&quot;%n\&quot;\&quot;%n\&quot;\&quot;%n\&quot;\&quot;%n\&quot;\&quot;%n\&quot;\&quot;%n\&quot;\&quot;%n\&quot;\&quot;%n\&quot;\&quot;%n\&quot;\&quot;%n\&quot;\&quot;%n\&quot;\&quot;%n\&quot;\&quot;%n\&quot;\&quot;%n\&quot;\&quot;%n\&quot;\&quot;%n\&quot;&quot;, &quot;request_method&quot;: &quot;GET&quot;, &quot;request_headers&quot;: &quot;{\&quot;User-Agent\&quot;: \&quot;APIFuzzer 0.9.13\&quot;, \&quot;Accept-Encoding\&quot;: \&quot;gzip, deflate\&quot;, \&quot;Accept\&quot;: \&quot;*/*\&quot;, \&quot;Connection\&quot;: \&quot;keep-alive\&quot;, \&quot;Content-Type\&quot;: \&quot;application/json\&quot;}&quot;, &quot;request_body&quot;: {}, &quot;response&quot;: &quot;&quot;, &quot;parsed_status_code&quot;: 500, &quot;reason&quot;: &quot;failed&quot;}"/>
		</testcase>
		<testcase name="544" time="0.542794" timestamp="1727453350.8475885" status="failed">
			<failure type="failure" message="{&quot;status&quot;: &quot;failed&quot;, &quot;name&quot;: {}, &quot;sub_reports&quot;: [], &quot;test_number&quot;: 544, &quot;state&quot;: &quot;COMPLETED&quot;, &quot;request_url&quot;: &quot;https://virtserver.swaggerhub.com/AAYUSHGARGBU/api_petstore/1.0.0/user/login?username=asd&amp;password=\&quot;%n\&quot;\&quot;%n\&quot;&quot;, &quot;request_method&quot;: &quot;GET&quot;, &quot;request_headers&quot;: &quot;{\&quot;User-Agent\&quot;: \&quot;APIFuzzer 0.9.13\&quot;, \&quot;Accept-Encoding\&quot;: \&quot;gzip, deflate\&quot;, \&quot;Accept\&quot;: \&quot;*/*\&quot;, \&quot;Connection\&quot;: \&quot;keep-alive\&quot;, \&quot;Content-Type\&quot;: \&quot;application/json\&quot;}&quot;, &quot;request_body&quot;: {}, &quot;response&quot;: &quot;&quot;, &quot;parsed_status_code&quot;: 500, &quot;reason&quot;: &quot;failed&quot;}"/>
		</testcase>
		<testcase name="545" time="0.554961" timestamp="1727453351.417264" status="failed">
			<failure type="failure" message="{&quot;status&quot;: &quot;failed&quot;, &quot;name&quot;: {}, &quot;sub_reports&quot;: [], &quot;test_number&quot;: 545, &quot;state&quot;: &quot;COMPLETED&quot;, &quot;request_url&quot;: &quot;https://virtserver.swaggerhub.com/AAYUSHGARGBU/api_petstore/1.0.0/user/login?username=asd&amp;password=%.16705u%2\\$hn&quot;, &quot;request_method&quot;: &quot;GET&quot;, &quot;request_headers&quot;: &quot;{\&quot;User-Agent\&quot;: \&quot;APIFuzzer 0.9.13\&quot;, \&quot;Accept-Encoding\&quot;: \&quot;gzip, deflate\&quot;, \&quot;Accept\&quot;: \&quot;*/*\&quot;, \&quot;Connection\&quot;: \&quot;keep-alive\&quot;, \&quot;Content-Type\&quot;: \&quot;application/json\&quot;}&quot;, &quot;request_body&quot;: {}, &quot;response&quot;: &quot;&quot;, &quot;parsed_status_code&quot;: 500, &quot;reason&quot;: &quot;failed&quot;}"/>
		</testcase>
		<testcase name="601" time="0.554827" timestamp="1727453380.0632796" status="failed">
			<failure type="failure" message="{&quot;status&quot;: &quot;failed&quot;, &quot;name&quot;: {}, &quot;sub_reports&quot;: [], &quot;test_number&quot;: 601, &quot;state&quot;: &quot;COMPLETED&quot;, &quot;request_url&quot;: &quot;https://virtserver.swaggerhub.com/AAYUSHGARGBU/api_petstore/1.0.0/user/login?username=asd&amp;password=%u0000&quot;, &quot;request_method&quot;: &quot;GET&quot;, &quot;request_headers&quot;: &quot;{\&quot;User-Agent\&quot;: \&quot;APIFuzzer 0.9.13\&quot;, \&quot;Accept-Encoding\&quot;: \&quot;gzip, deflate\&quot;, \&quot;Accept\&quot;: \&quot;*/*\&quot;, \&quot;Connection\&quot;: \&quot;keep-alive\&quot;, \&quot;Content-Type\&quot;: \&quot;application/json\&quot;}&quot;, &quot;request_body&quot;: {}, &quot;response&quot;: &quot;&quot;, &quot;parsed_status_code&quot;: 500, &quot;reason&quot;: &quot;failed&quot;}"/>
		</testcase>
		<testcase name="635" time="0.551001" timestamp="1727453395.8491364" status="failed">
			<failure type="failure" message="{&quot;status&quot;: &quot;failed&quot;, &quot;name&quot;: {}, &quot;sub_reports&quot;: [], &quot;test_number&quot;: 635, &quot;state&quot;: &quot;COMPLETED&quot;, &quot;request_url&quot;: &quot;https://virtserver.swaggerhub.com/AAYUSHGARGBU/api_petstore/1.0.0/pet/findByTags?tags=%&quot;, &quot;request_method&quot;: &quot;GET&quot;, &quot;request_headers&quot;: &quot;{\&quot;User-Agent\&quot;: \&quot;APIFuzzer 0.9.13\&quot;, \&quot;Accept-Encoding\&quot;: \&quot;gzip, deflate\&quot;, \&quot;Accept\&quot;: \&quot;*/*\&quot;, \&quot;Connection\&quot;: \&quot;keep-alive\&quot;, \&quot;Content-Type\&quot;: \&quot;application/json\&quot;}&quot;, &quot;request_body&quot;: {}, &quot;response&quot;: &quot;&quot;, &quot;parsed_status_code&quot;: 500, &quot;reason&quot;: &quot;failed&quot;}"/>
		</testcase>
	</testsuite>
</testsuites>
