======================= Schemathesis test session starts =======================
Schema location: file:///mnt/d/ag/github/lazarus_target_apis/data/api_petstore/api_petstore.json
Base URL: https://virtserver.swaggerhub.com/AAYUSHGARGBU/api_petstore/1.0.0
Specification version: Open API 3.0.0
Random seed: 337869448988567327946910045685622279985
Workers: 1
Collected API operations: 20
Collected API links: 0
API probing: ...API probing: SUCCESS
Schema analysis: ...Schema analysis: SKIP

POST /AAYUSHGARGBU/api_petstore/1.0.0/pet F                               [  5%]
PUT /AAYUSHGARGBU/api_petstore/1.0.0/pet F                                [ 10%]
GET /AAYUSHGARGBU/api_petstore/1.0.0/pet/findByStatus F                   [ 15%]
GET /AAYUSHGARGBU/api_petstore/1.0.0/pet/findByTags F                     [ 20%]
GET /AAYUSHGARGBU/api_petstore/1.0.0/pet/{petId} F                        [ 25%]
POST /AAYUSHGARGBU/api_petstore/1.0.0/pet/{petId} F                       [ 30%]
DELETE /AAYUSHGARGBU/api_petstore/1.0.0/pet/{petId} F                     [ 35%]
POST /AAYUSHGARGBU/api_petstore/1.0.0/pet/{petId}/uploadImage F           [ 40%]
GET /AAYUSHGARGBU/api_petstore/1.0.0/store/inventory F                    [ 45%]
POST /AAYUSHGARGBU/api_petstore/1.0.0/store/order F                       [ 50%]
GET /AAYUSHGARGBU/api_petstore/1.0.0/store/order/{orderId} F              [ 55%]
DELETE /AAYUSHGARGBU/api_petstore/1.0.0/store/order/{orderId} F           [ 60%]
POST /AAYUSHGARGBU/api_petstore/1.0.0/user .                              [ 65%]
POST /AAYUSHGARGBU/api_petstore/1.0.0/user/createWithArray .              [ 70%]
POST /AAYUSHGARGBU/api_petstore/1.0.0/user/createWithList .               [ 75%]
GET /AAYUSHGARGBU/api_petstore/1.0.0/user/login F                         [ 80%]
GET /AAYUSHGARGBU/api_petstore/1.0.0/user/logout .                        [ 85%]
GET /AAYUSHGARGBU/api_petstore/1.0.0/user/{username} F                    [ 90%]
PUT /AAYUSHGARGBU/api_petstore/1.0.0/user/{username} F                    [ 95%]
DELETE /AAYUSHGARGBU/api_petstore/1.0.0/user/{username} F                 [100%]

=================================== FAILURES ===================================
__________________ POST /AAYUSHGARGBU/api_petstore/1.0.0/pet ___________________
1. Test Case ID: 2YTdrm

- Undocumented HTTP status code

    Received: 429
    Documented: 405

[429] Too Many Requests:

    `{"error":"Exceeded rate limit"}`

Reproduce with: 

    curl -X POST -H 'Content-Type: application/json' -d '{"name": "doggie", "photoUrls": []}' https://virtserver.swaggerhub.com/AAYUSHGARGBU/api_petstore/1.0.0/pet

___________________ PUT /AAYUSHGARGBU/api_petstore/1.0.0/pet ___________________
1. Test Case ID: 9lHjx3

- Undocumented HTTP status code

    Received: 429
    Documented: 400, 404, 405

[429] Too Many Requests:

    `{"error":"Exceeded rate limit"}`

Reproduce with: 

    curl -X PUT -H 'Content-Type: application/json' -d '{"name": "doggie", "photoUrls": []}' https://virtserver.swaggerhub.com/AAYUSHGARGBU/api_petstore/1.0.0/pet

____________ GET /AAYUSHGARGBU/api_petstore/1.0.0/pet/findByStatus _____________
1. Test Case ID: 12cOTR

- Undocumented HTTP status code

    Received: 429
    Documented: 200, 400

[429] Too Many Requests:

    `{"error":"Exceeded rate limit"}`

Reproduce with: 

    curl -X GET https://virtserver.swaggerhub.com/AAYUSHGARGBU/api_petstore/1.0.0/pet/findByStatus

_____________ GET /AAYUSHGARGBU/api_petstore/1.0.0/pet/findByTags ______________
1. Test Case ID: eELAkX

- Undocumented HTTP status code

    Received: 429
    Documented: 200, 400

[429] Too Many Requests:

    `{"error":"Exceeded rate limit"}`

Reproduce with: 

    curl -X GET https://virtserver.swaggerhub.com/AAYUSHGARGBU/api_petstore/1.0.0/pet/findByTags

_______________ GET /AAYUSHGARGBU/api_petstore/1.0.0/pet/{petId} _______________
1. Test Case ID: 6M1JN7

- Undocumented HTTP status code

    Received: 429
    Documented: 200, 400, 404

[429] Too Many Requests:

    `{"error":"Exceeded rate limit"}`

Reproduce with: 

    curl -X GET -H 'api_key: [Filtered]' https://virtserver.swaggerhub.com/AAYUSHGARGBU/api_petstore/1.0.0/pet/0

______________ POST /AAYUSHGARGBU/api_petstore/1.0.0/pet/{petId} _______________
1. Test Case ID: xjoUmv

- Undocumented HTTP status code

    Received: 429
    Documented: 405

[429] Too Many Requests:

    `{"error":"Exceeded rate limit"}`

Reproduce with: 

    curl -X POST https://virtserver.swaggerhub.com/AAYUSHGARGBU/api_petstore/1.0.0/pet/0

_____________ DELETE /AAYUSHGARGBU/api_petstore/1.0.0/pet/{petId} ______________
1. Test Case ID: wUPe3L

- Undocumented HTTP status code

    Received: 429
    Documented: 400, 404

[429] Too Many Requests:

    `{"error":"Exceeded rate limit"}`

Reproduce with: 

    curl -X DELETE https://virtserver.swaggerhub.com/AAYUSHGARGBU/api_petstore/1.0.0/pet/0

________ POST /AAYUSHGARGBU/api_petstore/1.0.0/pet/{petId}/uploadImage _________
Internal Error

Schemathesis encountered an unexpected issue.

Traceback (most recent call last):
  File "/usr/local/lib/python3.8/dist-packages/schemathesis/cli/__init__.py", line 1455, in execute
    handler.handle_event(execution_context, event)
  File "/usr/local/lib/python3.8/dist-packages/schemathesis/cli/output/default.py", line 863, in handle_event
    handle_finished(context, event)
  File "/usr/local/lib/python3.8/dist-packages/schemathesis/cli/output/default.py", line 825, in handle_finished
    display_failures(context, event)
  File "/usr/local/lib/python3.8/dist-packages/schemathesis/cli/output/default.py", line 278, in display_failures
    display_failures_for_single_test(context, result)
  File "/usr/local/lib/python3.8/dist-packages/schemathesis/cli/output/default.py", line 289, in display_failures_for_single_test
    for idx, (code_sample, group) in enumerate(group_by_case(result.checks, context.code_sample_style), 1):
  File "/usr/local/lib/python3.8/dist-packages/schemathesis/cli/reporting.py", line 20, in group_by_case
    checks = sorted(checks, key=lambda c: _by_unique_code_sample(c, code_sample_style))
  File "/usr/local/lib/python3.8/dist-packages/schemathesis/cli/reporting.py", line 20, in <lambda>
    checks = sorted(checks, key=lambda c: _by_unique_code_sample(c, code_sample_style))
  File "/usr/local/lib/python3.8/dist-packages/schemathesis/cli/reporting.py", line 25, in _by_unique_code_sample
    request_body = base64.b64decode(check.example.body).decode() if check.example.body is not None else None
UnicodeDecodeError: 'utf-8' codec can't decode byte 0xf2 in position 0: unexpected end of data

We apologize for the inconvenience. This appears to be an internal issue.
Please consider reporting this error to our issue tracker:

  https://github.com/schemathesis/schemathesis/issues/new?labels=Status%3A%20Needs%20Triage%2C+Type%3A+Bug&template=bug_report.md&title=%5BBUG%5D.
