======================= Schemathesis test session starts =======================
Schema location: file:///mnt/d/ag/github/lazarus_target_apis/data/api_simple_items/api_simple_items.json
Base URL: https://virtserver.swaggerhub.com/AAYUSHGARGBU/Simple_API/1.0.0
Specification version: Open API 3.0.0
Random seed: 170693367387280506964787348473480150886
Workers: 1
Collected API operations: 5
Collected API links: 0
API probing: ...API probing: SUCCESS
Schema analysis: ...Schema analysis: SKIP

GET /AAYUSHGARGBU/Simple_API/1.0.0/items .                                [ 20%]
POST /AAYUSHGARGBU/Simple_API/1.0.0/items F                               [ 40%]
GET /AAYUSHGARGBU/Simple_API/1.0.0/items/{itemId} F                       [ 60%]
PUT /AAYUSHGARGBU/Simple_API/1.0.0/items/{itemId} F                       [ 80%]
DELETE /AAYUSHGARGBU/Simple_API/1.0.0/items/{itemId} F                    [100%]

=================================== FAILURES ===================================
__________________ POST /AAYUSHGARGBU/Simple_API/1.0.0/items ___________________
[FLAKY] Schemathesis was not able to reliably reproduce this failure

1. Test Case ID: QdpUxA

- Undocumented HTTP status code

    Received: 429
    Documented: 201

[429] Too Many Requests:

    `{"error":"Exceeded rate limit"}`

Reproduce with: 

    curl -X POST -H 'Content-Type: application/json' -d '{"id": 6089, "name": "\udbf3\udea8\uda05\udcef\ud887\ude8en\u0089\u00a51", "\u00cf\u00f4Pc\u00d5\u0098\u00b1\udbef\ude3a\u00e4\u00c4\u0002U": {"\u00b4\u00a9\u009d": [], "": {}, "\u00de\u00fc\ud9a4\udd0f": {"\u00b1\u008e": "^\u00e4\udb1b\ude15^\u0093\u00e1\ud9d1\udc83\u00c6W\u000en\ud818\udc96\u009c\u008a\u0099", "n\u00bd\u00a3\ud98a\udd88\u00d8\u00ef\u00ab\u008b": 115}}, "\u000b\u00c1\u0002N1}2": [{"I\u0019\u00f2": [], "2": []}], "\ud882\udfad\u00bfe": [], "": [[], {}, {"\u00b3": null, "": {}}], "\u0300\"": null}' https://virtserver.swaggerhub.com/AAYUSHGARGBU/Simple_API/1.0.0/items

______________ GET /AAYUSHGARGBU/Simple_API/1.0.0/items/{itemId} _______________
[FLAKY] Schemathesis was not able to reliably reproduce this failure

1. Test Case ID: 0N32BU

- Undocumented HTTP status code

    Received: 429
    Documented: 200

[429] Too Many Requests:

    `{"error":"Exceeded rate limit"}`

Reproduce with: 

    curl -X GET https://virtserver.swaggerhub.com/AAYUSHGARGBU/Simple_API/1.0.0/items/null

______________ PUT /AAYUSHGARGBU/Simple_API/1.0.0/items/{itemId} _______________
1. Test Case ID: 7f6FX9

- Undocumented HTTP status code

    Received: 429
    Documented: 200

[429] Too Many Requests:

    `{"error":"Exceeded rate limit"}`

Reproduce with: 

    curl -X PUT -H 'Content-Type: application/json' -d '{"id": 0, "name": ""}' https://virtserver.swaggerhub.com/AAYUSHGARGBU/Simple_API/1.0.0/items/0

_____________ DELETE /AAYUSHGARGBU/Simple_API/1.0.0/items/{itemId} _____________
1. Test Case ID: tKqSUi

- Undocumented HTTP status code

    Received: 429
    Documented: 204

[429] Too Many Requests:

    `{"error":"Exceeded rate limit"}`

Reproduce with: 

    curl -X DELETE https://virtserver.swaggerhub.com/AAYUSHGARGBU/Simple_API/1.0.0/items/0

=================================== SUMMARY ====================================

Performed checks:
    not_a_server_error                              51 / 51 passed          PASSED 
    status_code_conformance                         21 / 51 passed          FAILED 
    content_type_conformance                        51 / 51 passed          PASSED 
    response_headers_conformance                    51 / 51 passed          PASSED 
    response_schema_conformance                     51 / 51 passed          PASSED 

Note: Use the 'X-Schemathesis-TestCaseId' header to correlate test case ids from failure messages with server logs for debugging.

Note: To replicate these test failures, rerun with `--hypothesis-seed=170693367387280506964787348473480150886`

Tip: Use the `--report` CLI option to visualize test results via Schemathesis.io.
We run additional conformance checks on reports from public repos.

========================= 1 passed, 4 failed in 7.44s ==========================
