======================= Schemathesis test session starts =======================
Schema location: file:///mnt/d/ag/github/lazarus_target_apis/data/api_simple_items/api_simple_items.json
Base URL: https://virtserver.swaggerhub.com/AAYUSHGARGBU/Simple_API/1.0.0
Specification version: Open API 3.0.0
Random seed: 308002852742753212645133188813298470712
Workers: 1
Collected API operations: 5
Collected API links: 0
API probing: ...API probing: SUCCESS
Schema analysis: ...Schema analysis: SKIP

GET /AAYUSHGARGBU/Simple_API/1.0.0/items .                                [ 20%]
POST /AAYUSHGARGBU/Simple_API/1.0.0/items F                               [ 40%]
GET /AAYUSHGARGBU/Simple_API/1.0.0/items/{itemId} F                       [ 60%]
PUT /AAYUSHGARGBU/Simple_API/1.0.0/items/{itemId} F                       [ 80%]
DELETE /AAYUSHGARGBU/Simple_API/1.0.0/items/{itemId} F                    [100%]

=================================== FAILURES ===================================
__________________ POST /AAYUSHGARGBU/Simple_API/1.0.0/items ___________________
[FLAKY] Schemathesis was not able to reliably reproduce this failure

1. Test Case ID: 7nEEZw

- Undocumented HTTP status code

    Received: 429
    Documented: 201

[429] Too Many Requests:

    `{"error":"Exceeded rate limit"}`

Reproduce with: 

    curl -X POST -H 'Content-Type: application/json' -d '{"id": 10163, "name": "\u00f8", "\u00af?": {"\u0014\u00a1u": {}, "": 10000000.0, "\u00c9\u00b7\u00de\u0090\u008c\u00a5\u0092\uda6a\udd38\u00c3\u00be": [{}, [null], [40, true, false]]}, "\u00a3": [[{"\udb23\udf25\uda66\ude83\uda0d\udfcc_\u001a\u00dc\u00aa\u0014\u00df\ud812\udd7a": [], "\udb16\udda1": [], "\ud8d6\udf5f$\udbea\udea2.#": {"\t\u00ed": false, "\u00cf\u9bcd\uda65\udc75\u0001\u00c7<\udb6f\udfc7uy": true, "\u00adil": false}}, {}, null], {}, -80], "34": {"": [], "\u0088": "\u0081_\u0002\u000e", "927\ud882\ude06025": null}}' https://virtserver.swaggerhub.com/AAYUSHGARGBU/Simple_API/1.0.0/items

______________ GET /AAYUSHGARGBU/Simple_API/1.0.0/items/{itemId} _______________
1. Test Case ID: T631Ve

- Undocumented HTTP status code

    Received: 429
    Documented: 200

[429] Too Many Requests:

    `{"error":"Exceeded rate limit"}`

Reproduce with: 

    curl -X GET https://virtserver.swaggerhub.com/AAYUSHGARGBU/Simple_API/1.0.0/items/0

______________ PUT /AAYUSHGARGBU/Simple_API/1.0.0/items/{itemId} _______________
1. Test Case ID: 9pzL4t

- Undocumented HTTP status code

    Received: 429
    Documented: 200

[429] Too Many Requests:

    `{"error":"Exceeded rate limit"}`

Reproduce with: 

    curl -X PUT -H 'Content-Type: application/json' -d '{"id": 0, "name": ""}' https://virtserver.swaggerhub.com/AAYUSHGARGBU/Simple_API/1.0.0/items/0

_____________ DELETE /AAYUSHGARGBU/Simple_API/1.0.0/items/{itemId} _____________
[FLAKY] Schemathesis was not able to reliably reproduce this failure

1. Test Case ID: amT8XM

- Undocumented HTTP status code

    Received: 429
    Documented: 204

[429] Too Many Requests:

    `{"error":"Exceeded rate limit"}`

Reproduce with: 

    curl -X DELETE https://virtserver.swaggerhub.com/AAYUSHGARGBU/Simple_API/1.0.0/items/899

=================================== SUMMARY ====================================

Performed checks:
    not_a_server_error                              57 / 57 passed          PASSED 
    status_code_conformance                         28 / 57 passed          FAILED 
    content_type_conformance                        57 / 57 passed          PASSED 
    response_headers_conformance                    57 / 57 passed          PASSED 
    response_schema_conformance                     57 / 57 passed          PASSED 

Note: Use the 'X-Schemathesis-TestCaseId' header to correlate test case ids from failure messages with server logs for debugging.

Note: To replicate these test failures, rerun with `--hypothesis-seed=308002852742753212645133188813298470712`

Tip: Use the `--report` CLI option to visualize test results via Schemathesis.io.
We run additional conformance checks on reports from public repos.

========================= 1 passed, 4 failed in 9.72s ==========================
