<?xml version="1.0" ?>
<testsuites disabled="0" errors="0" failures="52" tests="52" time="29.717734775855206">
	<testsuite disabled="0" errors="0" failures="52" name="API Fuzzer" skipped="0" tests="52" time="29.717734775855206" timestamp="1727575226.1593587">
		<testcase name="8" time="0.553201" timestamp="1727574079.5019636" status="failed">
			<failure type="failure" message="{&quot;status&quot;: &quot;failed&quot;, &quot;name&quot;: {}, &quot;sub_reports&quot;: [], &quot;test_number&quot;: 8, &quot;state&quot;: &quot;COMPLETED&quot;, &quot;request_url&quot;: &quot;https://virtserver.swaggerhub.com/AAYUSHGARGBU/api_iot/1.0.0/devices?limit=%s%s%s%s%s%s%s%s%s%s%s%s%s%s%s%s%s%s%s%s%s%s%s%s%s%s%s%s%s%s%s%s%s%s%s%s%s%s%s%s%s%s%s%s%s%s%s%s%s%s%s%s%s%s%s%s%s%s%s%s%s%s%s%s%s%s%s%s%s%s%s%s%s%s%s%s%s%s%s%s%s%s%s%s%s%s%s%s%s%s%s%s%s%s%s%s%s%s%s%s%s%s%s%s%s%s%s%s%s%s%s%s%s%s%s%s%s%s%s%s%s%s%s%s%s%s%s%s%s%s%s%s%s%s%s%s%s%s%s%s%s%s%s%s%s%s%s%s%s%s%s%s%s%s%s%s%s%s%s%s%s%s%s%s%s%s%s%s%s%s%s%s%s%s%s%s%s%s%s%s%s%s%s%s%s%s%s%s%s%s%s%s%s%s%s%s%s%s%s%s%s%s%s%s%s%s%s%s%s%s%s%s%s%s%s%s%s%s%s%s%s%s%s%s%s%s%s%s%s%s%s%s%s%s%s%s%s%s%s%s%s%s%s%s%s%s%s%s%s%s%s%s%s%s%s%s%s%s%s%s%s%s%s%s%s%s%s%s%s%s%s%s%s%s%s%s%s%s%s%s%s%s%s%s%s%s%s%s%s%s%s%s%s%s%s%s%s%s%s%s%s%s%s%s%s%s%s%s%s%s%s%s%s%s%s%s%s%s%s%s%s%s%s%s%s%s%s%s%s%s%s%s%s%s%s%s%s%s%s%s%s%s%s%s%s%s%s%s%s%s%s%s%s%s%s%s%s%s%s%s%s%s%s%s%s%s%s%s%s%s%s%s%s%s%s%s%s%s%s%s%s%s%s%s%s%s%s%s%s%s%s%s%s%s%s%s%s%s%s%s%s%s%s%s%s%s%s%s%s%s%s%s%s%s%s%s%s%s%s%s%s%s%s%s%s%s%s%s%s%s%s%s%s%s%s%s%s%s%s%s%s%s%s%s%s%s%s%s%s%s%s%s%s%s%s%s%s%s%s%s%s%s%s%s%s%s%s%s%s%s%s%s%s%s%s%s%s%s%s%s%s%s%s%s%s%s%s%s%s%s%s%s%s%s%s%s%s%s%s%s%s%s%s%s%s%s%s%s%s%s%s%s%s%s%s%s%s%s%s%s%s%s%s%s%s%s%s%s%s%s%s%s%s%s%s%s%s%s%s%s%s%s%s%s%s%s%s%s%s%s%s%s%s%s%s%s%s%s%s%s%s%s%s%s%s%s%s%s%s%s%s%s%s%s%s%s%s%s%s%s%s%s%s%s%s%s%s%s%s%s%s%s%s%s%s%s%s%s%s%s%s%s%s%s%s%s%s%s%s%s%s%s%s%s%s%s%s%s%s%s%s%s%s%s%s%s%s%s%s%s%s%s%s%s%s%s%s%s%s%s%s%s%s%s%s%s%s%s%s%s%s%s%s%s%s%s%s%s%s%s%s%s%s%s%s%s%s%s%s%s%s%s%s%s%s%s%s%s%s%s%s%s%s%s%s%s%s%s%s%s%s%s%s%s%s%s%s%s%s%s%s%s%s%s%s%s%s%s%s%s%s%s%s%s%s%s%s%s%s%s%s%s%s%s%s%s%s%s%s%s%s%s%s%s%s%s%s%s%s%s%s%s%s%s%s%s%s%s%s%s%s%s%s%s%s%s%s%s%s%s%s%s%s%s%s%s%s%s%s%s%s%s%s%s%s%s%s%s%s%s%s%s%s%s%s%s%s%s%s%s%s%s%s%s%s%s%s%s%s%s%s%s%s%s%s%s%s%s%s%s%s%s%s%s%s%s%s%s%s%s%s%s%s%s%s%s%s%s%s%s%s%s%s%s%s%s%s%s%s%s%s%s%s%s%s%s%s%s%s%s%s%s%s%s%s%s%s%s%s%s%s%s%s%s%s%s%s%s%s%s%s%s%s%s%s%s%s%s%s%s%s%s%s%s%s%s%s%s%s%s%s%s%s%s%s%s%s%s%s%s%s%s%s%s%s%s%s%s%s%s%s%s%s%s%s%s%s%s%s%s%s%s%s%s%s%s%s%s%s%s%s%s%s%s%s%s%s%s%s%s%s%s%s%s%s%s%s%s%s%s%s%s%s%s%s%s%s%s%s%s%s%s%s%s%s%s%s%s%s%s%s%s%s%s%s%s%s%s%s%s%s%s%s%s%s%s%s%s%s%s%s%s%s%s%s%s%s%s%s%s%s%s%s%s%s%s%s%s%s%s%s%s%s%s%s%s%s%s%s%s%s%s%s%s&amp;skip=1&quot;, &quot;request_method&quot;: &quot;GET&quot;, &quot;request_headers&quot;: &quot;{\&quot;User-Agent\&quot;: \&quot;APIFuzzer 0.9.13\&quot;, \&quot;Accept-Encoding\&quot;: \&quot;gzip, deflate\&quot;, \&quot;Accept\&quot;: \&quot;*/*\&quot;, \&quot;Connection\&quot;: \&quot;keep-alive\&quot;}&quot;, &quot;request_body&quot;: {}, &quot;response&quot;: &quot;&quot;, &quot;parsed_status_code&quot;: 500, &quot;reason&quot;: &quot;failed&quot;}"/>
		</testcase>
		<testcase name="9" time="0.564329" timestamp="1727574080.0836043" status="failed">
			<failure type="failure" message="{&quot;status&quot;: &quot;failed&quot;, &quot;name&quot;: {}, &quot;sub_reports&quot;: [], &quot;test_number&quot;: 9, &quot;state&quot;: &quot;COMPLETED&quot;, &quot;request_url&quot;: &quot;https://virtserver.swaggerhub.com/AAYUSHGARGBU/api_iot/1.0.0/devices?limit=%s%s%s%s%s%s%s%s%s%s%s%s%s%s%s%s%s%s%s%s%s%s%s%s%s%s%s%s%s%s%s%s%s%s%s%s%s%s%s%s%s%s%s%s%s%s%s%s%s%s%s%s%s%s%s%s%s%s%s%s%s%s%s%s%s%s%s%s%s%s%s%s%s%s%s%s%s%s%s%s%s%s%s%s%s%s%s%s%s%s%s%s%s%s%s%s%s%s%s%s%s%s%s%s%s%s%s%s%s%s%s%s%s%s%s%s%s%s%s%s%s%s%s%s%s%s%s%s&amp;skip=1&quot;, &quot;request_method&quot;: &quot;GET&quot;, &quot;request_headers&quot;: &quot;{\&quot;User-Agent\&quot;: \&quot;APIFuzzer 0.9.13\&quot;, \&quot;Accept-Encoding\&quot;: \&quot;gzip, deflate\&quot;, \&quot;Accept\&quot;: \&quot;*/*\&quot;, \&quot;Connection\&quot;: \&quot;keep-alive\&quot;}&quot;, &quot;request_body&quot;: {}, &quot;response&quot;: &quot;&quot;, &quot;parsed_status_code&quot;: 500, &quot;reason&quot;: &quot;failed&quot;}"/>
		</testcase>
		<testcase name="10" time="0.544785" timestamp="1727574080.643699" status="failed">
			<failure type="failure" message="{&quot;status&quot;: &quot;failed&quot;, &quot;name&quot;: {}, &quot;sub_reports&quot;: [], &quot;test_number&quot;: 10, &quot;state&quot;: &quot;COMPLETED&quot;, &quot;request_url&quot;: &quot;https://virtserver.swaggerhub.com/AAYUSHGARGBU/api_iot/1.0.0/devices?limit=%s%s%s%s%s%s%s%s%s%s%s%s%s%s%s%s&amp;skip=1&quot;, &quot;request_method&quot;: &quot;GET&quot;, &quot;request_headers&quot;: &quot;{\&quot;User-Agent\&quot;: \&quot;APIFuzzer 0.9.13\&quot;, \&quot;Accept-Encoding\&quot;: \&quot;gzip, deflate\&quot;, \&quot;Accept\&quot;: \&quot;*/*\&quot;, \&quot;Connection\&quot;: \&quot;keep-alive\&quot;}&quot;, &quot;request_body&quot;: {}, &quot;response&quot;: &quot;&quot;, &quot;parsed_status_code&quot;: 500, &quot;reason&quot;: &quot;failed&quot;}"/>
		</testcase>
		<testcase name="11" time="0.547880" timestamp="1727574081.2065377" status="failed">
			<failure type="failure" message="{&quot;status&quot;: &quot;failed&quot;, &quot;name&quot;: {}, &quot;sub_reports&quot;: [], &quot;test_number&quot;: 11, &quot;state&quot;: &quot;COMPLETED&quot;, &quot;request_url&quot;: &quot;https://virtserver.swaggerhub.com/AAYUSHGARGBU/api_iot/1.0.0/devices?limit=%s%s&amp;skip=1&quot;, &quot;request_method&quot;: &quot;GET&quot;, &quot;request_headers&quot;: &quot;{\&quot;User-Agent\&quot;: \&quot;APIFuzzer 0.9.13\&quot;, \&quot;Accept-Encoding\&quot;: \&quot;gzip, deflate\&quot;, \&quot;Accept\&quot;: \&quot;*/*\&quot;, \&quot;Connection\&quot;: \&quot;keep-alive\&quot;}&quot;, &quot;request_body&quot;: {}, &quot;response&quot;: &quot;&quot;, &quot;parsed_status_code&quot;: 500, &quot;reason&quot;: &quot;failed&quot;}"/>
		</testcase>
		<testcase name="12" time="0.549687" timestamp="1727574081.7714503" status="failed">
			<failure type="failure" message="{&quot;status&quot;: &quot;failed&quot;, &quot;name&quot;: {}, &quot;sub_reports&quot;: [], &quot;test_number&quot;: 12, &quot;state&quot;: &quot;COMPLETED&quot;, &quot;request_url&quot;: &quot;https://virtserver.swaggerhub.com/AAYUSHGARGBU/api_iot/1.0.0/devices?limit=%%s%%s%%s%%s%%s%%s%%s%%s%%s%%s%%s%%s%%s%%s%%s%%s%%s%%s%%s%%s%%s%%s%%s%%s%%s%%s%%s%%s%%s%%s%%s%%s%%s%%s%%s%%s%%s%%s%%s%%s%%s%%s%%s%%s%%s%%s%%s%%s%%s%%s%%s%%s%%s%%s%%s%%s%%s%%s%%s%%s%%s%%s%%s%%s%%s%%s%%s%%s%%s%%s%%s%%s%%s%%s%%s%%s%%s%%s%%s%%s%%s%%s%%s%%s%%s%%s%%s%%s%%s%%s%%s%%s%%s%%s%%s%%s%%s%%s%%s%%s%%s%%s%%s%%s%%s%%s%%s%%s%%s%%s%%s%%s%%s%%s%%s%%s%%s%%s%%s%%s%%s%%s%%s%%s%%s%%s%%s%%s%%s%%s%%s%%s%%s%%s%%s%%s%%s%%s%%s%%s%%s%%s%%s%%s%%s%%s%%s%%s%%s%%s%%s%%s%%s%%s%%s%%s%%s%%s%%s%%s%%s%%s%%s%%s%%s%%s%%s%%s%%s%%s%%s%%s%%s%%s%%s%%s%%s%%s%%s%%s%%s%%s%%s%%s%%s%%s%%s%%s%%s%%s%%s%%s%%s%%s%%s%%s%%s%%s%%s%%s%%s%%s%%s%%s%%s%%s%%s%%s%%s%%s%%s%%s%%s%%s%%s%%s%%s%%s%%s%%s%%s%%s%%s%%s%%s%%s%%s%%s%%s%%s%%s%%s%%s%%s%%s%%s%%s%%s%%s%%s%%s%%s%%s%%s%%s%%s%%s%%s%%s%%s%%s%%s%%s%%s%%s%%s%%s%%s%%s%%s%%s%%s%%s%%s%%s%%s%%s%%s%%s%%s%%s%%s%%s%%s%%s%%s%%s%%s%%s%%s%%s%%s%%s%%s%%s%%s%%s%%s%%s%%s%%s%%s%%s%%s%%s%%s%%s%%s%%s%%s%%s%%s%%s%%s%%s%%s%%s%%s%%s%%s%%s%%s%%s%%s%%s%%s%%s%%s%%s%%s%%s%%s%%s%%s%%s%%s%%s%%s%%s%%s%%s%%s%%s%%s%%s%%s%%s%%s%%s%%s%%s%%s%%s%%s%%s%%s%%s%%s%%s%%s%%s%%s%%s%%s%%s%%s%%s%%s%%s%%s%%s%%s%%s%%s%%s%%s%%s%%s%%s%%s%%s%%s%%s%%s%%s%%s%%s%%s%%s%%s%%s%%s%%s%%s%%s%%s%%s%%s%%s%%s%%s%%s%%s%%s%%s%%s%%s%%s%%s%%s%%s%%s%%s%%s%%s%%s%%s%%s%%s%%s%%s%%s%%s%%s%%s%%s%%s%%s%%s%%s%%s%%s%%s%%s%%s%%s%%s%%s%%s%%s%%s%%s%%s%%s%%s%%s%%s%%s%%s%%s%%s%%s%%s%%s%%s%%s%%s%%s%%s%%s%%s%%s%%s%%s%%s%%s%%s%%s%%s%%s%%s%%s%%s%%s%%s%%s%%s%%s%%s%%s%%s%%s%%s%%s%%s%%s%%s%%s%%s%%s%%s%%s%%s%%s%%s%%s%%s%%s%%s%%s%%s%%s%%s%%s%%s%%s%%s%%s%%s%%s%%s%%s%%s%%s%%s%%s%%s%%s%%s%%s%%s%%s%%s%%s%%s%%s%%s%%s%%s%%s%%s%%s%%s%%s%%s%%s%%s%%s%%s%%s%%s%%s%%s%%s%%s%%s%%s%%s%%s%%s%%s%%s%%s%%s%%s%%s%%s%%s%%s%%s%%s%%s%%s%%s%%s%%s%%s%%s%%s%%s%%s%%s%%s%%s%%s%%s%%s%%s%%s%%s%%s%%s%%s%%s%%s%%s%%s%%s%%s%%s%%s%%s%%s%%s%%s%%s%%s%%s%%s%%s%%s%%s%%s%%s%%s%%s%%s%%s%%s%%s%%s%%s%%s%%s%%s%%s%%s%%s%%s%%s%%s%%s%%s%%s%%s%%s%%s%%s%%s%%s%%s%%s%%s%%s%%s%%s%%s%%s%%s%%s%%s%%s%%s%%s%%s%%s%%s%%s%%s%%s%%s%%s%%s%%s%%s%%s%%s%%s%%s%%s%%s%%s%%s%%s%%s%%s%%s%%s%%s%%s%%s%%s%%s%%s%%s%%s%%s%%s%%s%%s%%s%%s%%s%%s%%s%%s%%s%%s%%s%%s%%s%%s%%s%%s%%s%%s%%s%%s%%s%%s%%s%%s%%s%%s%%s%%s%%s%%s%%s%%s%%s%%s%%s%%s%%s%%s%%s%%s%%s%%s%%s%%s%%s%%s%%s%%s%%s%%s%%s%%s%%s%%s%%s%%s%%s%%s%%s%%s%%s%%s%%s%%s%%s%%s%%s%%s%%s%%s%%s%%s%%s%%s%%s%%s%%s%%s%%s%%s%%s%%s%%s%%s%%s%%s%%s%%s%%s%%s%%s%%s%%s%%s%%s%%s%%s%%s%%s%%s%%s%%s%%s%%s%%s%%s%%s%%s%%s%%s%%s%%s%%s%%s%%s%%s%%s%%s%%s%%s%%s%%s%%s%%s%%s%%s%%s%%s%%s%%s%%s%%s%%s%%s%%s%%s%%s%%s%%s%%s%%s%%s%%s%%s%%s%%s%%s%%s%%s%%s%%s%%s%%s%%s%%s%%s%%s%%s%%s%%s%%s%%s%%s%%s%%s%%s%%s%%s%%s%%s%%s%%s%%s%%s%%s%%s%%s%%s%%s%%s%%s%%s%%s%%s%%s%%s%%s%%s%%s%%s%%s%%s%%s%%s%%s%%s%%s%%s%%s%%s%%s%%s%%s%%s%%s%%s%%s%%s%%s%%s%%s%%s%%s%%s%%s%%s%%s%%s%%s%%s%%s%%s%%s%%s%%s%%s%%s%%s%%s%%s%%s%%s%%s%%s%%s%%s%%s%%s%%s%%s%%s%%s%%s%%s%%s%%s%%s%%s%%s%%s%%s%%s%%s%%s%%s%%s%%s%%s%%s%%s%%s%%s%%s%%s%%s%%s%%s%%s%%s%%s%%s%%s%%s%%s%%s%%s%%s%%s%%s%%s%%s%%s%%s%%s%%s%%s%%s%%s%%s%%s%%s%%s%%s%%s%%s%%s%%s%%s%%s%%s%%s%%s%%s%%s%%s%%s%%s%%s%%s%%s%%s%%s%%s%%s%%s%%s%%s%%s%%s%%s%%s%%s%%s%%s%%s%%s%%s%%s%%s%%s%%s%%s%%s%%s%%s%%s%%s%%s%%s%%s%%s%%s%%s%%s%%s%%s%%s%%s%%s%%s%%s%%s%%s%%s%%s%%s&amp;skip=1&quot;, &quot;request_method&quot;: &quot;GET&quot;, &quot;request_headers&quot;: &quot;{\&quot;User-Agent\&quot;: \&quot;APIFuzzer 0.9.13\&quot;, \&quot;Accept-Encoding\&quot;: \&quot;gzip, deflate\&quot;, \&quot;Accept\&quot;: \&quot;*/*\&quot;, \&quot;Connection\&quot;: \&quot;keep-alive\&quot;}&quot;, &quot;request_body&quot;: {}, &quot;response&quot;: &quot;&quot;, &quot;parsed_status_code&quot;: 500, &quot;reason&quot;: &quot;failed&quot;}"/>
		</testcase>
		<testcase name="13" time="0.548648" timestamp="1727574082.3362312" status="failed">
			<failure type="failure" message="{&quot;status&quot;: &quot;failed&quot;, &quot;name&quot;: {}, &quot;sub_reports&quot;: [], &quot;test_number&quot;: 13, &quot;state&quot;: &quot;COMPLETED&quot;, &quot;request_url&quot;: &quot;https://virtserver.swaggerhub.com/AAYUSHGARGBU/api_iot/1.0.0/devices?limit=%%s%%s%%s%%s%%s%%s%%s%%s%%s%%s%%s%%s%%s%%s%%s%%s%%s%%s%%s%%s%%s%%s%%s%%s%%s%%s%%s%%s%%s%%s%%s%%s%%s%%s%%s%%s%%s%%s%%s%%s%%s%%s%%s%%s%%s%%s%%s%%s%%s%%s%%s%%s%%s%%s%%s%%s%%s%%s%%s%%s%%s%%s%%s%%s%%s%%s%%s%%s%%s%%s%%s%%s%%s%%s%%s%%s%%s%%s%%s%%s%%s%%s%%s%%s%%s%%s%%s%%s%%s%%s%%s%%s%%s%%s%%s%%s%%s%%s%%s%%s%%s%%s%%s%%s%%s%%s%%s%%s%%s%%s%%s%%s%%s%%s%%s%%s%%s%%s%%s%%s%%s%%s%%s%%s%%s%%s%%s%%s&amp;skip=1&quot;, &quot;request_method&quot;: &quot;GET&quot;, &quot;request_headers&quot;: &quot;{\&quot;User-Agent\&quot;: \&quot;APIFuzzer 0.9.13\&quot;, \&quot;Accept-Encoding\&quot;: \&quot;gzip, deflate\&quot;, \&quot;Accept\&quot;: \&quot;*/*\&quot;, \&quot;Connection\&quot;: \&quot;keep-alive\&quot;}&quot;, &quot;request_body&quot;: {}, &quot;response&quot;: &quot;&quot;, &quot;parsed_status_code&quot;: 500, &quot;reason&quot;: &quot;failed&quot;}"/>
		</testcase>
		<testcase name="14" time="0.557059" timestamp="1727574082.9089642" status="failed">
			<failure type="failure" message="{&quot;status&quot;: &quot;failed&quot;, &quot;name&quot;: {}, &quot;sub_reports&quot;: [], &quot;test_number&quot;: 14, &quot;state&quot;: &quot;COMPLETED&quot;, &quot;request_url&quot;: &quot;https://virtserver.swaggerhub.com/AAYUSHGARGBU/api_iot/1.0.0/devices?limit=%%s%%s%%s%%s%%s%%s%%s%%s%%s%%s%%s%%s%%s%%s%%s%%s&amp;skip=1&quot;, &quot;request_method&quot;: &quot;GET&quot;, &quot;request_headers&quot;: &quot;{\&quot;User-Agent\&quot;: \&quot;APIFuzzer 0.9.13\&quot;, \&quot;Accept-Encoding\&quot;: \&quot;gzip, deflate\&quot;, \&quot;Accept\&quot;: \&quot;*/*\&quot;, \&quot;Connection\&quot;: \&quot;keep-alive\&quot;}&quot;, &quot;request_body&quot;: {}, &quot;response&quot;: &quot;&quot;, &quot;parsed_status_code&quot;: 500, &quot;reason&quot;: &quot;failed&quot;}"/>
		</testcase>
		<testcase name="15" time="0.561070" timestamp="1727574083.4851024" status="failed">
			<failure type="failure" message="{&quot;status&quot;: &quot;failed&quot;, &quot;name&quot;: {}, &quot;sub_reports&quot;: [], &quot;test_number&quot;: 15, &quot;state&quot;: &quot;COMPLETED&quot;, &quot;request_url&quot;: &quot;https://virtserver.swaggerhub.com/AAYUSHGARGBU/api_iot/1.0.0/devices?limit=%%s%%s&amp;skip=1&quot;, &quot;request_method&quot;: &quot;GET&quot;, &quot;request_headers&quot;: &quot;{\&quot;User-Agent\&quot;: \&quot;APIFuzzer 0.9.13\&quot;, \&quot;Accept-Encoding\&quot;: \&quot;gzip, deflate\&quot;, \&quot;Accept\&quot;: \&quot;*/*\&quot;, \&quot;Connection\&quot;: \&quot;keep-alive\&quot;}&quot;, &quot;request_body&quot;: {}, &quot;response&quot;: &quot;&quot;, &quot;parsed_status_code&quot;: 500, &quot;reason&quot;: &quot;failed&quot;}"/>
		</testcase>
		<testcase name="16" time="0.550990" timestamp="1727574084.0533466" status="failed">
			<failure type="failure" message="{&quot;status&quot;: &quot;failed&quot;, &quot;name&quot;: {}, &quot;sub_reports&quot;: [], &quot;test_number&quot;: 16, &quot;state&quot;: &quot;COMPLETED&quot;, &quot;request_url&quot;: &quot;https://virtserver.swaggerhub.com/AAYUSHGARGBU/api_iot/1.0.0/devices?limit=\&quot;%s\&quot;\&quot;%s\&quot;\&quot;%s\&quot;\&quot;%s\&quot;\&quot;%s\&quot;\&quot;%s\&quot;\&quot;%s\&quot;\&quot;%s\&quot;\&quot;%s\&quot;\&quot;%s\&quot;\&quot;%s\&quot;\&quot;%s\&quot;\&quot;%s\&quot;\&quot;%s\&quot;\&quot;%s\&quot;\&quot;%s\&quot;\&quot;%s\&quot;\&quot;%s\&quot;\&quot;%s\&quot;\&quot;%s\&quot;\&quot;%s\&quot;\&quot;%s\&quot;\&quot;%s\&quot;\&quot;%s\&quot;\&quot;%s\&quot;\&quot;%s\&quot;\&quot;%s\&quot;\&quot;%s\&quot;\&quot;%s\&quot;\&quot;%s\&quot;\&quot;%s\&quot;\&quot;%s\&quot;\&quot;%s\&quot;\&quot;%s\&quot;\&quot;%s\&quot;\&quot;%s\&quot;\&quot;%s\&quot;\&quot;%s\&quot;\&quot;%s\&quot;\&quot;%s\&quot;\&quot;%s\&quot;\&quot;%s\&quot;\&quot;%s\&quot;\&quot;%s\&quot;\&quot;%s\&quot;\&quot;%s\&quot;\&quot;%s\&quot;\&quot;%s\&quot;\&quot;%s\&quot;\&quot;%s\&quot;\&quot;%s\&quot;\&quot;%s\&quot;\&quot;%s\&quot;\&quot;%s\&quot;\&quot;%s\&quot;\&quot;%s\&quot;\&quot;%s\&quot;\&quot;%s\&quot;\&quot;%s\&quot;\&quot;%s\&quot;\&quot;%s\&quot;\&quot;%s\&quot;\&quot;%s\&quot;\&quot;%s\&quot;\&quot;%s\&quot;\&quot;%s\&quot;\&quot;%s\&quot;\&quot;%s\&quot;\&quot;%s\&quot;\&quot;%s\&quot;\&quot;%s\&quot;\&quot;%s\&quot;\&quot;%s\&quot;\&quot;%s\&quot;\&quot;%s\&quot;\&quot;%s\&quot;\&quot;%s\&quot;\&quot;%s\&quot;\&quot;%s\&quot;\&quot;%s\&quot;\&quot;%s\&quot;\&quot;%s\&quot;\&quot;%s\&quot;\&quot;%s\&quot;\&quot;%s\&quot;\&quot;%s\&quot;\&quot;%s\&quot;\&quot;%s\&quot;\&quot;%s\&quot;\&quot;%s\&quot;\&quot;%s\&quot;\&quot;%s\&quot;\&quot;%s\&quot;\&quot;%s\&quot;\&quot;%s\&quot;\&quot;%s\&quot;\&quot;%s\&quot;\&quot;%s\&quot;\&quot;%s\&quot;\&quot;%s\&quot;\&quot;%s\&quot;\&quot;%s\&quot;\&quot;%s\&quot;\&quot;%s\&quot;\&quot;%s\&quot;\&quot;%s\&quot;\&quot;%s\&quot;\&quot;%s\&quot;\&quot;%s\&quot;\&quot;%s\&quot;\&quot;%s\&quot;\&quot;%s\&quot;\&quot;%s\&quot;\&quot;%s\&quot;\&quot;%s\&quot;\&quot;%s\&quot;\&quot;%s\&quot;\&quot;%s\&quot;\&quot;%s\&quot;\&quot;%s\&quot;\&quot;%s\&quot;\&quot;%s\&quot;\&quot;%s\&quot;\&quot;%s\&quot;\&quot;%s\&quot;\&quot;%s\&quot;\&quot;%s\&quot;\&quot;%s\&quot;\&quot;%s\&quot;\&quot;%s\&quot;\&quot;%s\&quot;\&quot;%s\&quot;\&quot;%s\&quot;\&quot;%s\&quot;\&quot;%s\&quot;\&quot;%s\&quot;\&quot;%s\&quot;\&quot;%s\&quot;\&quot;%s\&quot;\&quot;%s\&quot;\&quot;%s\&quot;\&quot;%s\&quot;\&quot;%s\&quot;\&quot;%s\&quot;\&quot;%s\&quot;\&quot;%s\&quot;\&quot;%s\&quot;\&quot;%s\&quot;\&quot;%s\&quot;\&quot;%s\&quot;\&quot;%s\&quot;\&quot;%s\&quot;\&quot;%s\&quot;\&quot;%s\&quot;\&quot;%s\&quot;\&quot;%s\&quot;\&quot;%s\&quot;\&quot;%s\&quot;\&quot;%s\&quot;\&quot;%s\&quot;\&quot;%s\&quot;\&quot;%s\&quot;\&quot;%s\&quot;\&quot;%s\&quot;\&quot;%s\&quot;\&quot;%s\&quot;\&quot;%s\&quot;\&quot;%s\&quot;\&quot;%s\&quot;\&quot;%s\&quot;\&quot;%s\&quot;\&quot;%s\&quot;\&quot;%s\&quot;\&quot;%s\&quot;\&quot;%s\&quot;\&quot;%s\&quot;\&quot;%s\&quot;\&quot;%s\&quot;\&quot;%s\&quot;\&quot;%s\&quot;\&quot;%s\&quot;\&quot;%s\&quot;\&quot;%s\&quot;\&quot;%s\&quot;\&quot;%s\&quot;\&quot;%s\&quot;\&quot;%s\&quot;\&quot;%s\&quot;\&quot;%s\&quot;\&quot;%s\&quot;\&quot;%s\&quot;\&quot;%s\&quot;\&quot;%s\&quot;\&quot;%s\&quot;\&quot;%s\&quot;\&quot;%s\&quot;\&quot;%s\&quot;\&quot;%s\&quot;\&quot;%s\&quot;\&quot;%s\&quot;\&quot;%s\&quot;\&quot;%s\&quot;\&quot;%s\&quot;\&quot;%s\&quot;\&quot;%s\&quot;\&quot;%s\&quot;\&quot;%s\&quot;\&quot;%s\&quot;\&quot;%s\&quot;\&quot;%s\&quot;\&quot;%s\&quot;\&quot;%s\&quot;\&quot;%s\&quot;\&quot;%s\&quot;\&quot;%s\&quot;\&quot;%s\&quot;\&quot;%s\&quot;\&quot;%s\&quot;\&quot;%s\&quot;\&quot;%s\&quot;\&quot;%s\&quot;\&quot;%s\&quot;\&quot;%s\&quot;\&quot;%s\&quot;\&quot;%s\&quot;\&quot;%s\&quot;\&quot;%s\&quot;\&quot;%s\&quot;\&quot;%s\&quot;\&quot;%s\&quot;\&quot;%s\&quot;\&quot;%s\&quot;\&quot;%s\&quot;\&quot;%s\&quot;\&quot;%s\&quot;\&quot;%s\&quot;\&quot;%s\&quot;\&quot;%s\&quot;\&quot;%s\&quot;\&quot;%s\&quot;\&quot;%s\&quot;\&quot;%s\&quot;\&quot;%s\&quot;\&quot;%s\&quot;\&quot;%s\&quot;\&quot;%s\&quot;\&quot;%s\&quot;\&quot;%s\&quot;\&quot;%s\&quot;\&quot;%s\&quot;\&quot;%s\&quot;\&quot;%s\&quot;\&quot;%s\&quot;\&quot;%s\&quot;\&quot;%s\&quot;\&quot;%s\&quot;\&quot;%s\&quot;\&quot;%s\&quot;\&quot;%s\&quot;\&quot;%s\&quot;\&quot;%s\&quot;\&quot;%s\&quot;\&quot;%s\&quot;\&quot;%s\&quot;\&quot;%s\&quot;\&quot;%s\&quot;\&quot;%s\&quot;\&quot;%s\&quot;\&quot;%s\&quot;\&quot;%s\&quot;\&quot;%s\&quot;\&quot;%s\&quot;\&quot;%s\&quot;\&quot;%s\&quot;\&quot;%s\&quot;\&quot;%s\&quot;\&quot;%s\&quot;\&quot;%s\&quot;\&quot;%s\&quot;\&quot;%s\&quot;\&quot;%s\&quot;\&quot;%s\&quot;\&quot;%s\&quot;\&quot;%s\&quot;\&quot;%s\&quot;\&quot;%s\&quot;\&quot;%s\&quot;\&quot;%s\&quot;\&quot;%s\&quot;\&quot;%s\&quot;\&quot;%s\&quot;\&quot;%s\&quot;\&quot;%s\&quot;\&quot;%s\&quot;\&quot;%s\&quot;\&quot;%s\&quot;\&quot;%s\&quot;\&quot;%s\&quot;\&quot;%s\&quot;\&quot;%s\&quot;\&quot;%s\&quot;\&quot;%s\&quot;\&quot;%s\&quot;\&quot;%s\&quot;\&quot;%s\&quot;\&quot;%s\&quot;\&quot;%s\&quot;\&quot;%s\&quot;\&quot;%s\&quot;\&quot;%s\&quot;\&quot;%s\&quot;\&quot;%s\&quot;\&quot;%s\&quot;\&quot;%s\&quot;\&quot;%s\&quot;\&quot;%s\&quot;\&quot;%s\&quot;\&quot;%s\&quot;\&quot;%s\&quot;\&quot;%s\&quot;\&quot;%s\&quot;\&quot;%s\&quot;\&quot;%s\&quot;\&quot;%s\&quot;\&quot;%s\&quot;\&quot;%s\&quot;\&quot;%s\&quot;\&quot;%s\&quot;\&quot;%s\&quot;\&quot;%s\&quot;\&quot;%s\&quot;\&quot;%s\&quot;\&quot;%s\&quot;\&quot;%s\&quot;\&quot;%s\&quot;\&quot;%s\&quot;\&quot;%s\&quot;\&quot;%s\&quot;\&quot;%s\&quot;\&quot;%s\&quot;\&quot;%s\&quot;\&quot;%s\&quot;\&quot;%s\&quot;\&quot;%s\&quot;\&quot;%s\&quot;\&quot;%s\&quot;\&quot;%s\&quot;\&quot;%s\&quot;\&quot;%s\&quot;\&quot;%s\&quot;\&quot;%s\&quot;\&quot;%s\&quot;\&quot;%s\&quot;\&quot;%s\&quot;\&quot;%s\&quot;\&quot;%s\&quot;\&quot;%s\&quot;\&quot;%s\&quot;\&quot;%s\&quot;\&quot;%s\&quot;\&quot;%s\&quot;\&quot;%s\&quot;\&quot;%s\&quot;\&quot;%s\&quot;\&quot;%s\&quot;\&quot;%s\&quot;\&quot;%s\&quot;\&quot;%s\&quot;\&quot;%s\&quot;\&quot;%s\&quot;\&quot;%s\&quot;\&quot;%s\&quot;\&quot;%s\&quot;\&quot;%s\&quot;\&quot;%s\&quot;\&quot;%s\&quot;\&quot;%s\&quot;\&quot;%s\&quot;\&quot;%s\&quot;\&quot;%s\&quot;\&quot;%s\&quot;\&quot;%s\&quot;\&quot;%s\&quot;\&quot;%s\&quot;\&quot;%s\&quot;\&quot;%s\&quot;\&quot;%s\&quot;\&quot;%s\&quot;\&quot;%s\&quot;\&quot;%s\&quot;\&quot;%s\&quot;\&quot;%s\&quot;\&quot;%s\&quot;\&quot;%s\&quot;\&quot;%s\&quot;\&quot;%s\&quot;\&quot;%s\&quot;\&quot;%s\&quot;\&quot;%s\&quot;\&quot;%s\&quot;\&quot;%s\&quot;\&quot;%s\&quot;\&quot;%s\&quot;\&quot;%s\&quot;\&quot;%s\&quot;\&quot;%s\&quot;\&quot;%s\&quot;\&quot;%s\&quot;\&quot;%s\&quot;\&quot;%s\&quot;\&quot;%s\&quot;\&quot;%s\&quot;\&quot;%s\&quot;\&quot;%s\&quot;\&quot;%s\&quot;\&quot;%s\&quot;\&quot;%s\&quot;\&quot;%s\&quot;\&quot;%s\&quot;\&quot;%s\&quot;\&quot;%s\&quot;\&quot;%s\&quot;\&quot;%s\&quot;\&quot;%s\&quot;\&quot;%s\&quot;\&quot;%s\&quot;\&quot;%s\&quot;\&quot;%s\&quot;\&quot;%s\&quot;\&quot;%s\&quot;\&quot;%s\&quot;\&quot;%s\&quot;\&quot;%s\&quot;\&quot;%s\&quot;\&quot;%s\&quot;\&quot;%s\&quot;\&quot;%s\&quot;\&quot;%s\&quot;\&quot;%s\&quot;\&quot;%s\&quot;\&quot;%s\&quot;\&quot;%s\&quot;\&quot;%s\&quot;\&quot;%s\&quot;\&quot;%s\&quot;\&quot;%s\&quot;\&quot;%s\&quot;\&quot;%s\&quot;\&quot;%s\&quot;\&quot;%s\&quot;\&quot;%s\&quot;\&quot;%s\&quot;\&quot;%s\&quot;\&quot;%s\&quot;\&quot;%s\&quot;\&quot;%s\&quot;\&quot;%s\&quot;\&quot;%s\&quot;\&quot;%s\&quot;\&quot;%s\&quot;\&quot;%s\&quot;\&quot;%s\&quot;\&quot;%s\&quot;\&quot;%s\&quot;\&quot;%s\&quot;\&quot;%s\&quot;\&quot;%s\&quot;\&quot;%s\&quot;\&quot;%s\&quot;\&quot;%s\&quot;\&quot;%s\&quot;\&quot;%s\&quot;\&quot;%s\&quot;\&quot;%s\&quot;\&quot;%s\&quot;\&quot;%s\&quot;\&quot;%s\&quot;\&quot;%s\&quot;\&quot;%s\&quot;\&quot;%s\&quot;\&quot;%s\&quot;\&quot;%s\&quot;\&quot;%s\&quot;\&quot;%s\&quot;\&quot;%s\&quot;\&quot;%s\&quot;\&quot;%s\&quot;\&quot;%s\&quot;\&quot;%s\&quot;\&quot;%s\&quot;\&quot;%s\&quot;\&quot;%s\&quot;\&quot;%s\&quot;\&quot;%s\&quot;\&quot;%s\&quot;\&quot;%s\&quot;\&quot;%s\&quot;\&quot;%s\&quot;\&quot;%s\&quot;\&quot;%s\&quot;\&quot;%s\&quot;\&quot;%s\&quot;\&quot;%s\&quot;\&quot;%s\&quot;\&quot;%s\&quot;\&quot;%s\&quot;\&quot;%s\&quot;\&quot;%s\&quot;\&quot;%s\&quot;\&quot;%s\&quot;\&quot;%s\&quot;\&quot;%s\&quot;\&quot;%s\&quot;\&quot;%s\&quot;\&quot;%s\&quot;\&quot;%s\&quot;\&quot;%s\&quot;\&quot;%s\&quot;\&quot;%s\&quot;\&quot;%s\&quot;\&quot;%s\&quot;\&quot;%s\&quot;\&quot;%s\&quot;\&quot;%s\&quot;\&quot;%s\&quot;\&quot;%s\&quot;\&quot;%s\&quot;\&quot;%s\&quot;\&quot;%s\&quot;\&quot;%s\&quot;\&quot;%s\&quot;\&quot;%s\&quot;\&quot;%s\&quot;\&quot;%s\&quot;\&quot;%s\&quot;\&quot;%s\&quot;\&quot;%s\&quot;\&quot;%s\&quot;\&quot;%s\&quot;\&quot;%s\&quot;\&quot;%s\&quot;\&quot;%s\&quot;\&quot;%s\&quot;\&quot;%s\&quot;\&quot;%s\&quot;\&quot;%s\&quot;\&quot;%s\&quot;\&quot;%s\&quot;\&quot;%s\&quot;\&quot;%s\&quot;\&quot;%s\&quot;\&quot;%s\&quot;\&quot;%s\&quot;\&quot;%s\&quot;\&quot;%s\&quot;\&quot;%s\&quot;\&quot;%s\&quot;\&quot;%s\&quot;\&quot;%s\&quot;\&quot;%s\&quot;\&quot;%s\&quot;\&quot;%s\&quot;\&quot;%s\&quot;\&quot;%s\&quot;\&quot;%s\&quot;\&quot;%s\&quot;\&quot;%s\&quot;\&quot;%s\&quot;\&quot;%s\&quot;\&quot;%s\&quot;\&quot;%s\&quot;\&quot;%s\&quot;\&quot;%s\&quot;\&quot;%s\&quot;\&quot;%s\&quot;\&quot;%s\&quot;\&quot;%s\&quot;\&quot;%s\&quot;\&quot;%s\&quot;\&quot;%s\&quot;\&quot;%s\&quot;\&quot;%s\&quot;\&quot;%s\&quot;\&quot;%s\&quot;\&quot;%s\&quot;\&quot;%s\&quot;\&quot;%s\&quot;\&quot;%s\&quot;\&quot;%s\&quot;\&quot;%s\&quot;\&quot;%s\&quot;\&quot;%s\&quot;\&quot;%s\&quot;\&quot;%s\&quot;\&quot;%s\&quot;\&quot;%s\&quot;\&quot;%s\&quot;\&quot;%s\&quot;\&quot;%s\&quot;\&quot;%s\&quot;\&quot;%s\&quot;\&quot;%s\&quot;\&quot;%s\&quot;\&quot;%s\&quot;\&quot;%s\&quot;\&quot;%s\&quot;\&quot;%s\&quot;\&quot;%s\&quot;\&quot;%s\&quot;\&quot;%s\&quot;\&quot;%s\&quot;\&quot;%s\&quot;\&quot;%s\&quot;\&quot;%s\&quot;\&quot;%s\&quot;\&quot;%s\&quot;\&quot;%s\&quot;\&quot;%s\&quot;\&quot;%s\&quot;\&quot;%s\&quot;\&quot;%s\&quot;\&quot;%s\&quot;\&quot;%s\&quot;\&quot;%s\&quot;\&quot;%s\&quot;\&quot;%s\&quot;\&quot;%s\&quot;\&quot;%s\&quot;\&quot;%s\&quot;\&quot;%s\&quot;\&quot;%s\&quot;\&quot;%s\&quot;\&quot;%s\&quot;\&quot;%s\&quot;\&quot;%s\&quot;\&quot;%s\&quot;\&quot;%s\&quot;\&quot;%s\&quot;\&quot;%s\&quot;\&quot;%s\&quot;\&quot;%s\&quot;\&quot;%s\&quot;\&quot;%s\&quot;\&quot;%s\&quot;\&quot;%s\&quot;\&quot;%s\&quot;\&quot;%s\&quot;\&quot;%s\&quot;\&quot;%s\&quot;\&quot;%s\&quot;\&quot;%s\&quot;\&quot;%s\&quot;\&quot;%s\&quot;\&quot;%s\&quot;\&quot;%s\&quot;\&quot;%s\&quot;\&quot;%s\&quot;\&quot;%s\&quot;\&quot;%s\&quot;\&quot;%s\&quot;\&quot;%s\&quot;\&quot;%s\&quot;\&quot;%s\&quot;\&quot;%s\&quot;\&quot;%s\&quot;\&quot;%s\&quot;\&quot;%s\&quot;\&quot;%s\&quot;\&quot;%s\&quot;\&quot;%s\&quot;\&quot;%s\&quot;\&quot;%s\&quot;\&quot;%s\&quot;\&quot;%s\&quot;\&quot;%s\&quot;\&quot;%s\&quot;\&quot;%s\&quot;\&quot;%s\&quot;\&quot;%s\&quot;\&quot;%s\&quot;\&quot;%s\&quot;\&quot;%s\&quot;\&quot;%s\&quot;\&quot;%s\&quot;\&quot;%s\&quot;\&quot;%s\&quot;\&quot;%s\&quot;\&quot;%s\&quot;\&quot;%s\&quot;\&quot;%s\&quot;\&quot;%s\&quot;\&quot;%s\&quot;\&quot;%s\&quot;\&quot;%s\&quot;\&quot;%s\&quot;\&quot;%s\&quot;\&quot;%s\&quot;\&quot;%s\&quot;\&quot;%s\&quot;\&quot;%s\&quot;\&quot;%s\&quot;\&quot;%s\&quot;\&quot;%s\&quot;\&quot;%s\&quot;\&quot;%s\&quot;\&quot;%s\&quot;\&quot;%s\&quot;\&quot;%s\&quot;\&quot;%s\&quot;\&quot;%s\&quot;\&quot;%s\&quot;\&quot;%s\&quot;\&quot;%s\&quot;\&quot;%s\&quot;\&quot;%s\&quot;\&quot;%s\&quot;\&quot;%s\&quot;\&quot;%s\&quot;\&quot;%s\&quot;\&quot;%s\&quot;\&quot;%s\&quot;\&quot;%s\&quot;\&quot;%s\&quot;\&quot;%s\&quot;\&quot;%s\&quot;\&quot;%s\&quot;\&quot;%s\&quot;\&quot;%s\&quot;\&quot;%s\&quot;\&quot;%s\&quot;\&quot;%s\&quot;\&quot;%s\&quot;\&quot;%s\&quot;\&quot;%s\&quot;\&quot;%s\&quot;\&quot;%s\&quot;\&quot;%s\&quot;\&quot;%s\&quot;\&quot;%s\&quot;\&quot;%s\&quot;\&quot;%s\&quot;\&quot;%s\&quot;\&quot;%s\&quot;\&quot;%s\&quot;\&quot;%s\&quot;\&quot;%s\&quot;\&quot;%s\&quot;\&quot;%s\&quot;\&quot;%s\&quot;\&quot;%s\&quot;\&quot;%s\&quot;\&quot;%s\&quot;\&quot;%s\&quot;\&quot;%s\&quot;\&quot;%s\&quot;\&quot;%s\&quot;\&quot;%s\&quot;\&quot;%s\&quot;\&quot;%s\&quot;\&quot;%s\&quot;\&quot;%s\&quot;\&quot;%s\&quot;\&quot;%s\&quot;\&quot;%s\&quot;\&quot;%s\&quot;\&quot;%s\&quot;\&quot;%s\&quot;\&quot;%s\&quot;\&quot;%s\&quot;\&quot;%s\&quot;\&quot;%s\&quot;\&quot;%s\&quot;\&quot;%s\&quot;\&quot;%s\&quot;\&quot;%s\&quot;\&quot;%s\&quot;\&quot;%s\&quot;\&quot;%s\&quot;\&quot;%s\&quot;\&quot;%s\&quot;\&quot;%s\&quot;\&quot;%s\&quot;\&quot;%s\&quot;\&quot;%s\&quot;\&quot;%s\&quot;\&quot;%s\&quot;\&quot;%s\&quot;\&quot;%s\&quot;\&quot;%s\&quot;\&quot;%s\&quot;\&quot;%s\&quot;\&quot;%s\&quot;\&quot;%s\&quot;\&quot;%s\&quot;\&quot;%s\&quot;\&quot;%s\&quot;\&quot;%s\&quot;\&quot;%s\&quot;\&quot;%s\&quot;\&quot;%s\&quot;\&quot;%s\&quot;\&quot;%s\&quot;\&quot;%s\&quot;\&quot;%s\&quot;\&quot;%s\&quot;\&quot;%s\&quot;\&quot;%s\&quot;\&quot;%s\&quot;\&quot;%s\&quot;\&quot;%s\&quot;\&quot;%s\&quot;\&quot;%s\&quot;\&quot;%s\&quot;\&quot;%s\&quot;\&quot;%s\&quot;\&quot;%s\&quot;\&quot;%s\&quot;\&quot;%s\&quot;\&quot;%s\&quot;\&quot;%s\&quot;\&quot;%s\&quot;\&quot;%s\&quot;\&quot;%s\&quot;\&quot;%s\&quot;\&quot;%s\&quot;\&quot;%s\&quot;\&quot;%s\&quot;\&quot;%s\&quot;\&quot;%s\&quot;\&quot;%s\&quot;\&quot;%s\&quot;\&quot;%s\&quot;\&quot;%s\&quot;\&quot;%s\&quot;\&quot;%s\&quot;\&quot;%s\&quot;\&quot;%s\&quot;\&quot;%s\&quot;\&quot;%s\&quot;\&quot;%s\&quot;\&quot;%s\&quot;\&quot;%s\&quot;\&quot;%s\&quot;\&quot;%s\&quot;\&quot;%s\&quot;\&quot;%s\&quot;\&quot;%s\&quot;\&quot;%s\&quot;\&quot;%s\&quot;\&quot;%s\&quot;\&quot;%s\&quot;\&quot;%s\&quot;\&quot;%s\&quot;\&quot;%s\&quot;\&quot;%s\&quot;\&quot;%s\&quot;\&quot;%s\&quot;\&quot;%s\&quot;\&quot;%s\&quot;\&quot;%s\&quot;\&quot;%s\&quot;\&quot;%s\&quot;\&quot;%s\&quot;\&quot;%s\&quot;\&quot;%s\&quot;\&quot;%s\&quot;\&quot;%s\&quot;\&quot;%s\&quot;\&quot;%s\&quot;\&quot;%s\&quot;\&quot;%s\&quot;\&quot;%s\&quot;\&quot;%s\&quot;\&quot;%s\&quot;\&quot;%s\&quot;\&quot;%s\&quot;\&quot;%s\&quot;\&quot;%s\&quot;\&quot;%s\&quot;\&quot;%s\&quot;\&quot;%s\&quot;\&quot;%s\&quot;\&quot;%s\&quot;\&quot;%s\&quot;\&quot;%s\&quot;\&quot;%s\&quot;\&quot;%s\&quot;\&quot;%s\&quot;\&quot;%s\&quot;\&quot;%s\&quot;\&quot;%s\&quot;\&quot;%s\&quot;\&quot;%s\&quot;\&quot;%s\&quot;\&quot;%s\&quot;\&quot;%s\&quot;\&quot;%s\&quot;\&quot;%s\&quot;\&quot;%s\&quot;\&quot;%s\&quot;\&quot;%s\&quot;\&quot;%s\&quot;\&quot;%s\&quot;\&quot;%s\&quot;\&quot;%s\&quot;\&quot;%s\&quot;\&quot;%s\&quot;\&quot;%s\&quot;\&quot;%s\&quot;\&quot;%s\&quot;\&quot;%s\&quot;\&quot;%s\&quot;\&quot;%s\&quot;\&quot;%s\&quot;\&quot;%s\&quot;\&quot;%s\&quot;\&quot;%s\&quot;\&quot;%s\&quot;\&quot;%s\&quot;\&quot;%s\&quot;\&quot;%s\&quot;\&quot;%s\&quot;\&quot;%s\&quot;\&quot;%s\&quot;\&quot;%s\&quot;\&quot;%s\&quot;\&quot;%s\&quot;\&quot;%s\&quot;\&quot;%s\&quot;\&quot;%s\&quot;\&quot;%s\&quot;\&quot;%s\&quot;\&quot;%s\&quot;\&quot;%s\&quot;\&quot;%s\&quot;\&quot;%s\&quot;\&quot;%s\&quot;\&quot;%s\&quot;\&quot;%s\&quot;\&quot;%s\&quot;\&quot;%s\&quot;\&quot;%s\&quot;\&quot;%s\&quot;\&quot;%s\&quot;\&quot;%s\&quot;\&quot;%s\&quot;\&quot;%s\&quot;\&quot;%s\&quot;\&quot;%s\&quot;\&quot;%s\&quot;\&quot;%s\&quot;\&quot;%s\&quot;\&quot;%s\&quot;\&quot;%s\&quot;\&quot;%s\&quot;\&quot;%s\&quot;\&quot;%s\&quot;\&quot;%s\&quot;\&quot;%s\&quot;\&quot;%s\&quot;\&quot;%s\&quot;\&quot;%s\&quot;\&quot;%s\&quot;\&quot;%s\&quot;\&quot;%s\&quot;\&quot;%s\&quot;\&quot;%s\&quot;\&quot;%s\&quot;\&quot;%s\&quot;\&quot;%s\&quot;\&quot;%s\&quot;\&quot;%s\&quot;\&quot;%s\&quot;\&quot;%s\&quot;\&quot;%s\&quot;\&quot;%s\&quot;\&quot;%s\&quot;\&quot;%s\&quot;\&quot;%s\&quot;\&quot;%s\&quot;\&quot;%s\&quot;\&quot;%s\&quot;\&quot;%s\&quot;\&quot;%s\&quot;\&quot;%s\&quot;\&quot;%s\&quot;\&quot;%s\&quot;\&quot;%s\&quot;\&quot;%s\&quot;\&quot;%s\&quot;\&quot;%s\&quot;\&quot;%s\&quot;\&quot;%s\&quot;\&quot;%s\&quot;\&quot;%s\&quot;\&quot;%s\&quot;\&quot;%s\&quot;\&quot;%s\&quot;\&quot;%s\&quot;\&quot;%s\&quot;\&quot;%s\&quot;\&quot;%s\&quot;\&quot;%s\&quot;\&quot;%s\&quot;\&quot;%s\&quot;\&quot;%s\&quot;\&quot;%s\&quot;\&quot;%s\&quot;\&quot;%s\&quot;\&quot;%s\&quot;\&quot;%s\&quot;\&quot;%s\&quot;\&quot;%s\&quot;\&quot;%s\&quot;\&quot;%s\&quot;\&quot;%s\&quot;\&quot;%s\&quot;\&quot;%s\&quot;\&quot;%s\&quot;\&quot;%s\&quot;\&quot;%s\&quot;\&quot;%s\&quot;\&quot;%s\&quot;\&quot;%s\&quot;&amp;skip=1&quot;, &quot;request_method&quot;: &quot;GET&quot;, &quot;request_headers&quot;: &quot;{\&quot;User-Agent\&quot;: \&quot;APIFuzzer 0.9.13\&quot;, \&quot;Accept-Encoding\&quot;: \&quot;gzip, deflate\&quot;, \&quot;Accept\&quot;: \&quot;*/*\&quot;, \&quot;Connection\&quot;: \&quot;keep-alive\&quot;}&quot;, &quot;request_body&quot;: {}, &quot;response&quot;: &quot;&quot;, &quot;parsed_status_code&quot;: 500, &quot;reason&quot;: &quot;failed&quot;}"/>
		</testcase>
		<testcase name="17" time="0.545125" timestamp="1727574084.6147285" status="failed">
			<failure type="failure" message="{&quot;status&quot;: &quot;failed&quot;, &quot;name&quot;: {}, &quot;sub_reports&quot;: [], &quot;test_number&quot;: 17, &quot;state&quot;: &quot;COMPLETED&quot;, &quot;request_url&quot;: &quot;https://virtserver.swaggerhub.com/AAYUSHGARGBU/api_iot/1.0.0/devices?limit=\&quot;%s\&quot;\&quot;%s\&quot;\&quot;%s\&quot;\&quot;%s\&quot;\&quot;%s\&quot;\&quot;%s\&quot;\&quot;%s\&quot;\&quot;%s\&quot;\&quot;%s\&quot;\&quot;%s\&quot;\&quot;%s\&quot;\&quot;%s\&quot;\&quot;%s\&quot;\&quot;%s\&quot;\&quot;%s\&quot;\&quot;%s\&quot;\&quot;%s\&quot;\&quot;%s\&quot;\&quot;%s\&quot;\&quot;%s\&quot;\&quot;%s\&quot;\&quot;%s\&quot;\&quot;%s\&quot;\&quot;%s\&quot;\&quot;%s\&quot;\&quot;%s\&quot;\&quot;%s\&quot;\&quot;%s\&quot;\&quot;%s\&quot;\&quot;%s\&quot;\&quot;%s\&quot;\&quot;%s\&quot;\&quot;%s\&quot;\&quot;%s\&quot;\&quot;%s\&quot;\&quot;%s\&quot;\&quot;%s\&quot;\&quot;%s\&quot;\&quot;%s\&quot;\&quot;%s\&quot;\&quot;%s\&quot;\&quot;%s\&quot;\&quot;%s\&quot;\&quot;%s\&quot;\&quot;%s\&quot;\&quot;%s\&quot;\&quot;%s\&quot;\&quot;%s\&quot;\&quot;%s\&quot;\&quot;%s\&quot;\&quot;%s\&quot;\&quot;%s\&quot;\&quot;%s\&quot;\&quot;%s\&quot;\&quot;%s\&quot;\&quot;%s\&quot;\&quot;%s\&quot;\&quot;%s\&quot;\&quot;%s\&quot;\&quot;%s\&quot;\&quot;%s\&quot;\&quot;%s\&quot;\&quot;%s\&quot;\&quot;%s\&quot;\&quot;%s\&quot;\&quot;%s\&quot;\&quot;%s\&quot;\&quot;%s\&quot;\&quot;%s\&quot;\&quot;%s\&quot;\&quot;%s\&quot;\&quot;%s\&quot;\&quot;%s\&quot;\&quot;%s\&quot;\&quot;%s\&quot;\&quot;%s\&quot;\&quot;%s\&quot;\&quot;%s\&quot;\&quot;%s\&quot;\&quot;%s\&quot;\&quot;%s\&quot;\&quot;%s\&quot;\&quot;%s\&quot;\&quot;%s\&quot;\&quot;%s\&quot;\&quot;%s\&quot;\&quot;%s\&quot;\&quot;%s\&quot;\&quot;%s\&quot;\&quot;%s\&quot;\&quot;%s\&quot;\&quot;%s\&quot;\&quot;%s\&quot;\&quot;%s\&quot;\&quot;%s\&quot;\&quot;%s\&quot;\&quot;%s\&quot;\&quot;%s\&quot;\&quot;%s\&quot;\&quot;%s\&quot;\&quot;%s\&quot;\&quot;%s\&quot;\&quot;%s\&quot;\&quot;%s\&quot;\&quot;%s\&quot;\&quot;%s\&quot;\&quot;%s\&quot;\&quot;%s\&quot;\&quot;%s\&quot;\&quot;%s\&quot;\&quot;%s\&quot;\&quot;%s\&quot;\&quot;%s\&quot;\&quot;%s\&quot;\&quot;%s\&quot;\&quot;%s\&quot;\&quot;%s\&quot;\&quot;%s\&quot;\&quot;%s\&quot;\&quot;%s\&quot;\&quot;%s\&quot;\&quot;%s\&quot;\&quot;%s\&quot;\&quot;%s\&quot;\&quot;%s\&quot;\&quot;%s\&quot;\&quot;%s\&quot;\&quot;%s\&quot;&amp;skip=1&quot;, &quot;request_method&quot;: &quot;GET&quot;, &quot;request_headers&quot;: &quot;{\&quot;User-Agent\&quot;: \&quot;APIFuzzer 0.9.13\&quot;, \&quot;Accept-Encoding\&quot;: \&quot;gzip, deflate\&quot;, \&quot;Accept\&quot;: \&quot;*/*\&quot;, \&quot;Connection\&quot;: \&quot;keep-alive\&quot;}&quot;, &quot;request_body&quot;: {}, &quot;response&quot;: &quot;&quot;, &quot;parsed_status_code&quot;: 500, &quot;reason&quot;: &quot;failed&quot;}"/>
		</testcase>
		<testcase name="18" time="0.548680" timestamp="1727574085.1785479" status="failed">
			<failure type="failure" message="{&quot;status&quot;: &quot;failed&quot;, &quot;name&quot;: {}, &quot;sub_reports&quot;: [], &quot;test_number&quot;: 18, &quot;state&quot;: &quot;COMPLETED&quot;, &quot;request_url&quot;: &quot;https://virtserver.swaggerhub.com/AAYUSHGARGBU/api_iot/1.0.0/devices?limit=\&quot;%s\&quot;\&quot;%s\&quot;\&quot;%s\&quot;\&quot;%s\&quot;\&quot;%s\&quot;\&quot;%s\&quot;\&quot;%s\&quot;\&quot;%s\&quot;\&quot;%s\&quot;\&quot;%s\&quot;\&quot;%s\&quot;\&quot;%s\&quot;\&quot;%s\&quot;\&quot;%s\&quot;\&quot;%s\&quot;\&quot;%s\&quot;&amp;skip=1&quot;, &quot;request_method&quot;: &quot;GET&quot;, &quot;request_headers&quot;: &quot;{\&quot;User-Agent\&quot;: \&quot;APIFuzzer 0.9.13\&quot;, \&quot;Accept-Encoding\&quot;: \&quot;gzip, deflate\&quot;, \&quot;Accept\&quot;: \&quot;*/*\&quot;, \&quot;Connection\&quot;: \&quot;keep-alive\&quot;}&quot;, &quot;request_body&quot;: {}, &quot;response&quot;: &quot;&quot;, &quot;parsed_status_code&quot;: 500, &quot;reason&quot;: &quot;failed&quot;}"/>
		</testcase>
		<testcase name="19" time="0.560333" timestamp="1727574085.7526805" status="failed">
			<failure type="failure" message="{&quot;status&quot;: &quot;failed&quot;, &quot;name&quot;: {}, &quot;sub_reports&quot;: [], &quot;test_number&quot;: 19, &quot;state&quot;: &quot;COMPLETED&quot;, &quot;request_url&quot;: &quot;https://virtserver.swaggerhub.com/AAYUSHGARGBU/api_iot/1.0.0/devices?limit=\&quot;%s\&quot;\&quot;%s\&quot;&amp;skip=1&quot;, &quot;request_method&quot;: &quot;GET&quot;, &quot;request_headers&quot;: &quot;{\&quot;User-Agent\&quot;: \&quot;APIFuzzer 0.9.13\&quot;, \&quot;Accept-Encoding\&quot;: \&quot;gzip, deflate\&quot;, \&quot;Accept\&quot;: \&quot;*/*\&quot;, \&quot;Connection\&quot;: \&quot;keep-alive\&quot;}&quot;, &quot;request_body&quot;: {}, &quot;response&quot;: &quot;&quot;, &quot;parsed_status_code&quot;: 500, &quot;reason&quot;: &quot;failed&quot;}"/>
		</testcase>
		<testcase name="20" time="0.548437" timestamp="1727574086.316064" status="failed">
			<failure type="failure" message="{&quot;status&quot;: &quot;failed&quot;, &quot;name&quot;: {}, &quot;sub_reports&quot;: [], &quot;test_number&quot;: 20, &quot;state&quot;: &quot;COMPLETED&quot;, &quot;request_url&quot;: &quot;https://virtserver.swaggerhub.com/AAYUSHGARGBU/api_iot/1.0.0/devices?limit=%n%n%n%n%n%n%n%n%n%n%n%n%n%n%n%n%n%n%n%n%n%n%n%n%n%n%n%n%n%n%n%n%n%n%n%n%n%n%n%n%n%n%n%n%n%n%n%n%n%n%n%n%n%n%n%n%n%n%n%n%n%n%n%n%n%n%n%n%n%n%n%n%n%n%n%n%n%n%n%n%n%n%n%n%n%n%n%n%n%n%n%n%n%n%n%n%n%n%n%n%n%n%n%n%n%n%n%n%n%n%n%n%n%n%n%n%n%n%n%n%n%n%n%n%n%n%n%n%n%n%n%n%n%n%n%n%n%n%n%n%n%n%n%n%n%n%n%n%n%n%n%n%n%n%n%n%n%n%n%n%n%n%n%n%n%n%n%n%n%n%n%n%n%n%n%n%n%n%n%n%n%n%n%n%n%n%n%n%n%n%n%n%n%n%n%n%n%n%n%n%n%n%n%n%n%n%n%n%n%n%n%n%n%n%n%n%n%n%n%n%n%n%n%n%n%n%n%n%n%n%n%n%n%n%n%n%n%n%n%n%n%n%n%n%n%n%n%n%n%n%n%n%n%n%n%n%n%n%n%n%n%n%n%n%n%n%n%n%n%n%n%n%n%n%n%n%n%n%n%n%n%n%n%n%n%n%n%n%n%n%n%n%n%n%n%n%n%n%n%n%n%n%n%n%n%n%n%n%n%n%n%n%n%n%n%n%n%n%n%n%n%n%n%n%n%n%n%n%n%n%n%n%n%n%n%n%n%n%n%n%n%n%n%n%n%n%n%n%n%n%n%n%n%n%n%n%n%n%n%n%n%n%n%n%n%n%n%n%n%n%n%n%n%n%n%n%n%n%n%n%n%n%n%n%n%n%n%n%n%n%n%n%n%n%n%n%n%n%n%n%n%n%n%n%n%n%n%n%n%n%n%n%n%n%n%n%n%n%n%n%n%n%n%n%n%n%n%n%n%n%n%n%n%n%n%n%n%n%n%n%n%n%n%n%n%n%n%n%n%n%n%n%n%n%n%n%n%n%n%n%n%n%n%n%n%n%n%n%n%n%n%n%n%n%n%n%n%n%n%n%n%n%n%n%n%n%n%n%n%n%n%n%n%n%n%n%n%n%n%n%n%n%n%n%n%n%n%n%n%n%n%n%n%n%n%n%n%n%n%n%n%n%n%n%n%n%n%n%n%n%n%n%n%n%n%n%n%n%n%n%n%n%n%n%n%n%n%n%n%n%n%n%n%n%n%n%n%n%n%n%n%n%n%n%n%n%n%n%n%n%n%n%n%n%n%n%n%n%n%n%n%n%n%n%n%n%n%n%n%n%n%n%n%n%n%n%n%n%n%n%n%n%n%n%n%n%n%n%n%n%n%n%n%n%n%n%n%n%n%n%n%n%n%n%n%n%n%n%n%n%n%n%n%n%n%n%n%n%n%n%n%n%n%n%n%n%n%n%n%n%n%n%n%n%n%n%n%n%n%n%n%n%n%n%n%n%n%n%n%n%n%n%n%n%n%n%n%n%n%n%n%n%n%n%n%n%n%n%n%n%n%n%n%n%n%n%n%n%n%n%n%n%n%n%n%n%n%n%n%n%n%n%n%n%n%n%n%n%n%n%n%n%n%n%n%n%n%n%n%n%n%n%n%n%n%n%n%n%n%n%n%n%n%n%n%n%n%n%n%n%n%n%n%n%n%n%n%n%n%n%n%n%n%n%n%n%n%n%n%n%n%n%n%n%n%n%n%n%n%n%n%n%n%n%n%n%n%n%n%n%n%n%n%n%n%n%n%n%n%n%n%n%n%n%n%n%n%n%n%n%n%n%n%n%n%n%n%n%n%n%n%n%n%n%n%n%n%n%n%n%n%n%n%n%n%n%n%n%n%n%n%n%n%n%n%n%n%n%n%n%n%n%n%n%n%n%n%n%n%n%n%n%n%n%n%n%n%n%n%n%n%n%n%n%n%n%n%n%n%n%n%n%n%n%n%n%n%n%n%n%n%n%n%n%n%n%n%n%n%n%n%n%n%n%n%n%n%n%n%n%n%n%n%n%n%n%n%n%n%n%n%n%n%n%n%n%n%n%n%n%n%n%n%n%n%n%n%n%n%n%n%n%n%n%n%n%n%n%n%n%n%n%n%n%n%n%n%n%n%n%n%n%n%n%n%n%n%n%n%n%n%n%n%n%n%n%n%n%n%n%n%n%n%n%n%n%n%n%n%n%n%n%n%n%n%n%n%n%n%n%n%n%n%n%n%n%n%n%n%n%n%n%n%n%n%n%n%n%n%n%n%n%n%n&amp;skip=1&quot;, &quot;request_method&quot;: &quot;GET&quot;, &quot;request_headers&quot;: &quot;{\&quot;User-Agent\&quot;: \&quot;APIFuzzer 0.9.13\&quot;, \&quot;Accept-Encoding\&quot;: \&quot;gzip, deflate\&quot;, \&quot;Accept\&quot;: \&quot;*/*\&quot;, \&quot;Connection\&quot;: \&quot;keep-alive\&quot;}&quot;, &quot;request_body&quot;: {}, &quot;response&quot;: &quot;&quot;, &quot;parsed_status_code&quot;: 500, &quot;reason&quot;: &quot;failed&quot;}"/>
		</testcase>
		<testcase name="21" time="0.554167" timestamp="1727574086.8864372" status="failed">
			<failure type="failure" message="{&quot;status&quot;: &quot;failed&quot;, &quot;name&quot;: {}, &quot;sub_reports&quot;: [], &quot;test_number&quot;: 21, &quot;state&quot;: &quot;COMPLETED&quot;, &quot;request_url&quot;: &quot;https://virtserver.swaggerhub.com/AAYUSHGARGBU/api_iot/1.0.0/devices?limit=%n%n%n%n%n%n%n%n%n%n%n%n%n%n%n%n%n%n%n%n%n%n%n%n%n%n%n%n%n%n%n%n%n%n%n%n%n%n%n%n%n%n%n%n%n%n%n%n%n%n%n%n%n%n%n%n%n%n%n%n%n%n%n%n%n%n%n%n%n%n%n%n%n%n%n%n%n%n%n%n%n%n%n%n%n%n%n%n%n%n%n%n%n%n%n%n%n%n%n%n%n%n%n%n%n%n%n%n%n%n%n%n%n%n%n%n%n%n%n%n%n%n%n%n%n%n%n%n&amp;skip=1&quot;, &quot;request_method&quot;: &quot;GET&quot;, &quot;request_headers&quot;: &quot;{\&quot;User-Agent\&quot;: \&quot;APIFuzzer 0.9.13\&quot;, \&quot;Accept-Encoding\&quot;: \&quot;gzip, deflate\&quot;, \&quot;Accept\&quot;: \&quot;*/*\&quot;, \&quot;Connection\&quot;: \&quot;keep-alive\&quot;}&quot;, &quot;request_body&quot;: {}, &quot;response&quot;: &quot;&quot;, &quot;parsed_status_code&quot;: 500, &quot;reason&quot;: &quot;failed&quot;}"/>
		</testcase>
		<testcase name="22" time="0.540849" timestamp="1727574087.441896" status="failed">
			<failure type="failure" message="{&quot;status&quot;: &quot;failed&quot;, &quot;name&quot;: {}, &quot;sub_reports&quot;: [], &quot;test_number&quot;: 22, &quot;state&quot;: &quot;COMPLETED&quot;, &quot;request_url&quot;: &quot;https://virtserver.swaggerhub.com/AAYUSHGARGBU/api_iot/1.0.0/devices?limit=%n%n%n%n%n%n%n%n%n%n%n%n%n%n%n%n&amp;skip=1&quot;, &quot;request_method&quot;: &quot;GET&quot;, &quot;request_headers&quot;: &quot;{\&quot;User-Agent\&quot;: \&quot;APIFuzzer 0.9.13\&quot;, \&quot;Accept-Encoding\&quot;: \&quot;gzip, deflate\&quot;, \&quot;Accept\&quot;: \&quot;*/*\&quot;, \&quot;Connection\&quot;: \&quot;keep-alive\&quot;}&quot;, &quot;request_body&quot;: {}, &quot;response&quot;: &quot;&quot;, &quot;parsed_status_code&quot;: 500, &quot;reason&quot;: &quot;failed&quot;}"/>
		</testcase>
		<testcase name="23" time="0.543005" timestamp="1727574087.9998267" status="failed">
			<failure type="failure" message="{&quot;status&quot;: &quot;failed&quot;, &quot;name&quot;: {}, &quot;sub_reports&quot;: [], &quot;test_number&quot;: 23, &quot;state&quot;: &quot;COMPLETED&quot;, &quot;request_url&quot;: &quot;https://virtserver.swaggerhub.com/AAYUSHGARGBU/api_iot/1.0.0/devices?limit=%n%n&amp;skip=1&quot;, &quot;request_method&quot;: &quot;GET&quot;, &quot;request_headers&quot;: &quot;{\&quot;User-Agent\&quot;: \&quot;APIFuzzer 0.9.13\&quot;, \&quot;Accept-Encoding\&quot;: \&quot;gzip, deflate\&quot;, \&quot;Accept\&quot;: \&quot;*/*\&quot;, \&quot;Connection\&quot;: \&quot;keep-alive\&quot;}&quot;, &quot;request_body&quot;: {}, &quot;response&quot;: &quot;&quot;, &quot;parsed_status_code&quot;: 500, &quot;reason&quot;: &quot;failed&quot;}"/>
		</testcase>
		<testcase name="24" time="0.576175" timestamp="1727574088.591313" status="failed">
			<failure type="failure" message="{&quot;status&quot;: &quot;failed&quot;, &quot;name&quot;: {}, &quot;sub_reports&quot;: [], &quot;test_number&quot;: 24, &quot;state&quot;: &quot;COMPLETED&quot;, &quot;request_url&quot;: &quot;https://virtserver.swaggerhub.com/AAYUSHGARGBU/api_iot/1.0.0/devices?limit=%%n%%n%%n%%n%%n%%n%%n%%n%%n%%n%%n%%n%%n%%n%%n%%n%%n%%n%%n%%n%%n%%n%%n%%n%%n%%n%%n%%n%%n%%n%%n%%n%%n%%n%%n%%n%%n%%n%%n%%n%%n%%n%%n%%n%%n%%n%%n%%n%%n%%n%%n%%n%%n%%n%%n%%n%%n%%n%%n%%n%%n%%n%%n%%n%%n%%n%%n%%n%%n%%n%%n%%n%%n%%n%%n%%n%%n%%n%%n%%n%%n%%n%%n%%n%%n%%n%%n%%n%%n%%n%%n%%n%%n%%n%%n%%n%%n%%n%%n%%n%%n%%n%%n%%n%%n%%n%%n%%n%%n%%n%%n%%n%%n%%n%%n%%n%%n%%n%%n%%n%%n%%n%%n%%n%%n%%n%%n%%n%%n%%n%%n%%n%%n%%n%%n%%n%%n%%n%%n%%n%%n%%n%%n%%n%%n%%n%%n%%n%%n%%n%%n%%n%%n%%n%%n%%n%%n%%n%%n%%n%%n%%n%%n%%n%%n%%n%%n%%n%%n%%n%%n%%n%%n%%n%%n%%n%%n%%n%%n%%n%%n%%n%%n%%n%%n%%n%%n%%n%%n%%n%%n%%n%%n%%n%%n%%n%%n%%n%%n%%n%%n%%n%%n%%n%%n%%n%%n%%n%%n%%n%%n%%n%%n%%n%%n%%n%%n%%n%%n%%n%%n%%n%%n%%n%%n%%n%%n%%n%%n%%n%%n%%n%%n%%n%%n%%n%%n%%n%%n%%n%%n%%n%%n%%n%%n%%n%%n%%n%%n%%n%%n%%n%%n%%n%%n%%n%%n%%n%%n%%n%%n%%n%%n%%n%%n%%n%%n%%n%%n%%n%%n%%n%%n%%n%%n%%n%%n%%n%%n%%n%%n%%n%%n%%n%%n%%n%%n%%n%%n%%n%%n%%n%%n%%n%%n%%n%%n%%n%%n%%n%%n%%n%%n%%n%%n%%n%%n%%n%%n%%n%%n%%n%%n%%n%%n%%n%%n%%n%%n%%n%%n%%n%%n%%n%%n%%n%%n%%n%%n%%n%%n%%n%%n%%n%%n%%n%%n%%n%%n%%n%%n%%n%%n%%n%%n%%n%%n%%n%%n%%n%%n%%n%%n%%n%%n%%n%%n%%n%%n%%n%%n%%n%%n%%n%%n%%n%%n%%n%%n%%n%%n%%n%%n%%n%%n%%n%%n%%n%%n%%n%%n%%n%%n%%n%%n%%n%%n%%n%%n%%n%%n%%n%%n%%n%%n%%n%%n%%n%%n%%n%%n%%n%%n%%n%%n%%n%%n%%n%%n%%n%%n%%n%%n%%n%%n%%n%%n%%n%%n%%n%%n%%n%%n%%n%%n%%n%%n%%n%%n%%n%%n%%n%%n%%n%%n%%n%%n%%n%%n%%n%%n%%n%%n%%n%%n%%n%%n%%n%%n%%n%%n%%n%%n%%n%%n%%n%%n%%n%%n%%n%%n%%n%%n%%n%%n%%n%%n%%n%%n%%n%%n%%n%%n%%n%%n%%n%%n%%n%%n%%n%%n%%n%%n%%n%%n%%n%%n%%n%%n%%n%%n%%n%%n%%n%%n%%n%%n%%n%%n%%n%%n%%n%%n%%n%%n%%n%%n%%n%%n%%n%%n%%n%%n%%n%%n%%n%%n%%n%%n%%n%%n%%n%%n%%n%%n%%n%%n%%n%%n%%n%%n%%n%%n%%n%%n%%n%%n%%n%%n%%n%%n%%n%%n%%n%%n%%n%%n%%n%%n%%n%%n%%n%%n%%n%%n%%n%%n%%n%%n%%n%%n%%n%%n%%n%%n%%n%%n%%n%%n%%n%%n%%n%%n%%n%%n%%n%%n%%n%%n%%n%%n%%n%%n%%n%%n%%n%%n%%n%%n%%n%%n%%n%%n%%n%%n%%n%%n%%n%%n%%n%%n%%n%%n%%n%%n%%n%%n%%n%%n%%n%%n%%n%%n%%n%%n%%n%%n%%n%%n%%n%%n%%n%%n%%n%%n%%n%%n%%n%%n%%n%%n%%n%%n%%n%%n%%n%%n%%n%%n%%n%%n%%n%%n%%n%%n%%n%%n%%n%%n%%n%%n%%n%%n%%n%%n%%n%%n%%n%%n%%n%%n%%n%%n%%n%%n%%n%%n%%n%%n%%n%%n%%n%%n%%n%%n%%n%%n%%n%%n%%n%%n%%n%%n%%n%%n%%n%%n%%n%%n%%n%%n%%n%%n%%n%%n%%n%%n%%n%%n%%n%%n%%n%%n%%n%%n%%n%%n%%n%%n%%n%%n%%n%%n%%n%%n%%n%%n%%n%%n%%n%%n%%n%%n%%n%%n%%n%%n%%n%%n%%n%%n%%n%%n%%n%%n%%n%%n%%n%%n%%n%%n%%n%%n%%n%%n%%n%%n%%n%%n%%n%%n%%n%%n%%n%%n%%n%%n%%n%%n%%n%%n%%n%%n%%n%%n%%n%%n%%n%%n%%n%%n%%n%%n%%n%%n%%n%%n%%n%%n%%n%%n%%n%%n%%n%%n%%n%%n%%n%%n%%n%%n%%n%%n%%n%%n%%n%%n%%n%%n%%n%%n%%n%%n%%n%%n%%n%%n%%n%%n%%n%%n%%n%%n%%n%%n%%n%%n%%n%%n%%n%%n%%n%%n%%n%%n%%n%%n%%n%%n%%n%%n%%n%%n%%n%%n%%n%%n%%n%%n%%n%%n%%n%%n%%n%%n%%n%%n%%n%%n%%n%%n%%n%%n%%n%%n%%n%%n%%n%%n%%n%%n%%n%%n%%n%%n%%n%%n%%n%%n%%n%%n%%n%%n%%n%%n%%n%%n%%n%%n%%n%%n%%n%%n%%n%%n%%n%%n%%n%%n%%n%%n%%n%%n%%n%%n%%n%%n%%n%%n%%n%%n%%n%%n%%n%%n%%n%%n%%n%%n%%n%%n%%n%%n%%n%%n%%n%%n%%n%%n%%n%%n%%n%%n%%n%%n%%n%%n%%n%%n%%n%%n%%n%%n%%n%%n%%n%%n%%n%%n%%n%%n%%n%%n%%n%%n%%n%%n%%n%%n%%n%%n%%n%%n%%n%%n%%n%%n%%n%%n%%n%%n%%n%%n%%n%%n%%n%%n%%n%%n%%n%%n%%n%%n%%n%%n%%n%%n%%n%%n%%n%%n%%n%%n%%n%%n%%n%%n%%n%%n%%n%%n%%n%%n%%n%%n%%n%%n%%n%%n%%n%%n%%n%%n%%n%%n%%n%%n%%n%%n%%n%%n%%n%%n%%n%%n%%n%%n%%n%%n%%n%%n%%n%%n%%n&amp;skip=1&quot;, &quot;request_method&quot;: &quot;GET&quot;, &quot;request_headers&quot;: &quot;{\&quot;User-Agent\&quot;: \&quot;APIFuzzer 0.9.13\&quot;, \&quot;Accept-Encoding\&quot;: \&quot;gzip, deflate\&quot;, \&quot;Accept\&quot;: \&quot;*/*\&quot;, \&quot;Connection\&quot;: \&quot;keep-alive\&quot;}&quot;, &quot;request_body&quot;: {}, &quot;response&quot;: &quot;&quot;, &quot;parsed_status_code&quot;: 500, &quot;reason&quot;: &quot;failed&quot;}"/>
		</testcase>
		<testcase name="25" time="0.544094" timestamp="1727574089.151391" status="failed">
			<failure type="failure" message="{&quot;status&quot;: &quot;failed&quot;, &quot;name&quot;: {}, &quot;sub_reports&quot;: [], &quot;test_number&quot;: 25, &quot;state&quot;: &quot;COMPLETED&quot;, &quot;request_url&quot;: &quot;https://virtserver.swaggerhub.com/AAYUSHGARGBU/api_iot/1.0.0/devices?limit=%%n%%n%%n%%n%%n%%n%%n%%n%%n%%n%%n%%n%%n%%n%%n%%n%%n%%n%%n%%n%%n%%n%%n%%n%%n%%n%%n%%n%%n%%n%%n%%n%%n%%n%%n%%n%%n%%n%%n%%n%%n%%n%%n%%n%%n%%n%%n%%n%%n%%n%%n%%n%%n%%n%%n%%n%%n%%n%%n%%n%%n%%n%%n%%n%%n%%n%%n%%n%%n%%n%%n%%n%%n%%n%%n%%n%%n%%n%%n%%n%%n%%n%%n%%n%%n%%n%%n%%n%%n%%n%%n%%n%%n%%n%%n%%n%%n%%n%%n%%n%%n%%n%%n%%n%%n%%n%%n%%n%%n%%n%%n%%n%%n%%n%%n%%n%%n%%n%%n%%n%%n%%n%%n%%n%%n%%n%%n%%n&amp;skip=1&quot;, &quot;request_method&quot;: &quot;GET&quot;, &quot;request_headers&quot;: &quot;{\&quot;User-Agent\&quot;: \&quot;APIFuzzer 0.9.13\&quot;, \&quot;Accept-Encoding\&quot;: \&quot;gzip, deflate\&quot;, \&quot;Accept\&quot;: \&quot;*/*\&quot;, \&quot;Connection\&quot;: \&quot;keep-alive\&quot;}&quot;, &quot;request_body&quot;: {}, &quot;response&quot;: &quot;&quot;, &quot;parsed_status_code&quot;: 500, &quot;reason&quot;: &quot;failed&quot;}"/>
		</testcase>
		<testcase name="26" time="0.551764" timestamp="1727574089.71812" status="failed">
			<failure type="failure" message="{&quot;status&quot;: &quot;failed&quot;, &quot;name&quot;: {}, &quot;sub_reports&quot;: [], &quot;test_number&quot;: 26, &quot;state&quot;: &quot;COMPLETED&quot;, &quot;request_url&quot;: &quot;https://virtserver.swaggerhub.com/AAYUSHGARGBU/api_iot/1.0.0/devices?limit=%%n%%n%%n%%n%%n%%n%%n%%n%%n%%n%%n%%n%%n%%n%%n%%n&amp;skip=1&quot;, &quot;request_method&quot;: &quot;GET&quot;, &quot;request_headers&quot;: &quot;{\&quot;User-Agent\&quot;: \&quot;APIFuzzer 0.9.13\&quot;, \&quot;Accept-Encoding\&quot;: \&quot;gzip, deflate\&quot;, \&quot;Accept\&quot;: \&quot;*/*\&quot;, \&quot;Connection\&quot;: \&quot;keep-alive\&quot;}&quot;, &quot;request_body&quot;: {}, &quot;response&quot;: &quot;&quot;, &quot;parsed_status_code&quot;: 500, &quot;reason&quot;: &quot;failed&quot;}"/>
		</testcase>
		<testcase name="27" time="0.546416" timestamp="1727574090.2787056" status="failed">
			<failure type="failure" message="{&quot;status&quot;: &quot;failed&quot;, &quot;name&quot;: {}, &quot;sub_reports&quot;: [], &quot;test_number&quot;: 27, &quot;state&quot;: &quot;COMPLETED&quot;, &quot;request_url&quot;: &quot;https://virtserver.swaggerhub.com/AAYUSHGARGBU/api_iot/1.0.0/devices?limit=%%n%%n&amp;skip=1&quot;, &quot;request_method&quot;: &quot;GET&quot;, &quot;request_headers&quot;: &quot;{\&quot;User-Agent\&quot;: \&quot;APIFuzzer 0.9.13\&quot;, \&quot;Accept-Encoding\&quot;: \&quot;gzip, deflate\&quot;, \&quot;Accept\&quot;: \&quot;*/*\&quot;, \&quot;Connection\&quot;: \&quot;keep-alive\&quot;}&quot;, &quot;request_body&quot;: {}, &quot;response&quot;: &quot;&quot;, &quot;parsed_status_code&quot;: 500, &quot;reason&quot;: &quot;failed&quot;}"/>
		</testcase>
		<testcase name="28" time="0.550448" timestamp="1727574090.8439713" status="failed">
			<failure type="failure" message="{&quot;status&quot;: &quot;failed&quot;, &quot;name&quot;: {}, &quot;sub_reports&quot;: [], &quot;test_number&quot;: 28, &quot;state&quot;: &quot;COMPLETED&quot;, &quot;request_url&quot;: &quot;https://virtserver.swaggerhub.com/AAYUSHGARGBU/api_iot/1.0.0/devices?limit=\&quot;%n\&quot;\&quot;%n\&quot;\&quot;%n\&quot;\&quot;%n\&quot;\&quot;%n\&quot;\&quot;%n\&quot;\&quot;%n\&quot;\&quot;%n\&quot;\&quot;%n\&quot;\&quot;%n\&quot;\&quot;%n\&quot;\&quot;%n\&quot;\&quot;%n\&quot;\&quot;%n\&quot;\&quot;%n\&quot;\&quot;%n\&quot;\&quot;%n\&quot;\&quot;%n\&quot;\&quot;%n\&quot;\&quot;%n\&quot;\&quot;%n\&quot;\&quot;%n\&quot;\&quot;%n\&quot;\&quot;%n\&quot;\&quot;%n\&quot;\&quot;%n\&quot;\&quot;%n\&quot;\&quot;%n\&quot;\&quot;%n\&quot;\&quot;%n\&quot;\&quot;%n\&quot;\&quot;%n\&quot;\&quot;%n\&quot;\&quot;%n\&quot;\&quot;%n\&quot;\&quot;%n\&quot;\&quot;%n\&quot;\&quot;%n\&quot;\&quot;%n\&quot;\&quot;%n\&quot;\&quot;%n\&quot;\&quot;%n\&quot;\&quot;%n\&quot;\&quot;%n\&quot;\&quot;%n\&quot;\&quot;%n\&quot;\&quot;%n\&quot;\&quot;%n\&quot;\&quot;%n\&quot;\&quot;%n\&quot;\&quot;%n\&quot;\&quot;%n\&quot;\&quot;%n\&quot;\&quot;%n\&quot;\&quot;%n\&quot;\&quot;%n\&quot;\&quot;%n\&quot;\&quot;%n\&quot;\&quot;%n\&quot;\&quot;%n\&quot;\&quot;%n\&quot;\&quot;%n\&quot;\&quot;%n\&quot;\&quot;%n\&quot;\&quot;%n\&quot;\&quot;%n\&quot;\&quot;%n\&quot;\&quot;%n\&quot;\&quot;%n\&quot;\&quot;%n\&quot;\&quot;%n\&quot;\&quot;%n\&quot;\&quot;%n\&quot;\&quot;%n\&quot;\&quot;%n\&quot;\&quot;%n\&quot;\&quot;%n\&quot;\&quot;%n\&quot;\&quot;%n\&quot;\&quot;%n\&quot;\&quot;%n\&quot;\&quot;%n\&quot;\&quot;%n\&quot;\&quot;%n\&quot;\&quot;%n\&quot;\&quot;%n\&quot;\&quot;%n\&quot;\&quot;%n\&quot;\&quot;%n\&quot;\&quot;%n\&quot;\&quot;%n\&quot;\&quot;%n\&quot;\&quot;%n\&quot;\&quot;%n\&quot;\&quot;%n\&quot;\&quot;%n\&quot;\&quot;%n\&quot;\&quot;%n\&quot;\&quot;%n\&quot;\&quot;%n\&quot;\&quot;%n\&quot;\&quot;%n\&quot;\&quot;%n\&quot;\&quot;%n\&quot;\&quot;%n\&quot;\&quot;%n\&quot;\&quot;%n\&quot;\&quot;%n\&quot;\&quot;%n\&quot;\&quot;%n\&quot;\&quot;%n\&quot;\&quot;%n\&quot;\&quot;%n\&quot;\&quot;%n\&quot;\&quot;%n\&quot;\&quot;%n\&quot;\&quot;%n\&quot;\&quot;%n\&quot;\&quot;%n\&quot;\&quot;%n\&quot;\&quot;%n\&quot;\&quot;%n\&quot;\&quot;%n\&quot;\&quot;%n\&quot;\&quot;%n\&quot;\&quot;%n\&quot;\&quot;%n\&quot;\&quot;%n\&quot;\&quot;%n\&quot;\&quot;%n\&quot;\&quot;%n\&quot;\&quot;%n\&quot;\&quot;%n\&quot;\&quot;%n\&quot;\&quot;%n\&quot;\&quot;%n\&quot;\&quot;%n\&quot;\&quot;%n\&quot;\&quot;%n\&quot;\&quot;%n\&quot;\&quot;%n\&quot;\&quot;%n\&quot;\&quot;%n\&quot;\&quot;%n\&quot;\&quot;%n\&quot;\&quot;%n\&quot;\&quot;%n\&quot;\&quot;%n\&quot;\&quot;%n\&quot;\&quot;%n\&quot;\&quot;%n\&quot;\&quot;%n\&quot;\&quot;%n\&quot;\&quot;%n\&quot;\&quot;%n\&quot;\&quot;%n\&quot;\&quot;%n\&quot;\&quot;%n\&quot;\&quot;%n\&quot;\&quot;%n\&quot;\&quot;%n\&quot;\&quot;%n\&quot;\&quot;%n\&quot;\&quot;%n\&quot;\&quot;%n\&quot;\&quot;%n\&quot;\&quot;%n\&quot;\&quot;%n\&quot;\&quot;%n\&quot;\&quot;%n\&quot;\&quot;%n\&quot;\&quot;%n\&quot;\&quot;%n\&quot;\&quot;%n\&quot;\&quot;%n\&quot;\&quot;%n\&quot;\&quot;%n\&quot;\&quot;%n\&quot;\&quot;%n\&quot;\&quot;%n\&quot;\&quot;%n\&quot;\&quot;%n\&quot;\&quot;%n\&quot;\&quot;%n\&quot;\&quot;%n\&quot;\&quot;%n\&quot;\&quot;%n\&quot;\&quot;%n\&quot;\&quot;%n\&quot;\&quot;%n\&quot;\&quot;%n\&quot;\&quot;%n\&quot;\&quot;%n\&quot;\&quot;%n\&quot;\&quot;%n\&quot;\&quot;%n\&quot;\&quot;%n\&quot;\&quot;%n\&quot;\&quot;%n\&quot;\&quot;%n\&quot;\&quot;%n\&quot;\&quot;%n\&quot;\&quot;%n\&quot;\&quot;%n\&quot;\&quot;%n\&quot;\&quot;%n\&quot;\&quot;%n\&quot;\&quot;%n\&quot;\&quot;%n\&quot;\&quot;%n\&quot;\&quot;%n\&quot;\&quot;%n\&quot;\&quot;%n\&quot;\&quot;%n\&quot;\&quot;%n\&quot;\&quot;%n\&quot;\&quot;%n\&quot;\&quot;%n\&quot;\&quot;%n\&quot;\&quot;%n\&quot;\&quot;%n\&quot;\&quot;%n\&quot;\&quot;%n\&quot;\&quot;%n\&quot;\&quot;%n\&quot;\&quot;%n\&quot;\&quot;%n\&quot;\&quot;%n\&quot;\&quot;%n\&quot;\&quot;%n\&quot;\&quot;%n\&quot;\&quot;%n\&quot;\&quot;%n\&quot;\&quot;%n\&quot;\&quot;%n\&quot;\&quot;%n\&quot;\&quot;%n\&quot;\&quot;%n\&quot;\&quot;%n\&quot;\&quot;%n\&quot;\&quot;%n\&quot;\&quot;%n\&quot;\&quot;%n\&quot;\&quot;%n\&quot;\&quot;%n\&quot;\&quot;%n\&quot;\&quot;%n\&quot;\&quot;%n\&quot;\&quot;%n\&quot;\&quot;%n\&quot;\&quot;%n\&quot;\&quot;%n\&quot;\&quot;%n\&quot;\&quot;%n\&quot;\&quot;%n\&quot;\&quot;%n\&quot;\&quot;%n\&quot;\&quot;%n\&quot;\&quot;%n\&quot;\&quot;%n\&quot;\&quot;%n\&quot;\&quot;%n\&quot;\&quot;%n\&quot;\&quot;%n\&quot;\&quot;%n\&quot;\&quot;%n\&quot;\&quot;%n\&quot;\&quot;%n\&quot;\&quot;%n\&quot;\&quot;%n\&quot;\&quot;%n\&quot;\&quot;%n\&quot;\&quot;%n\&quot;\&quot;%n\&quot;\&quot;%n\&quot;\&quot;%n\&quot;\&quot;%n\&quot;\&quot;%n\&quot;\&quot;%n\&quot;\&quot;%n\&quot;\&quot;%n\&quot;\&quot;%n\&quot;\&quot;%n\&quot;\&quot;%n\&quot;\&quot;%n\&quot;\&quot;%n\&quot;\&quot;%n\&quot;\&quot;%n\&quot;\&quot;%n\&quot;\&quot;%n\&quot;\&quot;%n\&quot;\&quot;%n\&quot;\&quot;%n\&quot;\&quot;%n\&quot;\&quot;%n\&quot;\&quot;%n\&quot;\&quot;%n\&quot;\&quot;%n\&quot;\&quot;%n\&quot;\&quot;%n\&quot;\&quot;%n\&quot;\&quot;%n\&quot;\&quot;%n\&quot;\&quot;%n\&quot;\&quot;%n\&quot;\&quot;%n\&quot;\&quot;%n\&quot;\&quot;%n\&quot;\&quot;%n\&quot;\&quot;%n\&quot;\&quot;%n\&quot;\&quot;%n\&quot;\&quot;%n\&quot;\&quot;%n\&quot;\&quot;%n\&quot;\&quot;%n\&quot;\&quot;%n\&quot;\&quot;%n\&quot;\&quot;%n\&quot;\&quot;%n\&quot;\&quot;%n\&quot;\&quot;%n\&quot;\&quot;%n\&quot;\&quot;%n\&quot;\&quot;%n\&quot;\&quot;%n\&quot;\&quot;%n\&quot;\&quot;%n\&quot;\&quot;%n\&quot;\&quot;%n\&quot;\&quot;%n\&quot;\&quot;%n\&quot;\&quot;%n\&quot;\&quot;%n\&quot;\&quot;%n\&quot;\&quot;%n\&quot;\&quot;%n\&quot;\&quot;%n\&quot;\&quot;%n\&quot;\&quot;%n\&quot;\&quot;%n\&quot;\&quot;%n\&quot;\&quot;%n\&quot;\&quot;%n\&quot;\&quot;%n\&quot;\&quot;%n\&quot;\&quot;%n\&quot;\&quot;%n\&quot;\&quot;%n\&quot;\&quot;%n\&quot;\&quot;%n\&quot;\&quot;%n\&quot;\&quot;%n\&quot;\&quot;%n\&quot;\&quot;%n\&quot;\&quot;%n\&quot;\&quot;%n\&quot;\&quot;%n\&quot;\&quot;%n\&quot;\&quot;%n\&quot;\&quot;%n\&quot;\&quot;%n\&quot;\&quot;%n\&quot;\&quot;%n\&quot;\&quot;%n\&quot;\&quot;%n\&quot;\&quot;%n\&quot;\&quot;%n\&quot;\&quot;%n\&quot;\&quot;%n\&quot;\&quot;%n\&quot;\&quot;%n\&quot;\&quot;%n\&quot;\&quot;%n\&quot;\&quot;%n\&quot;\&quot;%n\&quot;\&quot;%n\&quot;\&quot;%n\&quot;\&quot;%n\&quot;\&quot;%n\&quot;\&quot;%n\&quot;\&quot;%n\&quot;\&quot;%n\&quot;\&quot;%n\&quot;\&quot;%n\&quot;\&quot;%n\&quot;\&quot;%n\&quot;\&quot;%n\&quot;\&quot;%n\&quot;\&quot;%n\&quot;\&quot;%n\&quot;\&quot;%n\&quot;\&quot;%n\&quot;\&quot;%n\&quot;\&quot;%n\&quot;\&quot;%n\&quot;\&quot;%n\&quot;\&quot;%n\&quot;\&quot;%n\&quot;\&quot;%n\&quot;\&quot;%n\&quot;\&quot;%n\&quot;\&quot;%n\&quot;\&quot;%n\&quot;\&quot;%n\&quot;\&quot;%n\&quot;\&quot;%n\&quot;\&quot;%n\&quot;\&quot;%n\&quot;\&quot;%n\&quot;\&quot;%n\&quot;\&quot;%n\&quot;\&quot;%n\&quot;\&quot;%n\&quot;\&quot;%n\&quot;\&quot;%n\&quot;\&quot;%n\&quot;\&quot;%n\&quot;\&quot;%n\&quot;\&quot;%n\&quot;\&quot;%n\&quot;\&quot;%n\&quot;\&quot;%n\&quot;\&quot;%n\&quot;\&quot;%n\&quot;\&quot;%n\&quot;\&quot;%n\&quot;\&quot;%n\&quot;\&quot;%n\&quot;\&quot;%n\&quot;\&quot;%n\&quot;\&quot;%n\&quot;\&quot;%n\&quot;\&quot;%n\&quot;\&quot;%n\&quot;\&quot;%n\&quot;\&quot;%n\&quot;\&quot;%n\&quot;\&quot;%n\&quot;\&quot;%n\&quot;\&quot;%n\&quot;\&quot;%n\&quot;\&quot;%n\&quot;\&quot;%n\&quot;\&quot;%n\&quot;\&quot;%n\&quot;\&quot;%n\&quot;\&quot;%n\&quot;\&quot;%n\&quot;\&quot;%n\&quot;\&quot;%n\&quot;\&quot;%n\&quot;\&quot;%n\&quot;\&quot;%n\&quot;\&quot;%n\&quot;\&quot;%n\&quot;\&quot;%n\&quot;\&quot;%n\&quot;\&quot;%n\&quot;\&quot;%n\&quot;\&quot;%n\&quot;\&quot;%n\&quot;\&quot;%n\&quot;\&quot;%n\&quot;\&quot;%n\&quot;\&quot;%n\&quot;\&quot;%n\&quot;\&quot;%n\&quot;\&quot;%n\&quot;\&quot;%n\&quot;\&quot;%n\&quot;\&quot;%n\&quot;\&quot;%n\&quot;\&quot;%n\&quot;\&quot;%n\&quot;\&quot;%n\&quot;\&quot;%n\&quot;\&quot;%n\&quot;\&quot;%n\&quot;\&quot;%n\&quot;\&quot;%n\&quot;\&quot;%n\&quot;\&quot;%n\&quot;\&quot;%n\&quot;\&quot;%n\&quot;\&quot;%n\&quot;\&quot;%n\&quot;\&quot;%n\&quot;\&quot;%n\&quot;\&quot;%n\&quot;\&quot;%n\&quot;\&quot;%n\&quot;\&quot;%n\&quot;\&quot;%n\&quot;\&quot;%n\&quot;\&quot;%n\&quot;\&quot;%n\&quot;\&quot;%n\&quot;\&quot;%n\&quot;\&quot;%n\&quot;\&quot;%n\&quot;\&quot;%n\&quot;\&quot;%n\&quot;\&quot;%n\&quot;\&quot;%n\&quot;\&quot;%n\&quot;\&quot;%n\&quot;\&quot;%n\&quot;\&quot;%n\&quot;\&quot;%n\&quot;\&quot;%n\&quot;\&quot;%n\&quot;\&quot;%n\&quot;\&quot;%n\&quot;\&quot;%n\&quot;\&quot;%n\&quot;\&quot;%n\&quot;\&quot;%n\&quot;\&quot;%n\&quot;\&quot;%n\&quot;\&quot;%n\&quot;\&quot;%n\&quot;\&quot;%n\&quot;\&quot;%n\&quot;\&quot;%n\&quot;\&quot;%n\&quot;\&quot;%n\&quot;\&quot;%n\&quot;\&quot;%n\&quot;\&quot;%n\&quot;\&quot;%n\&quot;\&quot;%n\&quot;\&quot;%n\&quot;\&quot;%n\&quot;\&quot;%n\&quot;\&quot;%n\&quot;\&quot;%n\&quot;\&quot;%n\&quot;\&quot;%n\&quot;\&quot;%n\&quot;\&quot;%n\&quot;\&quot;%n\&quot;\&quot;%n\&quot;\&quot;%n\&quot;\&quot;%n\&quot;\&quot;%n\&quot;\&quot;%n\&quot;\&quot;%n\&quot;\&quot;%n\&quot;\&quot;%n\&quot;\&quot;%n\&quot;\&quot;%n\&quot;\&quot;%n\&quot;\&quot;%n\&quot;\&quot;%n\&quot;\&quot;%n\&quot;\&quot;%n\&quot;\&quot;%n\&quot;\&quot;%n\&quot;\&quot;%n\&quot;\&quot;%n\&quot;\&quot;%n\&quot;\&quot;%n\&quot;\&quot;%n\&quot;\&quot;%n\&quot;\&quot;%n\&quot;\&quot;%n\&quot;\&quot;%n\&quot;\&quot;%n\&quot;\&quot;%n\&quot;\&quot;%n\&quot;\&quot;%n\&quot;\&quot;%n\&quot;\&quot;%n\&quot;\&quot;%n\&quot;\&quot;%n\&quot;\&quot;%n\&quot;\&quot;%n\&quot;\&quot;%n\&quot;\&quot;%n\&quot;\&quot;%n\&quot;\&quot;%n\&quot;\&quot;%n\&quot;\&quot;%n\&quot;\&quot;%n\&quot;\&quot;%n\&quot;\&quot;%n\&quot;\&quot;%n\&quot;\&quot;%n\&quot;\&quot;%n\&quot;\&quot;%n\&quot;\&quot;%n\&quot;\&quot;%n\&quot;\&quot;%n\&quot;\&quot;%n\&quot;\&quot;%n\&quot;\&quot;%n\&quot;\&quot;%n\&quot;\&quot;%n\&quot;\&quot;%n\&quot;\&quot;%n\&quot;\&quot;%n\&quot;\&quot;%n\&quot;\&quot;%n\&quot;\&quot;%n\&quot;\&quot;%n\&quot;\&quot;%n\&quot;\&quot;%n\&quot;\&quot;%n\&quot;\&quot;%n\&quot;\&quot;%n\&quot;\&quot;%n\&quot;\&quot;%n\&quot;\&quot;%n\&quot;\&quot;%n\&quot;\&quot;%n\&quot;\&quot;%n\&quot;\&quot;%n\&quot;\&quot;%n\&quot;\&quot;%n\&quot;\&quot;%n\&quot;\&quot;%n\&quot;\&quot;%n\&quot;\&quot;%n\&quot;\&quot;%n\&quot;\&quot;%n\&quot;\&quot;%n\&quot;\&quot;%n\&quot;\&quot;%n\&quot;\&quot;%n\&quot;\&quot;%n\&quot;\&quot;%n\&quot;\&quot;%n\&quot;\&quot;%n\&quot;\&quot;%n\&quot;\&quot;%n\&quot;\&quot;%n\&quot;\&quot;%n\&quot;\&quot;%n\&quot;\&quot;%n\&quot;\&quot;%n\&quot;\&quot;%n\&quot;\&quot;%n\&quot;\&quot;%n\&quot;\&quot;%n\&quot;\&quot;%n\&quot;\&quot;%n\&quot;\&quot;%n\&quot;\&quot;%n\&quot;\&quot;%n\&quot;\&quot;%n\&quot;\&quot;%n\&quot;\&quot;%n\&quot;\&quot;%n\&quot;\&quot;%n\&quot;\&quot;%n\&quot;\&quot;%n\&quot;\&quot;%n\&quot;\&quot;%n\&quot;\&quot;%n\&quot;\&quot;%n\&quot;\&quot;%n\&quot;\&quot;%n\&quot;\&quot;%n\&quot;\&quot;%n\&quot;\&quot;%n\&quot;\&quot;%n\&quot;\&quot;%n\&quot;\&quot;%n\&quot;\&quot;%n\&quot;\&quot;%n\&quot;\&quot;%n\&quot;\&quot;%n\&quot;\&quot;%n\&quot;\&quot;%n\&quot;\&quot;%n\&quot;\&quot;%n\&quot;\&quot;%n\&quot;\&quot;%n\&quot;\&quot;%n\&quot;\&quot;%n\&quot;\&quot;%n\&quot;\&quot;%n\&quot;\&quot;%n\&quot;\&quot;%n\&quot;\&quot;%n\&quot;\&quot;%n\&quot;\&quot;%n\&quot;\&quot;%n\&quot;\&quot;%n\&quot;\&quot;%n\&quot;\&quot;%n\&quot;\&quot;%n\&quot;\&quot;%n\&quot;\&quot;%n\&quot;\&quot;%n\&quot;\&quot;%n\&quot;\&quot;%n\&quot;\&quot;%n\&quot;\&quot;%n\&quot;\&quot;%n\&quot;\&quot;%n\&quot;\&quot;%n\&quot;\&quot;%n\&quot;\&quot;%n\&quot;\&quot;%n\&quot;\&quot;%n\&quot;\&quot;%n\&quot;\&quot;%n\&quot;\&quot;%n\&quot;\&quot;%n\&quot;\&quot;%n\&quot;\&quot;%n\&quot;\&quot;%n\&quot;\&quot;%n\&quot;\&quot;%n\&quot;\&quot;%n\&quot;\&quot;%n\&quot;\&quot;%n\&quot;\&quot;%n\&quot;\&quot;%n\&quot;\&quot;%n\&quot;\&quot;%n\&quot;\&quot;%n\&quot;\&quot;%n\&quot;\&quot;%n\&quot;\&quot;%n\&quot;\&quot;%n\&quot;\&quot;%n\&quot;\&quot;%n\&quot;\&quot;%n\&quot;\&quot;%n\&quot;\&quot;%n\&quot;\&quot;%n\&quot;\&quot;%n\&quot;\&quot;%n\&quot;\&quot;%n\&quot;\&quot;%n\&quot;\&quot;%n\&quot;\&quot;%n\&quot;\&quot;%n\&quot;\&quot;%n\&quot;\&quot;%n\&quot;\&quot;%n\&quot;\&quot;%n\&quot;\&quot;%n\&quot;\&quot;%n\&quot;\&quot;%n\&quot;\&quot;%n\&quot;\&quot;%n\&quot;\&quot;%n\&quot;\&quot;%n\&quot;\&quot;%n\&quot;\&quot;%n\&quot;\&quot;%n\&quot;\&quot;%n\&quot;\&quot;%n\&quot;\&quot;%n\&quot;\&quot;%n\&quot;\&quot;%n\&quot;\&quot;%n\&quot;\&quot;%n\&quot;\&quot;%n\&quot;\&quot;%n\&quot;\&quot;%n\&quot;\&quot;%n\&quot;\&quot;%n\&quot;\&quot;%n\&quot;\&quot;%n\&quot;\&quot;%n\&quot;\&quot;%n\&quot;\&quot;%n\&quot;\&quot;%n\&quot;\&quot;%n\&quot;\&quot;%n\&quot;\&quot;%n\&quot;\&quot;%n\&quot;\&quot;%n\&quot;\&quot;%n\&quot;\&quot;%n\&quot;\&quot;%n\&quot;\&quot;%n\&quot;\&quot;%n\&quot;\&quot;%n\&quot;\&quot;%n\&quot;\&quot;%n\&quot;\&quot;%n\&quot;\&quot;%n\&quot;\&quot;%n\&quot;\&quot;%n\&quot;\&quot;%n\&quot;\&quot;%n\&quot;\&quot;%n\&quot;\&quot;%n\&quot;\&quot;%n\&quot;\&quot;%n\&quot;\&quot;%n\&quot;\&quot;%n\&quot;\&quot;%n\&quot;\&quot;%n\&quot;\&quot;%n\&quot;\&quot;%n\&quot;\&quot;%n\&quot;\&quot;%n\&quot;\&quot;%n\&quot;\&quot;%n\&quot;\&quot;%n\&quot;\&quot;%n\&quot;\&quot;%n\&quot;\&quot;%n\&quot;\&quot;%n\&quot;\&quot;%n\&quot;\&quot;%n\&quot;\&quot;%n\&quot;\&quot;%n\&quot;\&quot;%n\&quot;\&quot;%n\&quot;\&quot;%n\&quot;\&quot;%n\&quot;\&quot;%n\&quot;\&quot;%n\&quot;\&quot;%n\&quot;\&quot;%n\&quot;\&quot;%n\&quot;\&quot;%n\&quot;\&quot;%n\&quot;\&quot;%n\&quot;\&quot;%n\&quot;\&quot;%n\&quot;\&quot;%n\&quot;\&quot;%n\&quot;\&quot;%n\&quot;\&quot;%n\&quot;\&quot;%n\&quot;\&quot;%n\&quot;\&quot;%n\&quot;\&quot;%n\&quot;\&quot;%n\&quot;\&quot;%n\&quot;\&quot;%n\&quot;\&quot;%n\&quot;\&quot;%n\&quot;\&quot;%n\&quot;\&quot;%n\&quot;\&quot;%n\&quot;\&quot;%n\&quot;\&quot;%n\&quot;\&quot;%n\&quot;\&quot;%n\&quot;\&quot;%n\&quot;\&quot;%n\&quot;\&quot;%n\&quot;\&quot;%n\&quot;\&quot;%n\&quot;\&quot;%n\&quot;\&quot;%n\&quot;\&quot;%n\&quot;\&quot;%n\&quot;\&quot;%n\&quot;\&quot;%n\&quot;\&quot;%n\&quot;\&quot;%n\&quot;\&quot;%n\&quot;\&quot;%n\&quot;\&quot;%n\&quot;\&quot;%n\&quot;\&quot;%n\&quot;\&quot;%n\&quot;\&quot;%n\&quot;\&quot;%n\&quot;\&quot;%n\&quot;\&quot;%n\&quot;\&quot;%n\&quot;\&quot;%n\&quot;\&quot;%n\&quot;\&quot;%n\&quot;\&quot;%n\&quot;\&quot;%n\&quot;\&quot;%n\&quot;\&quot;%n\&quot;\&quot;%n\&quot;\&quot;%n\&quot;\&quot;%n\&quot;\&quot;%n\&quot;\&quot;%n\&quot;\&quot;%n\&quot;\&quot;%n\&quot;\&quot;%n\&quot;\&quot;%n\&quot;\&quot;%n\&quot;\&quot;%n\&quot;\&quot;%n\&quot;\&quot;%n\&quot;\&quot;%n\&quot;\&quot;%n\&quot;\&quot;%n\&quot;\&quot;%n\&quot;\&quot;%n\&quot;\&quot;%n\&quot;\&quot;%n\&quot;\&quot;%n\&quot;\&quot;%n\&quot;\&quot;%n\&quot;\&quot;%n\&quot;\&quot;%n\&quot;\&quot;%n\&quot;\&quot;%n\&quot;\&quot;%n\&quot;\&quot;%n\&quot;\&quot;%n\&quot;\&quot;%n\&quot;\&quot;%n\&quot;\&quot;%n\&quot;\&quot;%n\&quot;\&quot;%n\&quot;\&quot;%n\&quot;\&quot;%n\&quot;\&quot;%n\&quot;\&quot;%n\&quot;\&quot;%n\&quot;\&quot;%n\&quot;\&quot;%n\&quot;\&quot;%n\&quot;\&quot;%n\&quot;\&quot;%n\&quot;\&quot;%n\&quot;\&quot;%n\&quot;\&quot;%n\&quot;\&quot;%n\&quot;\&quot;%n\&quot;\&quot;%n\&quot;\&quot;%n\&quot;\&quot;%n\&quot;\&quot;%n\&quot;\&quot;%n\&quot;\&quot;%n\&quot;\&quot;%n\&quot;\&quot;%n\&quot;\&quot;%n\&quot;\&quot;%n\&quot;\&quot;%n\&quot;\&quot;%n\&quot;\&quot;%n\&quot;\&quot;%n\&quot;\&quot;%n\&quot;\&quot;%n\&quot;\&quot;%n\&quot;\&quot;%n\&quot;\&quot;%n\&quot;\&quot;%n\&quot;\&quot;%n\&quot;\&quot;%n\&quot;\&quot;%n\&quot;\&quot;%n\&quot;\&quot;%n\&quot;\&quot;%n\&quot;\&quot;%n\&quot;\&quot;%n\&quot;\&quot;%n\&quot;\&quot;%n\&quot;\&quot;%n\&quot;\&quot;%n\&quot;\&quot;%n\&quot;\&quot;%n\&quot;\&quot;%n\&quot;\&quot;%n\&quot;\&quot;%n\&quot;\&quot;%n\&quot;\&quot;%n\&quot;\&quot;%n\&quot;\&quot;%n\&quot;\&quot;%n\&quot;\&quot;%n\&quot;\&quot;%n\&quot;\&quot;%n\&quot;\&quot;%n\&quot;\&quot;%n\&quot;\&quot;%n\&quot;\&quot;%n\&quot;\&quot;%n\&quot;\&quot;%n\&quot;\&quot;%n\&quot;\&quot;%n\&quot;\&quot;%n\&quot;\&quot;%n\&quot;\&quot;%n\&quot;\&quot;%n\&quot;\&quot;%n\&quot;\&quot;%n\&quot;\&quot;%n\&quot;\&quot;%n\&quot;\&quot;%n\&quot;\&quot;%n\&quot;\&quot;%n\&quot;\&quot;%n\&quot;\&quot;%n\&quot;\&quot;%n\&quot;\&quot;%n\&quot;\&quot;%n\&quot;\&quot;%n\&quot;\&quot;%n\&quot;\&quot;%n\&quot;\&quot;%n\&quot;\&quot;%n\&quot;\&quot;%n\&quot;\&quot;%n\&quot;\&quot;%n\&quot;\&quot;%n\&quot;\&quot;%n\&quot;\&quot;%n\&quot;\&quot;%n\&quot;\&quot;%n\&quot;\&quot;%n\&quot;\&quot;%n\&quot;\&quot;%n\&quot;\&quot;%n\&quot;\&quot;%n\&quot;\&quot;%n\&quot;\&quot;%n\&quot;\&quot;%n\&quot;\&quot;%n\&quot;\&quot;%n\&quot;\&quot;%n\&quot;\&quot;%n\&quot;&amp;skip=1&quot;, &quot;request_method&quot;: &quot;GET&quot;, &quot;request_headers&quot;: &quot;{\&quot;User-Agent\&quot;: \&quot;APIFuzzer 0.9.13\&quot;, \&quot;Accept-Encoding\&quot;: \&quot;gzip, deflate\&quot;, \&quot;Accept\&quot;: \&quot;*/*\&quot;, \&quot;Connection\&quot;: \&quot;keep-alive\&quot;}&quot;, &quot;request_body&quot;: {}, &quot;response&quot;: &quot;&quot;, &quot;parsed_status_code&quot;: 500, &quot;reason&quot;: &quot;failed&quot;}"/>
		</testcase>
		<testcase name="29" time="0.563528" timestamp="1727574091.4240391" status="failed">
			<failure type="failure" message="{&quot;status&quot;: &quot;failed&quot;, &quot;name&quot;: {}, &quot;sub_reports&quot;: [], &quot;test_number&quot;: 29, &quot;state&quot;: &quot;COMPLETED&quot;, &quot;request_url&quot;: &quot;https://virtserver.swaggerhub.com/AAYUSHGARGBU/api_iot/1.0.0/devices?limit=\&quot;%n\&quot;\&quot;%n\&quot;\&quot;%n\&quot;\&quot;%n\&quot;\&quot;%n\&quot;\&quot;%n\&quot;\&quot;%n\&quot;\&quot;%n\&quot;\&quot;%n\&quot;\&quot;%n\&quot;\&quot;%n\&quot;\&quot;%n\&quot;\&quot;%n\&quot;\&quot;%n\&quot;\&quot;%n\&quot;\&quot;%n\&quot;\&quot;%n\&quot;\&quot;%n\&quot;\&quot;%n\&quot;\&quot;%n\&quot;\&quot;%n\&quot;\&quot;%n\&quot;\&quot;%n\&quot;\&quot;%n\&quot;\&quot;%n\&quot;\&quot;%n\&quot;\&quot;%n\&quot;\&quot;%n\&quot;\&quot;%n\&quot;\&quot;%n\&quot;\&quot;%n\&quot;\&quot;%n\&quot;\&quot;%n\&quot;\&quot;%n\&quot;\&quot;%n\&quot;\&quot;%n\&quot;\&quot;%n\&quot;\&quot;%n\&quot;\&quot;%n\&quot;\&quot;%n\&quot;\&quot;%n\&quot;\&quot;%n\&quot;\&quot;%n\&quot;\&quot;%n\&quot;\&quot;%n\&quot;\&quot;%n\&quot;\&quot;%n\&quot;\&quot;%n\&quot;\&quot;%n\&quot;\&quot;%n\&quot;\&quot;%n\&quot;\&quot;%n\&quot;\&quot;%n\&quot;\&quot;%n\&quot;\&quot;%n\&quot;\&quot;%n\&quot;\&quot;%n\&quot;\&quot;%n\&quot;\&quot;%n\&quot;\&quot;%n\&quot;\&quot;%n\&quot;\&quot;%n\&quot;\&quot;%n\&quot;\&quot;%n\&quot;\&quot;%n\&quot;\&quot;%n\&quot;\&quot;%n\&quot;\&quot;%n\&quot;\&quot;%n\&quot;\&quot;%n\&quot;\&quot;%n\&quot;\&quot;%n\&quot;\&quot;%n\&quot;\&quot;%n\&quot;\&quot;%n\&quot;\&quot;%n\&quot;\&quot;%n\&quot;\&quot;%n\&quot;\&quot;%n\&quot;\&quot;%n\&quot;\&quot;%n\&quot;\&quot;%n\&quot;\&quot;%n\&quot;\&quot;%n\&quot;\&quot;%n\&quot;\&quot;%n\&quot;\&quot;%n\&quot;\&quot;%n\&quot;\&quot;%n\&quot;\&quot;%n\&quot;\&quot;%n\&quot;\&quot;%n\&quot;\&quot;%n\&quot;\&quot;%n\&quot;\&quot;%n\&quot;\&quot;%n\&quot;\&quot;%n\&quot;\&quot;%n\&quot;\&quot;%n\&quot;\&quot;%n\&quot;\&quot;%n\&quot;\&quot;%n\&quot;\&quot;%n\&quot;\&quot;%n\&quot;\&quot;%n\&quot;\&quot;%n\&quot;\&quot;%n\&quot;\&quot;%n\&quot;\&quot;%n\&quot;\&quot;%n\&quot;\&quot;%n\&quot;\&quot;%n\&quot;\&quot;%n\&quot;\&quot;%n\&quot;\&quot;%n\&quot;\&quot;%n\&quot;\&quot;%n\&quot;\&quot;%n\&quot;\&quot;%n\&quot;\&quot;%n\&quot;\&quot;%n\&quot;\&quot;%n\&quot;\&quot;%n\&quot;\&quot;%n\&quot;\&quot;%n\&quot;\&quot;%n\&quot;\&quot;%n\&quot;\&quot;%n\&quot;&amp;skip=1&quot;, &quot;request_method&quot;: &quot;GET&quot;, &quot;request_headers&quot;: &quot;{\&quot;User-Agent\&quot;: \&quot;APIFuzzer 0.9.13\&quot;, \&quot;Accept-Encoding\&quot;: \&quot;gzip, deflate\&quot;, \&quot;Accept\&quot;: \&quot;*/*\&quot;, \&quot;Connection\&quot;: \&quot;keep-alive\&quot;}&quot;, &quot;request_body&quot;: {}, &quot;response&quot;: &quot;&quot;, &quot;parsed_status_code&quot;: 500, &quot;reason&quot;: &quot;failed&quot;}"/>
		</testcase>
		<testcase name="30" time="0.547980" timestamp="1727574091.9877079" status="failed">
			<failure type="failure" message="{&quot;status&quot;: &quot;failed&quot;, &quot;name&quot;: {}, &quot;sub_reports&quot;: [], &quot;test_number&quot;: 30, &quot;state&quot;: &quot;COMPLETED&quot;, &quot;request_url&quot;: &quot;https://virtserver.swaggerhub.com/AAYUSHGARGBU/api_iot/1.0.0/devices?limit=\&quot;%n\&quot;\&quot;%n\&quot;\&quot;%n\&quot;\&quot;%n\&quot;\&quot;%n\&quot;\&quot;%n\&quot;\&quot;%n\&quot;\&quot;%n\&quot;\&quot;%n\&quot;\&quot;%n\&quot;\&quot;%n\&quot;\&quot;%n\&quot;\&quot;%n\&quot;\&quot;%n\&quot;\&quot;%n\&quot;\&quot;%n\&quot;&amp;skip=1&quot;, &quot;request_method&quot;: &quot;GET&quot;, &quot;request_headers&quot;: &quot;{\&quot;User-Agent\&quot;: \&quot;APIFuzzer 0.9.13\&quot;, \&quot;Accept-Encoding\&quot;: \&quot;gzip, deflate\&quot;, \&quot;Accept\&quot;: \&quot;*/*\&quot;, \&quot;Connection\&quot;: \&quot;keep-alive\&quot;}&quot;, &quot;request_body&quot;: {}, &quot;response&quot;: &quot;&quot;, &quot;parsed_status_code&quot;: 500, &quot;reason&quot;: &quot;failed&quot;}"/>
		</testcase>
		<testcase name="31" time="0.549176" timestamp="1727574092.5511324" status="failed">
			<failure type="failure" message="{&quot;status&quot;: &quot;failed&quot;, &quot;name&quot;: {}, &quot;sub_reports&quot;: [], &quot;test_number&quot;: 31, &quot;state&quot;: &quot;COMPLETED&quot;, &quot;request_url&quot;: &quot;https://virtserver.swaggerhub.com/AAYUSHGARGBU/api_iot/1.0.0/devices?limit=\&quot;%n\&quot;\&quot;%n\&quot;&amp;skip=1&quot;, &quot;request_method&quot;: &quot;GET&quot;, &quot;request_headers&quot;: &quot;{\&quot;User-Agent\&quot;: \&quot;APIFuzzer 0.9.13\&quot;, \&quot;Accept-Encoding\&quot;: \&quot;gzip, deflate\&quot;, \&quot;Accept\&quot;: \&quot;*/*\&quot;, \&quot;Connection\&quot;: \&quot;keep-alive\&quot;}&quot;, &quot;request_body&quot;: {}, &quot;response&quot;: &quot;&quot;, &quot;parsed_status_code&quot;: 500, &quot;reason&quot;: &quot;failed&quot;}"/>
		</testcase>
		<testcase name="32" time="0.568615" timestamp="1727574093.1351194" status="failed">
			<failure type="failure" message="{&quot;status&quot;: &quot;failed&quot;, &quot;name&quot;: {}, &quot;sub_reports&quot;: [], &quot;test_number&quot;: 32, &quot;state&quot;: &quot;COMPLETED&quot;, &quot;request_url&quot;: &quot;https://virtserver.swaggerhub.com/AAYUSHGARGBU/api_iot/1.0.0/devices?limit=%.16705u%2\\$hn&amp;skip=1&quot;, &quot;request_method&quot;: &quot;GET&quot;, &quot;request_headers&quot;: &quot;{\&quot;User-Agent\&quot;: \&quot;APIFuzzer 0.9.13\&quot;, \&quot;Accept-Encoding\&quot;: \&quot;gzip, deflate\&quot;, \&quot;Accept\&quot;: \&quot;*/*\&quot;, \&quot;Connection\&quot;: \&quot;keep-alive\&quot;}&quot;, &quot;request_body&quot;: {}, &quot;response&quot;: &quot;&quot;, &quot;parsed_status_code&quot;: 500, &quot;reason&quot;: &quot;failed&quot;}"/>
		</testcase>
		<testcase name="88" time="0.551174" timestamp="1727574121.1226501" status="failed">
			<failure type="failure" message="{&quot;status&quot;: &quot;failed&quot;, &quot;name&quot;: {}, &quot;sub_reports&quot;: [], &quot;test_number&quot;: 88, &quot;state&quot;: &quot;COMPLETED&quot;, &quot;request_url&quot;: &quot;https://virtserver.swaggerhub.com/AAYUSHGARGBU/api_iot/1.0.0/devices?limit=%u0000&amp;skip=1&quot;, &quot;request_method&quot;: &quot;GET&quot;, &quot;request_headers&quot;: &quot;{\&quot;User-Agent\&quot;: \&quot;APIFuzzer 0.9.13\&quot;, \&quot;Accept-Encoding\&quot;: \&quot;gzip, deflate\&quot;, \&quot;Accept\&quot;: \&quot;*/*\&quot;, \&quot;Connection\&quot;: \&quot;keep-alive\&quot;}&quot;, &quot;request_body&quot;: {}, &quot;response&quot;: &quot;&quot;, &quot;parsed_status_code&quot;: 500, &quot;reason&quot;: &quot;failed&quot;}"/>
		</testcase>
		<testcase name="99" time="0.557355" timestamp="1727574126.529005" status="failed">
			<failure type="failure" message="{&quot;status&quot;: &quot;failed&quot;, &quot;name&quot;: {}, &quot;sub_reports&quot;: [], &quot;test_number&quot;: 99, &quot;state&quot;: &quot;COMPLETED&quot;, &quot;request_url&quot;: &quot;https://virtserver.swaggerhub.com/AAYUSHGARGBU/api_iot/1.0.0/devices?limit=1&amp;skip=%s%s%s%s%s%s%s%s%s%s%s%s%s%s%s%s%s%s%s%s%s%s%s%s%s%s%s%s%s%s%s%s%s%s%s%s%s%s%s%s%s%s%s%s%s%s%s%s%s%s%s%s%s%s%s%s%s%s%s%s%s%s%s%s%s%s%s%s%s%s%s%s%s%s%s%s%s%s%s%s%s%s%s%s%s%s%s%s%s%s%s%s%s%s%s%s%s%s%s%s%s%s%s%s%s%s%s%s%s%s%s%s%s%s%s%s%s%s%s%s%s%s%s%s%s%s%s%s%s%s%s%s%s%s%s%s%s%s%s%s%s%s%s%s%s%s%s%s%s%s%s%s%s%s%s%s%s%s%s%s%s%s%s%s%s%s%s%s%s%s%s%s%s%s%s%s%s%s%s%s%s%s%s%s%s%s%s%s%s%s%s%s%s%s%s%s%s%s%s%s%s%s%s%s%s%s%s%s%s%s%s%s%s%s%s%s%s%s%s%s%s%s%s%s%s%s%s%s%s%s%s%s%s%s%s%s%s%s%s%s%s%s%s%s%s%s%s%s%s%s%s%s%s%s%s%s%s%s%s%s%s%s%s%s%s%s%s%s%s%s%s%s%s%s%s%s%s%s%s%s%s%s%s%s%s%s%s%s%s%s%s%s%s%s%s%s%s%s%s%s%s%s%s%s%s%s%s%s%s%s%s%s%s%s%s%s%s%s%s%s%s%s%s%s%s%s%s%s%s%s%s%s%s%s%s%s%s%s%s%s%s%s%s%s%s%s%s%s%s%s%s%s%s%s%s%s%s%s%s%s%s%s%s%s%s%s%s%s%s%s%s%s%s%s%s%s%s%s%s%s%s%s%s%s%s%s%s%s%s%s%s%s%s%s%s%s%s%s%s%s%s%s%s%s%s%s%s%s%s%s%s%s%s%s%s%s%s%s%s%s%s%s%s%s%s%s%s%s%s%s%s%s%s%s%s%s%s%s%s%s%s%s%s%s%s%s%s%s%s%s%s%s%s%s%s%s%s%s%s%s%s%s%s%s%s%s%s%s%s%s%s%s%s%s%s%s%s%s%s%s%s%s%s%s%s%s%s%s%s%s%s%s%s%s%s%s%s%s%s%s%s%s%s%s%s%s%s%s%s%s%s%s%s%s%s%s%s%s%s%s%s%s%s%s%s%s%s%s%s%s%s%s%s%s%s%s%s%s%s%s%s%s%s%s%s%s%s%s%s%s%s%s%s%s%s%s%s%s%s%s%s%s%s%s%s%s%s%s%s%s%s%s%s%s%s%s%s%s%s%s%s%s%s%s%s%s%s%s%s%s%s%s%s%s%s%s%s%s%s%s%s%s%s%s%s%s%s%s%s%s%s%s%s%s%s%s%s%s%s%s%s%s%s%s%s%s%s%s%s%s%s%s%s%s%s%s%s%s%s%s%s%s%s%s%s%s%s%s%s%s%s%s%s%s%s%s%s%s%s%s%s%s%s%s%s%s%s%s%s%s%s%s%s%s%s%s%s%s%s%s%s%s%s%s%s%s%s%s%s%s%s%s%s%s%s%s%s%s%s%s%s%s%s%s%s%s%s%s%s%s%s%s%s%s%s%s%s%s%s%s%s%s%s%s%s%s%s%s%s%s%s%s%s%s%s%s%s%s%s%s%s%s%s%s%s%s%s%s%s%s%s%s%s%s%s%s%s%s%s%s%s%s%s%s%s%s%s%s%s%s%s%s%s%s%s%s%s%s%s%s%s%s%s%s%s%s%s%s%s%s%s%s%s%s%s%s%s%s%s%s%s%s%s%s%s%s%s%s%s%s%s%s%s%s%s%s%s%s%s%s%s%s%s%s%s%s%s%s%s%s%s%s%s%s%s%s%s%s%s%s%s%s%s%s%s%s%s%s%s%s%s%s%s%s%s%s%s%s%s%s%s%s%s%s%s%s%s%s%s%s%s%s%s%s%s%s%s%s%s%s%s%s%s%s%s%s%s%s%s%s%s%s%s%s%s%s%s%s%s%s%s%s%s%s%s%s%s%s%s%s%s%s%s%s%s%s%s%s%s%s%s%s%s%s%s%s%s%s%s%s%s%s%s%s%s%s%s%s%s%s%s%s%s%s%s%s%s%s%s%s%s%s%s%s%s%s%s%s%s%s%s%s%s%s%s%s%s%s%s%s%s%s%s%s%s%s%s%s%s%s%s%s%s%s%s%s%s%s%s%s%s%s%s%s%s%s%s%s%s%s%s%s%s%s%s%s%s%s%s%s%s%s%s%s%s%s%s%s%s%s%s%s%s%s&quot;, &quot;request_method&quot;: &quot;GET&quot;, &quot;request_headers&quot;: &quot;{\&quot;User-Agent\&quot;: \&quot;APIFuzzer 0.9.13\&quot;, \&quot;Accept-Encoding\&quot;: \&quot;gzip, deflate\&quot;, \&quot;Accept\&quot;: \&quot;*/*\&quot;, \&quot;Connection\&quot;: \&quot;keep-alive\&quot;}&quot;, &quot;request_body&quot;: {}, &quot;response&quot;: &quot;&quot;, &quot;parsed_status_code&quot;: 500, &quot;reason&quot;: &quot;failed&quot;}"/>
		</testcase>
		<testcase name="100" time="0.559433" timestamp="1727574127.1044688" status="failed">
			<failure type="failure" message="{&quot;status&quot;: &quot;failed&quot;, &quot;name&quot;: {}, &quot;sub_reports&quot;: [], &quot;test_number&quot;: 100, &quot;state&quot;: &quot;COMPLETED&quot;, &quot;request_url&quot;: &quot;https://virtserver.swaggerhub.com/AAYUSHGARGBU/api_iot/1.0.0/devices?limit=1&amp;skip=%s%s%s%s%s%s%s%s%s%s%s%s%s%s%s%s%s%s%s%s%s%s%s%s%s%s%s%s%s%s%s%s%s%s%s%s%s%s%s%s%s%s%s%s%s%s%s%s%s%s%s%s%s%s%s%s%s%s%s%s%s%s%s%s%s%s%s%s%s%s%s%s%s%s%s%s%s%s%s%s%s%s%s%s%s%s%s%s%s%s%s%s%s%s%s%s%s%s%s%s%s%s%s%s%s%s%s%s%s%s%s%s%s%s%s%s%s%s%s%s%s%s%s%s%s%s%s%s&quot;, &quot;request_method&quot;: &quot;GET&quot;, &quot;request_headers&quot;: &quot;{\&quot;User-Agent\&quot;: \&quot;APIFuzzer 0.9.13\&quot;, \&quot;Accept-Encoding\&quot;: \&quot;gzip, deflate\&quot;, \&quot;Accept\&quot;: \&quot;*/*\&quot;, \&quot;Connection\&quot;: \&quot;keep-alive\&quot;}&quot;, &quot;request_body&quot;: {}, &quot;response&quot;: &quot;&quot;, &quot;parsed_status_code&quot;: 500, &quot;reason&quot;: &quot;failed&quot;}"/>
		</testcase>
		<testcase name="101" time="0.545983" timestamp="1727574127.6659236" status="failed">
			<failure type="failure" message="{&quot;status&quot;: &quot;failed&quot;, &quot;name&quot;: {}, &quot;sub_reports&quot;: [], &quot;test_number&quot;: 101, &quot;state&quot;: &quot;COMPLETED&quot;, &quot;request_url&quot;: &quot;https://virtserver.swaggerhub.com/AAYUSHGARGBU/api_iot/1.0.0/devices?limit=1&amp;skip=%s%s%s%s%s%s%s%s%s%s%s%s%s%s%s%s&quot;, &quot;request_method&quot;: &quot;GET&quot;, &quot;request_headers&quot;: &quot;{\&quot;User-Agent\&quot;: \&quot;APIFuzzer 0.9.13\&quot;, \&quot;Accept-Encoding\&quot;: \&quot;gzip, deflate\&quot;, \&quot;Accept\&quot;: \&quot;*/*\&quot;, \&quot;Connection\&quot;: \&quot;keep-alive\&quot;}&quot;, &quot;request_body&quot;: {}, &quot;response&quot;: &quot;&quot;, &quot;parsed_status_code&quot;: 500, &quot;reason&quot;: &quot;failed&quot;}"/>
		</testcase>
		<testcase name="102" time="0.549067" timestamp="1727574128.2300494" status="failed">
			<failure type="failure" message="{&quot;status&quot;: &quot;failed&quot;, &quot;name&quot;: {}, &quot;sub_reports&quot;: [], &quot;test_number&quot;: 102, &quot;state&quot;: &quot;COMPLETED&quot;, &quot;request_url&quot;: &quot;https://virtserver.swaggerhub.com/AAYUSHGARGBU/api_iot/1.0.0/devices?limit=1&amp;skip=%s%s&quot;, &quot;request_method&quot;: &quot;GET&quot;, &quot;request_headers&quot;: &quot;{\&quot;User-Agent\&quot;: \&quot;APIFuzzer 0.9.13\&quot;, \&quot;Accept-Encoding\&quot;: \&quot;gzip, deflate\&quot;, \&quot;Accept\&quot;: \&quot;*/*\&quot;, \&quot;Connection\&quot;: \&quot;keep-alive\&quot;}&quot;, &quot;request_body&quot;: {}, &quot;response&quot;: &quot;&quot;, &quot;parsed_status_code&quot;: 500, &quot;reason&quot;: &quot;failed&quot;}"/>
		</testcase>
		<testcase name="103" time="0.552867" timestamp="1727574128.798506" status="failed">
			<failure type="failure" message="{&quot;status&quot;: &quot;failed&quot;, &quot;name&quot;: {}, &quot;sub_reports&quot;: [], &quot;test_number&quot;: 103, &quot;state&quot;: &quot;COMPLETED&quot;, &quot;request_url&quot;: &quot;https://virtserver.swaggerhub.com/AAYUSHGARGBU/api_iot/1.0.0/devices?limit=1&amp;skip=%%s%%s%%s%%s%%s%%s%%s%%s%%s%%s%%s%%s%%s%%s%%s%%s%%s%%s%%s%%s%%s%%s%%s%%s%%s%%s%%s%%s%%s%%s%%s%%s%%s%%s%%s%%s%%s%%s%%s%%s%%s%%s%%s%%s%%s%%s%%s%%s%%s%%s%%s%%s%%s%%s%%s%%s%%s%%s%%s%%s%%s%%s%%s%%s%%s%%s%%s%%s%%s%%s%%s%%s%%s%%s%%s%%s%%s%%s%%s%%s%%s%%s%%s%%s%%s%%s%%s%%s%%s%%s%%s%%s%%s%%s%%s%%s%%s%%s%%s%%s%%s%%s%%s%%s%%s%%s%%s%%s%%s%%s%%s%%s%%s%%s%%s%%s%%s%%s%%s%%s%%s%%s%%s%%s%%s%%s%%s%%s%%s%%s%%s%%s%%s%%s%%s%%s%%s%%s%%s%%s%%s%%s%%s%%s%%s%%s%%s%%s%%s%%s%%s%%s%%s%%s%%s%%s%%s%%s%%s%%s%%s%%s%%s%%s%%s%%s%%s%%s%%s%%s%%s%%s%%s%%s%%s%%s%%s%%s%%s%%s%%s%%s%%s%%s%%s%%s%%s%%s%%s%%s%%s%%s%%s%%s%%s%%s%%s%%s%%s%%s%%s%%s%%s%%s%%s%%s%%s%%s%%s%%s%%s%%s%%s%%s%%s%%s%%s%%s%%s%%s%%s%%s%%s%%s%%s%%s%%s%%s%%s%%s%%s%%s%%s%%s%%s%%s%%s%%s%%s%%s%%s%%s%%s%%s%%s%%s%%s%%s%%s%%s%%s%%s%%s%%s%%s%%s%%s%%s%%s%%s%%s%%s%%s%%s%%s%%s%%s%%s%%s%%s%%s%%s%%s%%s%%s%%s%%s%%s%%s%%s%%s%%s%%s%%s%%s%%s%%s%%s%%s%%s%%s%%s%%s%%s%%s%%s%%s%%s%%s%%s%%s%%s%%s%%s%%s%%s%%s%%s%%s%%s%%s%%s%%s%%s%%s%%s%%s%%s%%s%%s%%s%%s%%s%%s%%s%%s%%s%%s%%s%%s%%s%%s%%s%%s%%s%%s%%s%%s%%s%%s%%s%%s%%s%%s%%s%%s%%s%%s%%s%%s%%s%%s%%s%%s%%s%%s%%s%%s%%s%%s%%s%%s%%s%%s%%s%%s%%s%%s%%s%%s%%s%%s%%s%%s%%s%%s%%s%%s%%s%%s%%s%%s%%s%%s%%s%%s%%s%%s%%s%%s%%s%%s%%s%%s%%s%%s%%s%%s%%s%%s%%s%%s%%s%%s%%s%%s%%s%%s%%s%%s%%s%%s%%s%%s%%s%%s%%s%%s%%s%%s%%s%%s%%s%%s%%s%%s%%s%%s%%s%%s%%s%%s%%s%%s%%s%%s%%s%%s%%s%%s%%s%%s%%s%%s%%s%%s%%s%%s%%s%%s%%s%%s%%s%%s%%s%%s%%s%%s%%s%%s%%s%%s%%s%%s%%s%%s%%s%%s%%s%%s%%s%%s%%s%%s%%s%%s%%s%%s%%s%%s%%s%%s%%s%%s%%s%%s%%s%%s%%s%%s%%s%%s%%s%%s%%s%%s%%s%%s%%s%%s%%s%%s%%s%%s%%s%%s%%s%%s%%s%%s%%s%%s%%s%%s%%s%%s%%s%%s%%s%%s%%s%%s%%s%%s%%s%%s%%s%%s%%s%%s%%s%%s%%s%%s%%s%%s%%s%%s%%s%%s%%s%%s%%s%%s%%s%%s%%s%%s%%s%%s%%s%%s%%s%%s%%s%%s%%s%%s%%s%%s%%s%%s%%s%%s%%s%%s%%s%%s%%s%%s%%s%%s%%s%%s%%s%%s%%s%%s%%s%%s%%s%%s%%s%%s%%s%%s%%s%%s%%s%%s%%
[...]
;%n\&quot;\&quot;%n\&quot;\&quot;%n\&quot;\&quot;%n\&quot;\&quot;%n\&quot;\&quot;%n\&quot;\&quot;%n\&quot;\&quot;%n\&quot;\&quot;%n\&quot;\&quot;%n\&quot;\&quot;%n\&quot;\&quot;%n\&quot;\&quot;%n\&quot;\&quot;%n\&quot;\&quot;%n\&quot;\&quot;%n\&quot;\&quot;%n\&quot;\&quot;%n\&quot;\&quot;%n\&quot;\&quot;%n\&quot;\&quot;%n\&quot;\&quot;%n\&quot;\&quot;%n\&quot;\&quot;%n\&quot;\&quot;%n\&quot;\&quot;%n\&quot;\&quot;%n\&quot;\&quot;%n\&quot;\&quot;%n\&quot;\&quot;%n\&quot;\&quot;%n\&quot;\&quot;%n\&quot;\&quot;%n\&quot;\&quot;%n\&quot;\&quot;%n\&quot;\&quot;%n\&quot;\&quot;%n\&quot;\&quot;%n\&quot;\&quot;%n\&quot;\&quot;%n\&quot;\&quot;%n\&quot;\&quot;%n\&quot;\&quot;%n\&quot;\&quot;%n\&quot;\&quot;%n\&quot;\&quot;%n\&quot;\&quot;%n\&quot;\&quot;%n\&quot;\&quot;%n\&quot;\&quot;%n\&quot;\&quot;%n\&quot;\&quot;%n\&quot;\&quot;%n\&quot;\&quot;%n\&quot;\&quot;%n\&quot;\&quot;%n\&quot;\&quot;%n\&quot;\&quot;%n\&quot;\&quot;%n\&quot;\&quot;%n\&quot;\&quot;%n\&quot;\&quot;%n\&quot;\&quot;%n\&quot;\&quot;%n\&quot;\&quot;%n\&quot;\&quot;%n\&quot;\&quot;%n\&quot;\&quot;%n\&quot;\&quot;%n\&quot;\&quot;%n\&quot;\&quot;%n\&quot;\&quot;%n\&quot;\&quot;%n\&quot;\&quot;%n\&quot;\&quot;%n\&quot;\&quot;%n\&quot;\&quot;%n\&quot;\&quot;%n\&quot;\&quot;%n\&quot;\&quot;%n\&quot;\&quot;%n\&quot;\&quot;%n\&quot;\&quot;%n\&quot;\&quot;%n\&quot;\&quot;%n\&quot;\&quot;%n\&quot;\&quot;%n\&quot;\&quot;%n\&quot;\&quot;%n\&quot;\&quot;%n\&quot;\&quot;%n\&quot;\&quot;%n\&quot;\&quot;%n\&quot;\&quot;%n\&quot;\&quot;%n\&quot;\&quot;%n\&quot;\&quot;%n\&quot;\&quot;%n\&quot;\&quot;%n\&quot;\&quot;%n\&quot;\&quot;%n\&quot;\&quot;%n\&quot;\&quot;%n\&quot;\&quot;%n\&quot;\&quot;%n\&quot;\&quot;%n\&quot;\&quot;%n\&quot;\&quot;%n\&quot;\&quot;%n\&quot;\&quot;%n\&quot;\&quot;%n\&quot;\&quot;%n\&quot;\&quot;%n\&quot;\&quot;%n\&quot;\&quot;%n\&quot;\&quot;%n\&quot;\&quot;%n\&quot;\&quot;%n\&quot;\&quot;%n\&quot;\&quot;%n\&quot;\&quot;%n\&quot;\&quot;%n\&quot;\&quot;%n\&quot;\&quot;%n\&quot;\&quot;%n\&quot;\&quot;%n\&quot;\&quot;%n\&quot;\&quot;%n\&quot;\&quot;%n\&quot;\&quot;%n\&quot;\&quot;%n\&quot;\&quot;%n\&quot;\&quot;%n\&quot;\&quot;%n\&quot;\&quot;%n\&quot;\&quot;%n\&quot;\&quot;%n\&quot;\&quot;%n\&quot;\&quot;%n\&quot;\&quot;%n\&quot;\&quot;%n\&quot;\&quot;%n\&quot;\&quot;%n\&quot;\&quot;%n\&quot;\&quot;%n\&quot;\&quot;%n\&quot;\&quot;%n\&quot;\&quot;%n\&quot;\&quot;%n\&quot;\&quot;%n\&quot;\&quot;%n\&quot;\&quot;%n\&quot;\&quot;%n\&quot;\&quot;%n\&quot;\&quot;%n\&quot;\&quot;%n\&quot;\&quot;%n\&quot;\&quot;%n\&quot;\&quot;%n\&quot;\&quot;%n\&quot;\&quot;%n\&quot;\&quot;%n\&quot;\&quot;%n\&quot;\&quot;%n\&quot;\&quot;%n\&quot;\&quot;%n\&quot;\&quot;%n\&quot;\&quot;%n\&quot;\&quot;%n\&quot;\&quot;%n\&quot;\&quot;%n\&quot;\&quot;%n\&quot;\&quot;%n\&quot;\&quot;%n\&quot;\&quot;%n\&quot;\&quot;%n\&quot;\&quot;%n\&quot;\&quot;%n\&quot;\&quot;%n\&quot;\&quot;%n\&quot;\&quot;%n\&quot;\&quot;%n\&quot;\&quot;%n\&quot;\&quot;%n\&quot;\&quot;%n\&quot;\&quot;%n\&quot;\&quot;%n\&quot;\&quot;%n\&quot;\&quot;%n\&quot;\&quot;%n\&quot;\&quot;%n\&quot;\&quot;%n\&quot;\&quot;%n\&quot;\&quot;%n\&quot;\&quot;%n\&quot;\&quot;%n\&quot;\&quot;%n\&quot;\&quot;%n\&quot;\&quot;%n\&quot;\&quot;%n\&quot;\&quot;%n\&quot;\&quot;%n\&quot;\&quot;%n\&quot;\&quot;%n\&quot;\&quot;%n\&quot;\&quot;%n\&quot;\&quot;%n\&quot;\&quot;%n\&quot;\&quot;%n\&quot;\&quot;%n\&quot;\&quot;%n\&quot;\&quot;%n\&quot;\&quot;%n\&quot;\&quot;%n\&quot;\&quot;%n\&quot;\&quot;%n\&quot;\&quot;%n\&quot;\&quot;%n\&quot;\&quot;%n\&quot;\&quot;%n\&quot;\&quot;%n\&quot;\&quot;%n\&quot;\&quot;%n\&quot;\&quot;%n\&quot;\&quot;%n\&quot;\&quot;%n\&quot;\&quot;%n\&quot;\&quot;%n\&quot;\&quot;%n\&quot;\&quot;%n\&quot;\&quot;%n\&quot;\&quot;%n\&quot;\&quot;%n\&quot;\&quot;%n\&quot;\&quot;%n\&quot;\&quot;%n\&quot;\&quot;%n\&quot;\&quot;%n\&quot;\&quot;%n\&quot;\&quot;%n\&quot;\&quot;%n\&quot;\&quot;%n\&quot;\&quot;%n\&quot;\&quot;%n\&quot;\&quot;%n\&quot;\&quot;%n\&quot;\&quot;%n\&quot;\&quot;%n\&quot;\&quot;%n\&quot;\&quot;%n\&quot;\&quot;%n\&quot;\&quot;%n\&quot;\&quot;%n\&quot;\&quot;%n\&quot;\&quot;%n\&quot;\&quot;%n\&quot;\&quot;%n\&quot;\&quot;%n\&quot;\&quot;%n\&quot;\&quot;%n\&quot;\&quot;%n\&quot;\&quot;%n\&quot;\&quot;%n\&quot;\&quot;%n\&quot;\&quot;%n\&quot;\&quot;%n\&quot;\&quot;%n\&quot;\&quot;%n\&quot;\&quot;%n\&quot;\&quot;%n\&quot;\&quot;%n\&quot;\&quot;%n\&quot;\&quot;%n\&quot;\&quot;%n\&quot;\&quot;%n\&quot;\&quot;%n\&quot;\&quot;%n\&quot;\&quot;%n\&quot;\&quot;%n\&quot;\&quot;%n\&quot;\&quot;%n\&quot;\&quot;%n\&quot;\&quot;%n\&quot;\&quot;%n\&quot;\&quot;%n\&quot;\&quot;%n\&quot;\&quot;%n\&quot;\&quot;%n\&quot;\&quot;%n\&quot;\&quot;%n\&quot;\&quot;%n\&quot;\&quot;%n\&quot;\&quot;%n\&quot;\&quot;%n\&quot;\&quot;%n\&quot;\&quot;%n\&quot;\&quot;%n\&quot;\&quot;%n\&quot;\&quot;%n\&quot;\&quot;%n\&quot;\&quot;%n\&quot;\&quot;%n\&quot;\&quot;%n\&quot;\&quot;%n\&quot;\&quot;%n\&quot;\&quot;%n\&quot;\&quot;%n\&quot;\&quot;%n\&quot;\&quot;%n\&quot;\&quot;%n\&quot;\&quot;%n\&quot;\&quot;%n\&quot;\&quot;%n\&quot;\&quot;%n\&quot;\&quot;%n\&quot;\&quot;%n\&quot;\&quot;%n\&quot;\&quot;%n\&quot;\&quot;%n\&quot;\&quot;%n\&quot;\&quot;%n\&quot;\&quot;%n\&quot;\&quot;%n\&quot;\&quot;%n\&quot;\&quot;%n\&quot;\&quot;%n\&quot;\&quot;%n\&quot;\&quot;%n\&quot;\&quot;%n\&quot;\&quot;%n\&quot;\&quot;%n\&quot;\&quot;%n\&quot;\&quot;%n\&quot;\&quot;%n\&quot;\&quot;%n\&quot;\&quot;%n\&quot;\&quot;%n\&quot;\&quot;%n\&quot;\&quot;%n\&quot;\&quot;%n\&quot;\&quot;%n\&quot;\&quot;%n\&quot;\&quot;%n\&quot;\&quot;%n\&quot;\&quot;%n\&quot;\&quot;%n\&quot;\&quot;%n\&quot;\&quot;%n\&quot;\&quot;%n\&quot;\&quot;%n\&quot;\&quot;%n\&quot;\&quot;%n\&quot;\&quot;%n\&quot;\&quot;%n\&quot;\&quot;%n\&quot;\&quot;%n\&quot;\&quot;%n\&quot;\&quot;%n\&quot;\&quot;%n\&quot;\&quot;%n\&quot;\&quot;%n\&quot;\&quot;%n\&quot;\&quot;%n\&quot;\&quot;%n\&quot;\&quot;%n\&quot;\&quot;%n\&quot;\&quot;%n\&quot;\&quot;%n\&quot;\&quot;%n\&quot;\&quot;%n\&quot;\&quot;%n\&quot;\&quot;%n\&quot;\&quot;%n\&quot;\&quot;%n\&quot;\&quot;%n\&quot;\&quot;%n\&quot;\&quot;%n\&quot;\&quot;%n\&quot;\&quot;%n\&quot;\&quot;%n\&quot;\&quot;%n\&quot;\&quot;%n\&quot;\&quot;%n\&quot;\&quot;%n\&quot;\&quot;%n\&quot;\&quot;%n\&quot;\&quot;%n\&quot;\&quot;%n\&quot;\&quot;%n\&quot;\&quot;%n\&quot;\&quot;%n\&quot;\&quot;%n\&quot;\&quot;%n\&quot;\&quot;%n\&quot;\&quot;%n\&quot;\&quot;%n\&quot;\&quot;%n\&quot;\&quot;%n\&quot;\&quot;%n\&quot;\&quot;%n\&quot;\&quot;%n\&quot;\&quot;%n\&quot;\&quot;%n\&quot;\&quot;%n\&quot;\&quot;%n\&quot;\&quot;%n\&quot;\&quot;%n\&quot;\&quot;%n\&quot;\&quot;%n\&quot;\&quot;%n\&quot;\&quot;%n\&quot;\&quot;%n\&quot;\&quot;%n\&quot;\&quot;%n\&quot;\&quot;%n\&quot;\&quot;%n\&quot;\&quot;%n\&quot;\&quot;%n\&quot;\&quot;%n\&quot;\&quot;%n\&quot;\&quot;%n\&quot;\&quot;%n\&quot;\&quot;%n\&quot;\&quot;%n\&quot;\&quot;%n\&quot;\&quot;%n\&quot;\&quot;%n\&quot;\&quot;%n\&quot;\&quot;%n\&quot;\&quot;%n\&quot;\&quot;%n\&quot;\&quot;%n\&quot;\&quot;%n\&quot;\&quot;%n\&quot;\&quot;%n\&quot;\&quot;%n\&quot;\&quot;%n\&quot;\&quot;%n\&quot;\&quot;%n\&quot;\&quot;%n\&quot;\&quot;%n\&quot;\&quot;%n\&quot;\&quot;%n\&quot;\&quot;%n\&quot;\&quot;%n\&quot;\&quot;%n\&quot;\&quot;%n\&quot;\&quot;%n\&quot;\&quot;%n\&quot;\&quot;%n\&quot;\&quot;%n\&quot;\&quot;%n\&quot;\&quot;%n\&quot;\&quot;%n\&quot;\&quot;%n\&quot;\&quot;%n\&quot;\&quot;%n\&quot;\&quot;%n\&quot;\&quot;%n\&quot;\&quot;%n\&quot;\&quot;%n\&quot;\&quot;%n\&quot;\&quot;%n\&quot;\&quot;%n\&quot;\&quot;%n\&quot;\&quot;%n\&quot;\&quot;%n\&quot;\&quot;%n\&quot;\&quot;%n\&quot;\&quot;%n\&quot;\&quot;%n\&quot;\&quot;%n\&quot;\&quot;%n\&quot;\&quot;%n\&quot;\&quot;%n\&quot;\&quot;%n\&quot;\&quot;%n\&quot;\&quot;%n\&quot;\&quot;%n\&quot;\&quot;%n\&quot;\&quot;%n\&quot;\&quot;%n\&quot;\&quot;%n\&quot;\&quot;%n\&quot;\&quot;%n\&quot;\&quot;%n\&quot;\&quot;%n\&quot;\&quot;%n\&quot;\&quot;%n\&quot;\&quot;%n\&quot;\&quot;%n\&quot;\&quot;%n\&quot;\&quot;%n\&quot;\&quot;%n\&quot;\&quot;%n\&quot;\&quot;%n\&quot;\&quot;%n\&quot;\&quot;%n\&quot;\&quot;%n\&quot;\&quot;%n\&quot;\&quot;%n\&quot;\&quot;%n\&quot;\&quot;%n\&quot;\&quot;%n\&quot;\&quot;%n\&quot;\&quot;%n\&quot;\&quot;%n\&quot;\&quot;%n\&quot;\&quot;%n\&quot;\&quot;%n\&quot;\&quot;%n\&quot;\&quot;%n\&quot;\&quot;%n\&quot;\&quot;%n\&quot;\&quot;%n\&quot;\&quot;%n\&quot;\&quot;%n\&quot;\&quot;%n\&quot;\&quot;%n\&quot;\&quot;%n\&quot;\&quot;%n\&quot;\&quot;%n\&quot;\&quot;%n\&quot;\&quot;%n\&quot;\&quot;%n\&quot;\&quot;%n\&quot;\&quot;%n\&quot;\&quot;%n\&quot;\&quot;%n\&quot;\&quot;%n\&quot;\&quot;%n\&quot;\&quot;%n\&quot;\&quot;%n\&quot;\&quot;%n\&quot;\&quot;%n\&quot;\&quot;%n\&quot;\&quot;%n\&quot;\&quot;%n\&quot;\&quot;%n\&quot;\&quot;%n\&quot;\&quot;%n\&quot;\&quot;%n\&quot;\&quot;%n\&quot;\&quot;%n\&quot;\&quot;%n\&quot;\&quot;%n\&quot;\&quot;%n\&quot;\&quot;%n\&quot;\&quot;%n\&quot;\&quot;%n\&quot;\&quot;%n\&quot;\&quot;%n\&quot;\&quot;%n\&quot;\&quot;%n\&quot;\&quot;%n\&quot;\&quot;%n\&quot;\&quot;%n\&quot;\&quot;%n\&quot;\&quot;%n\&quot;\&quot;%n\&quot;\&quot;%n\&quot;\&quot;%n\&quot;\&quot;%n\&quot;\&quot;%n\&quot;\&quot;%n\&quot;\&quot;%n\&quot;\&quot;%n\&quot;\&quot;%n\&quot;\&quot;%n\&quot;\&quot;%n\&quot;\&quot;%n\&quot;\&quot;%n\&quot;\&quot;%n\&quot;\&quot;%n\&quot;\&quot;%n\&quot;\&quot;%n\&quot;\&quot;%n\&quot;\&quot;%n\&quot;\&quot;%n\&quot;\&quot;%n\&quot;\&quot;%n\&quot;\&quot;%n\&quot;\&quot;%n\&quot;\&quot;%n\&quot;\&quot;%n\&quot;\&quot;%n\&quot;\&quot;%n\&quot;\&quot;%n\&quot;\&quot;%n\&quot;\&quot;%n\&quot;\&quot;%n\&quot;\&quot;%n\&quot;\&quot;%n\&quot;\&quot;%n\&quot;\&quot;%n\&quot;\&quot;%n\&quot;\&quot;%n\&quot;\&quot;%n\&quot;\&quot;%n\&quot;\&quot;%n\&quot;\&quot;%n\&quot;\&quot;%n\&quot;\&quot;%n\&quot;\&quot;%n\&quot;\&quot;%n\&quot;\&quot;%n\&quot;\&quot;%n\&quot;\&quot;%n\&quot;\&quot;%n\&quot;\&quot;%n\&quot;\&quot;%n\&quot;\&quot;%n\&quot;\&quot;%n\&quot;\&quot;%n\&quot;\&quot;%n\&quot;\&quot;%n\&quot;\&quot;%n\&quot;\&quot;%n\&quot;\&quot;%n\&quot;\&quot;%n\&quot;\&quot;%n\&quot;\&quot;%n\&quot;\&quot;%n\&quot;\&quot;%n\&quot;\&quot;%n\&quot;\&quot;%n\&quot;\&quot;%n\&quot;\&quot;%n\&quot;\&quot;%n\&quot;\&quot;%n\&quot;\&quot;%n\&quot;\&quot;%n\&quot;\&quot;%n\&quot;\&quot;%n\&quot;\&quot;%n\&quot;\&quot;%n\&quot;\&quot;%n\&quot;\&quot;%n\&quot;\&quot;%n\&quot;\&quot;%n\&quot;\&quot;%n\&quot;\&quot;%n\&quot;\&quot;%n\&quot;\&quot;%n\&quot;\&quot;%n\&quot;\&quot;%n\&quot;\&quot;%n\&quot;\&quot;%n\&quot;\&quot;%n\&quot;\&quot;%n\&quot;\&quot;%n\&quot;\&quot;%n\&quot;\&quot;%n\&quot;\&quot;%n\&quot;\&quot;%n\&quot;\&quot;%n\&quot;\&quot;%n\&quot;\&quot;%n\&quot;\&quot;%n\&quot;\&quot;%n\&quot;\&quot;%n\&quot;\&quot;%n\&quot;\&quot;%n\&quot;\&quot;%n\&quot;\&quot;%n\&quot;\&quot;%n\&quot;\&quot;%n\&quot;\&quot;%n\&quot;\&quot;%n\&quot;\&quot;%n\&quot;\&quot;%n\&quot;\&quot;%n\&quot;\&quot;%n\&quot;\&quot;%n\&quot;\&quot;%n\&quot;\&quot;%n\&quot;\&quot;%n\&quot;\&quot;%n\&quot;\&quot;%n\&quot;\&quot;%n\&quot;\&quot;%n\&quot;\&quot;%n\&quot;\&quot;%n\&quot;\&quot;%n\&quot;\&quot;%n\&quot;\&quot;%n\&quot;\&quot;%n\&quot;\&quot;%n\&quot;\&quot;%n\&quot;\&quot;%n\&quot;\&quot;%n\&quot;\&quot;%n\&quot;\&quot;%n\&quot;\&quot;%n\&quot;\&quot;%n\&quot;\&quot;%n\&quot;\&quot;%n\&quot;\&quot;%n\&quot;\&quot;%n\&quot;\&quot;%n\&quot;\&quot;%n\&quot;\&quot;%n\&quot;\&quot;%n\&quot;\&quot;%n\&quot;\&quot;%n\&quot;\&quot;%n\&quot;\&quot;%n\&quot;\&quot;%n\&quot;\&quot;%n\&quot;\&quot;%n\&quot;\&quot;%n\&quot;\&quot;%n\&quot;\&quot;%n\&quot;\&quot;%n\&quot;\&quot;%n\&quot;\&quot;%n\&quot;\&quot;%n\&quot;\&quot;%n\&quot;\&quot;%n\&quot;\&quot;%n\&quot;\&quot;%n\&quot;\&quot;%n\&quot;\&quot;%n\&quot;\&quot;%n\&quot;\&quot;%n\&quot;\&quot;%n\&quot;\&quot;%n\&quot;\&quot;%n\&quot;\&quot;%n\&quot;\&quot;%n\&quot;\&quot;%n\&quot;\&quot;%n\&quot;\&quot;%n\&quot;\&quot;%n\&quot;\&quot;%n\&quot;\&quot;%n\&quot;\&quot;%n\&quot;\&quot;%n\&quot;\&quot;%n\&quot;\&quot;%n\&quot;\&quot;%n\&quot;\&quot;%n\&quot;\&quot;%n\&quot;\&quot;%n\&quot;\&quot;%n\&quot;\&quot;%n\&quot;\&quot;%n\&quot;\&quot;%n\&quot;\&quot;%n\&quot;\&quot;%n\&quot;\&quot;%n\&quot;\&quot;%n\&quot;\&quot;%n\&quot;\&quot;%n\&quot;\&quot;%n\&quot;\&quot;%n\&quot;\&quot;%n\&quot;\&quot;%n\&quot;\&quot;%n\&quot;\&quot;%n\&quot;\&quot;%n\&quot;\&quot;%n\&quot;\&quot;%n\&quot;\&quot;%n\&quot;\&quot;%n\&quot;\&quot;%n\&quot;\&quot;%n\&quot;\&quot;%n\&quot;\&quot;%n\&quot;\&quot;%n\&quot;\&quot;%n\&quot;\&quot;%n\&quot;\&quot;%n\&quot;\&quot;%n\&quot;\&quot;%n\&quot;\&quot;%n\&quot;\&quot;%n\&quot;\&quot;%n\&quot;\&quot;%n\&quot;\&quot;%n\&quot;\&quot;%n\&quot;\&quot;%n\&quot;\&quot;%n\&quot;\&quot;%n\&quot;\&quot;%n\&quot;\&quot;%n\&quot;\&quot;%n\&quot;\&quot;%n\&quot;\&quot;%n\&quot;\&quot;%n\&quot;\&quot;%n\&quot;\&quot;%n\&quot;\&quot;%n\&quot;\&quot;%n\&quot;\&quot;%n\&quot;\&quot;%n\&quot;\&quot;%n\&quot;\&quot;%n\&quot;\&quot;%n\&quot;\&quot;%n\&quot;&quot;, &quot;request_method&quot;: &quot;GET&quot;, &quot;request_headers&quot;: &quot;{\&quot;User-Agent\&quot;: \&quot;APIFuzzer 0.9.13\&quot;, \&quot;Accept-Encoding\&quot;: \&quot;gzip, deflate\&quot;, \&quot;Accept\&quot;: \&quot;*/*\&quot;, \&quot;Connection\&quot;: \&quot;keep-alive\&quot;}&quot;, &quot;request_body&quot;: {}, &quot;response&quot;: &quot;&quot;, &quot;parsed_status_code&quot;: 500, &quot;reason&quot;: &quot;failed&quot;}"/>
		</testcase>
		<testcase name="120" time="0.546298" timestamp="1727574139.4348872" status="failed">
			<failure type="failure" message="{&quot;status&quot;: &quot;failed&quot;, &quot;name&quot;: {}, &quot;sub_reports&quot;: [], &quot;test_number&quot;: 120, &quot;state&quot;: &quot;COMPLETED&quot;, &quot;request_url&quot;: &quot;https://virtserver.swaggerhub.com/AAYUSHGARGBU/api_iot/1.0.0/devices?limit=1&amp;skip=\&quot;%n\&quot;\&quot;%n\&quot;\&quot;%n\&quot;\&quot;%n\&quot;\&quot;%n\&quot;\&quot;%n\&quot;\&quot;%n\&quot;\&quot;%n\&quot;\&quot;%n\&quot;\&quot;%n\&quot;\&quot;%n\&quot;\&quot;%n\&quot;\&quot;%n\&quot;\&quot;%n\&quot;\&quot;%n\&quot;\&quot;%n\&quot;\&quot;%n\&quot;\&quot;%n\&quot;\&quot;%n\&quot;\&quot;%n\&quot;\&quot;%n\&quot;\&quot;%n\&quot;\&quot;%n\&quot;\&quot;%n\&quot;\&quot;%n\&quot;\&quot;%n\&quot;\&quot;%n\&quot;\&quot;%n\&quot;\&quot;%n\&quot;\&quot;%n\&quot;\&quot;%n\&quot;\&quot;%n\&quot;\&quot;%n\&quot;\&quot;%n\&quot;\&quot;%n\&quot;\&quot;%n\&quot;\&quot;%n\&quot;\&quot;%n\&quot;\&quot;%n\&quot;\&quot;%n\&quot;\&quot;%n\&quot;\&quot;%n\&quot;\&quot;%n\&quot;\&quot;%n\&quot;\&quot;%n\&quot;\&quot;%n\&quot;\&quot;%n\&quot;\&quot;%n\&quot;\&quot;%n\&quot;\&quot;%n\&quot;\&quot;%n\&quot;\&quot;%n\&quot;\&quot;%n\&quot;\&quot;%n\&quot;\&quot;%n\&quot;\&quot;%n\&quot;\&quot;%n\&quot;\&quot;%n\&quot;\&quot;%n\&quot;\&quot;%n\&quot;\&quot;%n\&quot;\&quot;%n\&quot;\&quot;%n\&quot;\&quot;%n\&quot;\&quot;%n\&quot;\&quot;%n\&quot;\&quot;%n\&quot;\&quot;%n\&quot;\&quot;%n\&quot;\&quot;%n\&quot;\&quot;%n\&quot;\&quot;%n\&quot;\&quot;%n\&quot;\&quot;%n\&quot;\&quot;%n\&quot;\&quot;%n\&quot;\&quot;%n\&quot;\&quot;%n\&quot;\&quot;%n\&quot;\&quot;%n\&quot;\&quot;%n\&quot;\&quot;%n\&quot;\&quot;%n\&quot;\&quot;%n\&quot;\&quot;%n\&quot;\&quot;%n\&quot;\&quot;%n\&quot;\&quot;%n\&quot;\&quot;%n\&quot;\&quot;%n\&quot;\&quot;%n\&quot;\&quot;%n\&quot;\&quot;%n\&quot;\&quot;%n\&quot;\&quot;%n\&quot;\&quot;%n\&quot;\&quot;%n\&quot;\&quot;%n\&quot;\&quot;%n\&quot;\&quot;%n\&quot;\&quot;%n\&quot;\&quot;%n\&quot;\&quot;%n\&quot;\&quot;%n\&quot;\&quot;%n\&quot;\&quot;%n\&quot;\&quot;%n\&quot;\&quot;%n\&quot;\&quot;%n\&quot;\&quot;%n\&quot;\&quot;%n\&quot;\&quot;%n\&quot;\&quot;%n\&quot;\&quot;%n\&quot;\&quot;%n\&quot;\&quot;%n\&quot;\&quot;%n\&quot;\&quot;%n\&quot;\&quot;%n\&quot;\&quot;%n\&quot;\&quot;%n\&quot;\&quot;%n\&quot;\&quot;%n\&quot;\&quot;%n\&quot;\&quot;%n\&quot;\&quot;%n\&quot;\&quot;%n\&quot;\&quot;%n\&quot;&quot;, &quot;request_method&quot;: &quot;GET&quot;, &quot;request_headers&quot;: &quot;{\&quot;User-Agent\&quot;: \&quot;APIFuzzer 0.9.13\&quot;, \&quot;Accept-Encoding\&quot;: \&quot;gzip, deflate\&quot;, \&quot;Accept\&quot;: \&quot;*/*\&quot;, \&quot;Connection\&quot;: \&quot;keep-alive\&quot;}&quot;, &quot;request_body&quot;: {}, &quot;response&quot;: &quot;&quot;, &quot;parsed_status_code&quot;: 500, &quot;reason&quot;: &quot;failed&quot;}"/>
		</testcase>
		<testcase name="121" time="0.550670" timestamp="1727574139.9989028" status="failed">
			<failure type="failure" message="{&quot;status&quot;: &quot;failed&quot;, &quot;name&quot;: {}, &quot;sub_reports&quot;: [], &quot;test_number&quot;: 121, &quot;state&quot;: &quot;COMPLETED&quot;, &quot;request_url&quot;: &quot;https://virtserver.swaggerhub.com/AAYUSHGARGBU/api_iot/1.0.0/devices?limit=1&amp;skip=\&quot;%n\&quot;\&quot;%n\&quot;\&quot;%n\&quot;\&quot;%n\&quot;\&quot;%n\&quot;\&quot;%n\&quot;\&quot;%n\&quot;\&quot;%n\&quot;\&quot;%n\&quot;\&quot;%n\&quot;\&quot;%n\&quot;\&quot;%n\&quot;\&quot;%n\&quot;\&quot;%n\&quot;\&quot;%n\&quot;\&quot;%n\&quot;&quot;, &quot;request_method&quot;: &quot;GET&quot;, &quot;request_headers&quot;: &quot;{\&quot;User-Agent\&quot;: \&quot;APIFuzzer 0.9.13\&quot;, \&quot;Accept-Encoding\&quot;: \&quot;gzip, deflate\&quot;, \&quot;Accept\&quot;: \&quot;*/*\&quot;, \&quot;Connection\&quot;: \&quot;keep-alive\&quot;}&quot;, &quot;request_body&quot;: {}, &quot;response&quot;: &quot;&quot;, &quot;parsed_status_code&quot;: 500, &quot;reason&quot;: &quot;failed&quot;}"/>
		</testcase>
		<testcase name="122" time="0.559383" timestamp="1727574140.5716126" status="failed">
			<failure type="failure" message="{&quot;status&quot;: &quot;failed&quot;, &quot;name&quot;: {}, &quot;sub_reports&quot;: [], &quot;test_number&quot;: 122, &quot;state&quot;: &quot;COMPLETED&quot;, &quot;request_url&quot;: &quot;https://virtserver.swaggerhub.com/AAYUSHGARGBU/api_iot/1.0.0/devices?limit=1&amp;skip=\&quot;%n\&quot;\&quot;%n\&quot;&quot;, &quot;request_method&quot;: &quot;GET&quot;, &quot;request_headers&quot;: &quot;{\&quot;User-Agent\&quot;: \&quot;APIFuzzer 0.9.13\&quot;, \&quot;Accept-Encoding\&quot;: \&quot;gzip, deflate\&quot;, \&quot;Accept\&quot;: \&quot;*/*\&quot;, \&quot;Connection\&quot;: \&quot;keep-alive\&quot;}&quot;, &quot;request_body&quot;: {}, &quot;response&quot;: &quot;&quot;, &quot;parsed_status_code&quot;: 500, &quot;reason&quot;: &quot;failed&quot;}"/>
		</testcase>
		<testcase name="123" time="0.544537" timestamp="1727574141.129791" status="failed">
			<failure type="failure" message="{&quot;status&quot;: &quot;failed&quot;, &quot;name&quot;: {}, &quot;sub_reports&quot;: [], &quot;test_number&quot;: 123, &quot;state&quot;: &quot;COMPLETED&quot;, &quot;request_url&quot;: &quot;https://virtserver.swaggerhub.com/AAYUSHGARGBU/api_iot/1.0.0/devices?limit=1&amp;skip=%.16705u%2\\$hn&quot;, &quot;request_method&quot;: &quot;GET&quot;, &quot;request_headers&quot;: &quot;{\&quot;User-Agent\&quot;: \&quot;APIFuzzer 0.9.13\&quot;, \&quot;Accept-Encoding\&quot;: \&quot;gzip, deflate\&quot;, \&quot;Accept\&quot;: \&quot;*/*\&quot;, \&quot;Connection\&quot;: \&quot;keep-alive\&quot;}&quot;, &quot;request_body&quot;: {}, &quot;response&quot;: &quot;&quot;, &quot;parsed_status_code&quot;: 500, &quot;reason&quot;: &quot;failed&quot;}"/>
		</testcase>
		<testcase name="179" time="0.551945" timestamp="1727574169.0007432" status="failed">
			<failure type="failure" message="{&quot;status&quot;: &quot;failed&quot;, &quot;name&quot;: {}, &quot;sub_reports&quot;: [], &quot;test_number&quot;: 179, &quot;state&quot;: &quot;COMPLETED&quot;, &quot;request_url&quot;: &quot;https://virtserver.swaggerhub.com/AAYUSHGARGBU/api_iot/1.0.0/devices?limit=1&amp;skip=%u0000&quot;, &quot;request_method&quot;: &quot;GET&quot;, &quot;request_headers&quot;: &quot;{\&quot;User-Agent\&quot;: \&quot;APIFuzzer 0.9.13\&quot;, \&quot;Accept-Encoding\&quot;: \&quot;gzip, deflate\&quot;, \&quot;Accept\&quot;: \&quot;*/*\&quot;, \&quot;Connection\&quot;: \&quot;keep-alive\&quot;}&quot;, &quot;request_body&quot;: {}, &quot;response&quot;: &quot;&quot;, &quot;parsed_status_code&quot;: 500, &quot;reason&quot;: &quot;failed&quot;}"/>
		</testcase>
	</testsuite>
</testsuites>
