<?xml version="1.0" ?>
<testsuites disabled="0" errors="0" failures="26" tests="26" time="15.269934213196393">
	<testsuite disabled="0" errors="0" failures="26" name="API Fuzzer" skipped="0" tests="26" time="15.269934213196393" timestamp="1727676638.8989475">
		<testcase name="703" time="0.546253" timestamp="1727676595.7485013" status="failed">
			<failure type="failure" message="{&quot;status&quot;: &quot;failed&quot;, &quot;name&quot;: {}, &quot;sub_reports&quot;: [], &quot;test_number&quot;: 703, &quot;state&quot;: &quot;COMPLETED&quot;, &quot;request_url&quot;: &quot;https://virtserver.swaggerhub.com/AAYUSHGARGBU/api_oauth2_password/1.0.0/users?filter=%s%s%s%s%s%s%s%s%s%s%s%s%s%s%s%s%s%s%s%s%s%s%s%s%s%s%s%s%s%s%s%s%s%s%s%s%s%s%s%s%s%s%s%s%s%s%s%s%s%s%s%s%s%s%s%s%s%s%s%s%s%s%s%s%s%s%s%s%s%s%s%s%s%s%s%s%s%s%s%s%s%s%s%s%s%s%s%s%s%s%s%s%s%s%s%s%s%s%s%s%s%s%s%s%s%s%s%s%s%s%s%s%s%s%s%s%s%s%s%s%s%s%s%s%s%s%s%s%s%s%s%s%s%s%s%s%s%s%s%s%s%s%s%s%s%s%s%s%s%s%s%s%s%s%s%s%s%s%s%s%s%s%s%s%s%s%s%s%s%s%s%s%s%s%s%s%s%s%s%s%s%s%s%s%s%s%s%s%s%s%s%s%s%s%s%s%s%s%s%s%s%s%s%s%s%s%s%s%s%s%s%s%s%s%s%s%s%s%s%s%s%s%s%s%s%s%s%s%s%s%s%s%s%s%s%s%s%s%s%s%s%s%s%s%s%s%s%s%s%s%s%s%s%s%s%s%s%s%s%s%s%s%s%s%s%s%s%s%s%s%s%s%s%s%s%s%s%s%s%s%s%s%s%s%s%s%s%s%s%s%s%s%s%s%s%s%s%s%s%s%s%s%s%s%s%s%s%s%s%s%s%s%s%s%s%s%s%s%s%s%s%s%s%s%s%s%s%s%s%s%s%s%s%s%s%s%s%s%s%s%s%s%s%s%s%s%s%s%s%s%s%s%s%s%s%s%s%s%s%s%s%s%s%s%s%s%s%s%s%s%s%s%s%s%s%s%s%s%s%s%s%s%s%s%s%s%s%s%s%s%s%s%s%s%s%s%s%s%s%s%s%s%s%s%s%s%s%s%s%s%s%s%s%s%s%s%s%s%s%s%s%s%s%s%s%s%s%s%s%s%s%s%s%s%s%s%s%s%s%s%s%s%s%s%s%s%s%s%s%s%s%s%s%s%s%s%s%s%s%s%s%s%s%s%s%s%s%s%s%s%s%s%s%s%s%s%s%s%s%s%s%s%s%s%s%s%s%s%s%s%s%s%s%s%s%s%s%s%s%s%s%s%s%s%s%s%s%s%s%s%s%s%s%s%s%s%s%s%s%s%s%s%s%s%s%s%s%s%s%s%s%s%s%s%s%s%s%s%s%s%s%s%s%s%s%s%s%s%s%s%s%s%s%s%s%s%s%s%s%s%s%s%s%s%s%s%s%s%s%s%s%s%s%s%s%s%s%s%s%s%s%s%s%s%s%s%s%s%s%s%s%s%s%s%s%s%s%s%s%s%s%s%s%s%s%s%s%s%s%s%s%s%s%s%s%s%s%s%s%s%s%s%s%s%s%s%s%s%s%s%s%s%s%s%s%s%s%s%s%s%s%s%s%s%s%s%s%s%s%s%s%s%s%s%s%s%s%s%s%s%s%s%s%s%s%s%s%s%s%s%s%s%s%s%s%s%s%s%s%s%s%s%s%s%s%s%s%s%s%s%s%s%s%s%s%s%s%s%s%s%s%s%s%s%s%s%s%s%s%s%s%s%s%s%s%s%s%s%s%s%s%s%s%s%s%s%s%s%s%s%s%s%s%s%s%s%s%s%s%s%s%s%s%s%s%s%s%s%s%s%s%s%s%s%s%s%s%s%s%s%s%s%s%s%s%s%s%s%s%s%s%s%s%s%s%s%s%s%s%s%s%s%s%s%s%s%s%s%s%s%s%s%s%s%s%s%s%s%s%s%s%s%s%s%s%s%s%s%s%s%s%s%s%s%s%s%s%s%s%s%s%s%s%s%s%s%s%s%s%s%s%s%s%s%s%s%s%s%s%s%s%s%s%s%s%s%s%s%s%s%s%s%s%s%s%s%s%s%s%s%s%s%s%s%s%s%s%s%s%s%s%s%s%s%s%s%s%s%s%s%s%s%s%s%s%s%s%s%s%s%s%s%s%s%s%s%s%s%s%s%s%s%s%s%s%s%s%s%s%s%s%s%s%s%s%s%s%s%s%s%s%s%s%s%s%s%s%s%s%s%s%s%s%s%s%s%s%s%s%s%s%s%s%s%s%s%s%s%s%s%s%s%s%s%s%s%s%s%s%s%s%s%s%s%s%s%s%s%s%s%s%s%s%s%s%s%s%s%s%s%s%s%s%s%s%s%s%s%s%s%s%s%s%s%s%s%s%s%s%s%s%s%s%s%s%s%s%s%s%s%s%s%s%s%s%s%s%s%s%s%s%s%s%s&quot;, &quot;request_method&quot;: &quot;GET&quot;, &quot;request_headers&quot;: &quot;{\&quot;User-Agent\&quot;: \&quot;APIFuzzer 0.9.13\&quot;, \&quot;Accept-Encoding\&quot;: \&quot;gzip, deflate\&quot;, \&quot;Accept\&quot;: \&quot;*/*\&quot;, \&quot;Connection\&quot;: \&quot;keep-alive\&quot;}&quot;, &quot;request_body&quot;: {}, &quot;response&quot;: &quot;&quot;, &quot;parsed_status_code&quot;: 500, &quot;reason&quot;: &quot;failed&quot;}"/>
		</testcase>
		<testcase name="704" time="0.542425" timestamp="1727676596.3082619" status="failed">
			<failure type="failure" message="{&quot;status&quot;: &quot;failed&quot;, &quot;name&quot;: {}, &quot;sub_reports&quot;: [], &quot;test_number&quot;: 704, &quot;state&quot;: &quot;COMPLETED&quot;, &quot;request_url&quot;: &quot;https://virtserver.swaggerhub.com/AAYUSHGARGBU/api_oauth2_password/1.0.0/users?filter=%s%s%s%s%s%s%s%s%s%s%s%s%s%s%s%s%s%s%s%s%s%s%s%s%s%s%s%s%s%s%s%s%s%s%s%s%s%s%s%s%s%s%s%s%s%s%s%s%s%s%s%s%s%s%s%s%s%s%s%s%s%s%s%s%s%s%s%s%s%s%s%s%s%s%s%s%s%s%s%s%s%s%s%s%s%s%s%s%s%s%s%s%s%s%s%s%s%s%s%s%s%s%s%s%s%s%s%s%s%s%s%s%s%s%s%s%s%s%s%s%s%s%s%s%s%s%s%s&quot;, &quot;request_method&quot;: &quot;GET&quot;, &quot;request_headers&quot;: &quot;{\&quot;User-Agent\&quot;: \&quot;APIFuzzer 0.9.13\&quot;, \&quot;Accept-Encoding\&quot;: \&quot;gzip, deflate\&quot;, \&quot;Accept\&quot;: \&quot;*/*\&quot;, \&quot;Connection\&quot;: \&quot;keep-alive\&quot;}&quot;, &quot;request_body&quot;: {}, &quot;response&quot;: &quot;&quot;, &quot;parsed_status_code&quot;: 500, &quot;reason&quot;: &quot;failed&quot;}"/>
		</testcase>
		<testcase name="705" time="0.539150" timestamp="1727676596.8631501" status="failed">
			<failure type="failure" message="{&quot;status&quot;: &quot;failed&quot;, &quot;name&quot;: {}, &quot;sub_reports&quot;: [], &quot;test_number&quot;: 705, &quot;state&quot;: &quot;COMPLETED&quot;, &quot;request_url&quot;: &quot;https://virtserver.swaggerhub.com/AAYUSHGARGBU/api_oauth2_password/1.0.0/users?filter=%s%s%s%s%s%s%s%s%s%s%s%s%s%s%s%s&quot;, &quot;request_method&quot;: &quot;GET&quot;, &quot;request_headers&quot;: &quot;{\&quot;User-Agent\&quot;: \&quot;APIFuzzer 0.9.13\&quot;, \&quot;Accept-Encoding\&quot;: \&quot;gzip, deflate\&quot;, \&quot;Accept\&quot;: \&quot;*/*\&quot;, \&quot;Connection\&quot;: \&quot;keep-alive\&quot;}&quot;, &quot;request_body&quot;: {}, &quot;response&quot;: &quot;&quot;, &quot;parsed_status_code&quot;: 500, &quot;reason&quot;: &quot;failed&quot;}"/>
		</testcase>
		<testcase name="706" time="0.547480" timestamp="1727676597.4272733" status="failed">
			<failure type="failure" message="{&quot;status&quot;: &quot;failed&quot;, &quot;name&quot;: {}, &quot;sub_reports&quot;: [], &quot;test_number&quot;: 706, &quot;state&quot;: &quot;COMPLETED&quot;, &quot;request_url&quot;: &quot;https://virtserver.swaggerhub.com/AAYUSHGARGBU/api_oauth2_password/1.0.0/users?filter=%s%s&quot;, &quot;request_method&quot;: &quot;GET&quot;, &quot;request_headers&quot;: &quot;{\&quot;User-Agent\&quot;: \&quot;APIFuzzer 0.9.13\&quot;, \&quot;Accept-Encoding\&quot;: \&quot;gzip, deflate\&quot;, \&quot;Accept\&quot;: \&quot;*/*\&quot;, \&quot;Connection\&quot;: \&quot;keep-alive\&quot;}&quot;, &quot;request_body&quot;: {}, &quot;response&quot;: &quot;&quot;, &quot;parsed_status_code&quot;: 500, &quot;reason&quot;: &quot;failed&quot;}"/>
		</testcase>
		<testcase name="707" time="0.553380" timestamp="1727676597.9961264" status="failed">
			<failure type="failure" message="{&quot;status&quot;: &quot;failed&quot;, &quot;name&quot;: {}, &quot;sub_reports&quot;: [], &quot;test_number&quot;: 707, &quot;state&quot;: &quot;COMPLETED&quot;, &quot;request_url&quot;: &quot;https://virtserver.swaggerhub.com/AAYUSHGARGBU/api_oauth2_password/1.0.0/users?filter=%%s%%s%%s%%s%%s%%s%%s%%s%%s%%s%%s%%s%%s%%s%%s%%s%%s%%s%%s%%s%%s%%s%%s%%s%%s%%s%%s%%s%%s%%s%%s%%s%%s%%s%%s%%s%%s%%s%%s%%s%%s%%s%%s%%s%%s%%s%%s%%s%%s%%s%%s%%s%%s%%s%%s%%s%%s%%s%%s%%s%%s%%s%%s%%s%%s%%s%%s%%s%%s%%s%%s%%s%%s%%s%%s%%s%%s%%s%%s%%s%%s%%s%%s%%s%%s%%s%%s%%s%%s%%s%%s%%s%%s%%s%%s%%s%%s%%s%%s%%s%%s%%s%%s%%s%%s%%s%%s%%s%%s%%s%%s%%s%%s%%s%%s%%s%%s%%s%%s%%s%%s%%s%%s%%s%%s%%s%%s%%s%%s%%s%%s%%s%%s%%s%%s%%s%%s%%s%%s%%s%%s%%s%%s%%s%%s%%s%%s%%s%%s%%s%%s%%s%%s%%s%%s%%s%%s%%s%%s%%s%%s%%s%%s%%s%%s%%s%%s%%s%%s%%s%%s%%s%%s%%s%%s%%s%%s%%s%%s%%s%%s%%s%%s%%s%%s%%s%%s%%s%%s%%s%%s%%s%%s%%s%%s%%s%%s%%s%%s%%s%%s%%s%%s%%s%%s%%s%%s%%s%%s%%s%%s%%s%%s%%s%%s%%s%%s%%s%%s%%s%%s%%s%%s%%s%%s%%s%%s%%s%%s%%s%%s%%s%%s%%s%%s%%s%%s%%s%%s%%s%%s%%s%%s%%s%%s%%s%%s%%s%%s%%s%%s%%s%%s%%s%%s%%s%%s%%s%%s%%s%%s%%s%%s%%s%%s%%s%%s%%s%%s%%s%%s%%s%%s%%s%%s%%s%%s%%s%%s%%s%%s%%s%%s%%s%%s%%s%%s%%s%%s%%s%%s%%s%%s%%s%%s%%s%%s%%s%%s%%s%%s%%s%%s%%s%%s%%s%%s%%s%%s%%s%%s%%s%%s%%s%%s%%s%%s%%s%%s%%s%%s%%s%%s%%s%%s%%s%%s%%s%%s%%s%%s%%s%%s%%s%%s%%s%%s%%s%%s%%s%%s%%s%%s%%s%%s%%s%%s%%s%%s%%s%%s%%s%%s%%s%%s%%s%%s%%s%%s%%s%%s%%s%%s%%s%%s%%s%%s%%s%%s%%s%%s%%s%%s%%s%%s%%s%%s%%s%%s%%s%%s%%s%%s%%s%%s%%s%%s%%s%%s%%s%%s%%s%%s%%s%%s%%s%%s%%s%%s%%s%%s%%s%%s%%s%%s%%s%%s%%s%%s%%s%%s%%s%%s%%s%%s%%s%%s%%s%%s%%s%%s%%s%%s%%s%%s%%s%%s%%s%%s%%s%%s%%s%%s%%s%%s%%s%%s%%s%%s%%s%%s%%s%%s%%s%%s%%s%%s%%s%%s%%s%%s%%s%%s%%s%%s%%s%%s%%s%%s%%s%%s%%s%%s%%s%%s%%s%%s%%s%%s%%s%%s%%s%%s%%s%%s%%s%%s%%s%%s%%s%%s%%s%%s%%s%%s%%s%%s%%s%%s%%s%%s%%s%%s%%s%%s%%s%%s%%s%%s%%s%%s%%s%%s%%s%%s%%s%%s%%s%%s%%s%%s%%s%%s%%s%%s%%s%%s%%s%%s%%s%%s%%s%%s%%s%%s%%s%%s%%s%%s%%s%%s%%s%%s%%s%%s%%s%%s%%s%%s%%s%%s%%s%%s%%s%%s%%s%%s%%s%%s%%s%%s%%s%%s%%s%%s%%s%%s%%s%%s%%s%%s%%s%%s%%s%%s%%s%%s%%s%%s%%s%%s%%s%%s%%s%%s%%s%%s%%s%%s%%s%%s%%s%%s%%s%%s%%s%%s%%s%%s%%s%%s%%s%%s%%s%%s%%s%%s%%s%%s%%s%%s%%s%%s%%s%%s%%s%%s%%s%%s%%s%%s%%s%%s%%s%%s%%s%%s%%s%%s%%s%%s%%s%%s%%s%%s%%s%%s%%s%%s%%s%%s%%s%%s%%s%%s%%s%%s%%s%%s%%s%%s%%s%%s%%s%%s%%s%%s%%s%%s%%s%%s%%s%%s%%s%%s%%s%%s%%s%%s%%s%%s%%s%%s%%s%%s%%s%%s%%s%%s%%s%%s%%s%%s%%s%%s%%s%%s%%s%%s%%s%%s%%s%%s%%s%%s%%s%%s%%s%%s%%s%%s%%s%%s%%s%%s%%s%%s%%s%%s%%s%%s%%s%%s%%s%%s%%s%%s%%s%%s%%s%%s%%s%%s%%s%%s%%s%%s%%s%%s%%s%%s%%s%%s%%s%%s%%s%%s%%s%%s%%s%%s%%s%%s%%s%%s%%s%%s%%s%%s%%s%%s%%s%%s%%s%%s%%s%%s%%s%%s%%s%%s%%s%%s%%s%%s%%s%%s%%s%%s%%s%%s%%s%%s%%s%%s%%s%%s%%s%%s%%s%%s%%s%%s%%s%%s%%s%%s%%s%%s%%s%%s%%s%%s%%s%%s%%s%%s%%s%%s%%s%%s%%s%%s%%s%%s%%s%%s%%s%%s%%s%%s%%s%%s%%s%%s%%s%%s%%s%%s%%s%%s%%s%%s%%s%%s%%s%%s%%s%%s%%s%%s%%s%%s%%s%%s%%s%%s%%s%%s%%s%%s%%s%%s%%s%%s%%s%%s%%s%%s%%s%%s%%s%%s%%s%%s%%s%%s%%s%%s%%s%%s%%s%%s%%s%%s%%s%%s%%s%%s%%s%%s%%s%%s%%s%%s%%s%%s%%s%%s%%s%%s%%s%%s%%s%%s%%s%%s%%s%%s%%s%%s%%s%%s%%s%%s%%s%%s%%s%%s%%s%%s%%s%%s%%s%%s%%s%%s%%s%%s%%s%%s%%s%%s%%s%%s%%s%%s%%s%%s%%s%%s%%s%%s%%s%%s%%s%%s%%s%%s%%s%%s%%s%%s%%s%%s%%s%%s%%s%%s%%s%%s%%s%%s%%s%%s%%s%%s%%s%%s%%s%%s%%s%%s%%s%%s%%s%%s%%s%%s%%s%%s%%s%%s%%s%%s%%s%%s%%s%%s%%s%%s%%s%%s%%s%%s%%s%%s%%s%%s%%s%%s%%s%%s%%s%%s%%s%%s%%s%%s%%s%%s%%s%%s%%s%%s%%s%%s%%s%%s%%s%%s%%s%%s%%s%%s%%s%%s%%s%%s%%s%%s%%s%%s%%s%%s%%s%%s%%s%%s%%s%%s%%s%%s%%s%%s%%s%%s%%s%%s%%s%%s%%s%%s%%s&quot;, &quot;request_method&quot;: &quot;GET&quot;, &quot;request_headers&quot;: &quot;{\&quot;User-Agent\&quot;: \&quot;APIFuzzer 0.9.13\&quot;, \&quot;Accept-Encoding\&quot;: \&quot;gzip, deflate\&quot;, \&quot;Accept\&quot;: \&quot;*/*\&quot;, \&quot;Connection\&quot;: \&quot;keep-alive\&quot;}&quot;, &quot;request_body&quot;: {}, &quot;response&quot;: &quot;&quot;, &quot;parsed_status_code&quot;: 500, &quot;reason&quot;: &quot;failed&quot;}"/>
		</testcase>
		<testcase name="708" time="1.560484" timestamp="1727676599.5729964" status="failed">
			<failure type="failure" message="{&quot;status&quot;: &quot;failed&quot;, &quot;name&quot;: {}, &quot;sub_reports&quot;: [], &quot;test_number&quot;: 708, &quot;state&quot;: &quot;COMPLETED&quot;, &quot;request_url&quot;: &quot;https://virtserver.swaggerhub.com/AAYUSHGARGBU/api_oauth2_password/1.0.0/users?filter=%%s%%s%%s%%s%%s%%s%%s%%s%%s%%s%%s%%s%%s%%s%%s%%s%%s%%s%%s%%s%%s%%s%%s%%s%%s%%s%%s%%s%%s%%s%%s%%s%%s%%s%%s%%s%%s%%s%%s%%s%%s%%s%%s%%s%%s%%s%%s%%s%%s%%s%%s%%s%%s%%s%%s%%s%%s%%s%%s%%s%%s%%s%%s%%s%%s%%s%%s%%s%%s%%s%%s%%s%%s%%s%%s%%s%%s%%s%%s%%s%%s%%s%%s%%s%%s%%s%%s%%s%%s%%s%%s%%s%%s%%s%%s%%s%%s%%s%%s%%s%%s%%s%%s%%s%%s%%s%%s%%s%%s%%s%%s%%s%%s%%s%%s%%s%%s%%s%%s%%s%%s%%s%%s%%s%%s%%s%%s%%s&quot;, &quot;request_method&quot;: &quot;GET&quot;, &quot;request_headers&quot;: &quot;{\&quot;User-Agent\&quot;: \&quot;APIFuzzer 0.9.13\&quot;, \&quot;Accept-Encoding\&quot;: \&quot;gzip, deflate\&quot;, \&quot;Accept\&quot;: \&quot;*/*\&quot;, \&quot;Connection\&quot;: \&quot;keep-alive\&quot;}&quot;, &quot;request_body&quot;: {}, &quot;response&quot;: &quot;&quot;, &quot;parsed_status_code&quot;: 500, &quot;reason&quot;: &quot;failed&quot;}"/>
		</testcase>
		<testcase name="709" time="0.555537" timestamp="1727676600.1459868" status="failed">
			<failure type="failure" message="{&quot;status&quot;: &quot;failed&quot;, &quot;name&quot;: {}, &quot;sub_reports&quot;: [], &quot;test_number&quot;: 709, &quot;state&quot;: &quot;COMPLETED&quot;, &quot;request_url&quot;: &quot;https://virtserver.swaggerhub.com/AAYUSHGARGBU/api_oauth2_password/1.0.0/users?filter=%%s%%s%%s%%s%%s%%s%%s%%s%%s%%s%%s%%s%%s%%s%%s%%s&quot;, &quot;request_method&quot;: &quot;GET&quot;, &quot;request_headers&quot;: &quot;{\&quot;User-Agent\&quot;: \&quot;APIFuzzer 0.9.13\&quot;, \&quot;Accept-Encoding\&quot;: \&quot;gzip, deflate\&quot;, \&quot;Accept\&quot;: \&quot;*/*\&quot;, \&quot;Connection\&quot;: \&quot;keep-alive\&quot;}&quot;, &quot;request_body&quot;: {}, &quot;response&quot;: &quot;&quot;, &quot;parsed_status_code&quot;: 500, &quot;reason&quot;: &quot;failed&quot;}"/>
		</testcase>
		<testcase name="710" time="0.548768" timestamp="1727676600.7103643" status="failed">
			<failure type="failure" message="{&quot;status&quot;: &quot;failed&quot;, &quot;name&quot;: {}, &quot;sub_reports&quot;: [], &quot;test_number&quot;: 710, &quot;state&quot;: &quot;COMPLETED&quot;, &quot;request_url&quot;: &quot;https://virtserver.swaggerhub.com/AAYUSHGARGBU/api_oauth2_password/1.0.0/users?filter=%%s%%s&quot;, &quot;request_method&quot;: &quot;GET&quot;, &quot;request_headers&quot;: &quot;{\&quot;User-Agent\&quot;: \&quot;APIFuzzer 0.9.13\&quot;, \&quot;Accept-Encoding\&quot;: \&quot;gzip, deflate\&quot;, \&quot;Accept\&quot;: \&quot;*/*\&quot;, \&quot;Connection\&quot;: \&quot;keep-alive\&quot;}&quot;, &quot;request_body&quot;: {}, &quot;response&quot;: &quot;&quot;, &quot;parsed_status_code&quot;: 500, &quot;reason&quot;: &quot;failed&quot;}"/>
		</testcase>
		<testcase name="711" time="0.543875" timestamp="1727676601.269508" status="failed">
			<failure type="failure" message="{&quot;status&quot;: &quot;failed&quot;, &quot;name&quot;: {}, &quot;sub_reports&quot;: [], &quot;test_number&quot;: 711, &quot;state&quot;: &quot;COMPLETED&quot;, &quot;request_url&quot;: &quot;https://virtserver.swaggerhub.com/AAYUSHGARGBU/api_oauth2_password/1.0.0/users?filter=\&quot;%s\&quot;\&quot;%s\&quot;\&quot;%s\&quot;\&quot;%s\&quot;\&quot;%s\&quot;\&quot;%s\&quot;\&quot;%s\&quot;\&quot;%s\&quot;\&quot;%s\&quot;\&quot;%s\&quot;\&quot;%s\&quot;\&quot;%s\&quot;\&quot;%s\&quot;\&quot;%s\&quot;\&quot;%s\&quot;\&quot;%s\&quot;\&quot;%s\&quot;\&quot;%s\&quot;\&quot;%s\&quot;\&quot;%s\&quot;\&quot;%s\&quot;\&quot;%s\&quot;\&quot;%s\&quot;\&quot;%s\&quot;\&quot;%s\&quot;\&quot;%s\&quot;\&quot;%s\&quot;\&quot;%s\&quot;\&quot;%s\&quot;\&quot;%s\&quot;\&quot;%s\&quot;\&quot;%s\&quot;\&quot;%s\&quot;\&quot;%s\&quot;\&quot;%s\&quot;\&quot;%s\&quot;\&quot;%s\&quot;\&quot;%s\&quot;\&quot;%s\&quot;\&quot;%s\&quot;\&quot;%s\&quot;\&quot;%s\&quot;\&quot;%s\&quot;\&quot;%s\&quot;\&quot;%s\&quot;\&quot;%s\&quot;\&quot;%s\&quot;\&quot;%s\&quot;\&quot;%s\&quot;\&quot;%s\&quot;\&quot;%s\&quot;\&quot;%s\&quot;\&quot;%s\&quot;\&quot;%s\&quot;\&quot;%s\&quot;\&quot;%s\&quot;\&quot;%s\&quot;\&quot;%s\&quot;\&quot;%s\&quot;\&quot;%s\&quot;\&quot;%s\&quot;\&quot;%s\&quot;\&quot;%s\&quot;\&quot;%s\&quot;\&quot;%s\&quot;\&quot;%s\&quot;\&quot;%s\&quot;\&quot;%s\&quot;\&quot;%s\&quot;\&quot;%s\&quot;\&quot;%s\&quot;\&quot;%s\&quot;\&quot;%s\&quot;\&quot;%s\&quot;\&quot;%s\&quot;\&quot;%s\&quot;\&quot;%s\&quot;\&quot;%s\&quot;\&quot;%s\&quot;\&quot;%s\&quot;\&quot;%s\&quot;\&quot;%s\&quot;\&quot;%s\&quot;\&quot;%s\&quot;\&quot;%s\&quot;\&quot;%s\&quot;\&quot;%s\&quot;\&quot;%s\&quot;\&quot;%s\&quot;\&quot;%s\&quot;\&quot;%s\&quot;\&quot;%s\&quot;\&quot;%s\&quot;\&quot;%s\&quot;\&quot;%s\&quot;\&quot;%s\&quot;\&quot;%s\&quot;\&quot;%s\&quot;\&quot;%s\&quot;\&quot;%s\&quot;\&quot;%s\&quot;\&quot;%s\&quot;\&quot;%s\&quot;\&quot;%s\&quot;\&quot;%s\&quot;\&quot;%s\&quot;\&quot;%s\&quot;\&quot;%s\&quot;\&quot;%s\&quot;\&quot;%s\&quot;\&quot;%s\&quot;\&quot;%s\&quot;\&quot;%s\&quot;\&quot;%s\&quot;\&quot;%s\&quot;\&quot;%s\&quot;\&quot;%s\&quot;\&quot;%s\&quot;\&quot;%s\&quot;\&quot;%s\&quot;\&quot;%s\&quot;\&quot;%s\&quot;\&quot;%s\&quot;\&quot;%s\&quot;\&quot;%s\&quot;\&quot;%s\&quot;\&quot;%s\&quot;\&quot;%s\&quot;\&quot;%s\&quot;\&quot;%s\&quot;\&quot;%s\&quot;\&quot;%s\&quot;\&quot;%s\&quot;\&quot;%s\&quot;\&quot;%s\&quot;\&quot;%s\&quot;\&quot;%s\&quot;\&quot;%s\&quot;\&quot;%s\&quot;\&quot;%s\&quot;\&quot;%s\&quot;\&quot;%s\&quot;\&quot;%s\&quot;\&quot;%s\&quot;\&quot;%s\&quot;\&quot;%s\&quot;\&quot;%s\&quot;\&quot;%s\&quot;\&quot;%s\&quot;\&quot;%s\&quot;\&quot;%s\&quot;\&quot;%s\&quot;\&quot;%s\&quot;\&quot;%s\&quot;\&quot;%s\&quot;\&quot;%s\&quot;\&quot;%s\&quot;\&quot;%s\&quot;\&quot;%s\&quot;\&quot;%s\&quot;\&quot;%s\&quot;\&quot;%s\&quot;\&quot;%s\&quot;\&quot;%s\&quot;\&quot;%s\&quot;\&quot;%s\&quot;\&quot;%s\&quot;\&quot;%s\&quot;\&quot;%s\&quot;\&quot;%s\&quot;\&quot;%s\&quot;\&quot;%s\&quot;\&quot;%s\&quot;\&quot;%s\&quot;\&quot;%s\&quot;\&quot;%s\&quot;\&quot;%s\&quot;\&quot;%s\&quot;\&quot;%s\&quot;\&quot;%s\&quot;\&quot;%s\&quot;\&quot;%s\&quot;\&quot;%s\&quot;\&quot;%s\&quot;\&quot;%s\&quot;\&quot;%s\&quot;\&quot;%s\&quot;\&quot;%s\&quot;\&quot;%s\&quot;\&quot;%s\&quot;\&quot;%s\&quot;\&quot;%s\&quot;\&quot;%s\&quot;\&quot;%s\&quot;\&quot;%s\&quot;\&quot;%s\&quot;\&quot;%s\&quot;\&quot;%s\&quot;\&quot;%s\&quot;\&quot;%s\&quot;\&quot;%s\&quot;\&quot;%s\&quot;\&quot;%s\&quot;\&quot;%s\&quot;\&quot;%s\&quot;\&quot;%s\&quot;\&quot;%s\&quot;\&quot;%s\&quot;\&quot;%s\&quot;\&quot;%s\&quot;\&quot;%s\&quot;\&quot;%s\&quot;\&quot;%s\&quot;\&quot;%s\&quot;\&quot;%s\&quot;\&quot;%s\&quot;\&quot;%s\&quot;\&quot;%s\&quot;\&quot;%s\&quot;\&quot;%s\&quot;\&quot;%s\&quot;\&quot;%s\&quot;\&quot;%s\&quot;\&quot;%s\&quot;\&quot;%s\&quot;\&quot;%s\&quot;\&quot;%s\&quot;\&quot;%s\&quot;\&quot;%s\&quot;\&quot;%s\&quot;\&quot;%s\&quot;\&quot;%s\&quot;\&quot;%s\&quot;\&quot;%s\&quot;\&quot;%s\&quot;\&quot;%s\&quot;\&quot;%s\&quot;\&quot;%s\&quot;\&quot;%s\&quot;\&quot;%s\&quot;\&quot;%s\&quot;\&quot;%s\&quot;\&quot;%s\&quot;\&quot;%s\&quot;\&quot;%s\&quot;\&quot;%s\&quot;\&quot;%s\&quot;\&quot;%s\&quot;\&quot;%s\&quot;\&quot;%s\&quot;\&quot;%s\&quot;\&quot;%s\&quot;\&quot;%s\&quot;\&quot;%s\&quot;\&quot;%s\&quot;\&quot;%s\&quot;\&quot;%s\&quot;\&quot;%s\&quot;\&quot;%s\&quot;\&quot;%s\&quot;\&quot;%s\&quot;\&quot;%s\&quot;\&quot;%s\&quot;\&quot;%s\&quot;\&quot;%s\&quot;\&quot;%s\&quot;\&quot;%s\&quot;\&quot;%s\&quot;\&quot;%s\&quot;\&quot;%s\&quot;\&quot;%s\&quot;\&quot;%s\&quot;\&quot;%s\&quot;\&quot;%s\&quot;\&quot;%s\&quot;\&quot;%s\&quot;\&quot;%s\&quot;\&quot;%s\&quot;\&quot;%s\&quot;\&quot;%s\&quot;\&quot;%s\&quot;\&quot;%s\&quot;\&quot;%s\&quot;\&quot;%s\&quot;\&quot;%s\&quot;\&quot;%s\&quot;\&quot;%s\&quot;\&quot;%s\&quot;\&quot;%s\&quot;\&quot;%s\&quot;\&quot;%s\&quot;\&quot;%s\&quot;\&quot;%s\&quot;\&quot;%s\&quot;\&quot;%s\&quot;\&quot;%s\&quot;\&quot;%s\&quot;\&quot;%s\&quot;\&quot;%s\&quot;\&quot;%s\&quot;\&quot;%s\&quot;\&quot;%s\&quot;\&quot;%s\&quot;\&quot;%s\&quot;\&quot;%s\&quot;\&quot;%s\&quot;\&quot;%s\&quot;\&quot;%s\&quot;\&quot;%s\&quot;\&quot;%s\&quot;\&quot;%s\&quot;\&quot;%s\&quot;\&quot;%s\&quot;\&quot;%s\&quot;\&quot;%s\&quot;\&quot;%s\&quot;\&quot;%s\&quot;\&quot;%s\&quot;\&quot;%s\&quot;\&quot;%s\&quot;\&quot;%s\&quot;\&quot;%s\&quot;\&quot;%s\&quot;\&quot;%s\&quot;\&quot;%s\&quot;\&quot;%s\&quot;\&quot;%s\&quot;\&quot;%s\&quot;\&quot;%s\&quot;\&quot;%s\&quot;\&quot;%s\&quot;\&quot;%s\&quot;\&quot;%s\&quot;\&quot;%s\&quot;\&quot;%s\&quot;\&quot;%s\&quot;\&quot;%s\&quot;\&quot;%s\&quot;\&quot;%s\&quot;\&quot;%s\&quot;\&quot;%s\&quot;\&quot;%s\&quot;\&quot;%s\&quot;\&quot;%s\&quot;\&quot;%s\&quot;\&quot;%s\&quot;\&quot;%s\&quot;\&quot;%s\&quot;\&quot;%s\&quot;\&quot;%s\&quot;\&quot;%s\&quot;\&quot;%s\&quot;\&quot;%s\&quot;\&quot;%s\&quot;\&quot;%s\&quot;\&quot;%s\&quot;\&quot;%s\&quot;\&quot;%s\&quot;\&quot;%s\&quot;\&quot;%s\&quot;\&quot;%s\&quot;\&quot;%s\&quot;\&quot;%s\&quot;\&quot;%s\&quot;\&quot;%s\&quot;\&quot;%s\&quot;\&quot;%s\&quot;\&quot;%s\&quot;\&quot;%s\&quot;\&quot;%s\&quot;\&quot;%s\&quot;\&quot;%s\&quot;\&quot;%s\&quot;\&quot;%s\&quot;\&quot;%s\&quot;\&quot;%s\&quot;\&quot;%s\&quot;\&quot;%s\&quot;\&quot;%s\&quot;\&quot;%s\&quot;\&quot;%s\&quot;\&quot;%s\&quot;\&quot;%s\&quot;\&quot;%s\&quot;\&quot;%s\&quot;\&quot;%s\&quot;\&quot;%s\&quot;\&quot;%s\&quot;\&quot;%s\&quot;\&quot;%s\&quot;\&quot;%s\&quot;\&quot;%s\&quot;\&quot;%s\&quot;\&quot;%s\&quot;\&quot;%s\&quot;\&quot;%s\&quot;\&quot;%s\&quot;\&quot;%s\&quot;\&quot;%s\&quot;\&quot;%s\&quot;\&quot;%s\&quot;\&quot;%s\&quot;\&quot;%s\&quot;\&quot;%s\&quot;\&quot;%s\&quot;\&quot;%s\&quot;\&quot;%s\&quot;\&quot;%s\&quot;\&quot;%s\&quot;\&quot;%s\&quot;\&quot;%s\&quot;\&quot;%s\&quot;\&quot;%s\&quot;\&quot;%s\&quot;\&quot;%s\&quot;\&quot;%s\&quot;\&quot;%s\&quot;\&quot;%s\&quot;\&quot;%s\&quot;\&quot;%s\&quot;\&quot;%s\&quot;\&quot;%s\&quot;\&quot;%s\&quot;\&quot;%s\&quot;\&quot;%s\&quot;\&quot;%s\&quot;\&quot;%s\&quot;\&quot;%s\&quot;\&quot;%s\&quot;\&quot;%s\&quot;\&quot;%s\&quot;\&quot;%s\&quot;\&quot;%s\&quot;\&quot;%s\&quot;\&quot;%s\&quot;\&quot;%s\&quot;\&quot;%s\&quot;\&quot;%s\&quot;\&quot;%s\&quot;\&quot;%s\&quot;\&quot;%s\&quot;\&quot;%s\&quot;\&quot;%s\&quot;\&quot;%s\&quot;\&quot;%s\&quot;\&quot;%s\&quot;\&quot;%s\&quot;\&quot;%s\&quot;\&quot;%s\&quot;\&quot;%s\&quot;\&quot;%s\&quot;\&quot;%s\&quot;\&quot;%s\&quot;\&quot;%s\&quot;\&quot;%s\&quot;\&quot;%s\&quot;\&quot;%s\&quot;\&quot;%s\&quot;\&quot;%s\&quot;\&quot;%s\&quot;\&quot;%s\&quot;\&quot;%s\&quot;\&quot;%s\&quot;\&quot;%s\&quot;\&quot;%s\&quot;\&quot;%s\&quot;\&quot;%s\&quot;\&quot;%s\&quot;\&quot;%s\&quot;\&quot;%s\&quot;\&quot;%s\&quot;\&quot;%s\&quot;\&quot;%s\&quot;\&quot;%s\&quot;\&quot;%s\&quot;\&quot;%s\&quot;\&quot;%s\&quot;\&quot;%s\&quot;\&quot;%s\&quot;\&quot;%s\&quot;\&quot;%s\&quot;\&quot;%s\&quot;\&quot;%s\&quot;\&quot;%s\&quot;\&quot;%s\&quot;\&quot;%s\&quot;\&quot;%s\&quot;\&quot;%s\&quot;\&quot;%s\&quot;\&quot;%s\&quot;\&quot;%s\&quot;\&quot;%s\&quot;\&quot;%s\&quot;\&quot;%s\&quot;\&quot;%s\&quot;\&quot;%s\&quot;\&quot;%s\&quot;\&quot;%s\&quot;\&quot;%s\&quot;\&quot;%s\&quot;\&quot;%s\&quot;\&quot;%s\&quot;\&quot;%s\&quot;\&quot;%s\&quot;\&quot;%s\&quot;\&quot;%s\&quot;\&quot;%s\&quot;\&quot;%s\&quot;\&quot;%s\&quot;\&quot;%s\&quot;\&quot;%s\&quot;\&quot;%s\&quot;\&quot;%s\&quot;\&quot;%s\&quot;\&quot;%s\&quot;\&quot;%s\&quot;\&quot;%s\&quot;\&quot;%s\&quot;\&quot;%s\&quot;\&quot;%s\&quot;\&quot;%s\&quot;\&quot;%s\&quot;\&quot;%s\&quot;\&quot;%s\&quot;\&quot;%s\&quot;\&quot;%s\&quot;\&quot;%s\&quot;\&quot;%s\&quot;\&quot;%s\&quot;\&quot;%s\&quot;\&quot;%s\&quot;\&quot;%s\&quot;\&quot;%s\&quot;\&quot;%s\&quot;\&quot;%s\&quot;\&quot;%s\&quot;\&quot;%s\&quot;\&quot;%s\&quot;\&quot;%s\&quot;\&quot;%s\&quot;\&quot;%s\&quot;\&quot;%s\&quot;\&quot;%s\&quot;\&quot;%s\&quot;\&quot;%s\&quot;\&quot;%s\&quot;\&quot;%s\&quot;\&quot;%s\&quot;\&quot;%s\&quot;\&quot;%s\&quot;\&quot;%s\&quot;\&quot;%s\&quot;\&quot;%s\&quot;\&quot;%s\&quot;\&quot;%s\&quot;\&quot;%s\&quot;\&quot;%s\&quot;\&quot;%s\&quot;\&quot;%s\&quot;\&quot;%s\&quot;\&quot;%s\&quot;\&quot;%s\&quot;\&quot;%s\&quot;\&quot;%s\&quot;\&quot;%s\&quot;\&quot;%s\&quot;\&quot;%s\&quot;\&quot;%s\&quot;\&quot;%s\&quot;\&quot;%s\&quot;\&quot;%s\&quot;\&quot;%s\&quot;\&quot;%s\&quot;\&quot;%s\&quot;\&quot;%s\&quot;\&quot;%s\&quot;\&quot;%s\&quot;\&quot;%s\&quot;\&quot;%s\&quot;\&quot;%s\&quot;\&quot;%s\&quot;\&quot;%s\&quot;\&quot;%s\&quot;\&quot;%s\&quot;\&quot;%s\&quot;\&quot;%s\&quot;\&quot;%s\&quot;\&quot;%s\&quot;\&quot;%s\&quot;\&quot;%s\&quot;\&quot;%s\&quot;\&quot;%s\&quot;\&quot;%s\&quot;\&quot;%s\&quot;\&quot;%s\&quot;\&quot;%s\&quot;\&quot;%s\&quot;\&quot;%s\&quot;\&quot;%s\&quot;\&quot;%s\&quot;\&quot;%s\&quot;\&quot;%s\&quot;\&quot;%s\&quot;\&quot;%s\&quot;\&quot;%s\&quot;\&quot;%s\&quot;\&quot;%s\&quot;\&quot;%s\&quot;\&quot;%s\&quot;\&quot;%s\&quot;\&quot;%s\&quot;\&quot;%s\&quot;\&quot;%s\&quot;\&quot;%s\&quot;\&quot;%s\&quot;\&quot;%s\&quot;\&quot;%s\&quot;\&quot;%s\&quot;\&quot;%s\&quot;\&quot;%s\&quot;\&quot;%s\&quot;\&quot;%s\&quot;\&quot;%s\&quot;\&quot;%s\&quot;\&quot;%s\&quot;\&quot;%s\&quot;\&quot;%s\&quot;\&quot;%s\&quot;\&quot;%s\&quot;\&quot;%s\&quot;\&quot;%s\&quot;\&quot;%s\&quot;\&quot;%s\&quot;\&quot;%s\&quot;\&quot;%s\&quot;\&quot;%s\&quot;\&quot;%s\&quot;\&quot;%s\&quot;\&quot;%s\&quot;\&quot;%s\&quot;\&quot;%s\&quot;\&quot;%s\&quot;\&quot;%s\&quot;\&quot;%s\&quot;\&quot;%s\&quot;\&quot;%s\&quot;\&quot;%s\&quot;\&quot;%s\&quot;\&quot;%s\&quot;\&quot;%s\&quot;\&quot;%s\&quot;\&quot;%s\&quot;\&quot;%s\&quot;\&quot;%s\&quot;\&quot;%s\&quot;\&quot;%s\&quot;\&quot;%s\&quot;\&quot;%s\&quot;\&quot;%s\&quot;\&quot;%s\&quot;\&quot;%s\&quot;\&quot;%s\&quot;\&quot;%s\&quot;\&quot;%s\&quot;\&quot;%s\&quot;\&quot;%s\&quot;\&quot;%s\&quot;\&quot;%s\&quot;\&quot;%s\&quot;\&quot;%s\&quot;\&quot;%s\&quot;\&quot;%s\&quot;\&quot;%s\&quot;\&quot;%s\&quot;\&quot;%s\&quot;\&quot;%s\&quot;\&quot;%s\&quot;\&quot;%s\&quot;\&quot;%s\&quot;\&quot;%s\&quot;\&quot;%s\&quot;\&quot;%s\&quot;\&quot;%s\&quot;\&quot;%s\&quot;\&quot;%s\&quot;\&quot;%s\&quot;\&quot;%s\&quot;\&quot;%s\&quot;\&quot;%s\&quot;\&quot;%s\&quot;\&quot;%s\&quot;\&quot;%s\&quot;\&quot;%s\&quot;\&quot;%s\&quot;\&quot;%s\&quot;\&quot;%s\&quot;\&quot;%s\&quot;\&quot;%s\&quot;\&quot;%s\&quot;\&quot;%s\&quot;\&quot;%s\&quot;\&quot;%s\&quot;\&quot;%s\&quot;\&quot;%s\&quot;\&quot;%s\&quot;\&quot;%s\&quot;\&quot;%s\&quot;\&quot;%s\&quot;\&quot;%s\&quot;\&quot;%s\&quot;\&quot;%s\&quot;\&quot;%s\&quot;\&quot;%s\&quot;\&quot;%s\&quot;\&quot;%s\&quot;\&quot;%s\&quot;\&quot;%s\&quot;\&quot;%s\&quot;\&quot;%s\&quot;\&quot;%s\&quot;\&quot;%s\&quot;\&quot;%s\&quot;\&quot;%s\&quot;\&quot;%s\&quot;\&quot;%s\&quot;\&quot;%s\&quot;\&quot;%s\&quot;\&quot;%s\&quot;\&quot;%s\&quot;\&quot;%s\&quot;\&quot;%s\&quot;\&quot;%s\&quot;\&quot;%s\&quot;\&quot;%s\&quot;\&quot;%s\&quot;\&quot;%s\&quot;\&quot;%s\&quot;\&quot;%s\&quot;\&quot;%s\&quot;\&quot;%s\&quot;\&quot;%s\&quot;\&quot;%s\&quot;\&quot;%s\&quot;\&quot;%s\&quot;\&quot;%s\&quot;\&quot;%s\&quot;\&quot;%s\&quot;\&quot;%s\&quot;\&quot;%s\&quot;\&quot;%s\&quot;\&quot;%s\&quot;\&quot;%s\&quot;\&quot;%s\&quot;\&quot;%s\&quot;\&quot;%s\&quot;\&quot;%s\&quot;\&quot;%s\&quot;\&quot;%s\&quot;\&quot;%s\&quot;\&quot;%s\&quot;\&quot;%s\&quot;\&quot;%s\&quot;\&quot;%s\&quot;\&quot;%s\&quot;\&quot;%s\&quot;\&quot;%s\&quot;\&quot;%s\&quot;\&quot;%s\&quot;\&quot;%s\&quot;\&quot;%s\&quot;\&quot;%s\&quot;\&quot;%s\&quot;\&quot;%s\&quot;\&quot;%s\&quot;\&quot;%s\&quot;\&quot;%s\&quot;\&quot;%s\&quot;\&quot;%s\&quot;\&quot;%s\&quot;\&quot;%s\&quot;\&quot;%s\&quot;\&quot;%s\&quot;\&quot;%s\&quot;\&quot;%s\&quot;\&quot;%s\&quot;\&quot;%s\&quot;\&quot;%s\&quot;\&quot;%s\&quot;\&quot;%s\&quot;\&quot;%s\&quot;\&quot;%s\&quot;\&quot;%s\&quot;\&quot;%s\&quot;\&quot;%s\&quot;\&quot;%s\&quot;\&quot;%s\&quot;\&quot;%s\&quot;\&quot;%s\&quot;\&quot;%s\&quot;\&quot;%s\&quot;\&quot;%s\&quot;\&quot;%s\&quot;\&quot;%s\&quot;\&quot;%s\&quot;\&quot;%s\&quot;\&quot;%s\&quot;\&quot;%s\&quot;\&quot;%s\&quot;\&quot;%s\&quot;\&quot;%s\&quot;\&quot;%s\&quot;\&quot;%s\&quot;\&quot;%s\&quot;\&quot;%s\&quot;\&quot;%s\&quot;\&quot;%s\&quot;\&quot;%s\&quot;\&quot;%s\&quot;\&quot;%s\&quot;\&quot;%s\&quot;\&quot;%s\&quot;\&quot;%s\&quot;\&quot;%s\&quot;\&quot;%s\&quot;\&quot;%s\&quot;\&quot;%s\&quot;\&quot;%s\&quot;\&quot;%s\&quot;\&quot;%s\&quot;\&quot;%s\&quot;\&quot;%s\&quot;\&quot;%s\&quot;\&quot;%s\&quot;\&quot;%s\&quot;\&quot;%s\&quot;\&quot;%s\&quot;\&quot;%s\&quot;\&quot;%s\&quot;\&quot;%s\&quot;\&quot;%s\&quot;\&quot;%s\&quot;\&quot;%s\&quot;\&quot;%s\&quot;\&quot;%s\&quot;\&quot;%s\&quot;\&quot;%s\&quot;\&quot;%s\&quot;\&quot;%s\&quot;\&quot;%s\&quot;\&quot;%s\&quot;\&quot;%s\&quot;\&quot;%s\&quot;\&quot;%s\&quot;\&quot;%s\&quot;\&quot;%s\&quot;\&quot;%s\&quot;\&quot;%s\&quot;\&quot;%s\&quot;\&quot;%s\&quot;\&quot;%s\&quot;\&quot;%s\&quot;\&quot;%s\&quot;\&quot;%s\&quot;\&quot;%s\&quot;\&quot;%s\&quot;\&quot;%s\&quot;\&quot;%s\&quot;\&quot;%s\&quot;\&quot;%s\&quot;\&quot;%s\&quot;\&quot;%s\&quot;\&quot;%s\&quot;\&quot;%s\&quot;\&quot;%s\&quot;\&quot;%s\&quot;\&quot;%s\&quot;\&quot;%s\&quot;\&quot;%s\&quot;\&quot;%s\&quot;\&quot;%s\&quot;\&quot;%s\&quot;\&quot;%s\&quot;\&quot;%s\&quot;\&quot;%s\&quot;\&quot;%s\&quot;\&quot;%s\&quot;\&quot;%s\&quot;\&quot;%s\&quot;\&quot;%s\&quot;\&quot;%s\&quot;\&quot;%s\&quot;\&quot;%s\&quot;\&quot;%s\&quot;\&quot;%s\&quot;\&quot;%s\&quot;\&quot;%s\&quot;\&quot;%s\&quot;\&quot;%s\&quot;\&quot;%s\&quot;\&quot;%s\&quot;\&quot;%s\&quot;\&quot;%s\&quot;\&quot;%s\&quot;\&quot;%s\&quot;\&quot;%s\&quot;\&quot;%s\&quot;\&quot;%s\&quot;\&quot;%s\&quot;\&quot;%s\&quot;\&quot;%s\&quot;\&quot;%s\&quot;\&quot;%s\&quot;\&quot;%s\&quot;\&quot;%s\&quot;\&quot;%s\&quot;\&quot;%s\&quot;\&quot;%s\&quot;\&quot;%s\&quot;\&quot;%s\&quot;\&quot;%s\&quot;\&quot;%s\&quot;\&quot;%s\&quot;\&quot;%s\&quot;\&quot;%s\&quot;\&quot;%s\&quot;\&quot;%s\&quot;\&quot;%s\&quot;\&quot;%s\&quot;\&quot;%s\&quot;\&quot;%s\&quot;\&quot;%s\&quot;\&quot;%s\&quot;\&quot;%s\&quot;\&quot;%s\&quot;\&quot;%s\&quot;\&quot;%s\&quot;\&quot;%s\&quot;\&quot;%s\&quot;\&quot;%s\&quot;\&quot;%s\&quot;\&quot;%s\&quot;\&quot;%s\&quot;\&quot;%s\&quot;\&quot;%s\&quot;\&quot;%s\&quot;\&quot;%s\&quot;\&quot;%s\&quot;\&quot;%s\&quot;\&quot;%s\&quot;\&quot;%s\&quot;\&quot;%s\&quot;\&quot;%s\&quot;\&quot;%s\&quot;\&quot;%s\&quot;\&quot;%s\&quot;\&quot;%s\&quot;\&quot;%s\&quot;\&quot;%s\&quot;\&quot;%s\&quot;\&quot;%s\&quot;\&quot;%s\&quot;\&quot;%s\&quot;\&quot;%s\&quot;\&quot;%s\&quot;\&quot;%s\&quot;\&quot;%s\&quot;\&quot;%s\&quot;\&quot;%s\&quot;\&quot;%s\&quot;\&quot;%s\&quot;\&quot;%s\&quot;\&quot;%s\&quot;\&quot;%s\&quot;\&quot;%s\&quot;\&quot;%s\&quot;\&quot;%s\&quot;\&quot;%s\&quot;\&quot;%s\&quot;\&quot;%s\&quot;\&quot;%s\&quot;\&quot;%s\&quot;\&quot;%s\&quot;\&quot;%s\&quot;\&quot;%s\&quot;\&quot;%s\&quot;\&quot;%s\&quot;\&quot;%s\&quot;\&quot;%s\&quot;\&quot;%s\&quot;\&quot;%s\&quot;\&quot;%s\&quot;\&quot;%s\&quot;\&quot;%s\&quot;\&quot;%s\&quot;\&quot;%s\&quot;\&quot;%s\&quot;\&quot;%s\&quot;\&quot;%s\&quot;\&quot;%s\&quot;\&quot;%s\&quot;\&quot;%s\&quot;\&quot;%s\&quot;\&quot;%s\&quot;\&quot;%s\&quot;\&quot;%s\&quot;\&quot;%s\&quot;\&quot;%s\&quot;\&quot;%s\&quot;\&quot;%s\&quot;\&quot;%s\&quot;\&quot;%s\&quot;\&quot;%s\&quot;\&quot;%s\&quot;\&quot;%s\&quot;\&quot;%s\&quot;\&quot;%s\&quot;\&quot;%s\&quot;\&quot;%s\&quot;\&quot;%s\&quot;\&quot;%s\&quot;\&quot;%s\&quot;\&quot;%s\&quot;\&quot;%s\&quot;\&quot;%s\&quot;&quot;, &quot;request_method&quot;: &quot;GET&quot;, &quot;request_headers&quot;: &quot;{\&quot;User-Agent\&quot;: \&quot;APIFuzzer 0.9.13\&quot;, \&quot;Accept-Encoding\&quot;: \&quot;gzip, deflate\&quot;, \&quot;Accept\&quot;: \&quot;*/*\&quot;, \&quot;Connection\&quot;: \&quot;keep-alive\&quot;}&quot;, &quot;request_body&quot;: {}, &quot;response&quot;: &quot;&quot;, &quot;parsed_status_code&quot;: 500, &quot;reason&quot;: &quot;failed&quot;}"/>
		</testcase>
		<testcase name="712" time="0.544921" timestamp="1727676601.8305013" status="failed">
			<failure type="failure" message="{&quot;status&quot;: &quot;failed&quot;, &quot;name&quot;: {}, &quot;sub_reports&quot;: [], &quot;test_number&quot;: 712, &quot;state&quot;: &quot;COMPLETED&quot;, &quot;request_url&quot;: &quot;https://virtserver.swaggerhub.com/AAYUSHGARGBU/api_oauth2_password/1.0.0/users?filter=\&quot;%s\&quot;\&quot;%s\&quot;\&quot;%s\&quot;\&quot;%s\&quot;\&quot;%s\&quot;\&quot;%s\&quot;\&quot;%s\&quot;\&quot;%s\&quot;\&quot;%s\&quot;\&quot;%s\&quot;\&quot;%s\&quot;\&quot;%s\&quot;\&quot;%s\&quot;\&quot;%s\&quot;\&quot;%s\&quot;\&quot;%s\&quot;\&quot;%s\&quot;\&quot;%s\&quot;\&quot;%s\&quot;\&quot;%s\&quot;\&quot;%s\&quot;\&quot;%s\&quot;\&quot;%s\&quot;\&quot;%s\&quot;\&quot;%s\&quot;\&quot;%s\&quot;\&quot;%s\&quot;\&quot;%s\&quot;\&quot;%s\&quot;\&quot;%s\&quot;\&quot;%s\&quot;\&quot;%s\&quot;\&quot;%s\&quot;\&quot;%s\&quot;\&quot;%s\&quot;\&quot;%s\&quot;\&quot;%s\&quot;\&quot;%s\&quot;\&quot;%s\&quot;\&quot;%s\&quot;\&quot;%s\&quot;\&quot;%s\&quot;\&quot;%s\&quot;\&quot;%s\&quot;\&quot;%s\&quot;\&quot;%s\&quot;\&quot;%s\&quot;\&quot;%s\&quot;\&quot;%s\&quot;\&quot;%s\&quot;\&quot;%s\&quot;\&quot;%s\&quot;\&quot;%s\&quot;\&quot;%s\&quot;\&quot;%s\&quot;\&quot;%s\&quot;\&quot;%s\&quot;\&quot;%s\&quot;\&quot;%s\&quot;\&quot;%s\&quot;\&quot;%s\&quot;\&quot;%s\&quot;\&quot;%s\&quot;\&quot;%s\&quot;\&quot;%s\&quot;\&quot;%s\&quot;\&quot;%s\&quot;\&quot;%s\&quot;\&quot;%s\&quot;\&quot;%s\&quot;\&quot;%s\&quot;\&quot;%s\&quot;\&quot;%s\&quot;\&quot;%s\&quot;\&quot;%s\&quot;\&quot;%s\&quot;\&quot;%s\&quot;\&quot;%s\&quot;\&quot;%s\&quot;\&quot;%s\&quot;\&quot;%s\&quot;\&quot;%s\&quot;\&quot;%s\&quot;\&quot;%s\&quot;\&quot;%s\&quot;\&quot;%s\&quot;\&quot;%s\&quot;\&quot;%s\&quot;\&quot;%s\&quot;\&quot;%s\&quot;\&quot;%s\&quot;\&quot;%s\&quot;\&quot;%s\&quot;\&quot;%s\&quot;\&quot;%s\&quot;\&quot;%s\&quot;\&quot;%s\&quot;\&quot;%s\&quot;\&quot;%s\&quot;\&quot;%s\&quot;\&quot;%s\&quot;\&quot;%s\&quot;\&quot;%s\&quot;\&quot;%s\&quot;\&quot;%s\&quot;\&quot;%s\&quot;\&quot;%s\&quot;\&quot;%s\&quot;\&quot;%s\&quot;\&quot;%s\&quot;\&quot;%s\&quot;\&quot;%s\&quot;\&quot;%s\&quot;\&quot;%s\&quot;\&quot;%s\&quot;\&quot;%s\&quot;\&quot;%s\&quot;\&quot;%s\&quot;\&quot;%s\&quot;\&quot;%s\&quot;\&quot;%s\&quot;\&quot;%s\&quot;\&quot;%s\&quot;\&quot;%s\&quot;\&quot;%s\&quot;\&quot;%s\&quot;\&quot;%s\&quot;\&quot;%s\&quot;&quot;, &quot;request_method&quot;: &quot;GET&quot;, &quot;request_headers&quot;: &quot;{\&quot;User-Agent\&quot;: \&quot;APIFuzzer 0.9.13\&quot;, \&quot;Accept-Encoding\&quot;: \&quot;gzip, deflate\&quot;, \&quot;Accept\&quot;: \&quot;*/*\&quot;, \&quot;Connection\&quot;: \&quot;keep-alive\&quot;}&quot;, &quot;request_body&quot;: {}, &quot;response&quot;: &quot;&quot;, &quot;parsed_status_code&quot;: 500, &quot;reason&quot;: &quot;failed&quot;}"/>
		</testcase>
		<testcase name="713" time="0.541953" timestamp="1727676602.3876705" status="failed">
			<failure type="failure" message="{&quot;status&quot;: &quot;failed&quot;, &quot;name&quot;: {}, &quot;sub_reports&quot;: [], &quot;test_number&quot;: 713, &quot;state&quot;: &quot;COMPLETED&quot;, &quot;request_url&quot;: &quot;https://virtserver.swaggerhub.com/AAYUSHGARGBU/api_oauth2_password/1.0.0/users?filter=\&quot;%s\&quot;\&quot;%s\&quot;\&quot;%s\&quot;\&quot;%s\&quot;\&quot;%s\&quot;\&quot;%s\&quot;\&quot;%s\&quot;\&quot;%s\&quot;\&quot;%s\&quot;\&quot;%s\&quot;\&quot;%s\&quot;\&quot;%s\&quot;\&quot;%s\&quot;\&quot;%s\&quot;\&quot;%s\&quot;\&quot;%s\&quot;&quot;, &quot;request_method&quot;: &quot;GET&quot;, &quot;request_headers&quot;: &quot;{\&quot;User-Agent\&quot;: \&quot;APIFuzzer 0.9.13\&quot;, \&quot;Accept-Encoding\&quot;: \&quot;gzip, deflate\&quot;, \&quot;Accept\&quot;: \&quot;*/*\&quot;, \&quot;Connection\&quot;: \&quot;keep-alive\&quot;}&quot;, &quot;request_body&quot;: {}, &quot;response&quot;: &quot;&quot;, &quot;parsed_status_code&quot;: 500, &quot;reason&quot;: &quot;failed&quot;}"/>
		</testcase>
		<testcase name="714" time="0.540908" timestamp="1727676602.9431725" status="failed">
			<failure type="failure" message="{&quot;status&quot;: &quot;failed&quot;, &quot;name&quot;: {}, &quot;sub_reports&quot;: [], &quot;test_number&quot;: 714, &quot;state&quot;: &quot;COMPLETED&quot;, &quot;request_url&quot;: &quot;https://virtserver.swaggerhub.com/AAYUSHGARGBU/api_oauth2_password/1.0.0/users?filter=\&quot;%s\&quot;\&quot;%s\&quot;&quot;, &quot;request_method&quot;: &quot;GET&quot;, &quot;request_headers&quot;: &quot;{\&quot;User-Agent\&quot;: \&quot;APIFuzzer 0.9.13\&quot;, \&quot;Accept-Encoding\&quot;: \&quot;gzip, deflate\&quot;, \&quot;Accept\&quot;: \&quot;*/*\&quot;, \&quot;Connection\&quot;: \&quot;keep-alive\&quot;}&quot;, &quot;request_body&quot;: {}, &quot;response&quot;: &quot;&quot;, &quot;parsed_status_code&quot;: 500, &quot;reason&quot;: &quot;failed&quot;}"/>
		</testcase>
		<testcase name="715" time="0.543631" timestamp="1727676603.501251" status="failed">
			<failure type="failure" message="{&quot;status&quot;: &quot;failed&quot;, &quot;name&quot;: {}, &quot;sub_reports&quot;: [], &quot;test_number&quot;: 715, &quot;state&quot;: &quot;COMPLETED&quot;, &quot;request_url&quot;: &quot;https://virtserver.swaggerhub.com/AAYUSHGARGBU/api_oauth2_password/1.0.0/users?filter=%n%n%n%n%n%n%n%n%n%n%n%n%n%n%n%n%n%n%n%n%n%n%n%n%n%n%n%n%n%n%n%n%n%n%n%n%n%n%n%n%n%n%n%n%n%n%n%n%n%n%n%n%n%n%n%n%n%n%n%n%n%n%n%n%n%n%n%n%n%n%n%n%n%n%n%n%n%n%n%n%n%n%n%n%n%n%n%n%n%n%n%n%n%n%n%n%n%n%n%n%n%n%n%n%n%n%n%n%n%n%n%n%n%n%n%n%n%n%n%n%n%n%n%n%n%n%n%n%n%n%n%n%n%n%n%n%n%n%n%n%n%n%n%n%n%n%n%n%n%n%n%n%n%n%n%n%n%n%n%n%n%n%n%n%n%n%n%n%n%n%n%n%n%n%n%n%n%n%n%n%n%n%n%n%n%n%n%n%n%n%n%n%n%n%n%n%n%n%n%n%n%n%n%n%n%n%n%n%n%n%n%n%n%n%n%n%n%n%n%n%n%n%n%n%n%n%n%n%n%n%n%n%n%n%n%n%n%n%n%n%n%n%n%n%n%n%n%n%n%n%n%n%n%n%n%n%n%n%n%n%n%n%n%n%n%n%n%n%n%n%n%n%n%n%n%n%n%n%n%n%n%n%n%n%n%n%n%n%n%n%n%n%n%n%n%n%n%n%n%n%n%n%n%n%n%n%n%n%n%n%n%n%n%n%n%n%n%n%n%n%n%n%n%n%n%n%n%n%n%n%n%n%n%n%n%n%n%n%n%n%n%n%n%n%n%n%n%n%n%n%n%n%n%n%n%n%n%n%n%n%n%n%n%n%n%n%n%n%n%n%n%n%n%n%n%n%n%n%n%n%n%n%n%n%n%n%n%n%n%n%n%n%n%n%n%n%n%n%n%n%n%n%n%n%n%n%n%n%n%n%n%n%n%n%n%n%n%n%n%n%n%n%n%n%n%n%n%n%n%n%n%n%n%n%n%n%n%n%n%n%n%n%n%n%n%n%n%n%n%n%n%n%n%n%n%n%n%n%n%n%n%n%n%n%n%n%n%n%n%n%n%n%n%n%n%n%n%n%n%n%n%n%n%n%n%n%n%n%n%n%n%n%n%n%n%n%n%n%n%n%n%n%n%n%n%n%n%n%n%n%n%n%n%n%n%n%n%n%n%n%n%n%n%n%n%n%n%n%n%n%n%n%n%n%n%n%n%n%n%n%n%n%n%n%n%n%n%n%n%n%n%n%n%n%n%n%n%n%n%n%n%n%n%n%n%n%n%n%n%n%n%n%n%n%n%n%n%n%n%n%n%n%n%n%n%n%n%n%n%n%n%n%n%n%n%n%n%n%n%n%n%n%n%n%n%n%n%n%n%n%n%n%n%n%n%n%n%n%n%n%n%n%n%n%n%n%n%n%n%n%n%n%n%n%n%n%n%n%n%n%n%n%n%n%n%n%n%n%n%n%n%n%n%n%n%n%n%n%n%n%n%n%n%n%n%n%n%n%n%n%n%n%n%n%n%n%n%n%n%n%n%n%n%n%n%n%n%n%n%n%n%n%n%n%n%n%n%n%n%n%n%n%n%n%n%n%n%n%n%n%n%n%n%n%n%n%n%n%n%n%n%n%n%n%n%n%n%n%n%n%n%n%n%n%n%n%n%n%n%n%n%n%n%n%n%n%n%n%n%n%n%n%n%n%n%n%n%n%n%n%n%n%n%n%n%n%n%n%n%n%n%n%n%n%n%n%n%n%n%n%n%n%n%n%n%n%n%n%n%n%n%n%n%n%n%n%n%n%n%n%n%n%n%n%n%n%n%n%n%n%n%n%n%n%n%n%n%n%n%n%n%n%n%n%n%n%n%n%n%n%n%n%n%n%n%n%n%n%n%n%n%n%n%n%n%n%n%n%n%n%n%n%n%n%n%n%n%n%n%n%n%n%n%n%n%n%n%n%n%n%n%n%n%n%n%n%n%n%n%n%n%n%n%n%n%n%n%n%n%n%n%n%n%n%n%n%n%n%n%n%n%n%n%n%n%n%n%n%n%n%n%n%n%n%n%n%n%n%n%n%n%n%n%n%n%n%n%n%n%n%n%n%n%n%n%n%n%n%n%n%n%n%n%n%n%n%n%n%n%n%n%n%n%n%n%n%n%n%n%n%n%n%n%n%n%n%n%n%n%n%n%n%n%n%n%n%n%n%n%n%n%n%n%n%n%n%n%n%n%n%n%n%n%n%n%n%n%n%n%n%n%n%n%n%n%n%n%n%n%n%n%n%n%n%n%n%n%n%n%n%n%n%n%n&quot;, &quot;request_method&quot;: &quot;GET&quot;, &quot;request_headers&quot;: &quot;{\&quot;User-Agent\&quot;: \&quot;APIFuzzer 0.9.13\&quot;, \&quot;Accept-Encoding\&quot;: \&quot;gzip, deflate\&quot;, \&quot;Accept\&quot;: \&quot;*/*\&quot;, \&quot;Connection\&quot;: \&quot;keep-alive\&quot;}&quot;, &quot;request_body&quot;: {}, &quot;response&quot;: &quot;&quot;, &quot;parsed_status_code&quot;: 500, &quot;reason&quot;: &quot;failed&quot;}"/>
		</testcase>
		<testcase name="716" time="0.544566" timestamp="1727676604.0616784" status="failed">
			<failure type="failure" message="{&quot;status&quot;: &quot;failed&quot;, &quot;name&quot;: {}, &quot;sub_reports&quot;: [], &quot;test_number&quot;: 716, &quot;state&quot;: &quot;COMPLETED&quot;, &quot;request_url&quot;: &quot;https://virtserver.swaggerhub.com/AAYUSHGARGBU/api_oauth2_password/1.0.0/users?filter=%n%n%n%n%n%n%n%n%n%n%n%n%n%n%n%n%n%n%n%n%n%n%n%n%n%n%n%n%n%n%n%n%n%n%n%n%n%n%n%n%n%n%n%n%n%n%n%n%n%n%n%n%n%n%n%n%n%n%n%n%n%n%n%n%n%n%n%n%n%n%n%n%n%n%n%n%n%n%n%n%n%n%n%n%n%n%n%n%n%n%n%n%n%n%n%n%n%n%n%n%n%n%n%n%n%n%n%n%n%n%n%n%n%n%n%n%n%n%n%n%n%n%n%n%n%n%n%n&quot;, &quot;request_method&quot;: &quot;GET&quot;, &quot;request_headers&quot;: &quot;{\&quot;User-Agent\&quot;: \&quot;APIFuzzer 0.9.13\&quot;, \&quot;Accept-Encoding\&quot;: \&quot;gzip, deflate\&quot;, \&quot;Accept\&quot;: \&quot;*/*\&quot;, \&quot;Connection\&quot;: \&quot;keep-alive\&quot;}&quot;, &quot;request_body&quot;: {}, &quot;response&quot;: &quot;&quot;, &quot;parsed_status_code&quot;: 500, &quot;reason&quot;: &quot;failed&quot;}"/>
		</testcase>
		<testcase name="717" time="0.545291" timestamp="1727676604.6222582" status="failed">
			<failure type="failure" message="{&quot;status&quot;: &quot;failed&quot;, &quot;name&quot;: {}, &quot;sub_reports&quot;: [], &quot;test_number&quot;: 717, &quot;state&quot;: &quot;COMPLETED&quot;, &quot;request_url&quot;: &quot;https://virtserver.swaggerhub.com/AAYUSHGARGBU/api_oauth2_password/1.0.0/users?filter=%n%n%n%n%n%n%n%n%n%n%n%n%n%n%n%n&quot;, &quot;request_method&quot;: &quot;GET&quot;, &quot;request_headers&quot;: &quot;{\&quot;User-Agent\&quot;: \&quot;APIFuzzer 0.9.13\&quot;, \&quot;Accept-Encoding\&quot;: \&quot;gzip, deflate\&quot;, \&quot;Accept\&quot;: \&quot;*/*\&quot;, \&quot;Connection\&quot;: \&quot;keep-alive\&quot;}&quot;, &quot;request_body&quot;: {}, &quot;response&quot;: &quot;&quot;, &quot;parsed_status_code&quot;: 500, &quot;reason&quot;: &quot;failed&quot;}"/>
		</testcase>
		<testcase name="718" time="0.547227" timestamp="1727676605.184032" status="failed">
			<failure type="failure" message="{&quot;status&quot;: &quot;failed&quot;, &quot;name&quot;: {}, &quot;sub_reports&quot;: [], &quot;test_number&quot;: 718, &quot;state&quot;: &quot;COMPLETED&quot;, &quot;request_url&quot;: &quot;https://virtserver.swaggerhub.com/AAYUSHGARGBU/api_oauth2_password/1.0.0/users?filter=%n%n&quot;, &quot;request_method&quot;: &quot;GET&quot;, &quot;request_headers&quot;: &quot;{\&quot;User-Agent\&quot;: \&quot;APIFuzzer 0.9.13\&quot;, \&quot;Accept-Encoding\&quot;: \&quot;gzip, deflate\&quot;, \&quot;Accept\&quot;: \&quot;*/*\&quot;, \&quot;Connection\&quot;: \&quot;keep-alive\&quot;}&quot;, &quot;request_body&quot;: {}, &quot;response&quot;: &quot;&quot;, &quot;parsed_status_code&quot;: 500, &quot;reason&quot;: &quot;failed&quot;}"/>
		</testcase>
		<testcase name="719" time="0.559110" timestamp="1727676605.7599542" status="failed">
			<failure type="failure" message="{&quot;status&quot;: &quot;failed&quot;, &quot;name&quot;: {}, &quot;sub_reports&quot;: [], &quot;test_number&quot;: 719, &quot;state&quot;: &quot;COMPLETED&quot;, &quot;request_url&quot;: &quot;https://virtserver.swaggerhub.com/AAYUSHGARGBU/api_oauth2_password/1.0.0/users?filter=%%n%%n%%n%%n%%n%%n%%n%%n%%n%%n%%n%%n%%n%%n%%n%%n%%n%%n%%n%%n%%n%%n%%n%%n%%n%%n%%n%%n%%n%%n%%n%%n%%n%%n%%n%%n%%n%%n%%n%%n%%n%%n%%n%%n%%n%%n%%n%%n%%n%%n%%n%%n%%n%%n%%n%%n%%n%%n%%n%%n%%n%%n%%n%%n%%n%%n%%n%%n%%n%%n%%n%%n%%n%%n%%n%%n%%n%%n%%n%%n%%n%%n%%n%%n%%n%%n%%n%%n%%n%%n%%n%%n%%n%%n%%n%%n%%n%%n%%n%%n%%n%%n%%n%%n%%n%%n%%n%%n%%n%%n%%n%%n%%n%%n%%n%%n%%n%%n%%n%%n%%n%%n%%n%%n%%n%%n%%n%%n%%n%%n%%n%%n%%n%%n%%n%%n%%n%%n%%n%%n%%n%%n%%n%%n%%n%%n%%n%%n%%n%%n%%n%%n%%n%%n%%n%%n%%n%%n%%n%%n%%n%%n%%n%%n%%n%%n%%n%%n%%n%%n%%n%%n%%n%%n%%n%%n%%n%%n%%n%%n%%n%%n%%n%%n%%n%%n%%n%%n%%n%%n%%n%%n%%n%%n%%n%%n%%n%%n%%n%%n%%n%%n%%n%%n%%n%%n%%n%%n%%n%%n%%n%%n%%n%%n%%n%%n%%n%%n%%n%%n%%n%%n%%n%%n%%n%%n%%n%%n%%n%%n%%n%%n%%n%%n%%n%%n%%n%%n%%n%%n%%n%%n%%n%%n%%n%%n%%n%%n%%n%%n%%n%%n%%n%%n%%n%%n%%n%%n%%n%%n%%n%%n%%n%%n%%n%%n%%n%%n%%n%%n%%n%%n%%n%%n%%n%%n%%n%%n%%n%%n%%n%%n%%n%%n%%n%%n%%n%%n%%n%%n%%n%%n%%n%%n%%n%%n%%n%%n%%n%%n%%n%%n%%n%%n%%n%%n%%n%%n%%n%%n%%n%%n%%n%%n%%n%%n%%n%%n%%n%%n%%n%%n%%n%%n%%n%%n%%n%%n%%n%%n%%n%%n%%n%%n%%n%%n%%n%%n%%n%%n%%n%%n%%n%%n%%n%%n%%n%%n%%n%%n%%n%%n%%n%%n%%n%%n%%n%%n%%n%%n%%n%%n%%n%%n%%n%%n%%n%%n%%n%%n%%n%%n%%n%%n%%n%%n%%n%%n%%n%%n%%n%%n%%n%%n%%n%%n%%n%%n%%n%%n%%n%%n%%n%%n%%n%%n%%n%%n%%n%%n%%n%%n%%n%%n%%n%%n%%n%%n%%n%%n%%n%%n%%n%%n%%n%%n%%n%%n%%n%%n%%n%%n%%n%%n%%n%%n%%n%%n%%n%%n%%n%%n%%n%%n%%n%%n%%n%%n%%n%%n%%n%%n%%n%%n%%n%%n%%n%%n%%n%%n%%n%%n%%n%%n%%n%%n%%n%%n%%n%%n%%n%%n%%n%%n%%n%%n%%n%%n%%n%%n%%n%%n%%n%%n%%n%%n%%n%%n%%n%%n%%n%%n%%n%%n%%n%%n%%n%%n%%n%%n%%n%%n%%n%%n%%n%%n%%n%%n%%n%%n%%n%%n%%n%%n%%n%%n%%n%%n%%n%%n%%n%%n%%n%%n%%n%%n%%n%%n%%n%%n%%n%%n%%n%%n%%n%%n%%n%%n%%n%%n%%n%%n%%n%%n%%n%%n%%n%%n%%n%%n%%n%%n%%n%%n%%n%%n%%n%%n%%n%%n%%n%%n%%n%%n%%n%%n%%n%%n%%n%%n%%n%%n%%n%%n%%n%%n%%n%%n%%n%%n%%n%%n%%n%%n%%n%%n%%n%%n%%n%%n%%n%%n%%n%%n%%n%%n%%n%%n%%n%%n%%n%%n%%n%%n%%n%%n%%n%%n%%n%%n%%n%%n%%n%%n%%n%%n%%n%%n%%n%%n%%n%%n%%n%%n%%n%%n%%n%%n%%n%%n%%n%%n%%n%%n%%n%%n%%n%%n%%n%%n%%n%%n%%n%%n%%n%%n%%n%%n%%n%%n%%n%%n%%n%%n%%n%%n%%n%%n%%n%%n%%n%%n%%n%%n%%n%%n%%n%%n%%n%%n%%n%%n%%n%%n%%n%%n%%n%%n%%n%%n%%n%%n%%n%%n%%n%%n%%n%%n%%n%%n%%n%%n%%n%%n%%n%%n%%n%%n%%n%%n%%n%%n%%n%%n%%n%%n%%n%%n%%n%%n%%n%%n%%n%%n%%n%%n%%n%%n%%n%%n%%n%%n%%n%%n%%n%%n%%n%%n%%n%%n%%n%%n%%n%%n%%n%%n%%n%%n%%n%%n%%n%%n%%n%%n%%n%%n%%n%%n%%n%%n%%n%%n%%n%%n%%n%%n%%n%%n%%n%%n%%n%%n%%n%%n%%n%%n%%n%%n%%n%%n%%n%%n%%n%%n%%n%%n%%n%%n%%n%%n%%n%%n%%n%%n%%n%%n%%n%%n%%n%%n%%n%%n%%n%%n%%n%%n%%n%%n%%n%%n%%n%%n%%n%%n%%n%%n%%n%%n%%n%%n%%n%%n%%n%%n%%n%%n%%n%%n%%n%%n%%n%%n%%n%%n%%n%%n%%n%%n%%n%%n%%n%%n%%n%%n%%n%%n%%n%%n%%n%%n%%n%%n%%n%%n%%n%%n%%n%%n%%n%%n%%n%%n%%n%%n%%n%%n%%n%%n%%n%%n%%n%%n%%n%%n%%n%%n%%n%%n%%n%%n%%n%%n%%n%%n%%n%%n%%n%%n%%n%%n%%n%%n%%n%%n%%n%%n%%n%%n%%n%%n%%n%%n%%n%%n%%n%%n%%n%%n%%n%%n%%n%%n%%n%%n%%n%%n%%n%%n%%n%%n%%n%%n%%n%%n%%n%%n%%n%%n%%n%%n%%n%%n%%n%%n%%n%%n%%n%%n%%n%%n%%n%%n%%n%%n%%n%%n%%n%%n%%n%%n%%n%%n%%n%%n%%n%%n%%n%%n%%n%%n%%n%%n%%n%%n%%n%%n%%n%%n%%n%%n%%n%%n%%n%%n%%n%%n%%n%%n%%n%%n%%n%%n%%n%%n%%n%%n%%n%%n%%n%%n%%n%%n%%n%%n%%n%%n%%n%%n%%n%%n%%n%%n%%n%%n%%n%%n%%n%%n%%n%%n%%n%%n%%n%%n%%n%%n%%n%%n%%n%%n%%n%%n%%n%%n%%n%%n%%n%%n%%n%%n%%n%%n%%n%%n%%n%%n%%n%%n%%n%%n%%n%%n%%n%%n&quot;, &quot;request_method&quot;: &quot;GET&quot;, &quot;request_headers&quot;: &quot;{\&quot;User-Agent\&quot;: \&quot;APIFuzzer 0.9.13\&quot;, \&quot;Accept-Encoding\&quot;: \&quot;gzip, deflate\&quot;, \&quot;Accept\&quot;: \&quot;*/*\&quot;, \&quot;Connection\&quot;: \&quot;keep-alive\&quot;}&quot;, &quot;request_body&quot;: {}, &quot;response&quot;: &quot;&quot;, &quot;parsed_status_code&quot;: 500, &quot;reason&quot;: &quot;failed&quot;}"/>
		</testcase>
		<testcase name="720" time="0.550179" timestamp="1727676606.3300004" status="failed">
			<failure type="failure" message="{&quot;status&quot;: &quot;failed&quot;, &quot;name&quot;: {}, &quot;sub_reports&quot;: [], &quot;test_number&quot;: 720, &quot;state&quot;: &quot;COMPLETED&quot;, &quot;request_url&quot;: &quot;https://virtserver.swaggerhub.com/AAYUSHGARGBU/api_oauth2_password/1.0.0/users?filter=%%n%%n%%n%%n%%n%%n%%n%%n%%n%%n%%n%%n%%n%%n%%n%%n%%n%%n%%n%%n%%n%%n%%n%%n%%n%%n%%n%%n%%n%%n%%n%%n%%n%%n%%n%%n%%n%%n%%n%%n%%n%%n%%n%%n%%n%%n%%n%%n%%n%%n%%n%%n%%n%%n%%n%%n%%n%%n%%n%%n%%n%%n%%n%%n%%n%%n%%n%%n%%n%%n%%n%%n%%n%%n%%n%%n%%n%%n%%n%%n%%n%%n%%n%%n%%n%%n%%n%%n%%n%%n%%n%%n%%n%%n%%n%%n%%n%%n%%n%%n%%n%%n%%n%%n%%n%%n%%n%%n%%n%%n%%n%%n%%n%%n%%n%%n%%n%%n%%n%%n%%n%%n%%n%%n%%n%%n%%n%%n&quot;, &quot;request_method&quot;: &quot;GET&quot;, &quot;request_headers&quot;: &quot;{\&quot;User-Agent\&quot;: \&quot;APIFuzzer 0.9.13\&quot;, \&quot;Accept-Encoding\&quot;: \&quot;gzip, deflate\&quot;, \&quot;Accept\&quot;: \&quot;*/*\&quot;, \&quot;Connection\&quot;: \&quot;keep-alive\&quot;}&quot;, &quot;request_body&quot;: {}, &quot;response&quot;: &quot;&quot;, &quot;parsed_status_code&quot;: 500, &quot;reason&quot;: &quot;failed&quot;}"/>
		</testcase>
		<testcase name="721" time="0.555942" timestamp="1727676606.9015713" status="failed">
			<failure type="failure" message="{&quot;status&quot;: &quot;failed&quot;, &quot;name&quot;: {}, &quot;sub_reports&quot;: [], &quot;test_number&quot;: 721, &quot;state&quot;: &quot;COMPLETED&quot;, &quot;request_url&quot;: &quot;https://virtserver.swaggerhub.com/AAYUSHGARGBU/api_oauth2_password/1.0.0/users?filter=%%n%%n%%n%%n%%n%%n%%n%%n%%n%%n%%n%%n%%n%%n%%n%%n&quot;, &quot;request_method&quot;: &quot;GET&quot;, &quot;request_headers&quot;: &quot;{\&quot;User-Agent\&quot;: \&quot;APIFuzzer 0.9.13\&quot;, \&quot;Accept-Encoding\&quot;: \&quot;gzip, deflate\&quot;, \&quot;Accept\&quot;: \&quot;*/*\&quot;, \&quot;Connection\&quot;: \&quot;keep-alive\&quot;}&quot;, &quot;request_body&quot;: {}, &quot;response&quot;: &quot;&quot;, &quot;parsed_status_code&quot;: 500, &quot;reason&quot;: &quot;failed&quot;}"/>
		</testcase>
		<testcase name="722" time="0.545014" timestamp="1727676607.4616926" status="failed">
			<failure type="failure" message="{&quot;status&quot;: &quot;failed&quot;, &quot;name&quot;: {}, &quot;sub_reports&quot;: [], &quot;test_number&quot;: 722, &quot;state&quot;: &quot;COMPLETED&quot;, &quot;request_url&quot;: &quot;https://virtserver.swaggerhub.com/AAYUSHGARGBU/api_oauth2_password/1.0.0/users?filter=%%n%%n&quot;, &quot;request_method&quot;: &quot;GET&quot;, &quot;request_headers&quot;: &quot;{\&quot;User-Agent\&quot;: \&quot;APIFuzzer 0.9.13\&quot;, \&quot;Accept-Encoding\&quot;: \&quot;gzip, deflate\&quot;, \&quot;Accept\&quot;: \&quot;*/*\&quot;, \&quot;Connection\&quot;: \&quot;keep-alive\&quot;}&quot;, &quot;request_body&quot;: {}, &quot;response&quot;: &quot;&quot;, &quot;parsed_status_code&quot;: 500, &quot;reason&quot;: &quot;failed&quot;}"/>
		</testcase>
		<testcase name="723" time="0.548972" timestamp="1727676608.0279646" status="failed">
			<failure type="failure" message="{&quot;status&quot;: &quot;failed&quot;, &quot;name&quot;: {}, &quot;sub_reports&quot;: [], &quot;test_number&quot;: 723, &quot;state&quot;: &quot;COMPLETED&quot;, &quot;request_url&quot;: &quot;https://virtserver.swaggerhub.com/AAYUSHGARGBU/api_oauth2_password/1.0.0/users?filter=\&quot;%n\&quot;\&quot;%n\&quot;\&quot;%n\&quot;\&quot;%n\&quot;\&quot;%n\&quot;\&quot;%n\&quot;\&quot;%n\&quot;\&quot;%n\&quot;\&quot;%n\&quot;\&quot;%n\&quot;\&quot;%n\&quot;\&quot;%n\&quot;\&quot;%n\&quot;\&quot;%n\&quot;\&quot;%n\&quot;\&quot;%n\&quot;\&quot;%n\&quot;\&quot;%n\&quot;\&quot;%n\&quot;\&quot;%n\&quot;\&quot;%n\&quot;\&quot;%n\&quot;\&quot;%n\&quot;\&quot;%n\&quot;\&quot;%n\&quot;\&quot;%n\&quot;\&quot;%n\&quot;\&quot;%n\&quot;\&quot;%n\&quot;\&quot;%n\&quot;\&quot;%n\&quot;\&quot;%n\&quot;\&quot;%n\&quot;\&quot;%n\&quot;\&quot;%n\&quot;\&quot;%n\&quot;\&quot;%n\&quot;\&quot;%n\&quot;\&quot;%n\&quot;\&quot;%n\&quot;\&quot;%n\&quot;\&quot;%n\&quot;\&quot;%n\&quot;\&quot;%n\&quot;\&quot;%n\&quot;\&quot;%n\&quot;\&quot;%n\&quot;\&quot;%n\&quot;\&quot;%n\&quot;\&quot;%n\&quot;\&quot;%n\&quot;\&quot;%n\&quot;\&quot;%n\&quot;\&quot;%n\&quot;\&quot;%n\&quot;\&quot;%n\&quot;\&quot;%n\&quot;\&quot;%n\&quot;\&quot;%n\&quot;\&quot;%n\&quot;\&quot;%n\&quot;\&quot;%n\&quot;\&quot;%n\&quot;\&quot;%n\&quot;\&quot;%n\&quot;\&quot;%n\&quot;\&quot;%n\&quot;\&quot;%n\&quot;\&quot;%n\&quot;\&quot;%n\&quot;\&quot;%n\&quot;\&quot;%n\&quot;\&quot;%n\&quot;\&quot;%n\&quot;\&quot;%n\&quot;\&quot;%n\&quot;\&quot;%n\&quot;\&quot;%n\&quot;\&quot;%n\&quot;\&quot;%n\&quot;\&quot;%n\&quot;\&quot;%n\&quot;\&quot;%n\&quot;\&quot;%n\&quot;\&quot;%n\&quot;\&quot;%n\&quot;\&quot;%n\&quot;\&quot;%n\&quot;\&quot;%n\&quot;\&quot;%n\&quot;\&quot;%n\&quot;\&quot;%n\&quot;\&quot;%n\&quot;\&quot;%n\&quot;\&quot;%n\&quot;\&quot;%n\&quot;\&quot;%n\&quot;\&quot;%n\&quot;\&quot;%n\&quot;\&quot;%n\&quot;\&quot;%n\&quot;\&quot;%n\&quot;\&quot;%n\&quot;\&quot;%n\&quot;\&quot;%n\&quot;\&quot;%n\&quot;\&quot;%n\&quot;\&quot;%n\&quot;\&quot;%n\&quot;\&quot;%n\&quot;\&quot;%n\&quot;\&quot;%n\&quot;\&quot;%n\&quot;\&quot;%n\&quot;\&quot;%n\&quot;\&quot;%n\&quot;\&quot;%n\&quot;\&quot;%n\&quot;\&quot;%n\&quot;\&quot;%n\&quot;\&quot;%n\&quot;\&quot;%n\&quot;\&quot;%n\&quot;\&quot;%n\&quot;\&quot;%n\&quot;\&quot;%n\&quot;\&quot;%n\&quot;\&quot;%n\&quot;\&quot;%n\&quot;\&quot;%n\&quot;\&quot;%n\&quot;\&quot;%n\&quot;\&quot;%n\&quot;\&quot;%n\&quot;\&quot;%n\&quot;\&quot;%n\&quot;\&quot;%n\&quot;\&quot;%n\&quot;\&quot;%n\&quot;\&quot;%n\&quot;\&quot;%n\&quot;\&quot;%n\&quot;\&quot;%n\&quot;\&quot;%n\&quot;\&quot;%n\&quot;\&quot;%n\&quot;\&quot;%n\&quot;\&quot;%n\&quot;\&quot;%n\&quot;\&quot;%n\&quot;\&quot;%n\&quot;\&quot;%n\&quot;\&quot;%n\&quot;\&quot;%n\&quot;\&quot;%n\&quot;\&quot;%n\&quot;\&quot;%n\&quot;\&quot;%n\&quot;\&quot;%n\&quot;\&quot;%n\&quot;\&quot;%n\&quot;\&quot;%n\&quot;\&quot;%n\&quot;\&quot;%n\&quot;\&quot;%n\&quot;\&quot;%n\&quot;\&quot;%n\&quot;\&quot;%n\&quot;\&quot;%n\&quot;\&quot;%n\&quot;\&quot;%n\&quot;\&quot;%n\&quot;\&quot;%n\&quot;\&quot;%n\&quot;\&quot;%n\&quot;\&quot;%n\&quot;\&quot;%n\&quot;\&quot;%n\&quot;\&quot;%n\&quot;\&quot;%n\&quot;\&quot;%n\&quot;\&quot;%n\&quot;\&quot;%n\&quot;\&quot;%n\&quot;\&quot;%n\&quot;\&quot;%n\&quot;\&quot;%n\&quot;\&quot;%n\&quot;\&quot;%n\&quot;\&quot;%n\&quot;\&quot;%n\&quot;\&quot;%n\&quot;\&quot;%n\&quot;\&quot;%n\&quot;\&quot;%n\&quot;\&quot;%n\&quot;\&quot;%n\&quot;\&quot;%n\&quot;\&quot;%n\&quot;\&quot;%n\&quot;\&quot;%n\&quot;\&quot;%n\&quot;\&quot;%n\&quot;\&quot;%n\&quot;\&quot;%n\&quot;\&quot;%n\&quot;\&quot;%n\&quot;\&quot;%n\&quot;\&quot;%n\&quot;\&quot;%n\&quot;\&quot;%n\&quot;\&quot;%n\&quot;\&quot;%n\&quot;\&quot;%n\&quot;\&quot;%n\&quot;\&quot;%n\&quot;\&quot;%n\&quot;\&quot;%n\&quot;\&quot;%n\&quot;\&quot;%n\&quot;\&quot;%n\&quot;\&quot;%n\&quot;\&quot;%n\&quot;\&quot;%n\&quot;\&quot;%n\&quot;\&quot;%n\&quot;\&quot;%n\&quot;\&quot;%n\&quot;\&quot;%n\&quot;\&quot;%n\&quot;\&quot;%n\&quot;\&quot;%n\&quot;\&quot;%n\&quot;\&quot;%n\&quot;\&quot;%n\&quot;\&quot;%n\&quot;\&quot;%n\&quot;\&quot;%n\&quot;\&quot;%n\&quot;\&quot;%n\&quot;\&quot;%n\&quot;\&quot;%n\&quot;\&quot;%n\&quot;\&quot;%n\&quot;\&quot;%n\&quot;\&quot;%n\&quot;\&quot;%n\&quot;\&quot;%n\&quot;\&quot;%n\&quot;\&quot;%n\&quot;\&quot;%n\&quot;\&quot;%n\&quot;\&quot;%n\&quot;\&quot;%n\&quot;\&quot;%n\&quot;\&quot;%n\&quot;\&quot;%n\&quot;\&quot;%n\&quot;\&quot;%n\&quot;\&quot;%n\&quot;\&quot;%n\&quot;\&quot;%n\&quot;\&quot;%n\&quot;\&quot;%n\&quot;\&quot;%n\&quot;\&quot;%n\&quot;\&quot;%n\&quot;\&quot;%n\&quot;\&quot;%n\&quot;\&quot;%n\&quot;\&quot;%n\&quot;\&quot;%n\&quot;\&quot;%n\&quot;\&quot;%n\&quot;\&quot;%n\&quot;\&quot;%n\&quot;\&quot;%n\&quot;\&quot;%n\&quot;\&quot;%n\&quot;\&quot;%n\&quot;\&quot;%n\&quot;\&quot;%n\&quot;\&quot;%n\&quot;\&quot;%n\&quot;\&quot;%n\&quot;\&quot;%n\&quot;\&quot;%n\&quot;\&quot;%n\&quot;\&quot;%n\&quot;\&quot;%n\&quot;\&quot;%n\&quot;\&quot;%n\&quot;\&quot;%n\&quot;\&quot;%n\&quot;\&quot;%n\&quot;\&quot;%n\&quot;\&quot;%n\&quot;\&quot;%n\&quot;\&quot;%n\&quot;\&quot;%n\&quot;\&quot;%n\&quot;\&quot;%n\&quot;\&quot;%n\&quot;\&quot;%n\&quot;\&quot;%n\&quot;\&quot;%n\&quot;\&quot;%n\&quot;\&quot;%n\&quot;\&quot;%n\&quot;\&quot;%n\&quot;\&quot;%n\&quot;\&quot;%n\&quot;\&quot;%n\&quot;\&quot;%n\&quot;\&quot;%n\&quot;\&quot;%n\&quot;\&quot;%n\&quot;\&quot;%n\&quot;\&quot;%n\&quot;\&quot;%n\&quot;\&quot;%n\&quot;\&quot;%n\&quot;\&quot;%n\&quot;\&quot;%n\&quot;\&quot;%n\&quot;\&quot;%n\&quot;\&quot;%n\&quot;\&quot;%n\&quot;\&quot;%n\&quot;\&quot;%n\&quot;\&quot;%n\&quot;\&quot;%n\&quot;\&quot;%n\&quot;\&quot;%n\&quot;\&quot;%n\&quot;\&quot;%n\&quot;\&quot;%n\&quot;\&quot;%n\&quot;\&quot;%n\&quot;\&quot;%n\&quot;\&quot;%n\&quot;\&quot;%n\&quot;\&quot;%n\&quot;\&quot;%n\&quot;\&quot;%n\&quot;\&quot;%n\&quot;\&quot;%n\&quot;\&quot;%n\&quot;\&quot;%n\&quot;\&quot;%n\&quot;\&quot;%n\&quot;\&quot;%n\&quot;\&quot;%n\&quot;\&quot;%n\&quot;\&quot;%n\&quot;\&quot;%n\&quot;\&quot;%n\&quot;\&quot;%n\&quot;\&quot;%n\&quot;\&quot;%n\&quot;\&quot;%n\&quot;\&quot;%n\&quot;\&quot;%n\&quot;\&quot;%n\&quot;\&quot;%n\&quot;\&quot;%n\&quot;\&quot;%n\&quot;\&quot;%n\&quot;\&quot;%n\&quot;\&quot;%n\&quot;\&quot;%n\&quot;\&quot;%n\&quot;\&quot;%n\&quot;\&quot;%n\&quot;\&quot;%n\&quot;\&quot;%n\&quot;\&quot;%n\&quot;\&quot;%n\&quot;\&quot;%n\&quot;\&quot;%n\&quot;\&quot;%n\&quot;\&quot;%n\&quot;\&quot;%n\&quot;\&quot;%n\&quot;\&quot;%n\&quot;\&quot;%n\&quot;\&quot;%n\&quot;\&quot;%n\&quot;\&quot;%n\&quot;\&quot;%n\&quot;\&quot;%n\&quot;\&quot;%n\&quot;\&quot;%n\&quot;\&quot;%n\&quot;\&quot;%n\&quot;\&quot;%n\&quot;\&quot;%n\&quot;\&quot;%n\&quot;\&quot;%n\&quot;\&quot;%n\&quot;\&quot;%n\&quot;\&quot;%n\&quot;\&quot;%n\&quot;\&quot;%n\&quot;\&quot;%n\&quot;\&quot;%n\&quot;\&quot;%n\&quot;\&quot;%n\&quot;\&quot;%n\&quot;\&quot;%n\&quot;\&quot;%n\&quot;\&quot;%n\&quot;\&quot;%n\&quot;\&quot;%n\&quot;\&quot;%n\&quot;\&quot;%n\&quot;\&quot;%n\&quot;\&quot;%n\&quot;\&quot;%n\&quot;\&quot;%n\&quot;\&quot;%n\&quot;\&quot;%n\&quot;\&quot;%n\&quot;\&quot;%n\&quot;\&quot;%n\&quot;\&quot;%n\&quot;\&quot;%n\&quot;\&quot;%n\&quot;\&quot;%n\&quot;\&quot;%n\&quot;\&quot;%n\&quot;\&quot;%n\&quot;\&quot;%n\&quot;\&quot;%n\&quot;\&quot;%n\&quot;\&quot;%n\&quot;\&quot;%n\&quot;\&quot;%n\&quot;\&quot;%n\&quot;\&quot;%n\&quot;\&quot;%n\&quot;\&quot;%n\&quot;\&quot;%n\&quot;\&quot;%n\&quot;\&quot;%n\&quot;\&quot;%n\&quot;\&quot;%n\&quot;\&quot;%n\&quot;\&quot;%n\&quot;\&quot;%n\&quot;\&quot;%n\&quot;\&quot;%n\&quot;\&quot;%n\&quot;\&quot;%n\&quot;\&quot;%n\&quot;\&quot;%n\&quot;\&quot;%n\&quot;\&quot;%n\&quot;\&quot;%n\&quot;\&quot;%n\&quot;\&quot;%n\&quot;\&quot;%n\&quot;\&quot;%n\&quot;\&quot;%n\&quot;\&quot;%n\&quot;\&quot;%n\&quot;\&quot;%n\&quot;\&quot;%n\&quot;\&quot;%n\&quot;\&quot;%n\&quot;\&quot;%n\&quot;\&quot;%n\&quot;\&quot;%n\&quot;\&quot;%n\&quot;\&quot;%n\&quot;\&quot;%n\&quot;\&quot;%n\&quot;\&quot;%n\&quot;\&quot;%n\&quot;\&quot;%n\&quot;\&quot;%n\&quot;\&quot;%n\&quot;\&quot;%n\&quot;\&quot;%n\&quot;\&quot;%n\&quot;\&quot;%n\&quot;\&quot;%n\&quot;\&quot;%n\&quot;\&quot;%n\&quot;\&quot;%n\&quot;\&quot;%n\&quot;\&quot;%n\&quot;\&quot;%n\&quot;\&quot;%n\&quot;\&quot;%n\&quot;\&quot;%n\&quot;\&quot;%n\&quot;\&quot;%n\&quot;\&quot;%n\&quot;\&quot;%n\&quot;\&quot;%n\&quot;\&quot;%n\&quot;\&quot;%n\&quot;\&quot;%n\&quot;\&quot;%n\&quot;\&quot;%n\&quot;\&quot;%n\&quot;\&quot;%n\&quot;\&quot;%n\&quot;\&quot;%n\&quot;\&quot;%n\&quot;\&quot;%n\&quot;\&quot;%n\&quot;\&quot;%n\&quot;\&quot;%n\&quot;\&quot;%n\&quot;\&quot;%n\&quot;\&quot;%n\&quot;\&quot;%n\&quot;\&quot;%n\&quot;\&quot;%n\&quot;\&quot;%n\&quot;\&quot;%n\&quot;\&quot;%n\&quot;\&quot;%n\&quot;\&quot;%n\&quot;\&quot;%n\&quot;\&quot;%n\&quot;\&quot;%n\&quot;\&quot;%n\&quot;\&quot;%n\&quot;\&quot;%n\&quot;\&quot;%n\&quot;\&quot;%n\&quot;\&quot;%n\&quot;\&quot;%n\&quot;\&quot;%n\&quot;\&quot;%n\&quot;\&quot;%n\&quot;\&quot;%n\&quot;\&quot;%n\&quot;\&quot;%n\&quot;\&quot;%n\&quot;\&quot;%n\&quot;\&quot;%n\&quot;\&quot;%n\&quot;\&quot;%n\&quot;\&quot;%n\&quot;\&quot;%n\&quot;\&quot;%n\&quot;\&quot;%n\&quot;\&quot;%n\&quot;\&quot;%n\&quot;\&quot;%n\&quot;\&quot;%n\&quot;\&quot;%n\&quot;\&quot;%n\&quot;\&quot;%n\&quot;\&quot;%n\&quot;\&quot;%n\&quot;\&quot;%n\&quot;\&quot;%n\&quot;\&quot;%n\&quot;\&quot;%n\&quot;\&quot;%n\&quot;\&quot;%n\&quot;\&quot;%n\&quot;\&quot;%n\&quot;\&quot;%n\&quot;\&quot;%n\&quot;\&quot;%n\&quot;\&quot;%n\&quot;\&quot;%n\&quot;\&quot;%n\&quot;\&quot;%n\&quot;\&quot;%n\&quot;\&quot;%n\&quot;\&quot;%n\&quot;\&quot;%n\&quot;\&quot;%n\&quot;\&quot;%n\&quot;\&quot;%n\&quot;\&quot;%n\&quot;\&quot;%n\&quot;\&quot;%n\&quot;\&quot;%n\&quot;\&quot;%n\&quot;\&quot;%n\&quot;\&quot;%n\&quot;\&quot;%n\&quot;\&quot;%n\&quot;\&quot;%n\&quot;\&quot;%n\&quot;\&quot;%n\&quot;\&quot;%n\&quot;\&quot;%n\&quot;\&quot;%n\&quot;\&quot;%n\&quot;\&quot;%n\&quot;\&quot;%n\&quot;\&quot;%n\&quot;\&quot;%n\&quot;\&quot;%n\&quot;\&quot;%n\&quot;\&quot;%n\&quot;\&quot;%n\&quot;\&quot;%n\&quot;\&quot;%n\&quot;\&quot;%n\&quot;\&quot;%n\&quot;\&quot;%n\&quot;\&quot;%n\&quot;\&quot;%n\&quot;\&quot;%n\&quot;\&quot;%n\&quot;\&quot;%n\&quot;\&quot;%n\&quot;\&quot;%n\&quot;\&quot;%n\&quot;\&quot;%n\&quot;\&quot;%n\&quot;\&quot;%n\&quot;\&quot;%n\&quot;\&quot;%n\&quot;\&quot;%n\&quot;\&quot;%n\&quot;\&quot;%n\&quot;\&quot;%n\&quot;\&quot;%n\&quot;\&quot;%n\&quot;\&quot;%n\&quot;\&quot;%n\&quot;\&quot;%n\&quot;\&quot;%n\&quot;\&quot;%n\&quot;\&quot;%n\&quot;\&quot;%n\&quot;\&quot;%n\&quot;\&quot;%n\&quot;\&quot;%n\&quot;\&quot;%n\&quot;\&quot;%n\&quot;\&quot;%n\&quot;\&quot;%n\&quot;\&quot;%n\&quot;\&quot;%n\&quot;\&quot;%n\&quot;\&quot;%n\&quot;\&quot;%n\&quot;\&quot;%n\&quot;\&quot;%n\&quot;\&quot;%n\&quot;\&quot;%n\&quot;\&quot;%n\&quot;\&quot;%n\&quot;\&quot;%n\&quot;\&quot;%n\&quot;\&quot;%n\&quot;\&quot;%n\&quot;\&quot;%n\&quot;\&quot;%n\&quot;\&quot;%n\&quot;\&quot;%n\&quot;\&quot;%n\&quot;\&quot;%n\&quot;\&quot;%n\&quot;\&quot;%n\&quot;\&quot;%n\&quot;\&quot;%n\&quot;\&quot;%n\&quot;\&quot;%n\&quot;\&quot;%n\&quot;\&quot;%n\&quot;\&quot;%n\&quot;\&quot;%n\&quot;\&quot;%n\&quot;\&quot;%n\&quot;\&quot;%n\&quot;\&quot;%n\&quot;\&quot;%n\&quot;\&quot;%n\&quot;\&quot;%n\&quot;\&quot;%n\&quot;\&quot;%n\&quot;\&quot;%n\&quot;\&quot;%n\&quot;\&quot;%n\&quot;\&quot;%n\&quot;\&quot;%n\&quot;\&quot;%n\&quot;\&quot;%n\&quot;\&quot;%n\&quot;\&quot;%n\&quot;\&quot;%n\&quot;\&quot;%n\&quot;\&quot;%n\&quot;\&quot;%n\&quot;\&quot;%n\&quot;\&quot;%n\&quot;\&quot;%n\&quot;\&quot;%n\&quot;\&quot;%n\&quot;\&quot;%n\&quot;\&quot;%n\&quot;\&quot;%n\&quot;\&quot;%n\&quot;\&quot;%n\&quot;\&quot;%n\&quot;\&quot;%n\&quot;\&quot;%n\&quot;\&quot;%n\&quot;\&quot;%n\&quot;\&quot;%n\&quot;\&quot;%n\&quot;\&quot;%n\&quot;\&quot;%n\&quot;\&quot;%n\&quot;\&quot;%n\&quot;\&quot;%n\&quot;\&quot;%n\&quot;\&quot;%n\&quot;\&quot;%n\&quot;\&quot;%n\&quot;\&quot;%n\&quot;\&quot;%n\&quot;\&quot;%n\&quot;\&quot;%n\&quot;\&quot;%n\&quot;\&quot;%n\&quot;\&quot;%n\&quot;\&quot;%n\&quot;\&quot;%n\&quot;\&quot;%n\&quot;\&quot;%n\&quot;\&quot;%n\&quot;\&quot;%n\&quot;\&quot;%n\&quot;\&quot;%n\&quot;\&quot;%n\&quot;\&quot;%n\&quot;\&quot;%n\&quot;\&quot;%n\&quot;\&quot;%n\&quot;\&quot;%n\&quot;\&quot;%n\&quot;\&quot;%n\&quot;\&quot;%n\&quot;\&quot;%n\&quot;\&quot;%n\&quot;\&quot;%n\&quot;\&quot;%n\&quot;\&quot;%n\&quot;\&quot;%n\&quot;\&quot;%n\&quot;\&quot;%n\&quot;\&quot;%n\&quot;\&quot;%n\&quot;\&quot;%n\&quot;\&quot;%n\&quot;\&quot;%n\&quot;\&quot;%n\&quot;\&quot;%n\&quot;\&quot;%n\&quot;\&quot;%n\&quot;\&quot;%n\&quot;\&quot;%n\&quot;\&quot;%n\&quot;\&quot;%n\&quot;\&quot;%n\&quot;\&quot;%n\&quot;\&quot;%n\&quot;\&quot;%n\&quot;\&quot;%n\&quot;\&quot;%n\&quot;\&quot;%n\&quot;\&quot;%n\&quot;\&quot;%n\&quot;\&quot;%n\&quot;\&quot;%n\&quot;\&quot;%n\&quot;\&quot;%n\&quot;\&quot;%n\&quot;\&quot;%n\&quot;\&quot;%n\&quot;\&quot;%n\&quot;\&quot;%n\&quot;\&quot;%n\&quot;\&quot;%n\&quot;\&quot;%n\&quot;\&quot;%n\&quot;\&quot;%n\&quot;\&quot;%n\&quot;\&quot;%n\&quot;\&quot;%n\&quot;\&quot;%n\&quot;\&quot;%n\&quot;\&quot;%n\&quot;\&quot;%n\&quot;\&quot;%n\&quot;\&quot;%n\&quot;\&quot;%n\&quot;\&quot;%n\&quot;\&quot;%n\&quot;\&quot;%n\&quot;\&quot;%n\&quot;\&quot;%n\&quot;\&quot;%n\&quot;\&quot;%n\&quot;\&quot;%n\&quot;\&quot;%n\&quot;\&quot;%n\&quot;\&quot;%n\&quot;\&quot;%n\&quot;\&quot;%n\&quot;\&quot;%n\&quot;\&quot;%n\&quot;\&quot;%n\&quot;\&quot;%n\&quot;\&quot;%n\&quot;\&quot;%n\&quot;\&quot;%n\&quot;\&quot;%n\&quot;\&quot;%n\&quot;\&quot;%n\&quot;\&quot;%n\&quot;\&quot;%n\&quot;\&quot;%n\&quot;\&quot;%n\&quot;\&quot;%n\&quot;\&quot;%n\&quot;\&quot;%n\&quot;\&quot;%n\&quot;\&quot;%n\&quot;\&quot;%n\&quot;\&quot;%n\&quot;\&quot;%n\&quot;\&quot;%n\&quot;\&quot;%n\&quot;\&quot;%n\&quot;\&quot;%n\&quot;\&quot;%n\&quot;\&quot;%n\&quot;\&quot;%n\&quot;\&quot;%n\&quot;\&quot;%n\&quot;\&quot;%n\&quot;\&quot;%n\&quot;\&quot;%n\&quot;\&quot;%n\&quot;\&quot;%n\&quot;\&quot;%n\&quot;\&quot;%n\&quot;\&quot;%n\&quot;\&quot;%n\&quot;\&quot;%n\&quot;\&quot;%n\&quot;\&quot;%n\&quot;\&quot;%n\&quot;\&quot;%n\&quot;\&quot;%n\&quot;\&quot;%n\&quot;\&quot;%n\&quot;\&quot;%n\&quot;\&quot;%n\&quot;\&quot;%n\&quot;\&quot;%n\&quot;\&quot;%n\&quot;\&quot;%n\&quot;\&quot;%n\&quot;\&quot;%n\&quot;\&quot;%n\&quot;\&quot;%n\&quot;\&quot;%n\&quot;\&quot;%n\&quot;\&quot;%n\&quot;\&quot;%n\&quot;\&quot;%n\&quot;\&quot;%n\&quot;\&quot;%n\&quot;\&quot;%n\&quot;\&quot;%n\&quot;\&quot;%n\&quot;\&quot;%n\&quot;\&quot;%n\&quot;\&quot;%n\&quot;\&quot;%n\&quot;\&quot;%n\&quot;\&quot;%n\&quot;\&quot;%n\&quot;\&quot;%n\&quot;\&quot;%n\&quot;\&quot;%n\&quot;\&quot;%n\&quot;\&quot;%n\&quot;\&quot;%n\&quot;\&quot;%n\&quot;\&quot;%n\&quot;\&quot;%n\&quot;\&quot;%n\&quot;\&quot;%n\&quot;\&quot;%n\&quot;\&quot;%n\&quot;\&quot;%n\&quot;\&quot;%n\&quot;\&quot;%n\&quot;\&quot;%n\&quot;\&quot;%n\&quot;\&quot;%n\&quot;\&quot;%n\&quot;\&quot;%n\&quot;\&quot;%n\&quot;\&quot;%n\&quot;\&quot;%n\&quot;\&quot;%n\&quot;\&quot;%n\&quot;\&quot;%n\&quot;\&quot;%n\&quot;\&quot;%n\&quot;\&quot;%n\&quot;\&quot;%n\&quot;\&quot;%n\&quot;\&quot;%n\&quot;\&quot;%n\&quot;\&quot;%n\&quot;\&quot;%n\&quot;\&quot;%n\&quot;\&quot;%n\&quot;\&quot;%n\&quot;\&quot;%n\&quot;\&quot;%n\&quot;\&quot;%n\&quot;\&quot;%n\&quot;\&quot;%n\&quot;\&quot;%n\&quot;\&quot;%n\&quot;\&quot;%n\&quot;\&quot;%n\&quot;\&quot;%n\&quot;\&quot;%n\&quot;\&quot;%n\&quot;\&quot;%n\&quot;\&quot;%n\&quot;\&quot;%n\&quot;\&quot;%n\&quot;\&quot;%n\&quot;\&quot;%n\&quot;\&quot;%n\&quot;\&quot;%n\&quot;\&quot;%n\&quot;\&quot;%n\&quot;\&quot;%n\&quot;\&quot;%n\&quot;\&quot;%n\&quot;\&quot;%n\&quot;\&quot;%n\&quot;\&quot;%n\&quot;\&quot;%n\&quot;\&quot;%n\&quot;\&quot;%n\&quot;\&quot;%n\&quot;\&quot;%n\&quot;\&quot;%n\&quot;\&quot;%n\&quot;\&quot;%n\&quot;\&quot;%n\&quot;\&quot;%n\&quot;\&quot;%n\&quot;\&quot;%n\&quot;\&quot;%n\&quot;\&quot;%n\&quot;\&quot;%n\&quot;\&quot;%n\&quot;\&quot;%n\&quot;\&quot;%n\&quot;\&quot;%n\&quot;\&quot;%n\&quot;\&quot;%n\&quot;\&quot;%n\&quot;\&quot;%n\&quot;\&quot;%n\&quot;\&quot;%n\&quot;\&quot;%n\&quot;\&quot;%n\&quot;\&quot;%n\&quot;\&quot;%n\&quot;\&quot;%n\&quot;\&quot;%n\&quot;\&quot;%n\&quot;\&quot;%n\&quot;\&quot;%n\&quot;\&quot;%n\&quot;\&quot;%n\&quot;\&quot;%n\&quot;\&quot;%n\&quot;\&quot;%n\&quot;\&quot;%n\&quot;\&quot;%n\&quot;\&quot;%n\&quot;\&quot;%n\&quot;\&quot;%n\&quot;\&quot;%n\&quot;\&quot;%n\&quot;\&quot;%n\&quot;\&quot;%n\&quot;\&quot;%n\&quot;\&quot;%n\&quot;\&quot;%n\&quot;\&quot;%n\&quot;\&quot;%n\&quot;\&quot;%n\&quot;\&quot;%n\&quot;\&quot;%n\&quot;\&quot;%n\&quot;\&quot;%n\&quot;\&quot;%n\&quot;\&quot;%n\&quot;\&quot;%n\&quot;\&quot;%n\&quot;\&quot;%n\&quot;\&quot;%n\&quot;\&quot;%n\&quot;\&quot;%n\&quot;\&quot;%n\&quot;\&quot;%n\&quot;&quot;, &quot;request_method&quot;: &quot;GET&quot;, &quot;request_headers&quot;: &quot;{\&quot;User-Agent\&quot;: \&quot;APIFuzzer 0.9.13\&quot;, \&quot;Accept-Encoding\&quot;: \&quot;gzip, deflate\&quot;, \&quot;Accept\&quot;: \&quot;*/*\&quot;, \&quot;Connection\&quot;: \&quot;keep-alive\&quot;}&quot;, &quot;request_body&quot;: {}, &quot;response&quot;: &quot;&quot;, &quot;parsed_status_code&quot;: 500, &quot;reason&quot;: &quot;failed&quot;}"/>
		</testcase>
		<testcase name="724" time="0.546745" timestamp="1727676608.5953922" status="failed">
			<failure type="failure" message="{&quot;status&quot;: &quot;failed&quot;, &quot;name&quot;: {}, &quot;sub_reports&quot;: [], &quot;test_number&quot;: 724, &quot;state&quot;: &quot;COMPLETED&quot;, &quot;request_url&quot;: &quot;https://virtserver.swaggerhub.com/AAYUSHGARGBU/api_oauth2_password/1.0.0/users?filter=\&quot;%n\&quot;\&quot;%n\&quot;\&quot;%n\&quot;\&quot;%n\&quot;\&quot;%n\&quot;\&quot;%n\&quot;\&quot;%n\&quot;\&quot;%n\&quot;\&quot;%n\&quot;\&quot;%n\&quot;\&quot;%n\&quot;\&quot;%n\&quot;\&quot;%n\&quot;\&quot;%n\&quot;\&quot;%n\&quot;\&quot;%n\&quot;\&quot;%n\&quot;\&quot;%n\&quot;\&quot;%n\&quot;\&quot;%n\&quot;\&quot;%n\&quot;\&quot;%n\&quot;\&quot;%n\&quot;\&quot;%n\&quot;\&quot;%n\&quot;\&quot;%n\&quot;\&quot;%n\&quot;\&quot;%n\&quot;\&quot;%n\&quot;\&quot;%n\&quot;\&quot;%n\&quot;\&quot;%n\&quot;\&quot;%n\&quot;\&quot;%n\&quot;\&quot;%n\&quot;\&quot;%n\&quot;\&quot;%n\&quot;\&quot;%n\&quot;\&quot;%n\&quot;\&quot;%n\&quot;\&quot;%n\&quot;\&quot;%n\&quot;\&quot;%n\&quot;\&quot;%n\&quot;\&quot;%n\&quot;\&quot;%n\&quot;\&quot;%n\&quot;\&quot;%n\&quot;\&quot;%n\&quot;\&quot;%n\&quot;\&quot;%n\&quot;\&quot;%n\&quot;\&quot;%n\&quot;\&quot;%n\&quot;\&quot;%n\&quot;\&quot;%n\&quot;\&quot;%n\&quot;\&quot;%n\&quot;\&quot;%n\&quot;\&quot;%n\&quot;\&quot;%n\&quot;\&quot;%n\&quot;\&quot;%n\&quot;\&quot;%n\&quot;\&quot;%n\&quot;\&quot;%n\&quot;\&quot;%n\&quot;\&quot;%n\&quot;\&quot;%n\&quot;\&quot;%n\&quot;\&quot;%n\&quot;\&quot;%n\&quot;\&quot;%n\&quot;\&quot;%n\&quot;\&quot;%n\&quot;\&quot;%n\&quot;\&quot;%n\&quot;\&quot;%n\&quot;\&quot;%n\&quot;\&quot;%n\&quot;\&quot;%n\&quot;\&quot;%n\&quot;\&quot;%n\&quot;\&quot;%n\&quot;\&quot;%n\&quot;\&quot;%n\&quot;\&quot;%n\&quot;\&quot;%n\&quot;\&quot;%n\&quot;\&quot;%n\&quot;\&quot;%n\&quot;\&quot;%n\&quot;\&quot;%n\&quot;\&quot;%n\&quot;\&quot;%n\&quot;\&quot;%n\&quot;\&quot;%n\&quot;\&quot;%n\&quot;\&quot;%n\&quot;\&quot;%n\&quot;\&quot;%n\&quot;\&quot;%n\&quot;\&quot;%n\&quot;\&quot;%n\&quot;\&quot;%n\&quot;\&quot;%n\&quot;\&quot;%n\&quot;\&quot;%n\&quot;\&quot;%n\&quot;\&quot;%n\&quot;\&quot;%n\&quot;\&quot;%n\&quot;\&quot;%n\&quot;\&quot;%n\&quot;\&quot;%n\&quot;\&quot;%n\&quot;\&quot;%n\&quot;\&quot;%n\&quot;\&quot;%n\&quot;\&quot;%n\&quot;\&quot;%n\&quot;\&quot;%n\&quot;\&quot;%n\&quot;\&quot;%n\&quot;\&quot;%n\&quot;\&quot;%n\&quot;\&quot;%n\&quot;\&quot;%n\&quot;&quot;, &quot;request_method&quot;: &quot;GET&quot;, &quot;request_headers&quot;: &quot;{\&quot;User-Agent\&quot;: \&quot;APIFuzzer 0.9.13\&quot;, \&quot;Accept-Encoding\&quot;: \&quot;gzip, deflate\&quot;, \&quot;Accept\&quot;: \&quot;*/*\&quot;, \&quot;Connection\&quot;: \&quot;keep-alive\&quot;}&quot;, &quot;request_body&quot;: {}, &quot;response&quot;: &quot;&quot;, &quot;parsed_status_code&quot;: 500, &quot;reason&quot;: &quot;failed&quot;}"/>
		</testcase>
		<testcase name="725" time="0.544404" timestamp="1727676609.1554666" status="failed">
			<failure type="failure" message="{&quot;status&quot;: &quot;failed&quot;, &quot;name&quot;: {}, &quot;sub_reports&quot;: [], &quot;test_number&quot;: 725, &quot;state&quot;: &quot;COMPLETED&quot;, &quot;request_url&quot;: &quot;https://virtserver.swaggerhub.com/AAYUSHGARGBU/api_oauth2_password/1.0.0/users?filter=\&quot;%n\&quot;\&quot;%n\&quot;\&quot;%n\&quot;\&quot;%n\&quot;\&quot;%n\&quot;\&quot;%n\&quot;\&quot;%n\&quot;\&quot;%n\&quot;\&quot;%n\&quot;\&quot;%n\&quot;\&quot;%n\&quot;\&quot;%n\&quot;\&quot;%n\&quot;\&quot;%n\&quot;\&quot;%n\&quot;\&quot;%n\&quot;&quot;, &quot;request_method&quot;: &quot;GET&quot;, &quot;request_headers&quot;: &quot;{\&quot;User-Agent\&quot;: \&quot;APIFuzzer 0.9.13\&quot;, \&quot;Accept-Encoding\&quot;: \&quot;gzip, deflate\&quot;, \&quot;Accept\&quot;: \&quot;*/*\&quot;, \&quot;Connection\&quot;: \&quot;keep-alive\&quot;}&quot;, &quot;request_body&quot;: {}, &quot;response&quot;: &quot;&quot;, &quot;parsed_status_code&quot;: 500, &quot;reason&quot;: &quot;failed&quot;}"/>
		</testcase>
		<testcase name="726" time="0.549259" timestamp="1727676609.7114444" status="failed">
			<failure type="failure" message="{&quot;status&quot;: &quot;failed&quot;, &quot;name&quot;: {}, &quot;sub_reports&quot;: [], &quot;test_number&quot;: 726, &quot;state&quot;: &quot;COMPLETED&quot;, &quot;request_url&quot;: &quot;https://virtserver.swaggerhub.com/AAYUSHGARGBU/api_oauth2_password/1.0.0/users?filter=\&quot;%n\&quot;\&quot;%n\&quot;&quot;, &quot;request_method&quot;: &quot;GET&quot;, &quot;request_headers&quot;: &quot;{\&quot;User-Agent\&quot;: \&quot;APIFuzzer 0.9.13\&quot;, \&quot;Accept-Encoding\&quot;: \&quot;gzip, deflate\&quot;, \&quot;Accept\&quot;: \&quot;*/*\&quot;, \&quot;Connection\&quot;: \&quot;keep-alive\&quot;}&quot;, &quot;request_body&quot;: {}, &quot;response&quot;: &quot;&quot;, &quot;parsed_status_code&quot;: 500, &quot;reason&quot;: &quot;failed&quot;}"/>
		</testcase>
		<testcase name="727" time="0.562527" timestamp="1727676610.289235" status="failed">
			<failure type="failure" message="{&quot;status&quot;: &quot;failed&quot;, &quot;name&quot;: {}, &quot;sub_reports&quot;: [], &quot;test_number&quot;: 727, &quot;state&quot;: &quot;COMPLETED&quot;, &quot;request_url&quot;: &quot;https://virtserver.swaggerhub.com/AAYUSHGARGBU/api_oauth2_password/1.0.0/users?filter=%.16705u%2\\$hn&quot;, &quot;request_method&quot;: &quot;GET&quot;, &quot;request_headers&quot;: &quot;{\&quot;User-Agent\&quot;: \&quot;APIFuzzer 0.9.13\&quot;, \&quot;Accept-Encoding\&quot;: \&quot;gzip, deflate\&quot;, \&quot;Accept\&quot;: \&quot;*/*\&quot;, \&quot;Connection\&quot;: \&quot;keep-alive\&quot;}&quot;, &quot;request_body&quot;: {}, &quot;response&quot;: &quot;&quot;, &quot;parsed_status_code&quot;: 500, &quot;reason&quot;: &quot;failed&quot;}"/>
		</testcase>
		<testcase name="783" time="0.561933" timestamp="1727676638.442146" status="failed">
			<failure type="failure" message="{&quot;status&quot;: &quot;failed&quot;, &quot;name&quot;: {}, &quot;sub_reports&quot;: [], &quot;test_number&quot;: 783, &quot;state&quot;: &quot;COMPLETED&quot;, &quot;request_url&quot;: &quot;https://virtserver.swaggerhub.com/AAYUSHGARGBU/api_oauth2_password/1.0.0/users?filter=%u0000&quot;, &quot;request_method&quot;: &quot;GET&quot;, &quot;request_headers&quot;: &quot;{\&quot;User-Agent\&quot;: \&quot;APIFuzzer 0.9.13\&quot;, \&quot;Accept-Encoding\&quot;: \&quot;gzip, deflate\&quot;, \&quot;Accept\&quot;: \&quot;*/*\&quot;, \&quot;Connection\&quot;: \&quot;keep-alive\&quot;}&quot;, &quot;request_body&quot;: {}, &quot;response&quot;: &quot;&quot;, &quot;parsed_status_code&quot;: 500, &quot;reason&quot;: &quot;failed&quot;}"/>
		</testcase>
	</testsuite>
</testsuites>
