<?xml version="1.0" ?>
<testsuites disabled="0" errors="0" failures="26" tests="26" time="15.596754568978213">
	<testsuite disabled="0" errors="0" failures="26" name="API Fuzzer" skipped="0" tests="26" time="15.596754568978213" timestamp="1727386698.2702382">
		<testcase name="88" time="0.576634" timestamp="1727386285.3504007" status="failed">
			<failure type="failure" message="{&quot;status&quot;: &quot;failed&quot;, &quot;name&quot;: {}, &quot;sub_reports&quot;: [], &quot;test_number&quot;: 88, &quot;state&quot;: &quot;COMPLETED&quot;, &quot;request_url&quot;: &quot;https://virtserver.swaggerhub.com/AAYUSHGARGBU/api_oauth2_password/1.0.0/users?filter=%s%s%s%s%s%s%s%s%s%s%s%s%s%s%s%s%s%s%s%s%s%s%s%s%s%s%s%s%s%s%s%s%s%s%s%s%s%s%s%s%s%s%s%s%s%s%s%s%s%s%s%s%s%s%s%s%s%s%s%s%s%s%s%s%s%s%s%s%s%s%s%s%s%s%s%s%s%s%s%s%s%s%s%s%s%s%s%s%s%s%s%s%s%s%s%s%s%s%s%s%s%s%s%s%s%s%s%s%s%s%s%s%s%s%s%s%s%s%s%s%s%s%s%s%s%s%s%s%s%s%s%s%s%s%s%s%s%s%s%s%s%s%s%s%s%s%s%s%s%s%s%s%s%s%s%s%s%s%s%s%s%s%s%s%s%s%s%s%s%s%s%s%s%s%s%s%s%s%s%s%s%s%s%s%s%s%s%s%s%s%s%s%s%s%s%s%s%s%s%s%s%s%s%s%s%s%s%s%s%s%s%s%s%s%s%s%s%s%s%s%s%s%s%s%s%s%s%s%s%s%s%s%s%s%s%s%s%s%s%s%s%s%s%s%s%s%s%s%s%s%s%s%s%s%s%s%s%s%s%s%s%s%s%s%s%s%s%s%s%s%s%s%s%s%s%s%s%s%s%s%s%s%s%s%s%s%s%s%s%s%s%s%s%s%s%s%s%s%s%s%s%s%s%s%s%s%s%s%s%s%s%s%s%s%s%s%s%s%s%s%s%s%s%s%s%s%s%s%s%s%s%s%s%s%s%s%s%s%s%s%s%s%s%s%s%s%s%s%s%s%s%s%s%s%s%s%s%s%s%s%s%s%s%s%s%s%s%s%s%s%s%s%s%s%s%s%s%s%s%s%s%s%s%s%s%s%s%s%s%s%s%s%s%s%s%s%s%s%s%s%s%s%s%s%s%s%s%s%s%s%s%s%s%s%s%s%s%s%s%s%s%s%s%s%s%s%s%s%s%s%s%s%s%s%s%s%s%s%s%s%s%s%s%s%s%s%s%s%s%s%s%s%s%s%s%s%s%s%s%s%s%s%s%s%s%s%s%s%s%s%s%s%s%s%s%s%s%s%s%s%s%s%s%s%s%s%s%s%s%s%s%s%s%s%s%s%s%s%s%s%s%s%s%s%s%s%s%s%s%s%s%s%s%s%s%s%s%s%s%s%s%s%s%s%s%s%s%s%s%s%s%s%s%s%s%s%s%s%s%s%s%s%s%s%s%s%s%s%s%s%s%s%s%s%s%s%s%s%s%s%s%s%s%s%s%s%s%s%s%s%s%s%s%s%s%s%s%s%s%s%s%s%s%s%s%s%s%s%s%s%s%s%s%s%s%s%s%s%s%s%s%s%s%s%s%s%s%s%s%s%s%s%s%s%s%s%s%s%s%s%s%s%s%s%s%s%s%s%s%s%s%s%s%s%s%s%s%s%s%s%s%s%s%s%s%s%s%s%s%s%s%s%s%s%s%s%s%s%s%s%s%s%s%s%s%s%s%s%s%s%s%s%s%s%s%s%s%s%s%s%s%s%s%s%s%s%s%s%s%s%s%s%s%s%s%s%s%s%s%s%s%s%s%s%s%s%s%s%s%s%s%s%s%s%s%s%s%s%s%s%s%s%s%s%s%s%s%s%s%s%s%s%s%s%s%s%s%s%s%s%s%s%s%s%s%s%s%s%s%s%s%s%s%s%s%s%s%s%s%s%s%s%s%s%s%s%s%s%s%s%s%s%s%s%s%s%s%s%s%s%s%s%s%s%s%s%s%s%s%s%s%s%s%s%s%s%s%s%s%s%s%s%s%s%s%s%s%s%s%s%s%s%s%s%s%s%s%s%s%s%s%s%s%s%s%s%s%s%s%s%s%s%s%s%s%s%s%s%s%s%s%s%s%s%s%s%s%s%s%s%s%s%s%s%s%s%s%s%s%s%s%s%s%s%s%s%s%s%s%s%s%s%s%s%s%s%s%s%s%s%s%s%s%s%s%s%s%s%s%s%s%s%s%s%s%s%s%s%s%s%s%s%s%s%s%s%s%s%s%s%s%s%s%s%s%s%s%s%s%s%s%s%s%s%s%s%s%s%s%s%s%s%s%s%s%s%s%s%s%s%s%s%s%s%s%s%s%s%s%s%s%s%s%s%s%s%s%s%s%s%s%s%s%s%s%s%s%s%s%s%s%s%s%s%s%s%s%s%s%s%s%s%s%s%s%s%s%s%s%s%s%s%s%s%s%s%s%s%s%s%s%s%s%s%s%s%s%s%s%s%s%s%s%s%s%s%s%s%s%s%s%s%s%s&quot;, &quot;request_method&quot;: &quot;GET&quot;, &quot;request_headers&quot;: &quot;{\&quot;User-Agent\&quot;: \&quot;APIFuzzer 0.9.13\&quot;, \&quot;Accept-Encoding\&quot;: \&quot;gzip, deflate\&quot;, \&quot;Accept\&quot;: \&quot;*/*\&quot;, \&quot;Connection\&quot;: \&quot;keep-alive\&quot;, \&quot;Content-Type\&quot;: \&quot;application/json\&quot;}&quot;, &quot;request_body&quot;: {}, &quot;response&quot;: &quot;&quot;, &quot;parsed_status_code&quot;: 500, &quot;reason&quot;: &quot;failed&quot;}"/>
		</testcase>
		<testcase name="89" time="0.560584" timestamp="1727386285.9273438" status="failed">
			<failure type="failure" message="{&quot;status&quot;: &quot;failed&quot;, &quot;name&quot;: {}, &quot;sub_reports&quot;: [], &quot;test_number&quot;: 89, &quot;state&quot;: &quot;COMPLETED&quot;, &quot;request_url&quot;: &quot;https://virtserver.swaggerhub.com/AAYUSHGARGBU/api_oauth2_password/1.0.0/users?filter=%s%s%s%s%s%s%s%s%s%s%s%s%s%s%s%s%s%s%s%s%s%s%s%s%s%s%s%s%s%s%s%s%s%s%s%s%s%s%s%s%s%s%s%s%s%s%s%s%s%s%s%s%s%s%s%s%s%s%s%s%s%s%s%s%s%s%s%s%s%s%s%s%s%s%s%s%s%s%s%s%s%s%s%s%s%s%s%s%s%s%s%s%s%s%s%s%s%s%s%s%s%s%s%s%s%s%s%s%s%s%s%s%s%s%s%s%s%s%s%s%s%s%s%s%s%s%s%s&quot;, &quot;request_method&quot;: &quot;GET&quot;, &quot;request_headers&quot;: &quot;{\&quot;User-Agent\&quot;: \&quot;APIFuzzer 0.9.13\&quot;, \&quot;Accept-Encoding\&quot;: \&quot;gzip, deflate\&quot;, \&quot;Accept\&quot;: \&quot;*/*\&quot;, \&quot;Connection\&quot;: \&quot;keep-alive\&quot;, \&quot;Content-Type\&quot;: \&quot;application/json\&quot;}&quot;, &quot;request_body&quot;: {}, &quot;response&quot;: &quot;&quot;, &quot;parsed_status_code&quot;: 500, &quot;reason&quot;: &quot;failed&quot;}"/>
		</testcase>
		<testcase name="90" time="0.555839" timestamp="1727386286.4988976" status="failed">
			<failure type="failure" message="{&quot;status&quot;: &quot;failed&quot;, &quot;name&quot;: {}, &quot;sub_reports&quot;: [], &quot;test_number&quot;: 90, &quot;state&quot;: &quot;COMPLETED&quot;, &quot;request_url&quot;: &quot;https://virtserver.swaggerhub.com/AAYUSHGARGBU/api_oauth2_password/1.0.0/users?filter=%s%s%s%s%s%s%s%s%s%s%s%s%s%s%s%s&quot;, &quot;request_method&quot;: &quot;GET&quot;, &quot;request_headers&quot;: &quot;{\&quot;User-Agent\&quot;: \&quot;APIFuzzer 0.9.13\&quot;, \&quot;Accept-Encoding\&quot;: \&quot;gzip, deflate\&quot;, \&quot;Accept\&quot;: \&quot;*/*\&quot;, \&quot;Connection\&quot;: \&quot;keep-alive\&quot;, \&quot;Content-Type\&quot;: \&quot;application/json\&quot;}&quot;, &quot;request_body&quot;: {}, &quot;response&quot;: &quot;&quot;, &quot;parsed_status_code&quot;: 500, &quot;reason&quot;: &quot;failed&quot;}"/>
		</testcase>
		<testcase name="91" time="0.555395" timestamp="1727386287.0694132" status="failed">
			<failure type="failure" message="{&quot;status&quot;: &quot;failed&quot;, &quot;name&quot;: {}, &quot;sub_reports&quot;: [], &quot;test_number&quot;: 91, &quot;state&quot;: &quot;COMPLETED&quot;, &quot;request_url&quot;: &quot;https://virtserver.swaggerhub.com/AAYUSHGARGBU/api_oauth2_password/1.0.0/users?filter=%s%s&quot;, &quot;request_method&quot;: &quot;GET&quot;, &quot;request_headers&quot;: &quot;{\&quot;User-Agent\&quot;: \&quot;APIFuzzer 0.9.13\&quot;, \&quot;Accept-Encoding\&quot;: \&quot;gzip, deflate\&quot;, \&quot;Accept\&quot;: \&quot;*/*\&quot;, \&quot;Connection\&quot;: \&quot;keep-alive\&quot;, \&quot;Content-Type\&quot;: \&quot;application/json\&quot;}&quot;, &quot;request_body&quot;: {}, &quot;response&quot;: &quot;&quot;, &quot;parsed_status_code&quot;: 500, &quot;reason&quot;: &quot;failed&quot;}"/>
		</testcase>
		<testcase name="92" time="0.567099" timestamp="1727386287.6512845" status="failed">
			<failure type="failure" message="{&quot;status&quot;: &quot;failed&quot;, &quot;name&quot;: {}, &quot;sub_reports&quot;: [], &quot;test_number&quot;: 92, &quot;state&quot;: &quot;COMPLETED&quot;, &quot;request_url&quot;: &quot;https://virtserver.swaggerhub.com/AAYUSHGARGBU/api_oauth2_password/1.0.0/users?filter=%%s%%s%%s%%s%%s%%s%%s%%s%%s%%s%%s%%s%%s%%s%%s%%s%%s%%s%%s%%s%%s%%s%%s%%s%%s%%s%%s%%s%%s%%s%%s%%s%%s%%s%%s%%s%%s%%s%%s%%s%%s%%s%%s%%s%%s%%s%%s%%s%%s%%s%%s%%s%%s%%s%%s%%s%%s%%s%%s%%s%%s%%s%%s%%s%%s%%s%%s%%s%%s%%s%%s%%s%%s%%s%%s%%s%%s%%s%%s%%s%%s%%s%%s%%s%%s%%s%%s%%s%%s%%s%%s%%s%%s%%s%%s%%s%%s%%s%%s%%s%%s%%s%%s%%s%%s%%s%%s%%s%%s%%s%%s%%s%%s%%s%%s%%s%%s%%s%%s%%s%%s%%s%%s%%s%%s%%s%%s%%s%%s%%s%%s%%s%%s%%s%%s%%s%%s%%s%%s%%s%%s%%s%%s%%s%%s%%s%%s%%s%%s%%s%%s%%s%%s%%s%%s%%s%%s%%s%%s%%s%%s%%s%%s%%s%%s%%s%%s%%s%%s%%s%%s%%s%%s%%s%%s%%s%%s%%s%%s%%s%%s%%s%%s%%s%%s%%s%%s%%s%%s%%s%%s%%s%%s%%s%%s%%s%%s%%s%%s%%s%%s%%s%%s%%s%%s%%s%%s%%s%%s%%s%%s%%s%%s%%s%%s%%s%%s%%s%%s%%s%%s%%s%%s%%s%%s%%s%%s%%s%%s%%s%%s%%s%%s%%s%%s%%s%%s%%s%%s%%s%%s%%s%%s%%s%%s%%s%%s%%s%%s%%s%%s%%s%%s%%s%%s%%s%%s%%s%%s%%s%%s%%s%%s%%s%%s%%s%%s%%s%%s%%s%%s%%s%%s%%s%%s%%s%%s%%s%%s%%s%%s%%s%%s%%s%%s%%s%%s%%s%%s%%s%%s%%s%%s%%s%%s%%s%%s%%s%%s%%s%%s%%s%%s%%s%%s%%s%%s%%s%%s%%s%%s%%s%%s%%s%%s%%s%%s%%s%%s%%s%%s%%s%%s%%s%%s%%s%%s%%s%%s%%s%%s%%s%%s%%s%%s%%s%%s%%s%%s%%s%%s%%s%%s%%s%%s%%s%%s%%s%%s%%s%%s%%s%%s%%s%%s%%s%%s%%s%%s%%s%%s%%s%%s%%s%%s%%s%%s%%s%%s%%s%%s%%s%%s%%s%%s%%s%%s%%s%%s%%s%%s%%s%%s%%s%%s%%s%%s%%s%%s%%s%%s%%s%%s%%s%%s%%s%%s%%s%%s%%s%%s%%s%%s%%s%%s%%s%%s%%s%%s%%s%%s%%s%%s%%s%%s%%s%%s%%s%%s%%s%%s%%s%%s%%s%%s%%s%%s%%s%%s%%s%%s%%s%%s%%s%%s%%s%%s%%s%%s%%s%%s%%s%%s%%s%%s%%s%%s%%s%%s%%s%%s%%s%%s%%s%%s%%s%%s%%s%%s%%s%%s%%s%%s%%s%%s%%s%%s%%s%%s%%s%%s%%s%%s%%s%%s%%s%%s%%s%%s%%s%%s%%s%%s%%s%%s%%s%%s%%s%%s%%s%%s%%s%%s%%s%%s%%s%%s%%s%%s%%s%%s%%s%%s%%s%%s%%s%%s%%s%%s%%s%%s%%s%%s%%s%%s%%s%%s%%s%%s%%s%%s%%s%%s%%s%%s%%s%%s%%s%%s%%s%%s%%s%%s%%s%%s%%s%%s%%s%%s%%s%%s%%s%%s%%s%%s%%s%%s%%s%%s%%s%%s%%s%%s%%s%%s%%s%%s%%s%%s%%s%%s%%s%%s%%s%%s%%s%%s%%s%%s%%s%%s%%s%%s%%s%%s%%s%%s%%s%%s%%s%%s%%s%%s%%s%%s%%s%%s%%s%%s%%s%%s%%s%%s%%s%%s%%s%%s%%s%%s%%s%%s%%s%%s%%s%%s%%s%%s%%s%%s%%s%%s%%s%%s%%s%%s%%s%%s%%s%%s%%s%%s%%s%%s%%s%%s%%s%%s%%s%%s%%s%%s%%s%%s%%s%%s%%s%%s%%s%%s%%s%%s%%s%%s%%s%%s%%s%%s%%s%%s%%s%%s%%s%%s%%s%%s%%s%%s%%s%%s%%s%%s%%s%%s%%s%%s%%s%%s%%s%%s%%s%%s%%s%%s%%s%%s%%s%%s%%s%%s%%s%%s%%s%%s%%s%%s%%s%%s%%s%%s%%s%%s%%s%%s%%s%%s%%s%%s%%s%%s%%s%%s%%s%%s%%s%%s%%s%%s%%s%%s%%s%%s%%s%%s%%s%%s%%s%%s%%s%%s%%s%%s%%s%%s%%s%%s%%s%%s%%s%%s%%s%%s%%s%%s%%s%%s%%s%%s%%s%%s%%s%%s%%s%%s%%s%%s%%s%%s%%s%%s%%s%%s%%s%%s%%s%%s%%s%%s%%s%%s%%s%%s%%s%%s%%s%%s%%s%%s%%s%%s%%s%%s%%s%%s%%s%%s%%s%%s%%s%%s%%s%%s%%s%%s%%s%%s%%s%%s%%s%%s%%s%%s%%s%%s%%s%%s%%s%%s%%s%%s%%s%%s%%s%%s%%s%%s%%s%%s%%s%%s%%s%%s%%s%%s%%s%%s%%s%%s%%s%%s%%s%%s%%s%%s%%s%%s%%s%%s%%s%%s%%s%%s%%s%%s%%s%%s%%s%%s%%s%%s%%s%%s%%s%%s%%s%%s%%s%%s%%s%%s%%s%%s%%s%%s%%s%%s%%s%%s%%s%%s%%s%%s%%s%%s%%s%%s%%s%%s%%s%%s%%s%%s%%s%%s%%s%%s%%s%%s%%s%%s%%s%%s%%s%%s%%s%%s%%s%%s%%s%%s%%s%%s%%s%%s%%s%%s%%s%%s%%s%%s%%s%%s%%s%%s%%s%%s%%s%%s%%s%%s%%s%%s%%s%%s%%s%%s%%s%%s%%s%%s%%s%%s%%s%%s%%s%%s%%s%%s%%s%%s%%s%%s%%s%%s%%s%%s%%s%%s%%s%%s%%s%%s%%s%%s%%s%%s%%s%%s%%s%%s%%s%%s%%s%%s%%s%%s%%s%%s%%s%%s%%s%%s%%s%%s%%s%%s%%s%%s%%s%%s%%s%%s%%s%%s%%s%%s%%s%%s%%s%%s%%s%%s%%s%%s%%s%%s%%s%%s%%s%%s%%s%%s%%s%%s%%s%%s%%s%%s%%s%%s%%s%%s%%s%%s%%s%%s%%s%%s%%s%%s%%s%%s%%s%%s%%s%%s%%s%%s%%s%%s%%s%%s%%s%%s%%s&quot;, &quot;request_method&quot;: &quot;GET&quot;, &quot;request_headers&quot;: &quot;{\&quot;User-Agent\&quot;: \&quot;APIFuzzer 0.9.13\&quot;, \&quot;Accept-Encoding\&quot;: \&quot;gzip, deflate\&quot;, \&quot;Accept\&quot;: \&quot;*/*\&quot;, \&quot;Connection\&quot;: \&quot;keep-alive\&quot;, \&quot;Content-Type\&quot;: \&quot;application/json\&quot;}&quot;, &quot;request_body&quot;: {}, &quot;response&quot;: &quot;&quot;, &quot;parsed_status_code&quot;: 500, &quot;reason&quot;: &quot;failed&quot;}"/>
		</testcase>
		<testcase name="93" time="0.555340" timestamp="1727386288.2222638" status="failed">
			<failure type="failure" message="{&quot;status&quot;: &quot;failed&quot;, &quot;name&quot;: {}, &quot;sub_reports&quot;: [], &quot;test_number&quot;: 93, &quot;state&quot;: &quot;COMPLETED&quot;, &quot;request_url&quot;: &quot;https://virtserver.swaggerhub.com/AAYUSHGARGBU/api_oauth2_password/1.0.0/users?filter=%%s%%s%%s%%s%%s%%s%%s%%s%%s%%s%%s%%s%%s%%s%%s%%s%%s%%s%%s%%s%%s%%s%%s%%s%%s%%s%%s%%s%%s%%s%%s%%s%%s%%s%%s%%s%%s%%s%%s%%s%%s%%s%%s%%s%%s%%s%%s%%s%%s%%s%%s%%s%%s%%s%%s%%s%%s%%s%%s%%s%%s%%s%%s%%s%%s%%s%%s%%s%%s%%s%%s%%s%%s%%s%%s%%s%%s%%s%%s%%s%%s%%s%%s%%s%%s%%s%%s%%s%%s%%s%%s%%s%%s%%s%%s%%s%%s%%s%%s%%s%%s%%s%%s%%s%%s%%s%%s%%s%%s%%s%%s%%s%%s%%s%%s%%s%%s%%s%%s%%s%%s%%s%%s%%s%%s%%s%%s%%s&quot;, &quot;request_method&quot;: &quot;GET&quot;, &quot;request_headers&quot;: &quot;{\&quot;User-Agent\&quot;: \&quot;APIFuzzer 0.9.13\&quot;, \&quot;Accept-Encoding\&quot;: \&quot;gzip, deflate\&quot;, \&quot;Accept\&quot;: \&quot;*/*\&quot;, \&quot;Connection\&quot;: \&quot;keep-alive\&quot;, \&quot;Content-Type\&quot;: \&quot;application/json\&quot;}&quot;, &quot;request_body&quot;: {}, &quot;response&quot;: &quot;&quot;, &quot;parsed_status_code&quot;: 500, &quot;reason&quot;: &quot;failed&quot;}"/>
		</testcase>
		<testcase name="94" time="0.552700" timestamp="1727386288.7905211" status="failed">
			<failure type="failure" message="{&quot;status&quot;: &quot;failed&quot;, &quot;name&quot;: {}, &quot;sub_reports&quot;: [], &quot;test_number&quot;: 94, &quot;state&quot;: &quot;COMPLETED&quot;, &quot;request_url&quot;: &quot;https://virtserver.swaggerhub.com/AAYUSHGARGBU/api_oauth2_password/1.0.0/users?filter=%%s%%s%%s%%s%%s%%s%%s%%s%%s%%s%%s%%s%%s%%s%%s%%s&quot;, &quot;request_method&quot;: &quot;GET&quot;, &quot;request_headers&quot;: &quot;{\&quot;User-Agent\&quot;: \&quot;APIFuzzer 0.9.13\&quot;, \&quot;Accept-Encoding\&quot;: \&quot;gzip, deflate\&quot;, \&quot;Accept\&quot;: \&quot;*/*\&quot;, \&quot;Connection\&quot;: \&quot;keep-alive\&quot;, \&quot;Content-Type\&quot;: \&quot;application/json\&quot;}&quot;, &quot;request_body&quot;: {}, &quot;response&quot;: &quot;&quot;, &quot;parsed_status_code&quot;: 500, &quot;reason&quot;: &quot;failed&quot;}"/>
		</testcase>
		<testcase name="95" time="0.551113" timestamp="1727386289.357078" status="failed">
			<failure type="failure" message="{&quot;status&quot;: &quot;failed&quot;, &quot;name&quot;: {}, &quot;sub_reports&quot;: [], &quot;test_number&quot;: 95, &quot;state&quot;: &quot;COMPLETED&quot;, &quot;request_url&quot;: &quot;https://virtserver.swaggerhub.com/AAYUSHGARGBU/api_oauth2_password/1.0.0/users?filter=%%s%%s&quot;, &quot;request_method&quot;: &quot;GET&quot;, &quot;request_headers&quot;: &quot;{\&quot;User-Agent\&quot;: \&quot;APIFuzzer 0.9.13\&quot;, \&quot;Accept-Encoding\&quot;: \&quot;gzip, deflate\&quot;, \&quot;Accept\&quot;: \&quot;*/*\&quot;, \&quot;Connection\&quot;: \&quot;keep-alive\&quot;, \&quot;Content-Type\&quot;: \&quot;application/json\&quot;}&quot;, &quot;request_body&quot;: {}, &quot;response&quot;: &quot;&quot;, &quot;parsed_status_code&quot;: 500, &quot;reason&quot;: &quot;failed&quot;}"/>
		</testcase>
		<testcase name="96" time="0.568847" timestamp="1727386289.9412582" status="failed">
			<failure type="failure" message="{&quot;status&quot;: &quot;failed&quot;, &quot;name&quot;: {}, &quot;sub_reports&quot;: [], &quot;test_number&quot;: 96, &quot;state&quot;: &quot;COMPLETED&quot;, &quot;request_url&quot;: &quot;https://virtserver.swaggerhub.com/AAYUSHGARGBU/api_oauth2_password/1.0.0/users?filter=\&quot;%s\&quot;\&quot;%s\&quot;\&quot;%s\&quot;\&quot;%s\&quot;\&quot;%s\&quot;\&quot;%s\&quot;\&quot;%s\&quot;\&quot;%s\&quot;\&quot;%s\&quot;\&quot;%s\&quot;\&quot;%s\&quot;\&quot;%s\&quot;\&quot;%s\&quot;\&quot;%s\&quot;\&quot;%s\&quot;\&quot;%s\&quot;\&quot;%s\&quot;\&quot;%s\&quot;\&quot;%s\&quot;\&quot;%s\&quot;\&quot;%s\&quot;\&quot;%s\&quot;\&quot;%s\&quot;\&quot;%s\&quot;\&quot;%s\&quot;\&quot;%s\&quot;\&quot;%s\&quot;\&quot;%s\&quot;\&quot;%s\&quot;\&quot;%s\&quot;\&quot;%s\&quot;\&quot;%s\&quot;\&quot;%s\&quot;\&quot;%s\&quot;\&quot;%s\&quot;\&quot;%s\&quot;\&quot;%s\&quot;\&quot;%s\&quot;\&quot;%s\&quot;\&quot;%s\&quot;\&quot;%s\&quot;\&quot;%s\&quot;\&quot;%s\&quot;\&quot;%s\&quot;\&quot;%s\&quot;\&quot;%s\&quot;\&quot;%s\&quot;\&quot;%s\&quot;\&quot;%s\&quot;\&quot;%s\&quot;\&quot;%s\&quot;\&quot;%s\&quot;\&quot;%s\&quot;\&quot;%s\&quot;\&quot;%s\&quot;\&quot;%s\&quot;\&quot;%s\&quot;\&quot;%s\&quot;\&quot;%s\&quot;\&quot;%s\&quot;\&quot;%s\&quot;\&quot;%s\&quot;\&quot;%s\&quot;\&quot;%s\&quot;\&quot;%s\&quot;\&quot;%s\&quot;\&quot;%s\&quot;\&quot;%s\&quot;\&quot;%s\&quot;\&quot;%s\&quot;\&quot;%s\&quot;\&quot;%s\&quot;\&quot;%s\&quot;\&quot;%s\&quot;\&quot;%s\&quot;\&quot;%s\&quot;\&quot;%s\&quot;\&quot;%s\&quot;\&quot;%s\&quot;\&quot;%s\&quot;\&quot;%s\&quot;\&quot;%s\&quot;\&quot;%s\&quot;\&quot;%s\&quot;\&quot;%s\&quot;\&quot;%s\&quot;\&quot;%s\&quot;\&quot;%s\&quot;\&quot;%s\&quot;\&quot;%s\&quot;\&quot;%s\&quot;\&quot;%s\&quot;\&quot;%s\&quot;\&quot;%s\&quot;\&quot;%s\&quot;\&quot;%s\&quot;\&quot;%s\&quot;\&quot;%s\&quot;\&quot;%s\&quot;\&quot;%s\&quot;\&quot;%s\&quot;\&quot;%s\&quot;\&quot;%s\&quot;\&quot;%s\&quot;\&quot;%s\&quot;\&quot;%s\&quot;\&quot;%s\&quot;\&quot;%s\&quot;\&quot;%s\&quot;\&quot;%s\&quot;\&quot;%s\&quot;\&quot;%s\&quot;\&quot;%s\&quot;\&quot;%s\&quot;\&quot;%s\&quot;\&quot;%s\&quot;\&quot;%s\&quot;\&quot;%s\&quot;\&quot;%s\&quot;\&quot;%s\&quot;\&quot;%s\&quot;\&quot;%s\&quot;\&quot;%s\&quot;\&quot;%s\&quot;\&quot;%s\&quot;\&quot;%s\&quot;\&quot;%s\&quot;\&quot;%s\&quot;\&quot;%s\&quot;\&quot;%s\&quot;\&quot;%s\&quot;\&quot;%s\&quot;\&quot;%s\&quot;\&quot;%s\&quot;\&quot;%s\&quot;\&quot;%s\&quot;\&quot;%s\&quot;\&quot;%s\&quot;\&quot;%s\&quot;\&quot;%s\&quot;\&quot;%s\&quot;\&quot;%s\&quot;\&quot;%s\&quot;\&quot;%s\&quot;\&quot;%s\&quot;\&quot;%s\&quot;\&quot;%s\&quot;\&quot;%s\&quot;\&quot;%s\&quot;\&quot;%s\&quot;\&quot;%s\&quot;\&quot;%s\&quot;\&quot;%s\&quot;\&quot;%s\&quot;\&quot;%s\&quot;\&quot;%s\&quot;\&quot;%s\&quot;\&quot;%s\&quot;\&quot;%s\&quot;\&quot;%s\&quot;\&quot;%s\&quot;\&quot;%s\&quot;\&quot;%s\&quot;\&quot;%s\&quot;\&quot;%s\&quot;\&quot;%s\&quot;\&quot;%s\&quot;\&quot;%s\&quot;\&quot;%s\&quot;\&quot;%s\&quot;\&quot;%s\&quot;\&quot;%s\&quot;\&quot;%s\&quot;\&quot;%s\&quot;\&quot;%s\&quot;\&quot;%s\&quot;\&quot;%s\&quot;\&quot;%s\&quot;\&quot;%s\&quot;\&quot;%s\&quot;\&quot;%s\&quot;\&quot;%s\&quot;\&quot;%s\&quot;\&quot;%s\&quot;\&quot;%s\&quot;\&quot;%s\&quot;\&quot;%s\&quot;\&quot;%s\&quot;\&quot;%s\&quot;\&quot;%s\&quot;\&quot;%s\&quot;\&quot;%s\&quot;\&quot;%s\&quot;\&quot;%s\&quot;\&quot;%s\&quot;\&quot;%s\&quot;\&quot;%s\&quot;\&quot;%s\&quot;\&quot;%s\&quot;\&quot;%s\&quot;\&quot;%s\&quot;\&quot;%s\&quot;\&quot;%s\&quot;\&quot;%s\&quot;\&quot;%s\&quot;\&quot;%s\&quot;\&quot;%s\&quot;\&quot;%s\&quot;\&quot;%s\&quot;\&quot;%s\&quot;\&quot;%s\&quot;\&quot;%s\&quot;\&quot;%s\&quot;\&quot;%s\&quot;\&quot;%s\&quot;\&quot;%s\&quot;\&quot;%s\&quot;\&quot;%s\&quot;\&quot;%s\&quot;\&quot;%s\&quot;\&quot;%s\&quot;\&quot;%s\&quot;\&quot;%s\&quot;\&quot;%s\&quot;\&quot;%s\&quot;\&quot;%s\&quot;\&quot;%s\&quot;\&quot;%s\&quot;\&quot;%s\&quot;\&quot;%s\&quot;\&quot;%s\&quot;\&quot;%s\&quot;\&quot;%s\&quot;\&quot;%s\&quot;\&quot;%s\&quot;\&quot;%s\&quot;\&quot;%s\&quot;\&quot;%s\&quot;\&quot;%s\&quot;\&quot;%s\&quot;\&quot;%s\&quot;\&quot;%s\&quot;\&quot;%s\&quot;\&quot;%s\&quot;\&quot;%s\&quot;\&quot;%s\&quot;\&quot;%s\&quot;\&quot;%s\&quot;\&quot;%s\&quot;\&quot;%s\&quot;\&quot;%s\&quot;\&quot;%s\&quot;\&quot;%s\&quot;\&quot;%s\&quot;\&quot;%s\&quot;\&quot;%s\&quot;\&quot;%s\&quot;\&quot;%s\&quot;\&quot;%s\&quot;\&quot;%s\&quot;\&quot;%s\&quot;\&quot;%s\&quot;\&quot;%s\&quot;\&quot;%s\&quot;\&quot;%s\&quot;\&quot;%s\&quot;\&quot;%s\&quot;\&quot;%s\&quot;\&quot;%s\&quot;\&quot;%s\&quot;\&quot;%s\&quot;\&quot;%s\&quot;\&quot;%s\&quot;\&quot;%s\&quot;\&quot;%s\&quot;\&quot;%s\&quot;\&quot;%s\&quot;\&quot;%s\&quot;\&quot;%s\&quot;\&quot;%s\&quot;\&quot;%s\&quot;\&quot;%s\&quot;\&quot;%s\&quot;\&quot;%s\&quot;\&quot;%s\&quot;\&quot;%s\&quot;\&quot;%s\&quot;\&quot;%s\&quot;\&quot;%s\&quot;\&quot;%s\&quot;\&quot;%s\&quot;\&quot;%s\&quot;\&quot;%s\&quot;\&quot;%s\&quot;\&quot;%s\&quot;\&quot;%s\&quot;\&quot;%s\&quot;\&quot;%s\&quot;\&quot;%s\&quot;\&quot;%s\&quot;\&quot;%s\&quot;\&quot;%s\&quot;\&quot;%s\&quot;\&quot;%s\&quot;\&quot;%s\&quot;\&quot;%s\&quot;\&quot;%s\&quot;\&quot;%s\&quot;\&quot;%s\&quot;\&quot;%s\&quot;\&quot;%s\&quot;\&quot;%s\&quot;\&quot;%s\&quot;\&quot;%s\&quot;\&quot;%s\&quot;\&quot;%s\&quot;\&quot;%s\&quot;\&quot;%s\&quot;\&quot;%s\&quot;\&quot;%s\&quot;\&quot;%s\&quot;\&quot;%s\&quot;\&quot;%s\&quot;\&quot;%s\&quot;\&quot;%s\&quot;\&quot;%s\&quot;\&quot;%s\&quot;\&quot;%s\&quot;\&quot;%s\&quot;\&quot;%s\&quot;\&quot;%s\&quot;\&quot;%s\&quot;\&quot;%s\&quot;\&quot;%s\&quot;\&quot;%s\&quot;\&quot;%s\&quot;\&quot;%s\&quot;\&quot;%s\&quot;\&quot;%s\&quot;\&quot;%s\&quot;\&quot;%s\&quot;\&quot;%s\&quot;\&quot;%s\&quot;\&quot;%s\&quot;\&quot;%s\&quot;\&quot;%s\&quot;\&quot;%s\&quot;\&quot;%s\&quot;\&quot;%s\&quot;\&quot;%s\&quot;\&quot;%s\&quot;\&quot;%s\&quot;\&quot;%s\&quot;\&quot;%s\&quot;\&quot;%s\&quot;\&quot;%s\&quot;\&quot;%s\&quot;\&quot;%s\&quot;\&quot;%s\&quot;\&quot;%s\&quot;\&quot;%s\&quot;\&quot;%s\&quot;\&quot;%s\&quot;\&quot;%s\&quot;\&quot;%s\&quot;\&quot;%s\&quot;\&quot;%s\&quot;\&quot;%s\&quot;\&quot;%s\&quot;\&quot;%s\&quot;\&quot;%s\&quot;\&quot;%s\&quot;\&quot;%s\&quot;\&quot;%s\&quot;\&quot;%s\&quot;\&quot;%s\&quot;\&quot;%s\&quot;\&quot;%s\&quot;\&quot;%s\&quot;\&quot;%s\&quot;\&quot;%s\&quot;\&quot;%s\&quot;\&quot;%s\&quot;\&quot;%s\&quot;\&quot;%s\&quot;\&quot;%s\&quot;\&quot;%s\&quot;\&quot;%s\&quot;\&quot;%s\&quot;\&quot;%s\&quot;\&quot;%s\&quot;\&quot;%s\&quot;\&quot;%s\&quot;\&quot;%s\&quot;\&quot;%s\&quot;\&quot;%s\&quot;\&quot;%s\&quot;\&quot;%s\&quot;\&quot;%s\&quot;\&quot;%s\&quot;\&quot;%s\&quot;\&quot;%s\&quot;\&quot;%s\&quot;\&quot;%s\&quot;\&quot;%s\&quot;\&quot;%s\&quot;\&quot;%s\&quot;\&quot;%s\&quot;\&quot;%s\&quot;\&quot;%s\&quot;\&quot;%s\&quot;\&quot;%s\&quot;\&quot;%s\&quot;\&quot;%s\&quot;\&quot;%s\&quot;\&quot;%s\&quot;\&quot;%s\&quot;\&quot;%s\&quot;\&quot;%s\&quot;\&quot;%s\&quot;\&quot;%s\&quot;\&quot;%s\&quot;\&quot;%s\&quot;\&quot;%s\&quot;\&quot;%s\&quot;\&quot;%s\&quot;\&quot;%s\&quot;\&quot;%s\&quot;\&quot;%s\&quot;\&quot;%s\&quot;\&quot;%s\&quot;\&quot;%s\&quot;\&quot;%s\&quot;\&quot;%s\&quot;\&quot;%s\&quot;\&quot;%s\&quot;\&quot;%s\&quot;\&quot;%s\&quot;\&quot;%s\&quot;\&quot;%s\&quot;\&quot;%s\&quot;\&quot;%s\&quot;\&quot;%s\&quot;\&quot;%s\&quot;\&quot;%s\&quot;\&quot;%s\&quot;\&quot;%s\&quot;\&quot;%s\&quot;\&quot;%s\&quot;\&quot;%s\&quot;\&quot;%s\&quot;\&quot;%s\&quot;\&quot;%s\&quot;\&quot;%s\&quot;\&quot;%s\&quot;\&quot;%s\&quot;\&quot;%s\&quot;\&quot;%s\&quot;\&quot;%s\&quot;\&quot;%s\&quot;\&quot;%s\&quot;\&quot;%s\&quot;\&quot;%s\&quot;\&quot;%s\&quot;\&quot;%s\&quot;\&quot;%s\&quot;\&quot;%s\&quot;\&quot;%s\&quot;\&quot;%s\&quot;\&quot;%s\&quot;\&quot;%s\&quot;\&quot;%s\&quot;\&quot;%s\&quot;\&quot;%s\&quot;\&quot;%s\&quot;\&quot;%s\&quot;\&quot;%s\&quot;\&quot;%s\&quot;\&quot;%s\&quot;\&quot;%s\&quot;\&quot;%s\&quot;\&quot;%s\&quot;\&quot;%s\&quot;\&quot;%s\&quot;\&quot;%s\&quot;\&quot;%s\&quot;\&quot;%s\&quot;\&quot;%s\&quot;\&quot;%s\&quot;\&quot;%s\&quot;\&quot;%s\&quot;\&quot;%s\&quot;\&quot;%s\&quot;\&quot;%s\&quot;\&quot;%s\&quot;\&quot;%s\&quot;\&quot;%s\&quot;\&quot;%s\&quot;\&quot;%s\&quot;\&quot;%s\&quot;\&quot;%s\&quot;\&quot;%s\&quot;\&quot;%s\&quot;\&quot;%s\&quot;\&quot;%s\&quot;\&quot;%s\&quot;\&quot;%s\&quot;\&quot;%s\&quot;\&quot;%s\&quot;\&quot;%s\&quot;\&quot;%s\&quot;\&quot;%s\&quot;\&quot;%s\&quot;\&quot;%s\&quot;\&quot;%s\&quot;\&quot;%s\&quot;\&quot;%s\&quot;\&quot;%s\&quot;\&quot;%s\&quot;\&quot;%s\&quot;\&quot;%s\&quot;\&quot;%s\&quot;\&quot;%s\&quot;\&quot;%s\&quot;\&quot;%s\&quot;\&quot;%s\&quot;\&quot;%s\&quot;\&quot;%s\&quot;\&quot;%s\&quot;\&quot;%s\&quot;\&quot;%s\&quot;\&quot;%s\&quot;\&quot;%s\&quot;\&quot;%s\&quot;\&quot;%s\&quot;\&quot;%s\&quot;\&quot;%s\&quot;\&quot;%s\&quot;\&quot;%s\&quot;\&quot;%s\&quot;\&quot;%s\&quot;\&quot;%s\&quot;\&quot;%s\&quot;\&quot;%s\&quot;\&quot;%s\&quot;\&quot;%s\&quot;\&quot;%s\&quot;\&quot;%s\&quot;\&quot;%s\&quot;\&quot;%s\&quot;\&quot;%s\&quot;\&quot;%s\&quot;\&quot;%s\&quot;\&quot;%s\&quot;\&quot;%s\&quot;\&quot;%s\&quot;\&quot;%s\&quot;\&quot;%s\&quot;\&quot;%s\&quot;\&quot;%s\&quot;\&quot;%s\&quot;\&quot;%s\&quot;\&quot;%s\&quot;\&quot;%s\&quot;\&quot;%s\&quot;\&quot;%s\&quot;\&quot;%s\&quot;\&quot;%s\&quot;\&quot;%s\&quot;\&quot;%s\&quot;\&quot;%s\&quot;\&quot;%s\&quot;\&quot;%s\&quot;\&quot;%s\&quot;\&quot;%s\&quot;\&quot;%s\&quot;\&quot;%s\&quot;\&quot;%s\&quot;\&quot;%s\&quot;\&quot;%s\&quot;\&quot;%s\&quot;\&quot;%s\&quot;\&quot;%s\&quot;\&quot;%s\&quot;\&quot;%s\&quot;\&quot;%s\&quot;\&quot;%s\&quot;\&quot;%s\&quot;\&quot;%s\&quot;\&quot;%s\&quot;\&quot;%s\&quot;\&quot;%s\&quot;\&quot;%s\&quot;\&quot;%s\&quot;\&quot;%s\&quot;\&quot;%s\&quot;\&quot;%s\&quot;\&quot;%s\&quot;\&quot;%s\&quot;\&quot;%s\&quot;\&quot;%s\&quot;\&quot;%s\&quot;\&quot;%s\&quot;\&quot;%s\&quot;\&quot;%s\&quot;\&quot;%s\&quot;\&quot;%s\&quot;\&quot;%s\&quot;\&quot;%s\&quot;\&quot;%s\&quot;\&quot;%s\&quot;\&quot;%s\&quot;\&quot;%s\&quot;\&quot;%s\&quot;\&quot;%s\&quot;\&quot;%s\&quot;\&quot;%s\&quot;\&quot;%s\&quot;\&quot;%s\&quot;\&quot;%s\&quot;\&quot;%s\&quot;\&quot;%s\&quot;\&quot;%s\&quot;\&quot;%s\&quot;\&quot;%s\&quot;\&quot;%s\&quot;\&quot;%s\&quot;\&quot;%s\&quot;\&quot;%s\&quot;\&quot;%s\&quot;\&quot;%s\&quot;\&quot;%s\&quot;\&quot;%s\&quot;\&quot;%s\&quot;\&quot;%s\&quot;\&quot;%s\&quot;\&quot;%s\&quot;\&quot;%s\&quot;\&quot;%s\&quot;\&quot;%s\&quot;\&quot;%s\&quot;\&quot;%s\&quot;\&quot;%s\&quot;\&quot;%s\&quot;\&quot;%s\&quot;\&quot;%s\&quot;\&quot;%s\&quot;\&quot;%s\&quot;\&quot;%s\&quot;\&quot;%s\&quot;\&quot;%s\&quot;\&quot;%s\&quot;\&quot;%s\&quot;\&quot;%s\&quot;\&quot;%s\&quot;\&quot;%s\&quot;\&quot;%s\&quot;\&quot;%s\&quot;\&quot;%s\&quot;\&quot;%s\&quot;\&quot;%s\&quot;\&quot;%s\&quot;\&quot;%s\&quot;\&quot;%s\&quot;\&quot;%s\&quot;\&quot;%s\&quot;\&quot;%s\&quot;\&quot;%s\&quot;\&quot;%s\&quot;\&quot;%s\&quot;\&quot;%s\&quot;\&quot;%s\&quot;\&quot;%s\&quot;\&quot;%s\&quot;\&quot;%s\&quot;\&quot;%s\&quot;\&quot;%s\&quot;\&quot;%s\&quot;\&quot;%s\&quot;\&quot;%s\&quot;\&quot;%s\&quot;\&quot;%s\&quot;\&quot;%s\&quot;\&quot;%s\&quot;\&quot;%s\&quot;\&quot;%s\&quot;\&quot;%s\&quot;\&quot;%s\&quot;\&quot;%s\&quot;\&quot;%s\&quot;\&quot;%s\&quot;\&quot;%s\&quot;\&quot;%s\&quot;\&quot;%s\&quot;\&quot;%s\&quot;\&quot;%s\&quot;\&quot;%s\&quot;\&quot;%s\&quot;\&quot;%s\&quot;\&quot;%s\&quot;\&quot;%s\&quot;\&quot;%s\&quot;\&quot;%s\&quot;\&quot;%s\&quot;\&quot;%s\&quot;\&quot;%s\&quot;\&quot;%s\&quot;\&quot;%s\&quot;\&quot;%s\&quot;\&quot;%s\&quot;\&quot;%s\&quot;\&quot;%s\&quot;\&quot;%s\&quot;\&quot;%s\&quot;\&quot;%s\&quot;\&quot;%s\&quot;\&quot;%s\&quot;\&quot;%s\&quot;\&quot;%s\&quot;\&quot;%s\&quot;\&quot;%s\&quot;\&quot;%s\&quot;\&quot;%s\&quot;\&quot;%s\&quot;\&quot;%s\&quot;\&quot;%s\&quot;\&quot;%s\&quot;\&quot;%s\&quot;\&quot;%s\&quot;\&quot;%s\&quot;\&quot;%s\&quot;\&quot;%s\&quot;\&quot;%s\&quot;\&quot;%s\&quot;\&quot;%s\&quot;\&quot;%s\&quot;\&quot;%s\&quot;\&quot;%s\&quot;\&quot;%s\&quot;\&quot;%s\&quot;\&quot;%s\&quot;\&quot;%s\&quot;\&quot;%s\&quot;\&quot;%s\&quot;\&quot;%s\&quot;\&quot;%s\&quot;\&quot;%s\&quot;\&quot;%s\&quot;\&quot;%s\&quot;\&quot;%s\&quot;\&quot;%s\&quot;\&quot;%s\&quot;\&quot;%s\&quot;\&quot;%s\&quot;\&quot;%s\&quot;\&quot;%s\&quot;\&quot;%s\&quot;\&quot;%s\&quot;\&quot;%s\&quot;\&quot;%s\&quot;\&quot;%s\&quot;\&quot;%s\&quot;\&quot;%s\&quot;\&quot;%s\&quot;\&quot;%s\&quot;\&quot;%s\&quot;\&quot;%s\&quot;\&quot;%s\&quot;\&quot;%s\&quot;\&quot;%s\&quot;\&quot;%s\&quot;\&quot;%s\&quot;\&quot;%s\&quot;\&quot;%s\&quot;\&quot;%s\&quot;\&quot;%s\&quot;\&quot;%s\&quot;\&quot;%s\&quot;\&quot;%s\&quot;\&quot;%s\&quot;\&quot;%s\&quot;\&quot;%s\&quot;\&quot;%s\&quot;\&quot;%s\&quot;\&quot;%s\&quot;\&quot;%s\&quot;\&quot;%s\&quot;\&quot;%s\&quot;\&quot;%s\&quot;\&quot;%s\&quot;\&quot;%s\&quot;\&quot;%s\&quot;\&quot;%s\&quot;\&quot;%s\&quot;\&quot;%s\&quot;\&quot;%s\&quot;\&quot;%s\&quot;\&quot;%s\&quot;\&quot;%s\&quot;\&quot;%s\&quot;\&quot;%s\&quot;\&quot;%s\&quot;\&quot;%s\&quot;\&quot;%s\&quot;\&quot;%s\&quot;\&quot;%s\&quot;\&quot;%s\&quot;\&quot;%s\&quot;\&quot;%s\&quot;\&quot;%s\&quot;\&quot;%s\&quot;\&quot;%s\&quot;\&quot;%s\&quot;\&quot;%s\&quot;\&quot;%s\&quot;\&quot;%s\&quot;\&quot;%s\&quot;\&quot;%s\&quot;\&quot;%s\&quot;\&quot;%s\&quot;\&quot;%s\&quot;\&quot;%s\&quot;\&quot;%s\&quot;\&quot;%s\&quot;\&quot;%s\&quot;\&quot;%s\&quot;\&quot;%s\&quot;\&quot;%s\&quot;\&quot;%s\&quot;\&quot;%s\&quot;\&quot;%s\&quot;\&quot;%s\&quot;\&quot;%s\&quot;\&quot;%s\&quot;\&quot;%s\&quot;\&quot;%s\&quot;\&quot;%s\&quot;\&quot;%s\&quot;\&quot;%s\&quot;\&quot;%s\&quot;\&quot;%s\&quot;\&quot;%s\&quot;\&quot;%s\&quot;\&quot;%s\&quot;\&quot;%s\&quot;\&quot;%s\&quot;\&quot;%s\&quot;\&quot;%s\&quot;\&quot;%s\&quot;\&quot;%s\&quot;\&quot;%s\&quot;\&quot;%s\&quot;\&quot;%s\&quot;\&quot;%s\&quot;\&quot;%s\&quot;\&quot;%s\&quot;\&quot;%s\&quot;\&quot;%s\&quot;\&quot;%s\&quot;\&quot;%s\&quot;\&quot;%s\&quot;\&quot;%s\&quot;\&quot;%s\&quot;\&quot;%s\&quot;\&quot;%s\&quot;\&quot;%s\&quot;\&quot;%s\&quot;\&quot;%s\&quot;\&quot;%s\&quot;\&quot;%s\&quot;\&quot;%s\&quot;\&quot;%s\&quot;\&quot;%s\&quot;\&quot;%s\&quot;\&quot;%s\&quot;\&quot;%s\&quot;\&quot;%s\&quot;\&quot;%s\&quot;\&quot;%s\&quot;\&quot;%s\&quot;\&quot;%s\&quot;\&quot;%s\&quot;\&quot;%s\&quot;\&quot;%s\&quot;\&quot;%s\&quot;\&quot;%s\&quot;\&quot;%s\&quot;\&quot;%s\&quot;\&quot;%s\&quot;\&quot;%s\&quot;\&quot;%s\&quot;\&quot;%s\&quot;\&quot;%s\&quot;\&quot;%s\&quot;\&quot;%s\&quot;\&quot;%s\&quot;\&quot;%s\&quot;\&quot;%s\&quot;\&quot;%s\&quot;\&quot;%s\&quot;\&quot;%s\&quot;\&quot;%s\&quot;\&quot;%s\&quot;\&quot;%s\&quot;\&quot;%s\&quot;\&quot;%s\&quot;\&quot;%s\&quot;\&quot;%s\&quot;\&quot;%s\&quot;\&quot;%s\&quot;\&quot;%s\&quot;\&quot;%s\&quot;\&quot;%s\&quot;\&quot;%s\&quot;\&quot;%s\&quot;\&quot;%s\&quot;\&quot;%s\&quot;\&quot;%s\&quot;\&quot;%s\&quot;\&quot;%s\&quot;\&quot;%s\&quot;\&quot;%s\&quot;\&quot;%s\&quot;\&quot;%s\&quot;\&quot;%s\&quot;\&quot;%s\&quot;\&quot;%s\&quot;\&quot;%s\&quot;\&quot;%s\&quot;\&quot;%s\&quot;\&quot;%s\&quot;\&quot;%s\&quot;\&quot;%s\&quot;\&quot;%s\&quot;\&quot;%s\&quot;\&quot;%s\&quot;\&quot;%s\&quot;\&quot;%s\&quot;\&quot;%s\&quot;\&quot;%s\&quot;\&quot;%s\&quot;\&quot;%s\&quot;\&quot;%s\&quot;\&quot;%s\&quot;\&quot;%s\&quot;\&quot;%s\&quot;\&quot;%s\&quot;\&quot;%s\&quot;\&quot;%s\&quot;\&quot;%s\&quot;\&quot;%s\&quot;\&quot;%s\&quot;\&quot;%s\&quot;\&quot;%s\&quot;\&quot;%s\&quot;\&quot;%s\&quot;\&quot;%s\&quot;\&quot;%s\&quot;\&quot;%s\&quot;\&quot;%s\&quot;\&quot;%s\&quot;\&quot;%s\&quot;\&quot;%s\&quot;\&quot;%s\&quot;\&quot;%s\&quot;\&quot;%s\&quot;\&quot;%s\&quot;\&quot;%s\&quot;\&quot;%s\&quot;\&quot;%s\&quot;\&quot;%s\&quot;\&quot;%s\&quot;\&quot;%s\&quot;\&quot;%s\&quot;\&quot;%s\&quot;\&quot;%s\&quot;\&quot;%s\&quot;\&quot;%s\&quot;\&quot;%s\&quot;\&quot;%s\&quot;\&quot;%s\&quot;\&quot;%s\&quot;\&quot;%s\&quot;\&quot;%s\&quot;\&quot;%s\&quot;\&quot;%s\&quot;\&quot;%s\&quot;\&quot;%s\&quot;\&quot;%s\&quot;\&quot;%s\&quot;\&quot;%s\&quot;\&quot;%s\&quot;\&quot;%s\&quot;\&quot;%s\&quot;\&quot;%s\&quot;\&quot;%s\&quot;\&quot;%s\&quot;\&quot;%s\&quot;\&quot;%s\&quot;\&quot;%s\&quot;\&quot;%s\&quot;\&quot;%s\&quot;\&quot;%s\&quot;\&quot;%s\&quot;\&quot;%s\&quot;\&quot;%s\&quot;\&quot;%s\&quot;\&quot;%s\&quot;\&quot;%s\&quot;\&quot;%s\&quot;\&quot;%s\&quot;\&quot;%s\&quot;\&quot;%s\&quot;\&quot;%s\&quot;\&quot;%s\&quot;\&quot;%s\&quot;\&quot;%s\&quot;\&quot;%s\&quot;\&quot;%s\&quot;\&quot;%s\&quot;\&quot;%s\&quot;\&quot;%s\&quot;\&quot;%s\&quot;\&quot;%s\&quot;&quot;, &quot;request_method&quot;: &quot;GET&quot;, &quot;request_headers&quot;: &quot;{\&quot;User-Agent\&quot;: \&quot;APIFuzzer 0.9.13\&quot;, \&quot;Accept-Encoding\&quot;: \&quot;gzip, deflate\&quot;, \&quot;Accept\&quot;: \&quot;*/*\&quot;, \&quot;Connection\&quot;: \&quot;keep-alive\&quot;, \&quot;Content-Type\&quot;: \&quot;application/json\&quot;}&quot;, &quot;request_body&quot;: {}, &quot;response&quot;: &quot;&quot;, &quot;parsed_status_code&quot;: 500, &quot;reason&quot;: &quot;failed&quot;}"/>
		</testcase>
		<testcase name="97" time="0.556928" timestamp="1727386290.5147843" status="failed">
			<failure type="failure" message="{&quot;status&quot;: &quot;failed&quot;, &quot;name&quot;: {}, &quot;sub_reports&quot;: [], &quot;test_number&quot;: 97, &quot;state&quot;: &quot;COMPLETED&quot;, &quot;request_url&quot;: &quot;https://virtserver.swaggerhub.com/AAYUSHGARGBU/api_oauth2_password/1.0.0/users?filter=\&quot;%s\&quot;\&quot;%s\&quot;\&quot;%s\&quot;\&quot;%s\&quot;\&quot;%s\&quot;\&quot;%s\&quot;\&quot;%s\&quot;\&quot;%s\&quot;\&quot;%s\&quot;\&quot;%s\&quot;\&quot;%s\&quot;\&quot;%s\&quot;\&quot;%s\&quot;\&quot;%s\&quot;\&quot;%s\&quot;\&quot;%s\&quot;\&quot;%s\&quot;\&quot;%s\&quot;\&quot;%s\&quot;\&quot;%s\&quot;\&quot;%s\&quot;\&quot;%s\&quot;\&quot;%s\&quot;\&quot;%s\&quot;\&quot;%s\&quot;\&quot;%s\&quot;\&quot;%s\&quot;\&quot;%s\&quot;\&quot;%s\&quot;\&quot;%s\&quot;\&quot;%s\&quot;\&quot;%s\&quot;\&quot;%s\&quot;\&quot;%s\&quot;\&quot;%s\&quot;\&quot;%s\&quot;\&quot;%s\&quot;\&quot;%s\&quot;\&quot;%s\&quot;\&quot;%s\&quot;\&quot;%s\&quot;\&quot;%s\&quot;\&quot;%s\&quot;\&quot;%s\&quot;\&quot;%s\&quot;\&quot;%s\&quot;\&quot;%s\&quot;\&quot;%s\&quot;\&quot;%s\&quot;\&quot;%s\&quot;\&quot;%s\&quot;\&quot;%s\&quot;\&quot;%s\&quot;\&quot;%s\&quot;\&quot;%s\&quot;\&quot;%s\&quot;\&quot;%s\&quot;\&quot;%s\&quot;\&quot;%s\&quot;\&quot;%s\&quot;\&quot;%s\&quot;\&quot;%s\&quot;\&quot;%s\&quot;\&quot;%s\&quot;\&quot;%s\&quot;\&quot;%s\&quot;\&quot;%s\&quot;\&quot;%s\&quot;\&quot;%s\&quot;\&quot;%s\&quot;\&quot;%s\&quot;\&quot;%s\&quot;\&quot;%s\&quot;\&quot;%s\&quot;\&quot;%s\&quot;\&quot;%s\&quot;\&quot;%s\&quot;\&quot;%s\&quot;\&quot;%s\&quot;\&quot;%s\&quot;\&quot;%s\&quot;\&quot;%s\&quot;\&quot;%s\&quot;\&quot;%s\&quot;\&quot;%s\&quot;\&quot;%s\&quot;\&quot;%s\&quot;\&quot;%s\&quot;\&quot;%s\&quot;\&quot;%s\&quot;\&quot;%s\&quot;\&quot;%s\&quot;\&quot;%s\&quot;\&quot;%s\&quot;\&quot;%s\&quot;\&quot;%s\&quot;\&quot;%s\&quot;\&quot;%s\&quot;\&quot;%s\&quot;\&quot;%s\&quot;\&quot;%s\&quot;\&quot;%s\&quot;\&quot;%s\&quot;\&quot;%s\&quot;\&quot;%s\&quot;\&quot;%s\&quot;\&quot;%s\&quot;\&quot;%s\&quot;\&quot;%s\&quot;\&quot;%s\&quot;\&quot;%s\&quot;\&quot;%s\&quot;\&quot;%s\&quot;\&quot;%s\&quot;\&quot;%s\&quot;\&quot;%s\&quot;\&quot;%s\&quot;\&quot;%s\&quot;\&quot;%s\&quot;\&quot;%s\&quot;\&quot;%s\&quot;\&quot;%s\&quot;\&quot;%s\&quot;\&quot;%s\&quot;\&quot;%s\&quot;\&quot;%s\&quot;\&quot;%s\&quot;\&quot;%s\&quot;&quot;, &quot;request_method&quot;: &quot;GET&quot;, &quot;request_headers&quot;: &quot;{\&quot;User-Agent\&quot;: \&quot;APIFuzzer 0.9.13\&quot;, \&quot;Accept-Encoding\&quot;: \&quot;gzip, deflate\&quot;, \&quot;Accept\&quot;: \&quot;*/*\&quot;, \&quot;Connection\&quot;: \&quot;keep-alive\&quot;, \&quot;Content-Type\&quot;: \&quot;application/json\&quot;}&quot;, &quot;request_body&quot;: {}, &quot;response&quot;: &quot;&quot;, &quot;parsed_status_code&quot;: 500, &quot;reason&quot;: &quot;failed&quot;}"/>
		</testcase>
		<testcase name="98" time="0.552754" timestamp="1727386291.082722" status="failed">
			<failure type="failure" message="{&quot;status&quot;: &quot;failed&quot;, &quot;name&quot;: {}, &quot;sub_reports&quot;: [], &quot;test_number&quot;: 98, &quot;state&quot;: &quot;COMPLETED&quot;, &quot;request_url&quot;: &quot;https://virtserver.swaggerhub.com/AAYUSHGARGBU/api_oauth2_password/1.0.0/users?filter=\&quot;%s\&quot;\&quot;%s\&quot;\&quot;%s\&quot;\&quot;%s\&quot;\&quot;%s\&quot;\&quot;%s\&quot;\&quot;%s\&quot;\&quot;%s\&quot;\&quot;%s\&quot;\&quot;%s\&quot;\&quot;%s\&quot;\&quot;%s\&quot;\&quot;%s\&quot;\&quot;%s\&quot;\&quot;%s\&quot;\&quot;%s\&quot;&quot;, &quot;request_method&quot;: &quot;GET&quot;, &quot;request_headers&quot;: &quot;{\&quot;User-Agent\&quot;: \&quot;APIFuzzer 0.9.13\&quot;, \&quot;Accept-Encoding\&quot;: \&quot;gzip, deflate\&quot;, \&quot;Accept\&quot;: \&quot;*/*\&quot;, \&quot;Connection\&quot;: \&quot;keep-alive\&quot;, \&quot;Content-Type\&quot;: \&quot;application/json\&quot;}&quot;, &quot;request_body&quot;: {}, &quot;response&quot;: &quot;&quot;, &quot;parsed_status_code&quot;: 500, &quot;reason&quot;: &quot;failed&quot;}"/>
		</testcase>
		<testcase name="99" time="0.548533" timestamp="1727386291.645431" status="failed">
			<failure type="failure" message="{&quot;status&quot;: &quot;failed&quot;, &quot;name&quot;: {}, &quot;sub_reports&quot;: [], &quot;test_number&quot;: 99, &quot;state&quot;: &quot;COMPLETED&quot;, &quot;request_url&quot;: &quot;https://virtserver.swaggerhub.com/AAYUSHGARGBU/api_oauth2_password/1.0.0/users?filter=\&quot;%s\&quot;\&quot;%s\&quot;&quot;, &quot;request_method&quot;: &quot;GET&quot;, &quot;request_headers&quot;: &quot;{\&quot;User-Agent\&quot;: \&quot;APIFuzzer 0.9.13\&quot;, \&quot;Accept-Encoding\&quot;: \&quot;gzip, deflate\&quot;, \&quot;Accept\&quot;: \&quot;*/*\&quot;, \&quot;Connection\&quot;: \&quot;keep-alive\&quot;, \&quot;Content-Type\&quot;: \&quot;application/json\&quot;}&quot;, &quot;request_body&quot;: {}, &quot;response&quot;: &quot;&quot;, &quot;parsed_status_code&quot;: 500, &quot;reason&quot;: &quot;failed&quot;}"/>
		</testcase>
		<testcase name="100" time="0.561764" timestamp="1727386292.2220051" status="failed">
			<failure type="failure" message="{&quot;status&quot;: &quot;failed&quot;, &quot;name&quot;: {}, &quot;sub_reports&quot;: [], &quot;test_number&quot;: 100, &quot;state&quot;: &quot;COMPLETED&quot;, &quot;request_url&quot;: &quot;https://virtserver.swaggerhub.com/AAYUSHGARGBU/api_oauth2_password/1.0.0/users?filter=%n%n%n%n%n%n%n%n%n%n%n%n%n%n%n%n%n%n%n%n%n%n%n%n%n%n%n%n%n%n%n%n%n%n%n%n%n%n%n%n%n%n%n%n%n%n%n%n%n%n%n%n%n%n%n%n%n%n%n%n%n%n%n%n%n%n%n%n%n%n%n%n%n%n%n%n%n%n%n%n%n%n%n%n%n%n%n%n%n%n%n%n%n%n%n%n%n%n%n%n%n%n%n%n%n%n%n%n%n%n%n%n%n%n%n%n%n%n%n%n%n%n%n%n%n%n%n%n%n%n%n%n%n%n%n%n%n%n%n%n%n%n%n%n%n%n%n%n%n%n%n%n%n%n%n%n%n%n%n%n%n%n%n%n%n%n%n%n%n%n%n%n%n%n%n%n%n%n%n%n%n%n%n%n%n%n%n%n%n%n%n%n%n%n%n%n%n%n%n%n%n%n%n%n%n%n%n%n%n%n%n%n%n%n%n%n%n%n%n%n%n%n%n%n%n%n%n%n%n%n%n%n%n%n%n%n%n%n%n%n%n%n%n%n%n%n%n%n%n%n%n%n%n%n%n%n%n%n%n%n%n%n%n%n%n%n%n%n%n%n%n%n%n%n%n%n%n%n%n%n%n%n%n%n%n%n%n%n%n%n%n%n%n%n%n%n%n%n%n%n%n%n%n%n%n%n%n%n%n%n%n%n%n%n%n%n%n%n%n%n%n%n%n%n%n%n%n%n%n%n%n%n%n%n%n%n%n%n%n%n%n%n%n%n%n%n%n%n%n%n%n%n%n%n%n%n%n%n%n%n%n%n%n%n%n%n%n%n%n%n%n%n%n%n%n%n%n%n%n%n%n%n%n%n%n%n%n%n%n%n%n%n%n%n%n%n%n%n%n%n%n%n%n%n%n%n%n%n%n%n%n%n%n%n%n%n%n%n%n%n%n%n%n%n%n%n%n%n%n%n%n%n%n%n%n%n%n%n%n%n%n%n%n%n%n%n%n%n%n%n%n%n%n%n%n%n%n%n%n%n%n%n%n%n%n%n%n%n%n%n%n%n%n%n%n%n%n%n%n%n%n%n%n%n%n%n%n%n%n%n%n%n%n%n%n%n%n%n%n%n%n%n%n%n%n%n%n%n%n%n%n%n%n%n%n%n%n%n%n%n%n%n%n%n%n%n%n%n%n%n%n%n%n%n%n%n%n%n%n%n%n%n%n%n%n%n%n%n%n%n%n%n%n%n%n%n%n%n%n%n%n%n%n%n%n%n%n%n%n%n%n%n%n%n%n%n%n%n%n%n%n%n%n%n%n%n%n%n%n%n%n%n%n%n%n%n%n%n%n%n%n%n%n%n%n%n%n%n%n%n%n%n%n%n%n%n%n%n%n%n%n%n%n%n%n%n%n%n%n%n%n%n%n%n%n%n%n%n%n%n%n%n%n%n%n%n%n%n%n%n%n%n%n%n%n%n%n%n%n%n%n%n%n%n%n%n%n%n%n%n%n%n%n%n%n%n%n%n%n%n%n%n%n%n%n%n%n%n%n%n%n%n%n%n%n%n%n%n%n%n%n%n%n%n%n%n%n%n%n%n%n%n%n%n%n%n%n%n%n%n%n%n%n%n%n%n%n%n%n%n%n%n%n%n%n%n%n%n%n%n%n%n%n%n%n%n%n%n%n%n%n%n%n%n%n%n%n%n%n%n%n%n%n%n%n%n%n%n%n%n%n%n%n%n%n%n%n%n%n%n%n%n%n%n%n%n%n%n%n%n%n%n%n%n%n%n%n%n%n%n%n%n%n%n%n%n%n%n%n%n%n%n%n%n%n%n%n%n%n%n%n%n%n%n%n%n%n%n%n%n%n%n%n%n%n%n%n%n%n%n%n%n%n%n%n%n%n%n%n%n%n%n%n%n%n%n%n%n%n%n%n%n%n%n%n%n%n%n%n%n%n%n%n%n%n%n%n%n%n%n%n%n%n%n%n%n%n%n%n%n%n%n%n%n%n%n%n%n%n%n%n%n%n%n%n%n%n%n%n%n%n%n%n%n%n%n%n%n%n%n%n%n%n%n%n%n%n%n%n%n%n%n%n%n%n%n%n%n%n%n%n%n%n%n%n%n%n%n%n%n%n%n%n%n%n%n%n%n%n%n%n%n%n%n%n%n%n%n%n%n%n%n%n%n%n%n%n%n%n%n%n%n%n%n%n%n%n%n%n%n%n%n%n%n%n%n%n%n%n%n%n%n%n%n%n%n%n%n%n%n%n%n%n%n%n%n%n%n%n%n%n%n%n%n&quot;, &quot;request_method&quot;: &quot;GET&quot;, &quot;request_headers&quot;: &quot;{\&quot;User-Agent\&quot;: \&quot;APIFuzzer 0.9.13\&quot;, \&quot;Accept-Encoding\&quot;: \&quot;gzip, deflate\&quot;, \&quot;Accept\&quot;: \&quot;*/*\&quot;, \&quot;Connection\&quot;: \&quot;keep-alive\&quot;, \&quot;Content-Type\&quot;: \&quot;application/json\&quot;}&quot;, &quot;request_body&quot;: {}, &quot;response&quot;: &quot;&quot;, &quot;parsed_status_code&quot;: 500, &quot;reason&quot;: &quot;failed&quot;}"/>
		</testcase>
		<testcase name="101" time="1.605460" timestamp="1727386293.8309593" status="failed">
			<failure type="failure" message="{&quot;status&quot;: &quot;failed&quot;, &quot;name&quot;: {}, &quot;sub_reports&quot;: [], &quot;test_number&quot;: 101, &quot;state&quot;: &quot;COMPLETED&quot;, &quot;request_url&quot;: &quot;https://virtserver.swaggerhub.com/AAYUSHGARGBU/api_oauth2_password/1.0.0/users?filter=%n%n%n%n%n%n%n%n%n%n%n%n%n%n%n%n%n%n%n%n%n%n%n%n%n%n%n%n%n%n%n%n%n%n%n%n%n%n%n%n%n%n%n%n%n%n%n%n%n%n%n%n%n%n%n%n%n%n%n%n%n%n%n%n%n%n%n%n%n%n%n%n%n%n%n%n%n%n%n%n%n%n%n%n%n%n%n%n%n%n%n%n%n%n%n%n%n%n%n%n%n%n%n%n%n%n%n%n%n%n%n%n%n%n%n%n%n%n%n%n%n%n%n%n%n%n%n%n&quot;, &quot;request_method&quot;: &quot;GET&quot;, &quot;request_headers&quot;: &quot;{\&quot;User-Agent\&quot;: \&quot;APIFuzzer 0.9.13\&quot;, \&quot;Accept-Encoding\&quot;: \&quot;gzip, deflate\&quot;, \&quot;Accept\&quot;: \&quot;*/*\&quot;, \&quot;Connection\&quot;: \&quot;keep-alive\&quot;, \&quot;Content-Type\&quot;: \&quot;application/json\&quot;}&quot;, &quot;request_body&quot;: {}, &quot;response&quot;: &quot;&quot;, &quot;parsed_status_code&quot;: 500, &quot;reason&quot;: &quot;failed&quot;}"/>
		</testcase>
		<testcase name="102" time="0.598648" timestamp="1727386294.445228" status="failed">
			<failure type="failure" message="{&quot;status&quot;: &quot;failed&quot;, &quot;name&quot;: {}, &quot;sub_reports&quot;: [], &quot;test_number&quot;: 102, &quot;state&quot;: &quot;COMPLETED&quot;, &quot;request_url&quot;: &quot;https://virtserver.swaggerhub.com/AAYUSHGARGBU/api_oauth2_password/1.0.0/users?filter=%n%n%n%n%n%n%n%n%n%n%n%n%n%n%n%n&quot;, &quot;request_method&quot;: &quot;GET&quot;, &quot;request_headers&quot;: &quot;{\&quot;User-Agent\&quot;: \&quot;APIFuzzer 0.9.13\&quot;, \&quot;Accept-Encoding\&quot;: \&quot;gzip, deflate\&quot;, \&quot;Accept\&quot;: \&quot;*/*\&quot;, \&quot;Connection\&quot;: \&quot;keep-alive\&quot;, \&quot;Content-Type\&quot;: \&quot;application/json\&quot;}&quot;, &quot;request_body&quot;: {}, &quot;response&quot;: &quot;&quot;, &quot;parsed_status_code&quot;: 500, &quot;reason&quot;: &quot;failed&quot;}"/>
		</testcase>
		<testcase name="103" time="0.550374" timestamp="1727386295.010501" status="failed">
			<failure type="failure" message="{&quot;status&quot;: &quot;failed&quot;, &quot;name&quot;: {}, &quot;sub_reports&quot;: [], &quot;test_number&quot;: 103, &quot;state&quot;: &quot;COMPLETED&quot;, &quot;request_url&quot;: &quot;https://virtserver.swaggerhub.com/AAYUSHGARGBU/api_oauth2_password/1.0.0/users?filter=%n%n&quot;, &quot;request_method&quot;: &quot;GET&quot;, &quot;request_headers&quot;: &quot;{\&quot;User-Agent\&quot;: \&quot;APIFuzzer 0.9.13\&quot;, \&quot;Accept-Encoding\&quot;: \&quot;gzip, deflate\&quot;, \&quot;Accept\&quot;: \&quot;*/*\&quot;, \&quot;Connection\&quot;: \&quot;keep-alive\&quot;, \&quot;Content-Type\&quot;: \&quot;application/json\&quot;}&quot;, &quot;request_body&quot;: {}, &quot;response&quot;: &quot;&quot;, &quot;parsed_status_code&quot;: 500, &quot;reason&quot;: &quot;failed&quot;}"/>
		</testcase>
		<testcase name="104" time="0.554982" timestamp="1727386295.5808384" status="failed">
			<failure type="failure" message="{&quot;status&quot;: &quot;failed&quot;, &quot;name&quot;: {}, &quot;sub_reports&quot;: [], &quot;test_number&quot;: 104, &quot;state&quot;: &quot;COMPLETED&quot;, &quot;request_url&quot;: &quot;https://virtserver.swaggerhub.com/AAYUSHGARGBU/api_oauth2_password/1.0.0/users?filter=%%n%%n%%n%%n%%n%%n%%n%%n%%n%%n%%n%%n%%n%%n%%n%%n%%n%%n%%n%%n%%n%%n%%n%%n%%n%%n%%n%%n%%n%%n%%n%%n%%n%%n%%n%%n%%n%%n%%n%%n%%n%%n%%n%%n%%n%%n%%n%%n%%n%%n%%n%%n%%n%%n%%n%%n%%n%%n%%n%%n%%n%%n%%n%%n%%n%%n%%n%%n%%n%%n%%n%%n%%n%%n%%n%%n%%n%%n%%n%%n%%n%%n%%n%%n%%n%%n%%n%%n%%n%%n%%n%%n%%n%%n%%n%%n%%n%%n%%n%%n%%n%%n%%n%%n%%n%%n%%n%%n%%n%%n%%n%%n%%n%%n%%n%%n%%n%%n%%n%%n%%n%%n%%n%%n%%n%%n%%n%%n%%n%%n%%n%%n%%n%%n%%n%%n%%n%%n%%n%%n%%n%%n%%n%%n%%n%%n%%n%%n%%n%%n%%n%%n%%n%%n%%n%%n%%n%%n%%n%%n%%n%%n%%n%%n%%n%%n%%n%%n%%n%%n%%n%%n%%n%%n%%n%%n%%n%%n%%n%%n%%n%%n%%n%%n%%n%%n%%n%%n%%n%%n%%n%%n%%n%%n%%n%%n%%n%%n%%n%%n%%n%%n%%n%%n%%n%%n%%n%%n%%n%%n%%n%%n%%n%%n%%n%%n%%n%%n%%n%%n%%n%%n%%n%%n%%n%%n%%n%%n%%n%%n%%n%%n%%n%%n%%n%%n%%n%%n%%n%%n%%n%%n%%n%%n%%n%%n%%n%%n%%n%%n%%n%%n%%n%%n%%n%%n%%n%%n%%n%%n%%n%%n%%n%%n%%n%%n%%n%%n%%n%%n%%n%%n%%n%%n%%n%%n%%n%%n%%n%%n%%n%%n%%n%%n%%n%%n%%n%%n%%n%%n%%n%%n%%n%%n%%n%%n%%n%%n%%n%%n%%n%%n%%n%%n%%n%%n%%n%%n%%n%%n%%n%%n%%n%%n%%n%%n%%n%%n%%n%%n%%n%%n%%n%%n%%n%%n%%n%%n%%n%%n%%n%%n%%n%%n%%n%%n%%n%%n%%n%%n%%n%%n%%n%%n%%n%%n%%n%%n%%n%%n%%n%%n%%n%%n%%n%%n%%n%%n%%n%%n%%n%%n%%n%%n%%n%%n%%n%%n%%n%%n%%n%%n%%n%%n%%n%%n%%n%%n%%n%%n%%n%%n%%n%%n%%n%%n%%n%%n%%n%%n%%n%%n%%n%%n%%n%%n%%n%%n%%n%%n%%n%%n%%n%%n%%n%%n%%n%%n%%n%%n%%n%%n%%n%%n%%n%%n%%n%%n%%n%%n%%n%%n%%n%%n%%n%%n%%n%%n%%n%%n%%n%%n%%n%%n%%n%%n%%n%%n%%n%%n%%n%%n%%n%%n%%n%%n%%n%%n%%n%%n%%n%%n%%n%%n%%n%%n%%n%%n%%n%%n%%n%%n%%n%%n%%n%%n%%n%%n%%n%%n%%n%%n%%n%%n%%n%%n%%n%%n%%n%%n%%n%%n%%n%%n%%n%%n%%n%%n%%n%%n%%n%%n%%n%%n%%n%%n%%n%%n%%n%%n%%n%%n%%n%%n%%n%%n%%n%%n%%n%%n%%n%%n%%n%%n%%n%%n%%n%%n%%n%%n%%n%%n%%n%%n%%n%%n%%n%%n%%n%%n%%n%%n%%n%%n%%n%%n%%n%%n%%n%%n%%n%%n%%n%%n%%n%%n%%n%%n%%n%%n%%n%%n%%n%%n%%n%%n%%n%%n%%n%%n%%n%%n%%n%%n%%n%%n%%n%%n%%n%%n%%n%%n%%n%%n%%n%%n%%n%%n%%n%%n%%n%%n%%n%%n%%n%%n%%n%%n%%n%%n%%n%%n%%n%%n%%n%%n%%n%%n%%n%%n%%n%%n%%n%%n%%n%%n%%n%%n%%n%%n%%n%%n%%n%%n%%n%%n%%n%%n%%n%%n%%n%%n%%n%%n%%n%%n%%n%%n%%n%%n%%n%%n%%n%%n%%n%%n%%n%%n%%n%%n%%n%%n%%n%%n%%n%%n%%n%%n%%n%%n%%n%%n%%n%%n%%n%%n%%n%%n%%n%%n%%n%%n%%n%%n%%n%%n%%n%%n%%n%%n%%n%%n%%n%%n%%n%%n%%n%%n%%n%%n%%n%%n%%n%%n%%n%%n%%n%%n%%n%%n%%n%%n%%n%%n%%n%%n%%n%%n%%n%%n%%n%%n%%n%%n%%n%%n%%n%%n%%n%%n%%n%%n%%n%%n%%n%%n%%n%%n%%n%%n%%n%%n%%n%%n%%n%%n%%n%%n%%n%%n%%n%%n%%n%%n%%n%%n%%n%%n%%n%%n%%n%%n%%n%%n%%n%%n%%n%%n%%n%%n%%n%%n%%n%%n%%n%%n%%n%%n%%n%%n%%n%%n%%n%%n%%n%%n%%n%%n%%n%%n%%n%%n%%n%%n%%n%%n%%n%%n%%n%%n%%n%%n%%n%%n%%n%%n%%n%%n%%n%%n%%n%%n%%n%%n%%n%%n%%n%%n%%n%%n%%n%%n%%n%%n%%n%%n%%n%%n%%n%%n%%n%%n%%n%%n%%n%%n%%n%%n%%n%%n%%n%%n%%n%%n%%n%%n%%n%%n%%n%%n%%n%%n%%n%%n%%n%%n%%n%%n%%n%%n%%n%%n%%n%%n%%n%%n%%n%%n%%n%%n%%n%%n%%n%%n%%n%%n%%n%%n%%n%%n%%n%%n%%n%%n%%n%%n%%n%%n%%n%%n%%n%%n%%n%%n%%n%%n%%n%%n%%n%%n%%n%%n%%n%%n%%n%%n%%n%%n%%n%%n%%n%%n%%n%%n%%n%%n%%n%%n%%n%%n%%n%%n%%n%%n%%n%%n%%n%%n%%n%%n%%n%%n%%n%%n%%n%%n%%n%%n%%n%%n%%n%%n%%n%%n%%n%%n%%n%%n%%n%%n%%n%%n%%n%%n%%n%%n%%n%%n%%n%%n%%n%%n%%n%%n%%n%%n%%n%%n%%n%%n%%n%%n%%n%%n%%n%%n%%n%%n%%n%%n%%n%%n%%n%%n%%n%%n%%n%%n%%n%%n%%n%%n%%n%%n%%n%%n%%n%%n%%n%%n%%n%%n%%n%%n%%n%%n%%n%%n%%n%%n%%n%%n%%n%%n%%n%%n%%n%%n%%n%%n%%n%%n%%n%%n%%n%%n%%n%%n%%n%%n%%n%%n%%n%%n%%n%%n%%n%%n%%n%%n%%n%%n%%n%%n&quot;, &quot;request_method&quot;: &quot;GET&quot;, &quot;request_headers&quot;: &quot;{\&quot;User-Agent\&quot;: \&quot;APIFuzzer 0.9.13\&quot;, \&quot;Accept-Encoding\&quot;: \&quot;gzip, deflate\&quot;, \&quot;Accept\&quot;: \&quot;*/*\&quot;, \&quot;Connection\&quot;: \&quot;keep-alive\&quot;, \&quot;Content-Type\&quot;: \&quot;application/json\&quot;}&quot;, &quot;request_body&quot;: {}, &quot;response&quot;: &quot;&quot;, &quot;parsed_status_code&quot;: 500, &quot;reason&quot;: &quot;failed&quot;}"/>
		</testcase>
		<testcase name="105" time="0.559100" timestamp="1727386296.1452184" status="failed">
			<failure type="failure" message="{&quot;status&quot;: &quot;failed&quot;, &quot;name&quot;: {}, &quot;sub_reports&quot;: [], &quot;test_number&quot;: 105, &quot;state&quot;: &quot;COMPLETED&quot;, &quot;request_url&quot;: &quot;https://virtserver.swaggerhub.com/AAYUSHGARGBU/api_oauth2_password/1.0.0/users?filter=%%n%%n%%n%%n%%n%%n%%n%%n%%n%%n%%n%%n%%n%%n%%n%%n%%n%%n%%n%%n%%n%%n%%n%%n%%n%%n%%n%%n%%n%%n%%n%%n%%n%%n%%n%%n%%n%%n%%n%%n%%n%%n%%n%%n%%n%%n%%n%%n%%n%%n%%n%%n%%n%%n%%n%%n%%n%%n%%n%%n%%n%%n%%n%%n%%n%%n%%n%%n%%n%%n%%n%%n%%n%%n%%n%%n%%n%%n%%n%%n%%n%%n%%n%%n%%n%%n%%n%%n%%n%%n%%n%%n%%n%%n%%n%%n%%n%%n%%n%%n%%n%%n%%n%%n%%n%%n%%n%%n%%n%%n%%n%%n%%n%%n%%n%%n%%n%%n%%n%%n%%n%%n%%n%%n%%n%%n%%n%%n&quot;, &quot;request_method&quot;: &quot;GET&quot;, &quot;request_headers&quot;: &quot;{\&quot;User-Agent\&quot;: \&quot;APIFuzzer 0.9.13\&quot;, \&quot;Accept-Encoding\&quot;: \&quot;gzip, deflate\&quot;, \&quot;Accept\&quot;: \&quot;*/*\&quot;, \&quot;Connection\&quot;: \&quot;keep-alive\&quot;, \&quot;Content-Type\&quot;: \&quot;application/json\&quot;}&quot;, &quot;request_body&quot;: {}, &quot;response&quot;: &quot;&quot;, &quot;parsed_status_code&quot;: 500, &quot;reason&quot;: &quot;failed&quot;}"/>
		</testcase>
		<testcase name="106" time="0.556885" timestamp="1727386296.7168841" status="failed">
			<failure type="failure" message="{&quot;status&quot;: &quot;failed&quot;, &quot;name&quot;: {}, &quot;sub_reports&quot;: [], &quot;test_number&quot;: 106, &quot;state&quot;: &quot;COMPLETED&quot;, &quot;request_url&quot;: &quot;https://virtserver.swaggerhub.com/AAYUSHGARGBU/api_oauth2_password/1.0.0/users?filter=%%n%%n%%n%%n%%n%%n%%n%%n%%n%%n%%n%%n%%n%%n%%n%%n&quot;, &quot;request_method&quot;: &quot;GET&quot;, &quot;request_headers&quot;: &quot;{\&quot;User-Agent\&quot;: \&quot;APIFuzzer 0.9.13\&quot;, \&quot;Accept-Encoding\&quot;: \&quot;gzip, deflate\&quot;, \&quot;Accept\&quot;: \&quot;*/*\&quot;, \&quot;Connection\&quot;: \&quot;keep-alive\&quot;, \&quot;Content-Type\&quot;: \&quot;application/json\&quot;}&quot;, &quot;request_body&quot;: {}, &quot;response&quot;: &quot;&quot;, &quot;parsed_status_code&quot;: 500, &quot;reason&quot;: &quot;failed&quot;}"/>
		</testcase>
		<testcase name="107" time="0.555225" timestamp="1727386297.2870855" status="failed">
			<failure type="failure" message="{&quot;status&quot;: &quot;failed&quot;, &quot;name&quot;: {}, &quot;sub_reports&quot;: [], &quot;test_number&quot;: 107, &quot;state&quot;: &quot;COMPLETED&quot;, &quot;request_url&quot;: &quot;https://virtserver.swaggerhub.com/AAYUSHGARGBU/api_oauth2_password/1.0.0/users?filter=%%n%%n&quot;, &quot;request_method&quot;: &quot;GET&quot;, &quot;request_headers&quot;: &quot;{\&quot;User-Agent\&quot;: \&quot;APIFuzzer 0.9.13\&quot;, \&quot;Accept-Encoding\&quot;: \&quot;gzip, deflate\&quot;, \&quot;Accept\&quot;: \&quot;*/*\&quot;, \&quot;Connection\&quot;: \&quot;keep-alive\&quot;, \&quot;Content-Type\&quot;: \&quot;application/json\&quot;}&quot;, &quot;request_body&quot;: {}, &quot;response&quot;: &quot;&quot;, &quot;parsed_status_code&quot;: 500, &quot;reason&quot;: &quot;failed&quot;}"/>
		</testcase>
		<testcase name="108" time="0.554114" timestamp="1727386297.845516" status="failed">
			<failure type="failure" message="{&quot;status&quot;: &quot;failed&quot;, &quot;name&quot;: {}, &quot;sub_reports&quot;: [], &quot;test_number&quot;: 108, &quot;state&quot;: &quot;COMPLETED&quot;, &quot;request_url&quot;: &quot;https://virtserver.swaggerhub.com/AAYUSHGARGBU/api_oauth2_password/1.0.0/users?filter=\&quot;%n\&quot;\&quot;%n\&quot;\&quot;%n\&quot;\&quot;%n\&quot;\&quot;%n\&quot;\&quot;%n\&quot;\&quot;%n\&quot;\&quot;%n\&quot;\&quot;%n\&quot;\&quot;%n\&quot;\&quot;%n\&quot;\&quot;%n\&quot;\&quot;%n\&quot;\&quot;%n\&quot;\&quot;%n\&quot;\&quot;%n\&quot;\&quot;%n\&quot;\&quot;%n\&quot;\&quot;%n\&quot;\&quot;%n\&quot;\&quot;%n\&quot;\&quot;%n\&quot;\&quot;%n\&quot;\&quot;%n\&quot;\&quot;%n\&quot;\&quot;%n\&quot;\&quot;%n\&quot;\&quot;%n\&quot;\&quot;%n\&quot;\&quot;%n\&quot;\&quot;%n\&quot;\&quot;%n\&quot;\&quot;%n\&quot;\&quot;%n\&quot;\&quot;%n\&quot;\&quot;%n\&quot;\&quot;%n\&quot;\&quot;%n\&quot;\&quot;%n\&quot;\&quot;%n\&quot;\&quot;%n\&quot;\&quot;%n\&quot;\&quot;%n\&quot;\&quot;%n\&quot;\&quot;%n\&quot;\&quot;%n\&quot;\&quot;%n\&quot;\&quot;%n\&quot;\&quot;%n\&quot;\&quot;%n\&quot;\&quot;%n\&quot;\&quot;%n\&quot;\&quot;%n\&quot;\&quot;%n\&quot;\&quot;%n\&quot;\&quot;%n\&quot;\&quot;%n\&quot;\&quot;%n\&quot;\&quot;%n\&quot;\&quot;%n\&quot;\&quot;%n\&quot;\&quot;%n\&quot;\&quot;%n\&quot;\&quot;%n\&quot;\&quot;%n\&quot;\&quot;%n\&quot;\&quot;%n\&quot;\&quot;%n\&quot;\&quot;%n\&quot;\&quot;%n\&quot;\&quot;%n\&quot;\&quot;%n\&quot;\&quot;%n\&quot;\&quot;%n\&quot;\&quot;%n\&quot;\&quot;%n\&quot;\&quot;%n\&quot;\&quot;%n\&quot;\&quot;%n\&quot;\&quot;%n\&quot;\&quot;%n\&quot;\&quot;%n\&quot;\&quot;%n\&quot;\&quot;%n\&quot;\&quot;%n\&quot;\&quot;%n\&quot;\&quot;%n\&quot;\&quot;%n\&quot;\&quot;%n\&quot;\&quot;%n\&quot;\&quot;%n\&quot;\&quot;%n\&quot;\&quot;%n\&quot;\&quot;%n\&quot;\&quot;%n\&quot;\&quot;%n\&quot;\&quot;%n\&quot;\&quot;%n\&quot;\&quot;%n\&quot;\&quot;%n\&quot;\&quot;%n\&quot;\&quot;%n\&quot;\&quot;%n\&quot;\&quot;%n\&quot;\&quot;%n\&quot;\&quot;%n\&quot;\&quot;%n\&quot;\&quot;%n\&quot;\&quot;%n\&quot;\&quot;%n\&quot;\&quot;%n\&quot;\&quot;%n\&quot;\&quot;%n\&quot;\&quot;%n\&quot;\&quot;%n\&quot;\&quot;%n\&quot;\&quot;%n\&quot;\&quot;%n\&quot;\&quot;%n\&quot;\&quot;%n\&quot;\&quot;%n\&quot;\&quot;%n\&quot;\&quot;%n\&quot;\&quot;%n\&quot;\&quot;%n\&quot;\&quot;%n\&quot;\&quot;%n\&quot;\&quot;%n\&quot;\&quot;%n\&quot;\&quot;%n\&quot;\&quot;%n\&quot;\&quot;%n\&quot;\&quot;%n\&quot;\&quot;%n\&quot;\&quot;%n\&quot;\&quot;%n\&quot;\&quot;%n\&quot;\&quot;%n\&quot;\&quot;%n\&quot;\&quot;%n\&quot;\&quot;%n\&quot;\&quot;%n\&quot;\&quot;%n\&quot;\&quot;%n\&quot;\&quot;%n\&quot;\&quot;%n\&quot;\&quot;%n\&quot;\&quot;%n\&quot;\&quot;%n\&quot;\&quot;%n\&quot;\&quot;%n\&quot;\&quot;%n\&quot;\&quot;%n\&quot;\&quot;%n\&quot;\&quot;%n\&quot;\&quot;%n\&quot;\&quot;%n\&quot;\&quot;%n\&quot;\&quot;%n\&quot;\&quot;%n\&quot;\&quot;%n\&quot;\&quot;%n\&quot;\&quot;%n\&quot;\&quot;%n\&quot;\&quot;%n\&quot;\&quot;%n\&quot;\&quot;%n\&quot;\&quot;%n\&quot;\&quot;%n\&quot;\&quot;%n\&quot;\&quot;%n\&quot;\&quot;%n\&quot;\&quot;%n\&quot;\&quot;%n\&quot;\&quot;%n\&quot;\&quot;%n\&quot;\&quot;%n\&quot;\&quot;%n\&quot;\&quot;%n\&quot;\&quot;%n\&quot;\&quot;%n\&quot;\&quot;%n\&quot;\&quot;%n\&quot;\&quot;%n\&quot;\&quot;%n\&quot;\&quot;%n\&quot;\&quot;%n\&quot;\&quot;%n\&quot;\&quot;%n\&quot;\&quot;%n\&quot;\&quot;%n\&quot;\&quot;%n\&quot;\&quot;%n\&quot;\&quot;%n\&quot;\&quot;%n\&quot;\&quot;%n\&quot;\&quot;%n\&quot;\&quot;%n\&quot;\&quot;%n\&quot;\&quot;%n\&quot;\&quot;%n\&quot;\&quot;%n\&quot;\&quot;%n\&quot;\&quot;%n\&quot;\&quot;%n\&quot;\&quot;%n\&quot;\&quot;%n\&quot;\&quot;%n\&quot;\&quot;%n\&quot;\&quot;%n\&quot;\&quot;%n\&quot;\&quot;%n\&quot;\&quot;%n\&quot;\&quot;%n\&quot;\&quot;%n\&quot;\&quot;%n\&quot;\&quot;%n\&quot;\&quot;%n\&quot;\&quot;%n\&quot;\&quot;%n\&quot;\&quot;%n\&quot;\&quot;%n\&quot;\&quot;%n\&quot;\&quot;%n\&quot;\&quot;%n\&quot;\&quot;%n\&quot;\&quot;%n\&quot;\&quot;%n\&quot;\&quot;%n\&quot;\&quot;%n\&quot;\&quot;%n\&quot;\&quot;%n\&quot;\&quot;%n\&quot;\&quot;%n\&quot;\&quot;%n\&quot;\&quot;%n\&quot;\&quot;%n\&quot;\&quot;%n\&quot;\&quot;%n\&quot;\&quot;%n\&quot;\&quot;%n\&quot;\&quot;%n\&quot;\&quot;%n\&quot;\&quot;%n\&quot;\&quot;%n\&quot;\&quot;%n\&quot;\&quot;%n\&quot;\&quot;%n\&quot;\&quot;%n\&quot;\&quot;%n\&quot;\&quot;%n\&quot;\&quot;%n\&quot;\&quot;%n\&quot;\&quot;%n\&quot;\&quot;%n\&quot;\&quot;%n\&quot;\&quot;%n\&quot;\&quot;%n\&quot;\&quot;%n\&quot;\&quot;%n\&quot;\&quot;%n\&quot;\&quot;%n\&quot;\&quot;%n\&quot;\&quot;%n\&quot;\&quot;%n\&quot;\&quot;%n\&quot;\&quot;%n\&quot;\&quot;%n\&quot;\&quot;%n\&quot;\&quot;%n\&quot;\&quot;%n\&quot;\&quot;%n\&quot;\&quot;%n\&quot;\&quot;%n\&quot;\&quot;%n\&quot;\&quot;%n\&quot;\&quot;%n\&quot;\&quot;%n\&quot;\&quot;%n\&quot;\&quot;%n\&quot;\&quot;%n\&quot;\&quot;%n\&quot;\&quot;%n\&quot;\&quot;%n\&quot;\&quot;%n\&quot;\&quot;%n\&quot;\&quot;%n\&quot;\&quot;%n\&quot;\&quot;%n\&quot;\&quot;%n\&quot;\&quot;%n\&quot;\&quot;%n\&quot;\&quot;%n\&quot;\&quot;%n\&quot;\&quot;%n\&quot;\&quot;%n\&quot;\&quot;%n\&quot;\&quot;%n\&quot;\&quot;%n\&quot;\&quot;%n\&quot;\&quot;%n\&quot;\&quot;%n\&quot;\&quot;%n\&quot;\&quot;%n\&quot;\&quot;%n\&quot;\&quot;%n\&quot;\&quot;%n\&quot;\&quot;%n\&quot;\&quot;%n\&quot;\&quot;%n\&quot;\&quot;%n\&quot;\&quot;%n\&quot;\&quot;%n\&quot;\&quot;%n\&quot;\&quot;%n\&quot;\&quot;%n\&quot;\&quot;%n\&quot;\&quot;%n\&quot;\&quot;%n\&quot;\&quot;%n\&quot;\&quot;%n\&quot;\&quot;%n\&quot;\&quot;%n\&quot;\&quot;%n\&quot;\&quot;%n\&quot;\&quot;%n\&quot;\&quot;%n\&quot;\&quot;%n\&quot;\&quot;%n\&quot;\&quot;%n\&quot;\&quot;%n\&quot;\&quot;%n\&quot;\&quot;%n\&quot;\&quot;%n\&quot;\&quot;%n\&quot;\&quot;%n\&quot;\&quot;%n\&quot;\&quot;%n\&quot;\&quot;%n\&quot;\&quot;%n\&quot;\&quot;%n\&quot;\&quot;%n\&quot;\&quot;%n\&quot;\&quot;%n\&quot;\&quot;%n\&quot;\&quot;%n\&quot;\&quot;%n\&quot;\&quot;%n\&quot;\&quot;%n\&quot;\&quot;%n\&quot;\&quot;%n\&quot;\&quot;%n\&quot;\&quot;%n\&quot;\&quot;%n\&quot;\&quot;%n\&quot;\&quot;%n\&quot;\&quot;%n\&quot;\&quot;%n\&quot;\&quot;%n\&quot;\&quot;%n\&quot;\&quot;%n\&quot;\&quot;%n\&quot;\&quot;%n\&quot;\&quot;%n\&quot;\&quot;%n\&quot;\&quot;%n\&quot;\&quot;%n\&quot;\&quot;%n\&quot;\&quot;%n\&quot;\&quot;%n\&quot;\&quot;%n\&quot;\&quot;%n\&quot;\&quot;%n\&quot;\&quot;%n\&quot;\&quot;%n\&quot;\&quot;%n\&quot;\&quot;%n\&quot;\&quot;%n\&quot;\&quot;%n\&quot;\&quot;%n\&quot;\&quot;%n\&quot;\&quot;%n\&quot;\&quot;%n\&quot;\&quot;%n\&quot;\&quot;%n\&quot;\&quot;%n\&quot;\&quot;%n\&quot;\&quot;%n\&quot;\&quot;%n\&quot;\&quot;%n\&quot;\&quot;%n\&quot;\&quot;%n\&quot;\&quot;%n\&quot;\&quot;%n\&quot;\&quot;%n\&quot;\&quot;%n\&quot;\&quot;%n\&quot;\&quot;%n\&quot;\&quot;%n\&quot;\&quot;%n\&quot;\&quot;%n\&quot;\&quot;%n\&quot;\&quot;%n\&quot;\&quot;%n\&quot;\&quot;%n\&quot;\&quot;%n\&quot;\&quot;%n\&quot;\&quot;%n\&quot;\&quot;%n\&quot;\&quot;%n\&quot;\&quot;%n\&quot;\&quot;%n\&quot;\&quot;%n\&quot;\&quot;%n\&quot;\&quot;%n\&quot;\&quot;%n\&quot;\&quot;%n\&quot;\&quot;%n\&quot;\&quot;%n\&quot;\&quot;%n\&quot;\&quot;%n\&quot;\&quot;%n\&quot;\&quot;%n\&quot;\&quot;%n\&quot;\&quot;%n\&quot;\&quot;%n\&quot;\&quot;%n\&quot;\&quot;%n\&quot;\&quot;%n\&quot;\&quot;%n\&quot;\&quot;%n\&quot;\&quot;%n\&quot;\&quot;%n\&quot;\&quot;%n\&quot;\&quot;%n\&quot;\&quot;%n\&quot;\&quot;%n\&quot;\&quot;%n\&quot;\&quot;%n\&quot;\&quot;%n\&quot;\&quot;%n\&quot;\&quot;%n\&quot;\&quot;%n\&quot;\&quot;%n\&quot;\&quot;%n\&quot;\&quot;%n\&quot;\&quot;%n\&quot;\&quot;%n\&quot;\&quot;%n\&quot;\&quot;%n\&quot;\&quot;%n\&quot;\&quot;%n\&quot;\&quot;%n\&quot;\&quot;%n\&quot;\&quot;%n\&quot;\&quot;%n\&quot;\&quot;%n\&quot;\&quot;%n\&quot;\&quot;%n\&quot;\&quot;%n\&quot;\&quot;%n\&quot;\&quot;%n\&quot;\&quot;%n\&quot;\&quot;%n\&quot;\&quot;%n\&quot;\&quot;%n\&quot;\&quot;%n\&quot;\&quot;%n\&quot;\&quot;%n\&quot;\&quot;%n\&quot;\&quot;%n\&quot;\&quot;%n\&quot;\&quot;%n\&quot;\&quot;%n\&quot;\&quot;%n\&quot;\&quot;%n\&quot;\&quot;%n\&quot;\&quot;%n\&quot;\&quot;%n\&quot;\&quot;%n\&quot;\&quot;%n\&quot;\&quot;%n\&quot;\&quot;%n\&quot;\&quot;%n\&quot;\&quot;%n\&quot;\&quot;%n\&quot;\&quot;%n\&quot;\&quot;%n\&quot;\&quot;%n\&quot;\&quot;%n\&quot;\&quot;%n\&quot;\&quot;%n\&quot;\&quot;%n\&quot;\&quot;%n\&quot;\&quot;%n\&quot;\&quot;%n\&quot;\&quot;%n\&quot;\&quot;%n\&quot;\&quot;%n\&quot;\&quot;%n\&quot;\&quot;%n\&quot;\&quot;%n\&quot;\&quot;%n\&quot;\&quot;%n\&quot;\&quot;%n\&quot;\&quot;%n\&quot;\&quot;%n\&quot;\&quot;%n\&quot;\&quot;%n\&quot;\&quot;%n\&quot;\&quot;%n\&quot;\&quot;%n\&quot;\&quot;%n\&quot;\&quot;%n\&quot;\&quot;%n\&quot;\&quot;%n\&quot;\&quot;%n\&quot;\&quot;%n\&quot;\&quot;%n\&quot;\&quot;%n\&quot;\&quot;%n\&quot;\&quot;%n\&quot;\&quot;%n\&quot;\&quot;%n\&quot;\&quot;%n\&quot;\&quot;%n\&quot;\&quot;%n\&quot;\&quot;%n\&quot;\&quot;%n\&quot;\&quot;%n\&quot;\&quot;%n\&quot;\&quot;%n\&quot;\&quot;%n\&quot;\&quot;%n\&quot;\&quot;%n\&quot;\&quot;%n\&quot;\&quot;%n\&quot;\&quot;%n\&quot;\&quot;%n\&quot;\&quot;%n\&quot;\&quot;%n\&quot;\&quot;%n\&quot;\&quot;%n\&quot;\&quot;%n\&quot;\&quot;%n\&quot;\&quot;%n\&quot;\&quot;%n\&quot;\&quot;%n\&quot;\&quot;%n\&quot;\&quot;%n\&quot;\&quot;%n\&quot;\&quot;%n\&quot;\&quot;%n\&quot;\&quot;%n\&quot;\&quot;%n\&quot;\&quot;%n\&quot;\&quot;%n\&quot;\&quot;%n\&quot;\&quot;%n\&quot;\&quot;%n\&quot;\&quot;%n\&quot;\&quot;%n\&quot;\&quot;%n\&quot;\&quot;%n\&quot;\&quot;%n\&quot;\&quot;%n\&quot;\&quot;%n\&quot;\&quot;%n\&quot;\&quot;%n\&quot;\&quot;%n\&quot;\&quot;%n\&quot;\&quot;%n\&quot;\&quot;%n\&quot;\&quot;%n\&quot;\&quot;%n\&quot;\&quot;%n\&quot;\&quot;%n\&quot;\&quot;%n\&quot;\&quot;%n\&quot;\&quot;%n\&quot;\&quot;%n\&quot;\&quot;%n\&quot;\&quot;%n\&quot;\&quot;%n\&quot;\&quot;%n\&quot;\&quot;%n\&quot;\&quot;%n\&quot;\&quot;%n\&quot;\&quot;%n\&quot;\&quot;%n\&quot;\&quot;%n\&quot;\&quot;%n\&quot;\&quot;%n\&quot;\&quot;%n\&quot;\&quot;%n\&quot;\&quot;%n\&quot;\&quot;%n\&quot;\&quot;%n\&quot;\&quot;%n\&quot;\&quot;%n\&quot;\&quot;%n\&quot;\&quot;%n\&quot;\&quot;%n\&quot;\&quot;%n\&quot;\&quot;%n\&quot;\&quot;%n\&quot;\&quot;%n\&quot;\&quot;%n\&quot;\&quot;%n\&quot;\&quot;%n\&quot;\&quot;%n\&quot;\&quot;%n\&quot;\&quot;%n\&quot;\&quot;%n\&quot;\&quot;%n\&quot;\&quot;%n\&quot;\&quot;%n\&quot;\&quot;%n\&quot;\&quot;%n\&quot;\&quot;%n\&quot;\&quot;%n\&quot;\&quot;%n\&quot;\&quot;%n\&quot;\&quot;%n\&quot;\&quot;%n\&quot;\&quot;%n\&quot;\&quot;%n\&quot;\&quot;%n\&quot;\&quot;%n\&quot;\&quot;%n\&quot;\&quot;%n\&quot;\&quot;%n\&quot;\&quot;%n\&quot;\&quot;%n\&quot;\&quot;%n\&quot;\&quot;%n\&quot;\&quot;%n\&quot;\&quot;%n\&quot;\&quot;%n\&quot;\&quot;%n\&quot;\&quot;%n\&quot;\&quot;%n\&quot;\&quot;%n\&quot;\&quot;%n\&quot;\&quot;%n\&quot;\&quot;%n\&quot;\&quot;%n\&quot;\&quot;%n\&quot;\&quot;%n\&quot;\&quot;%n\&quot;\&quot;%n\&quot;\&quot;%n\&quot;\&quot;%n\&quot;\&quot;%n\&quot;\&quot;%n\&quot;\&quot;%n\&quot;\&quot;%n\&quot;\&quot;%n\&quot;\&quot;%n\&quot;\&quot;%n\&quot;\&quot;%n\&quot;\&quot;%n\&quot;\&quot;%n\&quot;\&quot;%n\&quot;\&quot;%n\&quot;\&quot;%n\&quot;\&quot;%n\&quot;\&quot;%n\&quot;\&quot;%n\&quot;\&quot;%n\&quot;\&quot;%n\&quot;\&quot;%n\&quot;\&quot;%n\&quot;\&quot;%n\&quot;\&quot;%n\&quot;\&quot;%n\&quot;\&quot;%n\&quot;\&quot;%n\&quot;\&quot;%n\&quot;\&quot;%n\&quot;\&quot;%n\&quot;\&quot;%n\&quot;\&quot;%n\&quot;\&quot;%n\&quot;\&quot;%n\&quot;\&quot;%n\&quot;\&quot;%n\&quot;\&quot;%n\&quot;\&quot;%n\&quot;\&quot;%n\&quot;\&quot;%n\&quot;\&quot;%n\&quot;\&quot;%n\&quot;\&quot;%n\&quot;\&quot;%n\&quot;\&quot;%n\&quot;\&quot;%n\&quot;\&quot;%n\&quot;\&quot;%n\&quot;\&quot;%n\&quot;\&quot;%n\&quot;\&quot;%n\&quot;\&quot;%n\&quot;\&quot;%n\&quot;\&quot;%n\&quot;\&quot;%n\&quot;\&quot;%n\&quot;\&quot;%n\&quot;\&quot;%n\&quot;\&quot;%n\&quot;\&quot;%n\&quot;\&quot;%n\&quot;\&quot;%n\&quot;\&quot;%n\&quot;\&quot;%n\&quot;\&quot;%n\&quot;\&quot;%n\&quot;\&quot;%n\&quot;\&quot;%n\&quot;\&quot;%n\&quot;\&quot;%n\&quot;\&quot;%n\&quot;\&quot;%n\&quot;\&quot;%n\&quot;\&quot;%n\&quot;\&quot;%n\&quot;\&quot;%n\&quot;\&quot;%n\&quot;\&quot;%n\&quot;\&quot;%n\&quot;\&quot;%n\&quot;\&quot;%n\&quot;\&quot;%n\&quot;\&quot;%n\&quot;\&quot;%n\&quot;\&quot;%n\&quot;\&quot;%n\&quot;\&quot;%n\&quot;\&quot;%n\&quot;\&quot;%n\&quot;\&quot;%n\&quot;\&quot;%n\&quot;\&quot;%n\&quot;\&quot;%n\&quot;\&quot;%n\&quot;\&quot;%n\&quot;\&quot;%n\&quot;\&quot;%n\&quot;\&quot;%n\&quot;\&quot;%n\&quot;\&quot;%n\&quot;\&quot;%n\&quot;\&quot;%n\&quot;\&quot;%n\&quot;\&quot;%n\&quot;\&quot;%n\&quot;\&quot;%n\&quot;\&quot;%n\&quot;\&quot;%n\&quot;\&quot;%n\&quot;\&quot;%n\&quot;\&quot;%n\&quot;\&quot;%n\&quot;\&quot;%n\&quot;\&quot;%n\&quot;\&quot;%n\&quot;\&quot;%n\&quot;\&quot;%n\&quot;\&quot;%n\&quot;\&quot;%n\&quot;\&quot;%n\&quot;\&quot;%n\&quot;\&quot;%n\&quot;\&quot;%n\&quot;\&quot;%n\&quot;\&quot;%n\&quot;\&quot;%n\&quot;\&quot;%n\&quot;\&quot;%n\&quot;\&quot;%n\&quot;\&quot;%n\&quot;\&quot;%n\&quot;\&quot;%n\&quot;\&quot;%n\&quot;\&quot;%n\&quot;\&quot;%n\&quot;\&quot;%n\&quot;\&quot;%n\&quot;\&quot;%n\&quot;\&quot;%n\&quot;\&quot;%n\&quot;\&quot;%n\&quot;\&quot;%n\&quot;\&quot;%n\&quot;\&quot;%n\&quot;\&quot;%n\&quot;\&quot;%n\&quot;\&quot;%n\&quot;\&quot;%n\&quot;\&quot;%n\&quot;\&quot;%n\&quot;\&quot;%n\&quot;\&quot;%n\&quot;\&quot;%n\&quot;\&quot;%n\&quot;\&quot;%n\&quot;\&quot;%n\&quot;\&quot;%n\&quot;\&quot;%n\&quot;\&quot;%n\&quot;\&quot;%n\&quot;\&quot;%n\&quot;\&quot;%n\&quot;\&quot;%n\&quot;\&quot;%n\&quot;\&quot;%n\&quot;\&quot;%n\&quot;\&quot;%n\&quot;\&quot;%n\&quot;\&quot;%n\&quot;\&quot;%n\&quot;\&quot;%n\&quot;\&quot;%n\&quot;\&quot;%n\&quot;\&quot;%n\&quot;\&quot;%n\&quot;\&quot;%n\&quot;\&quot;%n\&quot;\&quot;%n\&quot;\&quot;%n\&quot;\&quot;%n\&quot;\&quot;%n\&quot;\&quot;%n\&quot;\&quot;%n\&quot;\&quot;%n\&quot;\&quot;%n\&quot;\&quot;%n\&quot;\&quot;%n\&quot;\&quot;%n\&quot;\&quot;%n\&quot;\&quot;%n\&quot;\&quot;%n\&quot;\&quot;%n\&quot;\&quot;%n\&quot;\&quot;%n\&quot;\&quot;%n\&quot;\&quot;%n\&quot;\&quot;%n\&quot;\&quot;%n\&quot;\&quot;%n\&quot;\&quot;%n\&quot;\&quot;%n\&quot;\&quot;%n\&quot;\&quot;%n\&quot;\&quot;%n\&quot;\&quot;%n\&quot;\&quot;%n\&quot;\&quot;%n\&quot;\&quot;%n\&quot;\&quot;%n\&quot;\&quot;%n\&quot;\&quot;%n\&quot;\&quot;%n\&quot;\&quot;%n\&quot;\&quot;%n\&quot;\&quot;%n\&quot;\&quot;%n\&quot;\&quot;%n\&quot;\&quot;%n\&quot;\&quot;%n\&quot;\&quot;%n\&quot;\&quot;%n\&quot;\&quot;%n\&quot;\&quot;%n\&quot;\&quot;%n\&quot;\&quot;%n\&quot;\&quot;%n\&quot;\&quot;%n\&quot;\&quot;%n\&quot;\&quot;%n\&quot;\&quot;%n\&quot;\&quot;%n\&quot;\&quot;%n\&quot;\&quot;%n\&quot;\&quot;%n\&quot;\&quot;%n\&quot;\&quot;%n\&quot;\&quot;%n\&quot;\&quot;%n\&quot;\&quot;%n\&quot;\&quot;%n\&quot;\&quot;%n\&quot;\&quot;%n\&quot;\&quot;%n\&quot;\&quot;%n\&quot;\&quot;%n\&quot;\&quot;%n\&quot;\&quot;%n\&quot;\&quot;%n\&quot;\&quot;%n\&quot;\&quot;%n\&quot;\&quot;%n\&quot;\&quot;%n\&quot;\&quot;%n\&quot;\&quot;%n\&quot;\&quot;%n\&quot;\&quot;%n\&quot;\&quot;%n\&quot;\&quot;%n\&quot;\&quot;%n\&quot;\&quot;%n\&quot;\&quot;%n\&quot;\&quot;%n\&quot;\&quot;%n\&quot;\&quot;%n\&quot;\&quot;%n\&quot;\&quot;%n\&quot;\&quot;%n\&quot;\&quot;%n\&quot;\&quot;%n\&quot;\&quot;%n\&quot;\&quot;%n\&quot;\&quot;%n\&quot;\&quot;%n\&quot;\&quot;%n\&quot;\&quot;%n\&quot;\&quot;%n\&quot;\&quot;%n\&quot;\&quot;%n\&quot;\&quot;%n\&quot;\&quot;%n\&quot;\&quot;%n\&quot;\&quot;%n\&quot;\&quot;%n\&quot;\&quot;%n\&quot;\&quot;%n\&quot;\&quot;%n\&quot;\&quot;%n\&quot;\&quot;%n\&quot;\&quot;%n\&quot;\&quot;%n\&quot;\&quot;%n\&quot;\&quot;%n\&quot;\&quot;%n\&quot;\&quot;%n\&quot;\&quot;%n\&quot;\&quot;%n\&quot;\&quot;%n\&quot;\&quot;%n\&quot;\&quot;%n\&quot;\&quot;%n\&quot;\&quot;%n\&quot;\&quot;%n\&quot;\&quot;%n\&quot;\&quot;%n\&quot;\&quot;%n\&quot;\&quot;%n\&quot;\&quot;%n\&quot;\&quot;%n\&quot;\&quot;%n\&quot;\&quot;%n\&quot;\&quot;%n\&quot;\&quot;%n\&quot;\&quot;%n\&quot;\&quot;%n\&quot;\&quot;%n\&quot;\&quot;%n\&quot;\&quot;%n\&quot;\&quot;%n\&quot;\&quot;%n\&quot;\&quot;%n\&quot;\&quot;%n\&quot;\&quot;%n\&quot;\&quot;%n\&quot;\&quot;%n\&quot;\&quot;%n\&quot;\&quot;%n\&quot;\&quot;%n\&quot;\&quot;%n\&quot;\&quot;%n\&quot;\&quot;%n\&quot;\&quot;%n\&quot;\&quot;%n\&quot;\&quot;%n\&quot;\&quot;%n\&quot;\&quot;%n\&quot;\&quot;%n\&quot;\&quot;%n\&quot;\&quot;%n\&quot;\&quot;%n\&quot;\&quot;%n\&quot;\&quot;%n\&quot;\&quot;%n\&quot;\&quot;%n\&quot;\&quot;%n\&quot;\&quot;%n\&quot;\&quot;%n\&quot;\&quot;%n\&quot;\&quot;%n\&quot;\&quot;%n\&quot;\&quot;%n\&quot;\&quot;%n\&quot;\&quot;%n\&quot;\&quot;%n\&quot;\&quot;%n\&quot;\&quot;%n\&quot;\&quot;%n\&quot;\&quot;%n\&quot;\&quot;%n\&quot;\&quot;%n\&quot;\&quot;%n\&quot;\&quot;%n\&quot;\&quot;%n\&quot;\&quot;%n\&quot;\&quot;%n\&quot;\&quot;%n\&quot;\&quot;%n\&quot;\&quot;%n\&quot;\&quot;%n\&quot;\&quot;%n\&quot;\&quot;%n\&quot;\&quot;%n\&quot;\&quot;%n\&quot;\&quot;%n\&quot;&quot;, &quot;request_method&quot;: &quot;GET&quot;, &quot;request_headers&quot;: &quot;{\&quot;User-Agent\&quot;: \&quot;APIFuzzer 0.9.13\&quot;, \&quot;Accept-Encoding\&quot;: \&quot;gzip, deflate\&quot;, \&quot;Accept\&quot;: \&quot;*/*\&quot;, \&quot;Connection\&quot;: \&quot;keep-alive\&quot;, \&quot;Content-Type\&quot;: \&quot;application/json\&quot;}&quot;, &quot;request_body&quot;: {}, &quot;response&quot;: &quot;&quot;, &quot;parsed_status_code&quot;: 500, &quot;reason&quot;: &quot;failed&quot;}"/>
		</testcase>
		<testcase name="109" time="0.556548" timestamp="1727386298.4185836" status="failed">
			<failure type="failure" message="{&quot;status&quot;: &quot;failed&quot;, &quot;name&quot;: {}, &quot;sub_reports&quot;: [], &quot;test_number&quot;: 109, &quot;state&quot;: &quot;COMPLETED&quot;, &quot;request_url&quot;: &quot;https://virtserver.swaggerhub.com/AAYUSHGARGBU/api_oauth2_password/1.0.0/users?filter=\&quot;%n\&quot;\&quot;%n\&quot;\&quot;%n\&quot;\&quot;%n\&quot;\&quot;%n\&quot;\&quot;%n\&quot;\&quot;%n\&quot;\&quot;%n\&quot;\&quot;%n\&quot;\&quot;%n\&quot;\&quot;%n\&quot;\&quot;%n\&quot;\&quot;%n\&quot;\&quot;%n\&quot;\&quot;%n\&quot;\&quot;%n\&quot;\&quot;%n\&quot;\&quot;%n\&quot;\&quot;%n\&quot;\&quot;%n\&quot;\&quot;%n\&quot;\&quot;%n\&quot;\&quot;%n\&quot;\&quot;%n\&quot;\&quot;%n\&quot;\&quot;%n\&quot;\&quot;%n\&quot;\&quot;%n\&quot;\&quot;%n\&quot;\&quot;%n\&quot;\&quot;%n\&quot;\&quot;%n\&quot;\&quot;%n\&quot;\&quot;%n\&quot;\&quot;%n\&quot;\&quot;%n\&quot;\&quot;%n\&quot;\&quot;%n\&quot;\&quot;%n\&quot;\&quot;%n\&quot;\&quot;%n\&quot;\&quot;%n\&quot;\&quot;%n\&quot;\&quot;%n\&quot;\&quot;%n\&quot;\&quot;%n\&quot;\&quot;%n\&quot;\&quot;%n\&quot;\&quot;%n\&quot;\&quot;%n\&quot;\&quot;%n\&quot;\&quot;%n\&quot;\&quot;%n\&quot;\&quot;%n\&quot;\&quot;%n\&quot;\&quot;%n\&quot;\&quot;%n\&quot;\&quot;%n\&quot;\&quot;%n\&quot;\&quot;%n\&quot;\&quot;%n\&quot;\&quot;%n\&quot;\&quot;%n\&quot;\&quot;%n\&quot;\&quot;%n\&quot;\&quot;%n\&quot;\&quot;%n\&quot;\&quot;%n\&quot;\&quot;%n\&quot;\&quot;%n\&quot;\&quot;%n\&quot;\&quot;%n\&quot;\&quot;%n\&quot;\&quot;%n\&quot;\&quot;%n\&quot;\&quot;%n\&quot;\&quot;%n\&quot;\&quot;%n\&quot;\&quot;%n\&quot;\&quot;%n\&quot;\&quot;%n\&quot;\&quot;%n\&quot;\&quot;%n\&quot;\&quot;%n\&quot;\&quot;%n\&quot;\&quot;%n\&quot;\&quot;%n\&quot;\&quot;%n\&quot;\&quot;%n\&quot;\&quot;%n\&quot;\&quot;%n\&quot;\&quot;%n\&quot;\&quot;%n\&quot;\&quot;%n\&quot;\&quot;%n\&quot;\&quot;%n\&quot;\&quot;%n\&quot;\&quot;%n\&quot;\&quot;%n\&quot;\&quot;%n\&quot;\&quot;%n\&quot;\&quot;%n\&quot;\&quot;%n\&quot;\&quot;%n\&quot;\&quot;%n\&quot;\&quot;%n\&quot;\&quot;%n\&quot;\&quot;%n\&quot;\&quot;%n\&quot;\&quot;%n\&quot;\&quot;%n\&quot;\&quot;%n\&quot;\&quot;%n\&quot;\&quot;%n\&quot;\&quot;%n\&quot;\&quot;%n\&quot;\&quot;%n\&quot;\&quot;%n\&quot;\&quot;%n\&quot;\&quot;%n\&quot;\&quot;%n\&quot;\&quot;%n\&quot;\&quot;%n\&quot;\&quot;%n\&quot;\&quot;%n\&quot;\&quot;%n\&quot;\&quot;%n\&quot;\&quot;%n\&quot;&quot;, &quot;request_method&quot;: &quot;GET&quot;, &quot;request_headers&quot;: &quot;{\&quot;User-Agent\&quot;: \&quot;APIFuzzer 0.9.13\&quot;, \&quot;Accept-Encoding\&quot;: \&quot;gzip, deflate\&quot;, \&quot;Accept\&quot;: \&quot;*/*\&quot;, \&quot;Connection\&quot;: \&quot;keep-alive\&quot;, \&quot;Content-Type\&quot;: \&quot;application/json\&quot;}&quot;, &quot;request_body&quot;: {}, &quot;response&quot;: &quot;&quot;, &quot;parsed_status_code&quot;: 500, &quot;reason&quot;: &quot;failed&quot;}"/>
		</testcase>
		<testcase name="110" time="0.562411" timestamp="1727386298.9959133" status="failed">
			<failure type="failure" message="{&quot;status&quot;: &quot;failed&quot;, &quot;name&quot;: {}, &quot;sub_reports&quot;: [], &quot;test_number&quot;: 110, &quot;state&quot;: &quot;COMPLETED&quot;, &quot;request_url&quot;: &quot;https://virtserver.swaggerhub.com/AAYUSHGARGBU/api_oauth2_password/1.0.0/users?filter=\&quot;%n\&quot;\&quot;%n\&quot;\&quot;%n\&quot;\&quot;%n\&quot;\&quot;%n\&quot;\&quot;%n\&quot;\&quot;%n\&quot;\&quot;%n\&quot;\&quot;%n\&quot;\&quot;%n\&quot;\&quot;%n\&quot;\&quot;%n\&quot;\&quot;%n\&quot;\&quot;%n\&quot;\&quot;%n\&quot;\&quot;%n\&quot;&quot;, &quot;request_method&quot;: &quot;GET&quot;, &quot;request_headers&quot;: &quot;{\&quot;User-Agent\&quot;: \&quot;APIFuzzer 0.9.13\&quot;, \&quot;Accept-Encoding\&quot;: \&quot;gzip, deflate\&quot;, \&quot;Accept\&quot;: \&quot;*/*\&quot;, \&quot;Connection\&quot;: \&quot;keep-alive\&quot;, \&quot;Content-Type\&quot;: \&quot;application/json\&quot;}&quot;, &quot;request_body&quot;: {}, &quot;response&quot;: &quot;&quot;, &quot;parsed_status_code&quot;: 500, &quot;reason&quot;: &quot;failed&quot;}"/>
		</testcase>
		<testcase name="111" time="0.561147" timestamp="1727386299.5614433" status="failed">
			<failure type="failure" message="{&quot;status&quot;: &quot;failed&quot;, &quot;name&quot;: {}, &quot;sub_reports&quot;: [], &quot;test_number&quot;: 111, &quot;state&quot;: &quot;COMPLETED&quot;, &quot;request_url&quot;: &quot;https://virtserver.swaggerhub.com/AAYUSHGARGBU/api_oauth2_password/1.0.0/users?filter=\&quot;%n\&quot;\&quot;%n\&quot;&quot;, &quot;request_method&quot;: &quot;GET&quot;, &quot;request_headers&quot;: &quot;{\&quot;User-Agent\&quot;: \&quot;APIFuzzer 0.9.13\&quot;, \&quot;Accept-Encoding\&quot;: \&quot;gzip, deflate\&quot;, \&quot;Accept\&quot;: \&quot;*/*\&quot;, \&quot;Connection\&quot;: \&quot;keep-alive\&quot;, \&quot;Content-Type\&quot;: \&quot;application/json\&quot;}&quot;, &quot;request_body&quot;: {}, &quot;response&quot;: &quot;&quot;, &quot;parsed_status_code&quot;: 500, &quot;reason&quot;: &quot;failed&quot;}"/>
		</testcase>
		<testcase name="112" time="0.557596" timestamp="1727386300.1342425" status="failed">
			<failure type="failure" message="{&quot;status&quot;: &quot;failed&quot;, &quot;name&quot;: {}, &quot;sub_reports&quot;: [], &quot;test_number&quot;: 112, &quot;state&quot;: &quot;COMPLETED&quot;, &quot;request_url&quot;: &quot;https://virtserver.swaggerhub.com/AAYUSHGARGBU/api_oauth2_password/1.0.0/users?filter=%.16705u%2\\$hn&quot;, &quot;request_method&quot;: &quot;GET&quot;, &quot;request_headers&quot;: &quot;{\&quot;User-Agent\&quot;: \&quot;APIFuzzer 0.9.13\&quot;, \&quot;Accept-Encoding\&quot;: \&quot;gzip, deflate\&quot;, \&quot;Accept\&quot;: \&quot;*/*\&quot;, \&quot;Connection\&quot;: \&quot;keep-alive\&quot;, \&quot;Content-Type\&quot;: \&quot;application/json\&quot;}&quot;, &quot;request_body&quot;: {}, &quot;response&quot;: &quot;&quot;, &quot;parsed_status_code&quot;: 500, &quot;reason&quot;: &quot;failed&quot;}"/>
		</testcase>
		<testcase name="168" time="0.560737" timestamp="1727386328.3623013" status="failed">
			<failure type="failure" message="{&quot;status&quot;: &quot;failed&quot;, &quot;name&quot;: {}, &quot;sub_reports&quot;: [], &quot;test_number&quot;: 168, &quot;state&quot;: &quot;COMPLETED&quot;, &quot;request_url&quot;: &quot;https://virtserver.swaggerhub.com/AAYUSHGARGBU/api_oauth2_password/1.0.0/users?filter=%u0000&quot;, &quot;request_method&quot;: &quot;GET&quot;, &quot;request_headers&quot;: &quot;{\&quot;User-Agent\&quot;: \&quot;APIFuzzer 0.9.13\&quot;, \&quot;Accept-Encoding\&quot;: \&quot;gzip, deflate\&quot;, \&quot;Accept\&quot;: \&quot;*/*\&quot;, \&quot;Connection\&quot;: \&quot;keep-alive\&quot;, \&quot;Content-Type\&quot;: \&quot;application/json\&quot;}&quot;, &quot;request_body&quot;: {}, &quot;response&quot;: &quot;&quot;, &quot;parsed_status_code&quot;: 500, &quot;reason&quot;: &quot;failed&quot;}"/>
		</testcase>
	</testsuite>
</testsuites>
