======================= Schemathesis test session starts =======================
Schema location: file:///mnt/d/ag/github/lazarus_target_apis/data/api_oauth2_application/api_oauth2_application.json
Base URL: https://virtserver.swaggerhub.com/AAYUSHGARGBU/api_oauth2_application/1.0.0
Specification version: Open API 3.0.0
Random seed: 241493262029288791531321967046529979666
Workers: 1
Collected API operations: 4
Collected API links: 0
API probing: ...API probing: SUCCESS
Schema analysis: ...Schema analysis: SKIP

GET /AAYUSHGARGBU/api_oauth2_application/1.0.0/example F                  [ 25%]
GET /AAYUSHGARGBU/api_oauth2_application/1.0.0/ping .                     [ 50%]
POST /AAYUSHGARGBU/api_oauth2_application/1.0.0/users F                   [ 75%]
GET /AAYUSHGARGBU/api_oauth2_application/1.0.0/users F                    [100%]

=================================== FAILURES ===================================
____________ GET /AAYUSHGARGBU/api_oauth2_application/1.0.0/example ____________
[FLAKY] Schemathesis was not able to reliably reproduce this failure

1. Test Case ID: kTgXpb

- Undocumented HTTP status code

    Received: 400
    Documented: 200

[400] Bad Request:

    `<h1>Bad Message 400</h1><pre>reason: Illegal character CNTL=0x7f</pre>`

Reproduce with: 

    curl -X GET -H 'Kk.c1.cttKNx: ' -H '8Dgj: j¬à1' -H '432013: u49\x25}1u0_¬Ü√Ü¬¶¬ç√ô¬ñp√ò¬à' -H '*3k: ' -H '7~%|E~VFj~D2: i' -H '%O5: ' -H '~AUoInpof1: ' -H 'FrtVk7: ' -H 'R6Rkobdy'"'"'!63F%XkJcVe7fz$a4: ¬ë' -H 't7.: ' -H 'E|E: )¬¶' -H 'Z45: √¥¬øvXNW' -H '3645: 5' 'https://virtserver.swaggerhub.com/AAYUSHGARGBU/api_oauth2_application/1.0.0/example?=%F1%B0%A4%81%F1%8A%88%872~&=365'

2. Test Case ID: eqt1Pa

- Response timeout

    The server failed to respond within the specified limit of 10000.00ms

Reproduce with: 

    curl -X GET -H 'X-Request-ID: ' https://virtserver.swaggerhub.com/AAYUSHGARGBU/api_oauth2_application/1.0.0/example

____________ POST /AAYUSHGARGBU/api_oauth2_application/1.0.0/users _____________
[FLAKY] Schemathesis was not able to reliably reproduce this failure

1. Test Case ID: CtsdQX

- Undocumented HTTP status code

    Received: 429
    Documented: 201, 400

[429] Too Many Requests:

    `{"error":"Exceeded rate limit"}`

Reproduce with: 

    curl -X POST -H 'Content-Type: application/json' -d '{"email": "A1n@h.bs.PrOgRESSivE", "id": "\ud87b\udf56\"\u0090\u00b8", "name": "\u00d1\u00d5\u00f3\ud8b9\ude8f23\u0010\ud928\udf84\u00bb", "\u001a\u00a8\u00b2?\uda86\udcf2\u00f9\u00ab": [[], {}, []]}' https://virtserver.swaggerhub.com/AAYUSHGARGBU/api_oauth2_application/1.0.0/users

_____________ GET /AAYUSHGARGBU/api_oauth2_application/1.0.0/users _____________
[FLAKY] Schemathesis was not able to reliably reproduce this failure

1. Test Case ID: vwqLys

- Undocumented HTTP status code

    Received: 429
    Documented: 200, 404

[429] Too Many Requests:

    `{"error":"Exceeded rate limit"}`

Reproduce with: 

    curl -X GET 'https://virtserver.swaggerhub.com/AAYUSHGARGBU/api_oauth2_application/1.0.0/users?age=0'

=================================== SUMMARY ====================================

Performed checks:
    not_a_server_error                              41 / 41 passed          PASSED 
    status_code_conformance                         26 / 41 passed          FAILED 
    content_type_conformance                        41 / 41 passed          PASSED 
    response_headers_conformance                    41 / 41 passed          PASSED 
    response_schema_conformance                     41 / 41 passed          PASSED 
    request_timeout                                 0 / 1 passed            FAILED 

Note: Use the 'X-Schemathesis-TestCaseId' header to correlate test case ids from failure messages with server logs for debugging.

Note: To replicate these test failures, rerun with `--hypothesis-seed=241493262029288791531321967046529979666`

Tip: Use the `--report` CLI option to visualize test results via Schemathesis.io.
We run additional conformance checks on reports from public repos.

========================= 1 passed, 3 failed in 19.91s =========================
