======================= Schemathesis test session starts =======================
Schema location: file:///mnt/d/ag/github/lazarus_target_apis/data/api_oauth2_password/api_oauth2_password.json
Base URL: https://virtserver.swaggerhub.com/AAYUSHGARGBU/api_oauth2_password/1.0.0
Specification version: Open API 3.0.0
Random seed: 81256109564345595057274952171091828158
Workers: 1
Collected API operations: 6
Collected API links: 0
API probing: ...API probing: SUCCESS
Schema analysis: ...Schema analysis: SKIP

GET /AAYUSHGARGBU/api_oauth2_password/1.0.0/users F                       [ 16%]
POST /AAYUSHGARGBU/api_oauth2_password/1.0.0/users F                      [ 33%]
GET /AAYUSHGARGBU/api_oauth2_password/1.0.0/users/{userId} F              [ 50%]
PUT /AAYUSHGARGBU/api_oauth2_password/1.0.0/users/{userId} F              [ 66%]
DELETE /AAYUSHGARGBU/api_oauth2_password/1.0.0/users/{userId} F           [ 83%]
GET /AAYUSHGARGBU/api_oauth2_password/1.0.0/ping F                        [100%]

=================================== FAILURES ===================================
______________ GET /AAYUSHGARGBU/api_oauth2_password/1.0.0/users _______________
[FLAKY] Schemathesis was not able to reliably reproduce this failure

1. Test Case ID: jS4jzz

- Undocumented HTTP status code

    Received: 429
    Documented: 200, 400

[429] Too Many Requests:

    `{"error":"Exceeded rate limit"}`

Reproduce with: 

    curl -X GET 'https://virtserver.swaggerhub.com/AAYUSHGARGBU/api_oauth2_password/1.0.0/users?filter=&%F3%A2%A1%A1%C3%B1%C3%BBA=0&356=%3B%E7%9C%8641&2%F0%90%B5%89405=21845&%F0%90%AF%8C%C2%B9%3B=1933'

______________ POST /AAYUSHGARGBU/api_oauth2_password/1.0.0/users ______________
1. Test Case ID: T3hhFY

- Undocumented HTTP status code

    Received: 429
    Documented: 201, 400

[429] Too Many Requests:

    `{"error":"Exceeded rate limit"}`

Reproduce with: 

    curl -X POST -H 'Content-Type: application/json' -d '{}' https://virtserver.swaggerhub.com/AAYUSHGARGBU/api_oauth2_password/1.0.0/users

__________ GET /AAYUSHGARGBU/api_oauth2_password/1.0.0/users/{userId} __________
[FLAKY] Schemathesis was not able to reliably reproduce this failure

1. Test Case ID: ppuFwD

- Undocumented HTTP status code

    Received: 400
    Documented: 200, 404

[400] Bad Request:

    `<html>
    <head><title>400 Bad Request</title></head>
    <body>
    <center><h1>400 Bad Request</h1></center>
    </body>
    </html>`

Reproduce with: 

    curl -X GET https://virtserver.swaggerhub.com/AAYUSHGARGBU/api_oauth2_password/1.0.0/users/%001

2. Test Case ID: uZassY

- Response violates schema

    [{'id': 'string', 'username': 'string', 'email': 'string', 'firstName': 'string', 'lastName': 'string'}] is not of type 'object'

    Schema:

        {
            "type": "object",
            "properties": {
                "id": {
                    "type": "string",
                    "description": "Unique identifier for the user"
                },
                "username": {
                    "type": "string",
                    "description": "User's login username"
                },
                "email": {
                    "type": "string",
                    "description": "User's email address"
                },
                "firstName": {
                    "type": "string",
                    "description": "User's first name"
                },
            // Output truncated...
        }

    Value:

        [
            {
                "id": "string",
                "username": "string",
                "email": "string",
                "firstName": "string",
                "lastName": "string"
            }
        ]

[200] OK:

    `[ {
      "id" : "string",
      "username" : "string",
      "email" : "string",
      "firstName" : "string",
      "lastName" : "string"
    } ]`

Reproduce with: 

    curl -X GET https://virtserver.swaggerhub.com/AAYUSHGARGBU/api_oauth2_password/1.0.0/users/.

__________ PUT /AAYUSHGARGBU/api_oauth2_password/1.0.0/users/{userId} __________
[FLAKY] Schemathesis was not able to reliably reproduce this failure

1. Test Case ID: cOyFUw

- Undocumented HTTP status code

    Received: 429
    Documented: 200, 400, 404

[429] Too Many Requests:

    `{"error":"Exceeded rate limit"}`

Reproduce with: 

    curl -X PUT -H 'Content-Type: application/json' -d '{}' https://virtserver.swaggerhub.com/AAYUSHGARGBU/api_oauth2_password/1.0.0/users/2

________ DELETE /AAYUSHGARGBU/api_oauth2_password/1.0.0/users/{userId} _________
1. Test Case ID: Bhw1iX

- Undocumented HTTP status code

    Received: 429
    Documented: 204, 404

[429] Too Many Requests:

    `{"error":"Exceeded rate limit"}`

Reproduce with: 

    curl -X DELETE https://virtserver.swaggerhub.com/AAYUSHGARGBU/api_oauth2_password/1.0.0/users/1

_______________ GET /AAYUSHGARGBU/api_oauth2_password/1.0.0/ping _______________
1. Test Case ID: 7J3cfX

- Undocumented HTTP status code

    Received: 429
    Documented: 200

[429] Too Many Requests:

    `{"error":"Exceeded rate limit"}`

Reproduce with: 

    curl -X GET https://virtserver.swaggerhub.com/AAYUSHGARGBU/api_oauth2_password/1.0.0/ping

=================================== SUMMARY ====================================

Performed checks:
    not_a_server_error                              50 / 50 passed          PASSED 
    status_code_conformance                         19 / 50 passed          FAILED 
    content_type_conformance                        50 / 50 passed          PASSED 
    response_headers_conformance                    50 / 50 passed          PASSED 
    response_schema_conformance                     49 / 50 passed          FAILED 

Note: Use the 'X-Schemathesis-TestCaseId' header to correlate test case ids from failure messages with server logs for debugging.

Note: To replicate these test failures, rerun with `--hypothesis-seed=81256109564345595057274952171091828158`

Tip: Use the `--report` CLI option to visualize test results via Schemathesis.io.
We run additional conformance checks on reports from public repos.

============================== 6 failed in 17.39s ==============================
