======================= Schemathesis test session starts =======================
Schema location: file:///mnt/d/ag/github/lazarus_target_apis/data/api_oauth2_password/api_oauth2_password.json
Base URL: https://virtserver.swaggerhub.com/AAYUSHGARGBU/api_oauth2_password/1.0.0
Specification version: Open API 3.0.0
Random seed: 191044738494135803984084430842812947029
Workers: 1
Collected API operations: 6
Collected API links: 0
API probing: ...API probing: SUCCESS
Schema analysis: ...Schema analysis: SKIP

GET /AAYUSHGARGBU/api_oauth2_password/1.0.0/users F                       [ 16%]
POST /AAYUSHGARGBU/api_oauth2_password/1.0.0/users F                      [ 33%]
GET /AAYUSHGARGBU/api_oauth2_password/1.0.0/users/{userId} F              [ 50%]
PUT /AAYUSHGARGBU/api_oauth2_password/1.0.0/users/{userId} F              [ 66%]
DELETE /AAYUSHGARGBU/api_oauth2_password/1.0.0/users/{userId} F           [ 83%]
GET /AAYUSHGARGBU/api_oauth2_password/1.0.0/ping .                        [100%]

=================================== FAILURES ===================================
______________ GET /AAYUSHGARGBU/api_oauth2_password/1.0.0/users _______________
1. Test Case ID: XPEPn5

- Undocumented HTTP status code

    Received: 429
    Documented: 200, 400

[429] Too Many Requests:

    `{"error":"Exceeded rate limit"}`

Reproduce with: 

    curl -X GET https://virtserver.swaggerhub.com/AAYUSHGARGBU/api_oauth2_password/1.0.0/users

______________ POST /AAYUSHGARGBU/api_oauth2_password/1.0.0/users ______________
1. Test Case ID: QKVyHw

- Undocumented HTTP status code

    Received: 429
    Documented: 201, 400

[429] Too Many Requests:

    `{"error":"Exceeded rate limit"}`

Reproduce with: 

    curl -X POST -H 'Content-Type: application/json' -d '{"email": ""}' https://virtserver.swaggerhub.com/AAYUSHGARGBU/api_oauth2_password/1.0.0/users

__________ GET /AAYUSHGARGBU/api_oauth2_password/1.0.0/users/{userId} __________
[FLAKY] Schemathesis was not able to reliably reproduce this failure

1. Test Case ID: 4OlTX7

- Undocumented HTTP status code

    Received: 400
    Documented: 200, 404

[400] Bad Request:

    `<html>
    <head><title>400 Bad Request</title></head>
    <body>
    <center><h1>400 Bad Request</h1></center>
    </body>
    </html>`

Reproduce with: 

    curl -X GET https://virtserver.swaggerhub.com/AAYUSHGARGBU/api_oauth2_password/1.0.0/users/%001

__________ PUT /AAYUSHGARGBU/api_oauth2_password/1.0.0/users/{userId} __________
1. Test Case ID: K6YyQd

- Undocumented HTTP status code

    Received: 429
    Documented: 200, 400, 404

[429] Too Many Requests:

    `{"error":"Exceeded rate limit"}`

Reproduce with: 

    curl -X PUT -H 'Content-Type: application/json' -d '{}' https://virtserver.swaggerhub.com/AAYUSHGARGBU/api_oauth2_password/1.0.0/users/1

________ DELETE /AAYUSHGARGBU/api_oauth2_password/1.0.0/users/{userId} _________
1. Test Case ID: iv8Y6q

- Undocumented HTTP status code

    Received: 429
    Documented: 204, 404

[429] Too Many Requests:

    `{"error":"Exceeded rate limit"}`

Reproduce with: 

    curl -X DELETE https://virtserver.swaggerhub.com/AAYUSHGARGBU/api_oauth2_password/1.0.0/users/0

=================================== SUMMARY ====================================

Performed checks:
    not_a_server_error                              50 / 50 passed          PASSED 
    status_code_conformance                         15 / 50 passed          FAILED 
    content_type_conformance                        50 / 50 passed          PASSED 
    response_headers_conformance                    50 / 50 passed          PASSED 
    response_schema_conformance                     50 / 50 passed          PASSED 

Note: Use the 'X-Schemathesis-TestCaseId' header to correlate test case ids from failure messages with server logs for debugging.

Note: To replicate these test failures, rerun with `--hypothesis-seed=191044738494135803984084430842812947029`

Tip: Use the `--report` CLI option to visualize test results via Schemathesis.io.
We run additional conformance checks on reports from public repos.

========================= 1 passed, 5 failed in 7.28s ==========================
