======================= Schemathesis test session starts =======================
Schema location: file:///mnt/d/ag/github/lazarus_target_apis/data/api_oauth2_password/api_oauth2_password.json
Base URL: https://virtserver.swaggerhub.com/AAYUSHGARGBU/api_oauth2_password/1.0.0
Specification version: Open API 3.0.0
Random seed: 163230786077131492626588421272297453418
Workers: 1
Collected API operations: 6
Collected API links: 0
API probing: ...API probing: SUCCESS
Schema analysis: ...Schema analysis: SKIP

GET /AAYUSHGARGBU/api_oauth2_password/1.0.0/users F                       [ 16%]
POST /AAYUSHGARGBU/api_oauth2_password/1.0.0/users F                      [ 33%]
GET /AAYUSHGARGBU/api_oauth2_password/1.0.0/users/{userId} F              [ 50%]
PUT /AAYUSHGARGBU/api_oauth2_password/1.0.0/users/{userId} F              [ 66%]
DELETE /AAYUSHGARGBU/api_oauth2_password/1.0.0/users/{userId} F           [ 83%]
GET /AAYUSHGARGBU/api_oauth2_password/1.0.0/ping .                        [100%]

=================================== FAILURES ===================================
______________ GET /AAYUSHGARGBU/api_oauth2_password/1.0.0/users _______________
[FLAKY] Schemathesis was not able to reliably reproduce this failure

1. Test Case ID: pja791

- Undocumented HTTP status code

    Received: 429
    Documented: 200, 400

[429] Too Many Requests:

    `{"error":"Exceeded rate limit"}`

Reproduce with: 

    curl -X GET 'https://virtserver.swaggerhub.com/AAYUSHGARGBU/api_oauth2_password/1.0.0/users?filter=%06'

______________ POST /AAYUSHGARGBU/api_oauth2_password/1.0.0/users ______________
[FLAKY] Schemathesis was not able to reliably reproduce this failure

1. Test Case ID: 8Iq1V2

- Undocumented HTTP status code

    Received: 429
    Documented: 201, 400

[429] Too Many Requests:

    `{"error":"Exceeded rate limit"}`

Reproduce with: 

    curl -X POST -H 'Content-Type: application/json' -d '{}' https://virtserver.swaggerhub.com/AAYUSHGARGBU/api_oauth2_password/1.0.0/users

__________ GET /AAYUSHGARGBU/api_oauth2_password/1.0.0/users/{userId} __________
1. Test Case ID: JLHrte

- Undocumented HTTP status code

    Received: 429
    Documented: 200, 404

[429] Too Many Requests:

    `{"error":"Exceeded rate limit"}`

Reproduce with: 

    curl -X GET https://virtserver.swaggerhub.com/AAYUSHGARGBU/api_oauth2_password/1.0.0/users/1

__________ PUT /AAYUSHGARGBU/api_oauth2_password/1.0.0/users/{userId} __________
[FLAKY] Schemathesis was not able to reliably reproduce this failure

1. Test Case ID: 7v2akP

- Undocumented HTTP status code

    Received: 429
    Documented: 200, 400, 404

[429] Too Many Requests:

    `{"error":"Exceeded rate limit"}`

Reproduce with: 

    curl -X PUT -H 'Content-Type: application/json' -d '{}' https://virtserver.swaggerhub.com/AAYUSHGARGBU/api_oauth2_password/1.0.0/users/0

________ DELETE /AAYUSHGARGBU/api_oauth2_password/1.0.0/users/{userId} _________
[FLAKY] Schemathesis was not able to reliably reproduce this failure

1. Test Case ID: 8NTujZ

- Undocumented HTTP status code

    Received: 429
    Documented: 204, 404

[429] Too Many Requests:

    `{"error":"Exceeded rate limit"}`

Reproduce with: 

    curl -X DELETE https://virtserver.swaggerhub.com/AAYUSHGARGBU/api_oauth2_password/1.0.0/users/0

=================================== SUMMARY ====================================

Performed checks:
    not_a_server_error                              29 / 29 passed          PASSED 
    status_code_conformance                         15 / 29 passed          FAILED 
    content_type_conformance                        29 / 29 passed          PASSED 
    response_headers_conformance                    29 / 29 passed          PASSED 
    response_schema_conformance                     29 / 29 passed          PASSED 

Note: Use the 'X-Schemathesis-TestCaseId' header to correlate test case ids from failure messages with server logs for debugging.

Note: To replicate these test failures, rerun with `--hypothesis-seed=163230786077131492626588421272297453418`

Tip: Use the `--report` CLI option to visualize test results via Schemathesis.io.
We run additional conformance checks on reports from public repos.

========================= 1 passed, 5 failed in 6.15s ==========================
