======================= Schemathesis test session starts =======================
Schema location: file:///mnt/d/ag/github/lazarus_target_apis/data/api_oauth2_password/api_oauth2_password.json
Base URL: https://virtserver.swaggerhub.com/AAYUSHGARGBU/api_oauth2_password/1.0.0
Specification version: Open API 3.0.0
Random seed: 69965946404215476683229522392757212323
Workers: 1
Collected API operations: 6
Collected API links: 0
API probing: ...API probing: SUCCESS
Schema analysis: ...Schema analysis: SKIP

GET /AAYUSHGARGBU/api_oauth2_password/1.0.0/users F                       [ 16%]
POST /AAYUSHGARGBU/api_oauth2_password/1.0.0/users F                      [ 33%]
GET /AAYUSHGARGBU/api_oauth2_password/1.0.0/users/{userId} F              [ 50%]
PUT /AAYUSHGARGBU/api_oauth2_password/1.0.0/users/{userId} F              [ 66%]
DELETE /AAYUSHGARGBU/api_oauth2_password/1.0.0/users/{userId} F           [ 83%]
GET /AAYUSHGARGBU/api_oauth2_password/1.0.0/ping F                        [100%]

=================================== FAILURES ===================================
______________ GET /AAYUSHGARGBU/api_oauth2_password/1.0.0/users _______________
[FLAKY] Schemathesis was not able to reliably reproduce this failure

1. Test Case ID: skdUB2

- Undocumented HTTP status code

    Received: 429
    Documented: 200, 400

[429] Too Many Requests:

    `{"error":"Exceeded rate limit"}`

Reproduce with: 

    curl -X GET 'https://virtserver.swaggerhub.com/AAYUSHGARGBU/api_oauth2_password/1.0.0/users?filter=%F2%BC%BF%BD%F1%B0%AF%84%C3%84%F1%8A%9B%AE%C2%80%C2%94%2Af%C2%B6%60%C2%8F'

______________ POST /AAYUSHGARGBU/api_oauth2_password/1.0.0/users ______________
[FLAKY] Schemathesis was not able to reliably reproduce this failure

1. Test Case ID: Wvw8kw

- Undocumented HTTP status code

    Received: 429
    Documented: 201, 400

[429] Too Many Requests:

    `{"error":"Exceeded rate limit"}`

Reproduce with: 

    curl -X POST -H 'Content-Type: application/json' -d '{}' https://virtserver.swaggerhub.com/AAYUSHGARGBU/api_oauth2_password/1.0.0/users

__________ GET /AAYUSHGARGBU/api_oauth2_password/1.0.0/users/{userId} __________
[FLAKY] Schemathesis was not able to reliably reproduce this failure

1. Test Case ID: wHAXp8

- Undocumented HTTP status code

    Received: 400
    Documented: 200, 404

[400] Bad Request:

    `<html>
    <head><title>400 Bad Request</title></head>
    <body>
    <center><h1>400 Bad Request</h1></center>
    </body>
    </html>`

Reproduce with: 

    curl -X GET https://virtserver.swaggerhub.com/AAYUSHGARGBU/api_oauth2_password/1.0.0/users/%001

2. Test Case ID: 1IYB6W

- Response violates schema

    [{'id': 'string', 'username': 'string', 'email': 'string', 'firstName': 'string', 'lastName': 'string'}] is not of type 'object'

    Schema:

        {
            "type": "object",
            "properties": {
                "id": {
                    "type": "string",
                    "description": "Unique identifier for the user"
                },
                "username": {
                    "type": "string",
                    "description": "User's login username"
                },
                "email": {
                    "type": "string",
                    "description": "User's email address"
                },
                "firstName": {
                    "type": "string",
                    "description": "User's first name"
                },
            // Output truncated...
        }

    Value:

        [
            {
                "id": "string",
                "username": "string",
                "email": "string",
                "firstName": "string",
                "lastName": "string"
            }
        ]

[200] OK:

    `[ {
      "id" : "string",
      "username" : "string",
      "email" : "string",
      "firstName" : "string",
      "lastName" : "string"
    } ]`

Reproduce with: 

    curl -X GET https://virtserver.swaggerhub.com/AAYUSHGARGBU/api_oauth2_password/1.0.0/users/.

__________ PUT /AAYUSHGARGBU/api_oauth2_password/1.0.0/users/{userId} __________
1. Test Case ID: 0KkdQM

- Undocumented HTTP status code

    Received: 429
    Documented: 200, 400, 404

[429] Too Many Requests:

    `{"error":"Exceeded rate limit"}`

Reproduce with: 

    curl -X PUT -H 'Content-Type: application/json' -d '{}' https://virtserver.swaggerhub.com/AAYUSHGARGBU/api_oauth2_password/1.0.0/users/0

________ DELETE /AAYUSHGARGBU/api_oauth2_password/1.0.0/users/{userId} _________
1. Test Case ID: otcX8r

- Undocumented HTTP status code

    Received: 429
    Documented: 204, 404

[429] Too Many Requests:

    `{"error":"Exceeded rate limit"}`

Reproduce with: 

    curl -X DELETE https://virtserver.swaggerhub.com/AAYUSHGARGBU/api_oauth2_password/1.0.0/users/0

_______________ GET /AAYUSHGARGBU/api_oauth2_password/1.0.0/ping _______________
[FLAKY] Schemathesis was not able to reliably reproduce this failure

1. Test Case ID: usyDDk

- Undocumented HTTP status code

    Received: 429
    Documented: 200

[429] Too Many Requests:

    `{"error":"Exceeded rate limit"}`

Reproduce with: 

    curl -X GET https://virtserver.swaggerhub.com/AAYUSHGARGBU/api_oauth2_password/1.0.0/ping

=================================== SUMMARY ====================================

Performed checks:
    not_a_server_error                              46 / 46 passed          PASSED 
    status_code_conformance                         10 / 46 passed          FAILED 
    content_type_conformance                        46 / 46 passed          PASSED 
    response_headers_conformance                    46 / 46 passed          PASSED 
    response_schema_conformance                     45 / 46 passed          FAILED 

Note: Use the 'X-Schemathesis-TestCaseId' header to correlate test case ids from failure messages with server logs for debugging.

Note: To replicate these test failures, rerun with `--hypothesis-seed=69965946404215476683229522392757212323`

Tip: Use the `--report` CLI option to visualize test results via Schemathesis.io.
We run additional conformance checks on reports from public repos.

============================== 6 failed in 6.88s ===============================
