======================= Schemathesis test session starts =======================
Schema location: file:///mnt/d/ag/github/lazarus_target_apis/data/api_oauth2_password/api_oauth2_password.json
Base URL: https://virtserver.swaggerhub.com/AAYUSHGARGBU/api_oauth2_password/1.0.0
Specification version: Open API 3.0.0
Random seed: 201267781808313362352465134978895678977
Workers: 1
Collected API operations: 6
Collected API links: 0
API probing: ...API probing: SUCCESS
Schema analysis: ...Schema analysis: SKIP

GET /AAYUSHGARGBU/api_oauth2_password/1.0.0/users F                       [ 16%]
POST /AAYUSHGARGBU/api_oauth2_password/1.0.0/users F                      [ 33%]
GET /AAYUSHGARGBU/api_oauth2_password/1.0.0/users/{userId} F              [ 50%]
PUT /AAYUSHGARGBU/api_oauth2_password/1.0.0/users/{userId} F              [ 66%]
DELETE /AAYUSHGARGBU/api_oauth2_password/1.0.0/users/{userId} F           [ 83%]
GET /AAYUSHGARGBU/api_oauth2_password/1.0.0/ping .                        [100%]

=================================== FAILURES ===================================
______________ GET /AAYUSHGARGBU/api_oauth2_password/1.0.0/users _______________
1. Test Case ID: uCJEaY

- Undocumented HTTP status code

    Received: 429
    Documented: 200, 400

[429] Too Many Requests:

    `{"error":"Exceeded rate limit"}`

Reproduce with: 

    curl -X GET 'https://virtserver.swaggerhub.com/AAYUSHGARGBU/api_oauth2_password/1.0.0/users?filter='

______________ POST /AAYUSHGARGBU/api_oauth2_password/1.0.0/users ______________
1. Test Case ID: vmZJ6s

- Undocumented HTTP status code

    Received: 429
    Documented: 201, 400

[429] Too Many Requests:

    `{"error":"Exceeded rate limit"}`

Reproduce with: 

    curl -X POST -H 'Content-Type: application/json' -d '{}' https://virtserver.swaggerhub.com/AAYUSHGARGBU/api_oauth2_password/1.0.0/users

__________ GET /AAYUSHGARGBU/api_oauth2_password/1.0.0/users/{userId} __________
1. Test Case ID: yoV2Y9

- Undocumented HTTP status code

    Received: 429
    Documented: 200, 404

[429] Too Many Requests:

    `{"error":"Exceeded rate limit"}`

Reproduce with: 

    curl -X GET https://virtserver.swaggerhub.com/AAYUSHGARGBU/api_oauth2_password/1.0.0/users/2

__________ PUT /AAYUSHGARGBU/api_oauth2_password/1.0.0/users/{userId} __________
[FLAKY] Schemathesis was not able to reliably reproduce this failure

1. Test Case ID: VbogkD

- Undocumented HTTP status code

    Received: 429
    Documented: 200, 400, 404

[429] Too Many Requests:

    `{"error":"Exceeded rate limit"}`

Reproduce with: 

    curl -X PUT -H 'Content-Type: application/json' -d 4788 https://virtserver.swaggerhub.com/AAYUSHGARGBU/api_oauth2_password/1.0.0/users/-16764

________ DELETE /AAYUSHGARGBU/api_oauth2_password/1.0.0/users/{userId} _________
[FLAKY] Schemathesis was not able to reliably reproduce this failure

1. Test Case ID: h3RIfE

- Undocumented HTTP status code

    Received: 429
    Documented: 204, 404

[429] Too Many Requests:

    `{"error":"Exceeded rate limit"}`

Reproduce with: 

    curl -X DELETE https://virtserver.swaggerhub.com/AAYUSHGARGBU/api_oauth2_password/1.0.0/users/null

=================================== SUMMARY ====================================

Performed checks:
    not_a_server_error                              47 / 47 passed          PASSED 
    status_code_conformance                         18 / 47 passed          FAILED 
    content_type_conformance                        47 / 47 passed          PASSED 
    response_headers_conformance                    47 / 47 passed          PASSED 
    response_schema_conformance                     47 / 47 passed          PASSED 

Note: Use the 'X-Schemathesis-TestCaseId' header to correlate test case ids from failure messages with server logs for debugging.

Note: To replicate these test failures, rerun with `--hypothesis-seed=201267781808313362352465134978895678977`

Tip: Use the `--report` CLI option to visualize test results via Schemathesis.io.
We run additional conformance checks on reports from public repos.

========================= 1 passed, 5 failed in 7.89s ==========================
